2016-12-14 10:57:48,745{GMT}	INFO	[jepsen node w3] jepsen.os.debian: w3 setting up debian
2016-12-14 10:57:48,745{GMT}	INFO	[jepsen node w2] jepsen.os.debian: w2 setting up debian
2016-12-14 10:57:48,745{GMT}	INFO	[jepsen node w5] jepsen.os.debian: w5 setting up debian
2016-12-14 10:57:48,745{GMT}	INFO	[jepsen node w4] jepsen.os.debian: w4 setting up debian
2016-12-14 10:57:48,745{GMT}	INFO	[jepsen node w1] jepsen.os.debian: w1 setting up debian
2016-12-14 10:57:49,462{GMT}	INFO	[jepsen node w1] jepsen.zookeeper: w1 tearing down ZK
2016-12-14 10:57:49,462{GMT}	INFO	[jepsen node w5] jepsen.zookeeper: w5 tearing down ZK
2016-12-14 10:57:49,462{GMT}	INFO	[jepsen node w3] jepsen.zookeeper: w3 tearing down ZK
2016-12-14 10:57:49,462{GMT}	INFO	[jepsen node w2] jepsen.zookeeper: w2 tearing down ZK
2016-12-14 10:57:49,462{GMT}	INFO	[jepsen node w4] jepsen.zookeeper: w4 tearing down ZK
2016-12-14 10:57:49,665{GMT}	INFO	[jepsen node w1] jepsen.zookeeper: Setting up ZK on  w1
2016-12-14 10:57:49,665{GMT}	INFO	[jepsen node w2] jepsen.zookeeper: Setting up ZK on  w2
2016-12-14 10:57:49,666{GMT}	INFO	[jepsen node w3] jepsen.zookeeper: Setting up ZK on  w3
2016-12-14 10:57:49,666{GMT}	INFO	[jepsen node w1] jepsen.zookeeper: w1 Installing ZK 3.4.5+dfsg-2
2016-12-14 10:57:49,666{GMT}	INFO	[jepsen node w2] jepsen.zookeeper: w2 Installing ZK 3.4.5+dfsg-2
2016-12-14 10:57:49,666{GMT}	INFO	[jepsen node w4] jepsen.zookeeper: Setting up ZK on  w4
2016-12-14 10:57:49,666{GMT}	INFO	[jepsen node w3] jepsen.zookeeper: w3 Installing ZK 3.4.5+dfsg-2
2016-12-14 10:57:49,666{GMT}	INFO	[jepsen node w5] jepsen.zookeeper: Setting up ZK on  w5
2016-12-14 10:57:49,667{GMT}	INFO	[jepsen node w4] jepsen.zookeeper: w4 Installing ZK 3.4.5+dfsg-2
2016-12-14 10:57:49,668{GMT}	INFO	[jepsen node w5] jepsen.zookeeper: w5 Installing ZK 3.4.5+dfsg-2
2016-12-14 10:57:49,976{GMT}	INFO	[jepsen node w3] jepsen.zookeeper: w3 id is 2
2016-12-14 10:57:49,976{GMT}	INFO	[jepsen node w2] jepsen.zookeeper: w2 id is 1
2016-12-14 10:57:49,976{GMT}	INFO	[jepsen node w4] jepsen.zookeeper: w4 id is 3
2016-12-14 10:57:49,976{GMT}	INFO	[jepsen node w5] jepsen.zookeeper: w5 id is 4
2016-12-14 10:57:49,976{GMT}	INFO	[jepsen node w1] jepsen.zookeeper: w1 id is 0
2016-12-14 10:57:50,181{GMT}	INFO	[jepsen node w1] jepsen.zookeeper: w1 ZK restarting
2016-12-14 10:57:50,182{GMT}	INFO	[jepsen node w3] jepsen.zookeeper: w3 ZK restarting
2016-12-14 10:57:50,182{GMT}	INFO	[jepsen node w2] jepsen.zookeeper: w2 ZK restarting
2016-12-14 10:57:50,183{GMT}	INFO	[jepsen node w5] jepsen.zookeeper: w5 ZK restarting
2016-12-14 10:57:50,185{GMT}	INFO	[jepsen node w4] jepsen.zookeeper: w4 ZK restarting
2016-12-14 10:57:55,284{GMT}	INFO	[jepsen node w1] jepsen.zookeeper: w1 ZK ready
2016-12-14 10:57:55,284{GMT}	INFO	[jepsen node w2] jepsen.zookeeper: w2 ZK ready
2016-12-14 10:57:55,284{GMT}	INFO	[jepsen node w5] jepsen.zookeeper: w5 ZK ready
2016-12-14 10:57:55,285{GMT}	INFO	[jepsen node w3] jepsen.zookeeper: w3 ZK ready
2016-12-14 10:57:55,286{GMT}	INFO	[jepsen node w4] jepsen.zookeeper: w4 ZK ready
2016-12-14 10:57:55,292{GMT}	INFO	[clojure-agent-send-off-pool-4] org.apache.zookeeper.ZooKeeper: Initiating client connection, connectString=w3 sessionTimeout=5000 watcher=zookeeper.internal$make_watcher$reify__762@56230bfe
2016-12-14 10:57:55,292{GMT}	INFO	[clojure-agent-send-off-pool-2] org.apache.zookeeper.ZooKeeper: Initiating client connection, connectString=w2 sessionTimeout=5000 watcher=zookeeper.internal$make_watcher$reify__762@2112291b
2016-12-14 10:57:55,292{GMT}	INFO	[clojure-agent-send-off-pool-3] org.apache.zookeeper.ZooKeeper: Initiating client connection, connectString=w1 sessionTimeout=5000 watcher=zookeeper.internal$make_watcher$reify__762@69f34c45
2016-12-14 10:57:55,292{GMT}	INFO	[clojure-agent-send-off-pool-1] org.apache.zookeeper.ZooKeeper: Initiating client connection, connectString=w4 sessionTimeout=5000 watcher=zookeeper.internal$make_watcher$reify__762@7eeaa438
2016-12-14 10:57:55,292{GMT}	INFO	[clojure-agent-send-off-pool-0] org.apache.zookeeper.ZooKeeper: Initiating client connection, connectString=w5 sessionTimeout=5000 watcher=zookeeper.internal$make_watcher$reify__762@c8ff802
2016-12-14 10:57:55,306{GMT}	INFO	[clojure-agent-send-off-pool-2-SendThread()] org.apache.zookeeper.ClientCnxn: Opening socket connection to server /192.168.32.102:2181
2016-12-14 10:57:55,306{GMT}	INFO	[clojure-agent-send-off-pool-1-SendThread()] org.apache.zookeeper.ClientCnxn: Opening socket connection to server /192.168.32.104:2181
2016-12-14 10:57:55,308{GMT}	INFO	[clojure-agent-send-off-pool-4-SendThread()] org.apache.zookeeper.ClientCnxn: Opening socket connection to server /192.168.32.103:2181
2016-12-14 10:57:55,308{GMT}	INFO	[clojure-agent-send-off-pool-3-SendThread()] org.apache.zookeeper.ClientCnxn: Opening socket connection to server /192.168.32.101:2181
2016-12-14 10:57:55,308{GMT}	INFO	[clojure-agent-send-off-pool-0-SendThread()] org.apache.zookeeper.ClientCnxn: Opening socket connection to server /192.168.32.105:2181
2016-12-14 10:57:55,317{GMT}	INFO	[clojure-agent-send-off-pool-3-SendThread(w1:2181)] org.apache.zookeeper.ClientCnxn: Socket connection established to w1/192.168.32.101:2181, initiating session
2016-12-14 10:57:55,317{GMT}	INFO	[clojure-agent-send-off-pool-0-SendThread(w5:2181)] org.apache.zookeeper.ClientCnxn: Socket connection established to w5/192.168.32.105:2181, initiating session
2016-12-14 10:57:55,317{GMT}	INFO	[clojure-agent-send-off-pool-1-SendThread(w4:2181)] org.apache.zookeeper.ClientCnxn: Socket connection established to w4/192.168.32.104:2181, initiating session
2016-12-14 10:57:55,317{GMT}	INFO	[clojure-agent-send-off-pool-4-SendThread(w3:2181)] org.apache.zookeeper.ClientCnxn: Socket connection established to w3/192.168.32.103:2181, initiating session
2016-12-14 10:57:55,317{GMT}	INFO	[clojure-agent-send-off-pool-2-SendThread(w2:2181)] org.apache.zookeeper.ClientCnxn: Socket connection established to w2/192.168.32.102:2181, initiating session
2016-12-14 10:57:55,429{GMT}	INFO	[clojure-agent-send-off-pool-1-SendThread(w4:2181)] org.apache.zookeeper.ClientCnxn: Session establishment complete on server w4/192.168.32.104:2181, sessionid = 0x158fcfb33be0000, negotiated timeout = 5000
2016-12-14 10:57:55,431{GMT}	INFO	[clojure-agent-send-off-pool-2-SendThread(w2:2181)] org.apache.zookeeper.ClientCnxn: Session establishment complete on server w2/192.168.32.102:2181, sessionid = 0x158fcfb29c70000, negotiated timeout = 5000
2016-12-14 10:57:55,435{GMT}	INFO	[clojure-agent-send-off-pool-0-SendThread(w5:2181)] org.apache.zookeeper.ClientCnxn: Session establishment complete on server w5/192.168.32.105:2181, sessionid = 0x158fcfb325f0000, negotiated timeout = 5000
2016-12-14 10:57:55,458{GMT}	INFO	[clojure-agent-send-off-pool-4-SendThread(w3:2181)] org.apache.zookeeper.ClientCnxn: Session establishment complete on server w3/192.168.32.103:2181, sessionid = 0x158fcfb349d0000, negotiated timeout = 5000
2016-12-14 10:57:55,465{GMT}	INFO	[clojure-agent-send-off-pool-3-SendThread(w1:2181)] org.apache.zookeeper.ClientCnxn: Session establishment complete on server w1/192.168.32.101:2181, sessionid = 0x158fcfb33180000, negotiated timeout = 5000
2016-12-14 10:57:55,548{GMT}	INFO	[jepsen nemesis] jepsen.core: Nemesis starting
2016-12-14 10:57:55,548{GMT}	INFO	[jepsen nemesis] jepsen.core: nemesis done
2016-12-14 10:57:55,549{GMT}	INFO	[jepsen worker 1] jepsen.core: Worker 1 starting
2016-12-14 10:57:55,549{GMT}	INFO	[jepsen worker 0] jepsen.core: Worker 0 starting
2016-12-14 10:57:55,549{GMT}	INFO	[jepsen worker 3] jepsen.core: Worker 3 starting
2016-12-14 10:57:55,549{GMT}	INFO	[jepsen worker 4] jepsen.core: Worker 4 starting
2016-12-14 10:57:55,550{GMT}	INFO	[jepsen worker 2] jepsen.core: Worker 2 starting
2016-12-14 10:57:55,597{GMT}	INFO	[jepsen worker 0] jepsen.util: 0	:invoke	:write	2
2016-12-14 10:57:55,614{GMT}	INFO	[jepsen worker 0] jepsen.util: 0	:ok	:write	2
2016-12-14 10:57:55,679{GMT}	INFO	[jepsen worker 4] jepsen.util: 4	:invoke	:write	0
2016-12-14 10:57:55,693{GMT}	INFO	[jepsen worker 4] jepsen.util: 4	:ok	:write	0
2016-12-14 10:57:56,222{GMT}	INFO	[jepsen worker 2] jepsen.util: 2	:invoke	:read	nil
2016-12-14 10:57:56,230{GMT}	INFO	[clojure-agent-send-off-pool-1] jepsen.zookeeper: log from test 0
2016-12-14 10:57:56,231{GMT}	INFO	[jepsen worker 2] jepsen.util: 2	:ok	:read	0
2016-12-14 10:57:56,329{GMT}	INFO	[jepsen worker 3] jepsen.util: 3	:invoke	:read	nil
2016-12-14 10:57:56,332{GMT}	INFO	[clojure-agent-send-off-pool-1] jepsen.zookeeper: log from test 0
2016-12-14 10:57:56,332{GMT}	INFO	[jepsen worker 3] jepsen.util: 3	:ok	:read	0
2016-12-14 10:57:56,788{GMT}	INFO	[jepsen worker 3] jepsen.util: 3	:invoke	:cas	[3 4]
2016-12-14 10:57:56,804{GMT}	INFO	[jepsen worker 3] jepsen.util: 3	:fail	:cas	[3 4]
2016-12-14 10:57:56,938{GMT}	INFO	[jepsen worker 4] jepsen.util: 4	:invoke	:read	nil
2016-12-14 10:57:56,941{GMT}	INFO	[clojure-agent-send-off-pool-2] jepsen.zookeeper: log from test 0
2016-12-14 10:57:56,942{GMT}	INFO	[jepsen worker 4] jepsen.util: 4	:ok	:read	0
2016-12-14 10:57:56,945{GMT}	INFO	[jepsen worker 0] jepsen.util: 0	:invoke	:cas	[4 2]
2016-12-14 10:57:56,964{GMT}	INFO	[jepsen worker 0] jepsen.util: 0	:fail	:cas	[4 2]
2016-12-14 10:57:57,286{GMT}	INFO	[jepsen worker 1] jepsen.util: 1	:invoke	:cas	[0 3]
2016-12-14 10:57:57,304{GMT}	INFO	[jepsen worker 1] jepsen.util: 1	:ok	:cas	[0 3]
2016-12-14 10:57:57,599{GMT}	INFO	[jepsen worker 4] jepsen.util: 4	:invoke	:write	3
2016-12-14 10:57:57,614{GMT}	INFO	[jepsen worker 4] jepsen.util: 4	:ok	:write	3
2016-12-14 10:57:57,695{GMT}	INFO	[jepsen worker 2] jepsen.util: 2	:invoke	:write	3
2016-12-14 10:57:57,708{GMT}	INFO	[jepsen worker 3] jepsen.util: 3	:invoke	:write	1
2016-12-14 10:57:57,714{GMT}	INFO	[jepsen worker 2] jepsen.util: 2	:ok	:write	3
2016-12-14 10:57:57,725{GMT}	INFO	[jepsen worker 3] jepsen.util: 3	:ok	:write	1
2016-12-14 10:57:57,980{GMT}	INFO	[jepsen worker 2] jepsen.util: 2	:invoke	:cas	[3 3]
2016-12-14 10:57:57,995{GMT}	INFO	[jepsen worker 2] jepsen.util: 2	:ok	:cas	[3 3]
2016-12-14 10:57:58,194{GMT}	INFO	[jepsen worker 2] jepsen.util: 2	:invoke	:read	nil
2016-12-14 10:57:58,195{GMT}	INFO	[clojure-agent-send-off-pool-7] jepsen.zookeeper: log from test 3
2016-12-14 10:57:58,196{GMT}	INFO	[jepsen worker 2] jepsen.util: 2	:ok	:read	3
2016-12-14 10:57:58,222{GMT}	INFO	[jepsen worker 3] jepsen.util: 3	:invoke	:read	nil
2016-12-14 10:57:58,223{GMT}	INFO	[clojure-agent-send-off-pool-7] jepsen.zookeeper: log from test 1
2016-12-14 10:57:58,223{GMT}	INFO	[jepsen worker 3] jepsen.util: 3	:ok	:read	1
2016-12-14 10:57:58,321{GMT}	INFO	[jepsen worker 3] jepsen.util: 3	:invoke	:cas	[3 4]
2016-12-14 10:57:58,336{GMT}	INFO	[jepsen worker 3] jepsen.util: 3	:fail	:cas	[3 4]
2016-12-14 10:57:58,482{GMT}	INFO	[jepsen worker 0] jepsen.util: 0	:invoke	:cas	[2 2]
2016-12-14 10:57:58,497{GMT}	INFO	[jepsen worker 0] jepsen.util: 0	:ok	:cas	[2 2]
2016-12-14 10:57:58,656{GMT}	INFO	[jepsen worker 3] jepsen.util: 3	:invoke	:read	nil
2016-12-14 10:57:58,657{GMT}	INFO	[clojure-agent-send-off-pool-7] jepsen.zookeeper: log from test 1
2016-12-14 10:57:58,658{GMT}	INFO	[jepsen worker 3] jepsen.util: 3	:ok	:read	1
2016-12-14 10:57:58,723{GMT}	INFO	[jepsen worker 4] jepsen.util: 4	:invoke	:cas	[4 1]
2016-12-14 10:57:58,736{GMT}	INFO	[jepsen worker 4] jepsen.util: 4	:fail	:cas	[4 1]
2016-12-14 10:57:59,139{GMT}	INFO	[jepsen worker 1] jepsen.util: 1	:invoke	:write	1
2016-12-14 10:57:59,154{GMT}	INFO	[jepsen worker 1] jepsen.util: 1	:ok	:write	1
2016-12-14 10:57:59,442{GMT}	INFO	[jepsen worker 3] jepsen.util: 3	:invoke	:read	nil
2016-12-14 10:57:59,442{GMT}	INFO	[clojure-agent-send-off-pool-7] jepsen.zookeeper: log from test 1
2016-12-14 10:57:59,443{GMT}	INFO	[jepsen worker 3] jepsen.util: 3	:ok	:read	1
2016-12-14 10:57:59,764{GMT}	INFO	[jepsen worker 2] jepsen.util: 2	:invoke	:read	nil
2016-12-14 10:57:59,764{GMT}	INFO	[clojure-agent-send-off-pool-7] jepsen.zookeeper: log from test 3
2016-12-14 10:57:59,764{GMT}	INFO	[jepsen worker 2] jepsen.util: 2	:ok	:read	3
2016-12-14 10:57:59,802{GMT}	INFO	[jepsen worker 4] jepsen.util: 4	:invoke	:read	nil
2016-12-14 10:57:59,803{GMT}	INFO	[clojure-agent-send-off-pool-7] jepsen.zookeeper: log from test 3
2016-12-14 10:57:59,803{GMT}	INFO	[jepsen worker 4] jepsen.util: 4	:ok	:read	3
2016-12-14 10:57:59,824{GMT}	INFO	[jepsen worker 1] jepsen.util: 1	:invoke	:read	nil
2016-12-14 10:57:59,825{GMT}	INFO	[clojure-agent-send-off-pool-7] jepsen.zookeeper: log from test 1
2016-12-14 10:57:59,825{GMT}	INFO	[jepsen worker 1] jepsen.util: 1	:ok	:read	1
2016-12-14 10:58:00,006{GMT}	INFO	[jepsen worker 2] jepsen.util: 2	:invoke	:cas	[4 3]
2016-12-14 10:58:00,020{GMT}	INFO	[jepsen worker 2] jepsen.util: 2	:fail	:cas	[4 3]
2016-12-14 10:58:00,209{GMT}	INFO	[jepsen worker 0] jepsen.util: 0	:invoke	:read	nil
2016-12-14 10:58:00,210{GMT}	INFO	[clojure-agent-send-off-pool-0] jepsen.zookeeper: log from test 2
2016-12-14 10:58:00,210{GMT}	INFO	[jepsen worker 0] jepsen.util: 0	:ok	:read	2
2016-12-14 10:58:00,450{GMT}	INFO	[jepsen worker 1] jepsen.util: 1	:invoke	:write	2
2016-12-14 10:58:00,490{GMT}	INFO	[jepsen worker 1] jepsen.util: 1	:ok	:write	2
2016-12-14 10:58:00,749{GMT}	INFO	[jepsen worker 2] jepsen.util: 2	:invoke	:read	nil
2016-12-14 10:58:00,751{GMT}	INFO	[clojure-agent-send-off-pool-7] jepsen.zookeeper: log from test 3
2016-12-14 10:58:00,751{GMT}	INFO	[jepsen worker 2] jepsen.util: 2	:ok	:read	3
2016-12-14 10:58:01,149{GMT}	INFO	[jepsen worker 4] jepsen.util: 4	:invoke	:write	3
2016-12-14 10:58:01,163{GMT}	INFO	[jepsen worker 4] jepsen.util: 4	:ok	:write	3
2016-12-14 10:58:01,320{GMT}	INFO	[jepsen worker 3] jepsen.util: 3	:invoke	:cas	[4 1]
2016-12-14 10:58:01,334{GMT}	INFO	[jepsen worker 3] jepsen.util: 3	:fail	:cas	[4 1]
2016-12-14 10:58:01,600{GMT}	INFO	[jepsen worker 1] jepsen.util: 1	:invoke	:write	4
2016-12-14 10:58:01,613{GMT}	INFO	[jepsen worker 1] jepsen.util: 1	:ok	:write	4
2016-12-14 10:58:02,113{GMT}	INFO	[jepsen worker 3] jepsen.util: 3	:invoke	:cas	[3 3]
2016-12-14 10:58:02,115{GMT}	INFO	[jepsen worker 0] jepsen.util: 0	:invoke	:cas	[4 2]
2016-12-14 10:58:02,130{GMT}	INFO	[jepsen worker 0] jepsen.util: 0	:fail	:cas	[4 2]
2016-12-14 10:58:02,131{GMT}	INFO	[jepsen worker 3] jepsen.util: 3	:fail	:cas	[3 3]
2016-12-14 10:58:02,298{GMT}	INFO	[jepsen worker 3] jepsen.util: 3	:invoke	:write	3
2016-12-14 10:58:02,312{GMT}	INFO	[jepsen worker 3] jepsen.util: 3	:ok	:write	3
2016-12-14 10:58:02,516{GMT}	INFO	[jepsen worker 0] jepsen.util: 0	:invoke	:read	nil
2016-12-14 10:58:02,517{GMT}	INFO	[clojure-agent-send-off-pool-0] jepsen.zookeeper: log from test 2
2016-12-14 10:58:02,518{GMT}	INFO	[jepsen worker 0] jepsen.util: 0	:ok	:read	2
2016-12-14 10:58:02,526{GMT}	INFO	[jepsen worker 3] jepsen.util: 3	:invoke	:cas	[3 2]
2016-12-14 10:58:02,558{GMT}	INFO	[jepsen worker 3] jepsen.util: 3	:ok	:cas	[3 2]
2016-12-14 10:58:02,589{GMT}	INFO	[jepsen worker 2] jepsen.util: 2	:invoke	:write	3
2016-12-14 10:58:02,602{GMT}	INFO	[jepsen worker 2] jepsen.util: 2	:ok	:write	3
2016-12-14 10:58:03,081{GMT}	INFO	[jepsen worker 4] jepsen.util: 4	:invoke	:cas	[3 3]
2016-12-14 10:58:03,097{GMT}	INFO	[jepsen worker 4] jepsen.util: 4	:ok	:cas	[3 3]
2016-12-14 10:58:03,282{GMT}	INFO	[jepsen worker 3] jepsen.util: 3	:invoke	:write	1
2016-12-14 10:58:03,296{GMT}	INFO	[jepsen worker 3] jepsen.util: 3	:ok	:write	1
2016-12-14 10:58:03,393{GMT}	INFO	[jepsen worker 0] jepsen.util: 0	:invoke	:write	0
2016-12-14 10:58:03,409{GMT}	INFO	[jepsen worker 0] jepsen.util: 0	:ok	:write	0
2016-12-14 10:58:03,506{GMT}	INFO	[jepsen worker 4] jepsen.util: 4	:invoke	:cas	[3 1]
2016-12-14 10:58:03,519{GMT}	INFO	[jepsen worker 4] jepsen.util: 4	:ok	:cas	[3 1]
2016-12-14 10:58:03,562{GMT}	INFO	[jepsen worker 1] jepsen.util: 1	:invoke	:write	4
2016-12-14 10:58:03,574{GMT}	INFO	[jepsen worker 1] jepsen.util: 1	:ok	:write	4
2016-12-14 10:58:03,578{GMT}	INFO	[jepsen worker 1] jepsen.util: 1	:invoke	:read	nil
2016-12-14 10:58:03,579{GMT}	INFO	[clojure-agent-send-off-pool-2] jepsen.zookeeper: log from test 4
2016-12-14 10:58:03,579{GMT}	INFO	[jepsen worker 1] jepsen.util: 1	:ok	:read	4
2016-12-14 10:58:03,875{GMT}	INFO	[jepsen worker 0] jepsen.util: 0	:invoke	:write	0
2016-12-14 10:58:03,888{GMT}	INFO	[jepsen worker 0] jepsen.util: 0	:ok	:write	0
2016-12-14 10:58:04,400{GMT}	INFO	[jepsen worker 2] jepsen.util: 2	:invoke	:cas	[0 4]
2016-12-14 10:58:04,414{GMT}	INFO	[jepsen worker 2] jepsen.util: 2	:fail	:cas	[0 4]
2016-12-14 10:58:04,471{GMT}	INFO	[jepsen worker 1] jepsen.util: 1	:invoke	:cas	[3 2]
2016-12-14 10:58:04,485{GMT}	INFO	[jepsen worker 1] jepsen.util: 1	:fail	:cas	[3 2]
2016-12-14 10:58:04,575{GMT}	INFO	[jepsen worker 1] jepsen.util: 1	:invoke	:write	1
2016-12-14 10:58:04,580{GMT}	INFO	[jepsen worker 3] jepsen.util: 3	:invoke	:cas	[3 3]
2016-12-14 10:58:04,593{GMT}	INFO	[jepsen worker 3] jepsen.util: 3	:fail	:cas	[3 3]
2016-12-14 10:58:04,630{GMT}	INFO	[jepsen worker 1] jepsen.util: 1	:ok	:write	1
2016-12-14 10:58:04,883{GMT}	INFO	[jepsen worker 0] jepsen.util: 0	:invoke	:cas	[2 3]
2016-12-14 10:58:04,919{GMT}	INFO	[jepsen worker 0] jepsen.util: 0	:fail	:cas	[2 3]
2016-12-14 10:58:05,204{GMT}	INFO	[jepsen worker 4] jepsen.util: 4	:invoke	:cas	[0 3]
2016-12-14 10:58:05,220{GMT}	INFO	[jepsen worker 4] jepsen.util: 4	:fail	:cas	[0 3]
2016-12-14 10:58:05,235{GMT}	INFO	[jepsen worker 4] jepsen.util: 4	:invoke	:write	4
2016-12-14 10:58:05,247{GMT}	INFO	[jepsen worker 4] jepsen.util: 4	:ok	:write	4
2016-12-14 10:58:05,276{GMT}	INFO	[jepsen worker 3] jepsen.util: 3	:invoke	:read	nil
2016-12-14 10:58:05,277{GMT}	INFO	[clojure-agent-send-off-pool-0] jepsen.zookeeper: log from test 1
2016-12-14 10:58:05,277{GMT}	INFO	[jepsen worker 3] jepsen.util: 3	:ok	:read	1
2016-12-14 10:58:05,498{GMT}	INFO	[jepsen worker 4] jepsen.util: 4	:invoke	:read	nil
2016-12-14 10:58:05,499{GMT}	INFO	[clojure-agent-send-off-pool-0] jepsen.zookeeper: log from test 4
2016-12-14 10:58:05,512{GMT}	INFO	[jepsen worker 4] jepsen.util: 4	:ok	:read	4
2016-12-14 10:58:05,735{GMT}	INFO	[jepsen worker 4] jepsen.util: 4	:invoke	:cas	[0 4]
2016-12-14 10:58:05,746{GMT}	INFO	[jepsen worker 4] jepsen.util: 4	:fail	:cas	[0 4]
2016-12-14 10:58:05,866{GMT}	INFO	[jepsen worker 0] jepsen.util: 0	:invoke	:write	2
2016-12-14 10:58:05,880{GMT}	INFO	[jepsen worker 0] jepsen.util: 0	:ok	:write	2
2016-12-14 10:58:05,926{GMT}	INFO	[jepsen worker 2] jepsen.util: 2	:invoke	:write	1
2016-12-14 10:58:05,938{GMT}	INFO	[jepsen worker 2] jepsen.util: 2	:ok	:write	1
2016-12-14 10:58:05,975{GMT}	INFO	[jepsen worker 0] jepsen.util: 0	:invoke	:cas	[1 0]
2016-12-14 10:58:05,987{GMT}	INFO	[jepsen worker 0] jepsen.util: 0	:fail	:cas	[1 0]
2016-12-14 10:58:06,307{GMT}	INFO	[jepsen worker 1] jepsen.util: 1	:invoke	:read	nil
2016-12-14 10:58:06,308{GMT}	INFO	[clojure-agent-send-off-pool-0] jepsen.zookeeper: log from test 1
2016-12-14 10:58:06,308{GMT}	INFO	[jepsen worker 1] jepsen.util: 1	:ok	:read	1
2016-12-14 10:58:06,354{GMT}	INFO	[jepsen worker 3] jepsen.util: 3	:invoke	:write	1
2016-12-14 10:58:06,367{GMT}	INFO	[jepsen worker 3] jepsen.util: 3	:ok	:write	1
2016-12-14 10:58:06,561{GMT}	INFO	[jepsen worker 3] jepsen.util: 3	:invoke	:read	nil
2016-12-14 10:58:06,562{GMT}	INFO	[clojure-agent-send-off-pool-1] jepsen.zookeeper: log from test 1
2016-12-14 10:58:06,562{GMT}	INFO	[jepsen worker 3] jepsen.util: 3	:ok	:read	1
2016-12-14 10:58:06,653{GMT}	INFO	[jepsen worker 1] jepsen.util: 1	:invoke	:read	nil
2016-12-14 10:58:06,653{GMT}	INFO	[clojure-agent-send-off-pool-1] jepsen.zookeeper: log from test 1
2016-12-14 10:58:06,653{GMT}	INFO	[jepsen worker 1] jepsen.util: 1	:ok	:read	1
2016-12-14 10:58:06,678{GMT}	INFO	[jepsen worker 2] jepsen.util: 2	:invoke	:cas	[1 3]
2016-12-14 10:58:06,712{GMT}	INFO	[jepsen worker 2] jepsen.util: 2	:ok	:cas	[1 3]
2016-12-14 10:58:06,921{GMT}	INFO	[jepsen worker 1] jepsen.util: 1	:invoke	:cas	[4 1]
2016-12-14 10:58:06,934{GMT}	INFO	[jepsen worker 1] jepsen.util: 1	:fail	:cas	[4 1]
2016-12-14 10:58:07,115{GMT}	INFO	[jepsen worker 1] jepsen.util: 1	:invoke	:read	nil
2016-12-14 10:58:07,117{GMT}	INFO	[clojure-agent-send-off-pool-1] jepsen.zookeeper: log from test 1
2016-12-14 10:58:07,117{GMT}	INFO	[jepsen worker 1] jepsen.util: 1	:ok	:read	1
2016-12-14 10:58:07,166{GMT}	INFO	[jepsen worker 1] jepsen.util: 1	:invoke	:write	2
2016-12-14 10:58:07,178{GMT}	INFO	[jepsen worker 1] jepsen.util: 1	:ok	:write	2
2016-12-14 10:58:07,252{GMT}	INFO	[jepsen worker 2] jepsen.util: 2	:invoke	:write	0
2016-12-14 10:58:07,266{GMT}	INFO	[jepsen worker 2] jepsen.util: 2	:ok	:write	0
2016-12-14 10:58:07,276{GMT}	INFO	[jepsen worker 3] jepsen.util: 3	:invoke	:read	nil
2016-12-14 10:58:07,276{GMT}	INFO	[clojure-agent-send-off-pool-1] jepsen.zookeeper: log from test 1
2016-12-14 10:58:07,277{GMT}	INFO	[jepsen worker 3] jepsen.util: 3	:ok	:read	1
2016-12-14 10:58:07,380{GMT}	INFO	[jepsen worker 3] jepsen.util: 3	:invoke	:read	nil
2016-12-14 10:58:07,380{GMT}	INFO	[clojure-agent-send-off-pool-1] jepsen.zookeeper: log from test 1
2016-12-14 10:58:07,380{GMT}	INFO	[jepsen worker 3] jepsen.util: 3	:ok	:read	1
2016-12-14 10:58:07,513{GMT}	INFO	[jepsen worker 2] jepsen.util: 2	:invoke	:read	nil
2016-12-14 10:58:07,515{GMT}	INFO	[clojure-agent-send-off-pool-1] jepsen.zookeeper: log from test 0
2016-12-14 10:58:07,515{GMT}	INFO	[jepsen worker 2] jepsen.util: 2	:ok	:read	0
2016-12-14 10:58:07,547{GMT}	INFO	[jepsen worker 4] jepsen.util: 4	:invoke	:read	nil
2016-12-14 10:58:07,547{GMT}	INFO	[clojure-agent-send-off-pool-1] jepsen.zookeeper: log from test 4
2016-12-14 10:58:07,548{GMT}	INFO	[jepsen worker 4] jepsen.util: 4	:ok	:read	4
2016-12-14 10:58:07,649{GMT}	INFO	[jepsen worker 1] jepsen.util: 1	:invoke	:cas	[4 2]
2016-12-14 10:58:07,662{GMT}	INFO	[jepsen worker 1] jepsen.util: 1	:fail	:cas	[4 2]
2016-12-14 10:58:07,796{GMT}	INFO	[jepsen worker 0] jepsen.util: 0	:invoke	:write	4
2016-12-14 10:58:07,808{GMT}	INFO	[jepsen worker 0] jepsen.util: 0	:ok	:write	4
2016-12-14 10:58:07,900{GMT}	INFO	[jepsen worker 2] jepsen.util: 2	:invoke	:read	nil
2016-12-14 10:58:07,901{GMT}	INFO	[clojure-agent-send-off-pool-1] jepsen.zookeeper: log from test 0
2016-12-14 10:58:07,901{GMT}	INFO	[jepsen worker 2] jepsen.util: 2	:ok	:read	0
2016-12-14 10:58:08,156{GMT}	INFO	[jepsen worker 3] jepsen.util: 3	:invoke	:cas	[3 4]
2016-12-14 10:58:08,171{GMT}	INFO	[jepsen worker 3] jepsen.util: 3	:fail	:cas	[3 4]
2016-12-14 10:58:08,185{GMT}	INFO	[jepsen worker 4] jepsen.util: 4	:invoke	:cas	[2 2]
2016-12-14 10:58:08,197{GMT}	INFO	[jepsen worker 4] jepsen.util: 4	:fail	:cas	[2 2]
2016-12-14 10:58:08,419{GMT}	INFO	[jepsen worker 0] jepsen.util: 0	:invoke	:write	0
2016-12-14 10:58:08,432{GMT}	INFO	[jepsen worker 0] jepsen.util: 0	:ok	:write	0
2016-12-14 10:58:08,589{GMT}	INFO	[jepsen worker 4] jepsen.util: 4	:invoke	:write	4
2016-12-14 10:58:08,603{GMT}	INFO	[jepsen worker 4] jepsen.util: 4	:ok	:write	4
2016-12-14 10:58:09,437{GMT}	INFO	[jepsen worker 1] jepsen.util: 1	:invoke	:read	nil
2016-12-14 10:58:09,438{GMT}	INFO	[clojure-agent-send-off-pool-1] jepsen.zookeeper: log from test 2
2016-12-14 10:58:09,438{GMT}	INFO	[jepsen worker 1] jepsen.util: 1	:ok	:read	2
2016-12-14 10:58:09,479{GMT}	INFO	[jepsen worker 4] jepsen.util: 4	:invoke	:read	nil
2016-12-14 10:58:09,481{GMT}	INFO	[clojure-agent-send-off-pool-1] jepsen.zookeeper: log from test 4
2016-12-14 10:58:09,481{GMT}	INFO	[jepsen worker 4] jepsen.util: 4	:ok	:read	4
2016-12-14 10:58:09,506{GMT}	INFO	[jepsen worker 2] jepsen.util: 2	:invoke	:read	nil
2016-12-14 10:58:09,506{GMT}	INFO	[clojure-agent-send-off-pool-1] jepsen.zookeeper: log from test 0
2016-12-14 10:58:09,507{GMT}	INFO	[jepsen worker 2] jepsen.util: 2	:ok	:read	0
2016-12-14 10:58:09,843{GMT}	INFO	[jepsen worker 4] jepsen.util: 4	:invoke	:write	2
2016-12-14 10:58:09,860{GMT}	INFO	[jepsen worker 4] jepsen.util: 4	:ok	:write	2
2016-12-14 10:58:09,959{GMT}	INFO	[jepsen worker 2] jepsen.util: 2	:invoke	:write	4
2016-12-14 10:58:09,963{GMT}	INFO	[jepsen worker 3] jepsen.util: 3	:invoke	:cas	[2 4]
2016-12-14 10:58:09,971{GMT}	INFO	[jepsen worker 2] jepsen.util: 2	:ok	:write	4
2016-12-14 10:58:09,979{GMT}	INFO	[jepsen worker 3] jepsen.util: 3	:fail	:cas	[2 4]
2016-12-14 10:58:10,167{GMT}	INFO	[jepsen worker 0] jepsen.util: 0	:invoke	:cas	[3 4]
2016-12-14 10:58:10,186{GMT}	INFO	[jepsen worker 0] jepsen.util: 0	:fail	:cas	[3 4]
2016-12-14 10:58:10,308{GMT}	INFO	[jepsen worker 2] jepsen.util: 2	:invoke	:read	nil
2016-12-14 10:58:10,309{GMT}	INFO	[clojure-agent-send-off-pool-1] jepsen.zookeeper: log from test 4
2016-12-14 10:58:10,310{GMT}	INFO	[jepsen worker 2] jepsen.util: 2	:ok	:read	4
2016-12-14 10:58:10,410{GMT}	INFO	[jepsen worker 3] jepsen.util: 3	:invoke	:read	nil
2016-12-14 10:58:10,411{GMT}	INFO	[clojure-agent-send-off-pool-1] jepsen.zookeeper: log from test 1
2016-12-14 10:58:10,411{GMT}	INFO	[jepsen worker 3] jepsen.util: 3	:ok	:read	1
2016-12-14 10:58:10,471{GMT}	INFO	[jepsen worker 1] jepsen.util: 1	:invoke	:write	0
2016-12-14 10:58:10,483{GMT}	INFO	[jepsen worker 1] jepsen.util: 1	:ok	:write	0
2016-12-14 10:58:10,705{GMT}	INFO	[jepsen worker 1] jepsen.util: 1	:invoke	:write	0
2016-12-14 10:58:10,717{GMT}	INFO	[jepsen worker 1] jepsen.util: 1	:ok	:write	0
2016-12-14 10:58:10,735{GMT}	INFO	[jepsen worker 1] jepsen.core: Worker 1 done
2016-12-14 10:58:11,070{GMT}	INFO	[jepsen worker 0] jepsen.util: 0	:invoke	:write	1
2016-12-14 10:58:11,082{GMT}	INFO	[jepsen worker 0] jepsen.util: 0	:ok	:write	1
2016-12-14 10:58:11,082{GMT}	INFO	[jepsen worker 0] jepsen.core: Worker 0 done
2016-12-14 10:58:11,247{GMT}	INFO	[jepsen worker 2] jepsen.util: 2	:invoke	:cas	[3 4]
2016-12-14 10:58:11,261{GMT}	INFO	[jepsen worker 2] jepsen.util: 2	:fail	:cas	[3 4]
2016-12-14 10:58:11,261{GMT}	INFO	[jepsen worker 2] jepsen.core: Worker 2 done
2016-12-14 10:58:11,471{GMT}	INFO	[jepsen worker 4] jepsen.util: 4	:invoke	:read	nil
2016-12-14 10:58:11,472{GMT}	INFO	[clojure-agent-send-off-pool-6] jepsen.zookeeper: log from test 2
2016-12-14 10:58:11,472{GMT}	INFO	[jepsen worker 4] jepsen.util: 4	:ok	:read	2
2016-12-14 10:58:11,472{GMT}	INFO	[jepsen worker 4] jepsen.core: Worker 4 done
2016-12-14 10:58:11,629{GMT}	INFO	[jepsen worker 3] jepsen.util: 3	:invoke	:cas	[1 4]
2016-12-14 10:58:11,644{GMT}	INFO	[jepsen worker 3] jepsen.util: 3	:ok	:cas	[1 4]
2016-12-14 10:58:11,645{GMT}	INFO	[jepsen worker 3] jepsen.core: Worker 3 done
2016-12-14 10:58:11,645{GMT}	INFO	[jepsen test runner] jepsen.core: Waiting for nemesis to complete
2016-12-14 10:58:11,645{GMT}	INFO	[jepsen test runner] jepsen.core: nemesis done.
2016-12-14 10:58:11,645{GMT}	INFO	[jepsen test runner] jepsen.core: Tearing down nemesis
2016-12-14 10:58:11,645{GMT}	INFO	[jepsen test runner] jepsen.core: Nemesis torn down
2016-12-14 10:58:11,648{GMT}	INFO	[clojure-agent-send-off-pool-5] org.apache.zookeeper.ZooKeeper: Session: 0x158fcfb29c70000 closed
2016-12-14 10:58:11,648{GMT}	INFO	[clojure-agent-send-off-pool-8] org.apache.zookeeper.ZooKeeper: Session: 0x158fcfb349d0000 closed
2016-12-14 10:58:11,649{GMT}	INFO	[clojure-agent-send-off-pool-4-EventThread] org.apache.zookeeper.ClientCnxn: EventThread shut down
2016-12-14 10:58:11,649{GMT}	INFO	[clojure-agent-send-off-pool-2-EventThread] org.apache.zookeeper.ClientCnxn: EventThread shut down
2016-12-14 10:58:11,649{GMT}	INFO	[clojure-agent-send-off-pool-4] org.apache.zookeeper.ZooKeeper: Session: 0x158fcfb33180000 closed
2016-12-14 10:58:11,649{GMT}	INFO	[clojure-agent-send-off-pool-3-EventThread] org.apache.zookeeper.ClientCnxn: EventThread shut down
2016-12-14 10:58:11,649{GMT}	INFO	[clojure-agent-send-off-pool-3] org.apache.zookeeper.ZooKeeper: Session: 0x158fcfb325f0000 closed
2016-12-14 10:58:11,649{GMT}	INFO	[clojure-agent-send-off-pool-0-EventThread] org.apache.zookeeper.ClientCnxn: EventThread shut down
2016-12-14 10:58:11,650{GMT}	INFO	[clojure-agent-send-off-pool-1] org.apache.zookeeper.ZooKeeper: Session: 0x158fcfb33be0000 closed
2016-12-14 10:58:11,650{GMT}	INFO	[clojure-agent-send-off-pool-1-EventThread] org.apache.zookeeper.ClientCnxn: EventThread shut down
2016-12-14 10:58:11,650{GMT}	INFO	[jepsen test runner] jepsen.core: Snarfing log files
2016-12-14 10:58:11,657{GMT}	INFO	[jepsen node w3] jepsen.core: downloading /var/log/zookeeper/zookeeper.log to zookeeper.log
2016-12-14 10:58:11,657{GMT}	INFO	[jepsen node w5] jepsen.core: downloading /var/log/zookeeper/zookeeper.log to zookeeper.log
2016-12-14 10:58:11,657{GMT}	INFO	[jepsen node w1] jepsen.core: downloading /var/log/zookeeper/zookeeper.log to zookeeper.log
2016-12-14 10:58:11,657{GMT}	INFO	[jepsen node w4] jepsen.core: downloading /var/log/zookeeper/zookeeper.log to zookeeper.log
2016-12-14 10:58:11,657{GMT}	INFO	[jepsen node w2] jepsen.core: downloading /var/log/zookeeper/zookeeper.log to zookeeper.log
2016-12-14 10:58:11,674{GMT}	INFO	[jepsen test runner] jepsen.core: Run complete, writing
2016-12-14 10:58:11,700{GMT}	INFO	[jepsen node w5] jepsen.zookeeper: w5 tearing down ZK
2016-12-14 10:58:11,700{GMT}	INFO	[jepsen node w2] jepsen.zookeeper: w2 tearing down ZK
2016-12-14 10:58:11,700{GMT}	INFO	[jepsen node w3] jepsen.zookeeper: w3 tearing down ZK
2016-12-14 10:58:11,700{GMT}	INFO	[jepsen node w4] jepsen.zookeeper: w4 tearing down ZK
2016-12-14 10:58:11,700{GMT}	INFO	[jepsen node w1] jepsen.zookeeper: w1 tearing down ZK
2016-12-14 10:58:12,311{GMT}	INFO	[jepsen test runner] jepsen.core: Analyzing
2016-12-14 10:58:13,699{GMT}	INFO	[jepsen test runner] jepsen.core: Analysis complete
2016-12-14 10:58:13,771{GMT}	INFO	[jepsen results] jepsen.store: Wrote /home/admin/jepsen.zookeeper/store/zookeeper/20161214T105748.000Z/results.edn
2016-12-14 10:58:13,810{GMT}	INFO	[main] jepsen.core: {:linear
 {:valid? false,
  :configs
  ({:model {:value 3},
    :last-op
    {:type :ok,
     :f :read,
     :value 3,
     :process 2,
     :time 2907383601,
     :index 25},
    :pending
    [{:type :invoke,
      :f :read,
      :value 1,
      :process 3,
      :time 2933720896,
      :index 26}]}),
  :final-paths
  ([{:op
     {:type :ok,
      :f :read,
      :value 3,
      :process 2,
      :time 2907383601,
      :index 25},
     :model {:value 3}}
    {:op
     {:type :ok,
      :f :read,
      :value 1,
      :process 3,
      :time 2935284751,
      :index 27},
     :model {:msg "can't read 1 from register 3"}}]),
  :previous-ok
  {:type :ok,
   :f :read,
   :value 3,
   :process 2,
   :time 2907383601,
   :index 25},
  :last-op
  {:type :ok,
   :f :read,
   :value 3,
   :process 2,
   :time 2907383601,
   :index 25},
  :op
  {:type :ok,
   :f :read,
   :value 1,
   :process 3,
   :time 2935284751,
   :index 27}},
 :perf
 {:latency-graph {:valid? true},
  :rate-graph {:valid? true},
  :valid? true},
 :valid? false}


Analysis invalid! (ﾉಥ益ಥ）ﾉ ┻━┻
