2016-12-13 14:54:09,271{GMT}	INFO	[jepsen node w2] jepsen.os.debian: w2 setting up debian
2016-12-13 14:54:09,271{GMT}	INFO	[jepsen node w4] jepsen.os.debian: w4 setting up debian
2016-12-13 14:54:09,271{GMT}	INFO	[jepsen node w3] jepsen.os.debian: w3 setting up debian
2016-12-13 14:54:09,271{GMT}	INFO	[jepsen node w1] jepsen.os.debian: w1 setting up debian
2016-12-13 14:54:09,271{GMT}	INFO	[jepsen node w5] jepsen.os.debian: w5 setting up debian
2016-12-13 14:54:09,787{GMT}	INFO	[jepsen node w2] jepsen.os.debian: Installing #{iproute psmisc ntpdate faketime libzip2 unzip}
2016-12-13 14:54:09,787{GMT}	INFO	[jepsen node w1] jepsen.os.debian: Installing #{iproute psmisc ntpdate faketime libzip2 unzip}
2016-12-13 14:54:09,787{GMT}	INFO	[jepsen node w4] jepsen.os.debian: Installing #{iproute psmisc ntpdate faketime libzip2 unzip}
2016-12-13 14:54:09,882{GMT}	INFO	[jepsen node w3] jepsen.os.debian: Installing #{iproute psmisc ntpdate faketime libzip2 unzip}
2016-12-13 14:54:09,882{GMT}	INFO	[jepsen node w5] jepsen.os.debian: Installing #{iproute psmisc ntpdate faketime libzip2 unzip}
2016-12-13 14:54:15,494{GMT}	INFO	[jepsen node w3] jepsen.zookeeper: w3 tearing down ZK
2016-12-13 14:54:15,494{GMT}	INFO	[jepsen node w3] jepsen.zookeeper: Setting up ZK on  w3
2016-12-13 14:54:15,494{GMT}	INFO	[jepsen node w3] jepsen.zookeeper: w3 Installing ZK 3.4.5+dfsg-2
2016-12-13 14:54:15,495{GMT}	INFO	[jepsen node w4] jepsen.zookeeper: w4 tearing down ZK
2016-12-13 14:54:15,495{GMT}	INFO	[jepsen node w1] jepsen.zookeeper: w1 tearing down ZK
2016-12-13 14:54:15,495{GMT}	INFO	[jepsen node w2] jepsen.zookeeper: w2 tearing down ZK
2016-12-13 14:54:15,496{GMT}	INFO	[jepsen node w4] jepsen.zookeeper: Setting up ZK on  w4
2016-12-13 14:54:15,496{GMT}	INFO	[jepsen node w1] jepsen.zookeeper: Setting up ZK on  w1
2016-12-13 14:54:15,496{GMT}	INFO	[jepsen node w2] jepsen.zookeeper: Setting up ZK on  w2
2016-12-13 14:54:15,496{GMT}	INFO	[jepsen node w4] jepsen.zookeeper: w4 Installing ZK 3.4.5+dfsg-2
2016-12-13 14:54:15,496{GMT}	INFO	[jepsen node w1] jepsen.zookeeper: w1 Installing ZK 3.4.5+dfsg-2
2016-12-13 14:54:15,496{GMT}	INFO	[jepsen node w2] jepsen.zookeeper: w2 Installing ZK 3.4.5+dfsg-2
2016-12-13 14:54:15,496{GMT}	INFO	[jepsen node w5] jepsen.zookeeper: w5 tearing down ZK
2016-12-13 14:54:15,497{GMT}	INFO	[jepsen node w5] jepsen.zookeeper: Setting up ZK on  w5
2016-12-13 14:54:15,497{GMT}	INFO	[jepsen node w5] jepsen.zookeeper: w5 Installing ZK 3.4.5+dfsg-2
2016-12-13 14:54:15,596{GMT}	INFO	[jepsen node w3] jepsen.os.debian: Installing :zookeeper 3.4.5+dfsg-2
2016-12-13 14:54:15,598{GMT}	INFO	[jepsen node w4] jepsen.os.debian: Installing :zookeeper 3.4.5+dfsg-2
2016-12-13 14:54:15,598{GMT}	INFO	[jepsen node w2] jepsen.os.debian: Installing :zookeeper 3.4.5+dfsg-2
2016-12-13 14:54:15,599{GMT}	INFO	[jepsen node w5] jepsen.os.debian: Installing :zookeeper 3.4.5+dfsg-2
2016-12-13 14:54:15,599{GMT}	INFO	[jepsen node w1] jepsen.os.debian: Installing :zookeeper 3.4.5+dfsg-2
2016-12-13 14:54:22,510{GMT}	INFO	[jepsen node w2] jepsen.os.debian: Installing :zookeeper-bin 3.4.5+dfsg-2
2016-12-13 14:54:23,411{GMT}	INFO	[jepsen node w1] jepsen.os.debian: Installing :zookeeper-bin 3.4.5+dfsg-2
2016-12-13 14:54:23,509{GMT}	INFO	[jepsen node w3] jepsen.os.debian: Installing :zookeeper-bin 3.4.5+dfsg-2
2016-12-13 14:54:24,411{GMT}	INFO	[jepsen node w4] jepsen.os.debian: Installing :zookeeper-bin 3.4.5+dfsg-2
2016-12-13 14:54:24,513{GMT}	INFO	[jepsen node w5] jepsen.os.debian: Installing :zookeeper-bin 3.4.5+dfsg-2
2016-12-13 14:54:25,416{GMT}	INFO	[jepsen node w2] jepsen.os.debian: Installing :zookeeperd 3.4.5+dfsg-2
2016-12-13 14:54:26,918{GMT}	INFO	[jepsen node w1] jepsen.os.debian: Installing :zookeeperd 3.4.5+dfsg-2
2016-12-13 14:54:27,316{GMT}	INFO	[jepsen node w3] jepsen.os.debian: Installing :zookeeperd 3.4.5+dfsg-2
2016-12-13 14:54:27,721{GMT}	INFO	[jepsen node w2] jepsen.zookeeper: w2 id is 1
2016-12-13 14:54:28,219{GMT}	INFO	[jepsen node w5] jepsen.os.debian: Installing :zookeeperd 3.4.5+dfsg-2
2016-12-13 14:54:28,618{GMT}	INFO	[jepsen node w4] jepsen.os.debian: Installing :zookeeperd 3.4.5+dfsg-2
2016-12-13 14:54:29,122{GMT}	INFO	[jepsen node w1] jepsen.zookeeper: w1 id is 0
2016-12-13 14:54:29,420{GMT}	INFO	[jepsen node w3] jepsen.zookeeper: w3 id is 2
2016-12-13 14:54:30,623{GMT}	INFO	[jepsen node w5] jepsen.zookeeper: w5 id is 4
2016-12-13 14:54:31,223{GMT}	INFO	[jepsen node w4] jepsen.zookeeper: w4 id is 3
2016-12-13 14:54:31,229{GMT}	INFO	[jepsen nemesis] jepsen.core: Nemesis starting
2016-12-13 14:54:31,230{GMT}	INFO	[jepsen nemesis] jepsen.core: nemesis done
2016-12-13 14:54:31,231{GMT}	INFO	[jepsen worker 0] jepsen.core: Worker 0 starting
2016-12-13 14:54:31,231{GMT}	INFO	[jepsen worker 1] jepsen.core: Worker 1 starting
2016-12-13 14:54:31,231{GMT}	INFO	[jepsen worker 2] jepsen.core: Worker 2 starting
2016-12-13 14:54:31,231{GMT}	INFO	[jepsen worker 4] jepsen.core: Worker 4 starting
2016-12-13 14:54:31,231{GMT}	INFO	[jepsen worker 3] jepsen.core: Worker 3 starting
2016-12-13 14:54:31,231{GMT}	INFO	[jepsen worker 0] jepsen.core: Worker 0 done
2016-12-13 14:54:31,231{GMT}	INFO	[jepsen worker 1] jepsen.core: Worker 1 done
2016-12-13 14:54:31,231{GMT}	INFO	[jepsen worker 2] jepsen.core: Worker 2 done
2016-12-13 14:54:31,231{GMT}	INFO	[jepsen worker 4] jepsen.core: Worker 4 done
2016-12-13 14:54:31,231{GMT}	INFO	[jepsen worker 3] jepsen.core: Worker 3 done
2016-12-13 14:54:31,232{GMT}	INFO	[jepsen test runner] jepsen.core: Waiting for nemesis to complete
2016-12-13 14:54:31,232{GMT}	INFO	[jepsen test runner] jepsen.core: nemesis done.
2016-12-13 14:54:31,232{GMT}	INFO	[jepsen test runner] jepsen.core: Tearing down nemesis
2016-12-13 14:54:31,232{GMT}	INFO	[jepsen test runner] jepsen.core: Nemesis torn down
2016-12-13 14:54:31,233{GMT}	INFO	[jepsen test runner] jepsen.core: Run complete, writing
2016-12-13 14:54:31,275{GMT}	INFO	[jepsen node w3] jepsen.zookeeper: w3 tearing down ZK
2016-12-13 14:54:31,275{GMT}	INFO	[jepsen node w4] jepsen.zookeeper: w4 tearing down ZK
2016-12-13 14:54:31,275{GMT}	INFO	[jepsen node w5] jepsen.zookeeper: w5 tearing down ZK
2016-12-13 14:54:31,275{GMT}	INFO	[jepsen node w2] jepsen.zookeeper: w2 tearing down ZK
2016-12-13 14:54:31,276{GMT}	INFO	[jepsen node w1] jepsen.zookeeper: w1 tearing down ZK
2016-12-13 14:54:31,284{GMT}	INFO	[jepsen test runner] jepsen.core: Analyzing
2016-12-13 14:54:31,321{GMT}	INFO	[jepsen test runner] jepsen.core: Analysis complete
2016-12-13 14:54:31,332{GMT}	INFO	[jepsen results] jepsen.store: Wrote /home/admin/jepsen.zookeeper/store/zookeeper/20161213T145408.000Z/results.edn
2016-12-13 14:54:31,337{GMT}	INFO	[main] jepsen.core: {:valid? true,
 :configs ({:model {}, :last-op nil, :pending []}),
 :final-paths ()}


Everything looks good! ヽ(‘ー`)ノ
