14:50:54.801 [main] INFO  org.apache.zookeeper.ZooKeeper - Client environment:zookeeper.version=3.4.0-1202560, built on 11/16/2011 07:18 GMT
14:50:54.804 [main] INFO  org.apache.zookeeper.ZooKeeper - Client environment:host.name=ip-192-168-32-100.eu-west-1.compute.internal
14:50:54.804 [main] INFO  org.apache.zookeeper.ZooKeeper - Client environment:java.version=1.8.0_111
14:50:54.804 [main] INFO  org.apache.zookeeper.ZooKeeper - Client environment:java.vendor=Oracle Corporation
14:50:54.804 [main] INFO  org.apache.zookeeper.ZooKeeper - Client environment:java.home=/usr/lib/jvm/java-8-oracle/jre
14:50:54.804 [main] INFO  org.apache.zookeeper.ZooKeeper - Client environment:java.class.path=/home/admin/jepsen.zookeeper/test:/home/admin/jepsen.zookeeper/src:/home/admin/jepsen.zookeeper/dev-resources:/home/admin/jepsen.zookeeper/resources:/home/admin/jepsen.zookeeper/target/classes:/home/admin/.m2/repository/clj-time/clj-time/0.11.0/clj-time-0.11.0.jar:/home/admin/.m2/repository/avout/avout/0.5.4/avout-0.5.4.jar:/home/admin/.m2/repository/org/clojure/math.combinatorics/0.1.1/math.combinatorics-0.1.1.jar:/home/admin/.m2/repository/org/clojure/java.classpath/0.2.2/java.classpath-0.2.2.jar:/home/admin/.m2/repository/jepsen/jepsen/0.1.4/jepsen-0.1.4.jar:/home/admin/.m2/repository/org/apache/zookeeper/zookeeper/3.4.0/zookeeper-3.4.0.jar:/home/admin/.m2/repository/org/clojure/clojure/1.8.0/clojure-1.8.0.jar:/home/admin/.m2/repository/net/logstash/logback/logstash-logback-encoder/4.2/logstash-logback-encoder-4.2.jar:/home/admin/.m2/repository/org/clojure/algo.generic/0.1.2/algo.generic-0.1.2.jar:/home/admin/.m2/repository/org/eclipse/jetty/jetty-server/9.2.17.v20160517/jetty-server-9.2.17.v20160517.jar:/home/admin/.m2/repository/commons-io/commons-io/2.5/commons-io-2.5.jar:/home/admin/.m2/repository/org/jboss/netty/netty/3.2.2.Final/netty-3.2.2.Final.jar:/home/admin/.m2/repository/com/jcraft/jsch.agentproxy.usocket-nc/0.0.9/jsch.agentproxy.usocket-nc-0.0.9.jar:/home/admin/.m2/repository/ch/qos/logback/logback-classic/1.1.3/logback-classic-1.1.3.jar:/home/admin/.m2/repository/spootnik/unilog/0.7.13/unilog-0.7.13.jar:/home/admin/.m2/repository/ring/ring-servlet/1.6.0-beta5/ring-servlet-1.6.0-beta5.jar:/home/admin/.m2/repository/interval-metrics/interval-metrics/1.0.0/interval-metrics-1.0.0.jar:/home/admin/.m2/repository/org/slf4j/slf4j-api/1.7.12/slf4j-api-1.7.12.jar:/home/admin/.m2/repository/ring/ring-codec/1.0.1/ring-codec-1.0.1.jar:/home/admin/.m2/repository/com/fasterxml/jackson/core/jackson-databind/2.4.0/jackson-databind-2.4.0.jar:/home/admin/.m2/repository/org/clojure/tools.cli/0.3.5/tools.cli-0.3.5.jar:/home/admin/.m2/repository/ring/ring/1.6.0-beta5/ring-1.6.0-beta5.jar:/home/admin/.m2/repository/org/slf4j/log4j-over-slf4j/1.7.12/log4j-over-slf4j-1.7.12.jar:/home/admin/.m2/repository/io/aleph/dirigiste/0.1.3/dirigiste-0.1.3.jar:/home/admin/.m2/repository/com/jcraft/jsch.agentproxy.core/0.0.9/jsch.agentproxy.core-0.0.9.jar:/home/admin/.m2/repository/com/fasterxml/jackson/core/jackson-annotations/2.4.0/jackson-annotations-2.4.0.jar:/home/admin/.m2/repository/org/clojure/tools.nrepl/0.2.12/tools.nrepl-0.2.12.jar:/home/admin/.m2/repository/org/clojure/data.fressian/0.2.1/data.fressian-0.2.1.jar:/home/admin/.m2/repository/zookeeper-clj/zookeeper-clj/0.9.3/zookeeper-clj-0.9.3.jar:/home/admin/.m2/repository/ring/ring-jetty-adapter/1.6.0-beta5/ring-jetty-adapter-1.6.0-beta5.jar:/home/admin/.m2/repository/http-kit/http-kit/2.1.18/http-kit-2.1.18.jar:/home/admin/.m2/repository/clojure-complete/clojure-complete/0.2.4/clojure-complete-0.2.4.jar:/home/admin/.m2/repository/manifold/manifold/0.1.4/manifold-0.1.4.jar:/home/admin/.m2/repository/commons-codec/commons-codec/1.7/commons-codec-1.7.jar:/home/admin/.m2/repository/crypto-equality/crypto-equality/1.0.0/crypto-equality-1.0.0.jar:/home/admin/.m2/repository/potemkin/potemkin/0.4.3/potemkin-0.4.3.jar:/home/admin/.m2/repository/com/boundary/high-scale-lib/1.0.6/high-scale-lib-1.0.6.jar:/home/admin/.m2/repository/org/clojars/pallix/analemma/1.0.0/analemma-1.0.0.jar:/home/admin/.m2/repository/ring/ring-devel/1.6.0-beta5/ring-devel-1.6.0-beta5.jar:/home/admin/.m2/repository/org/eclipse/jetty/jetty-util/9.2.17.v20160517/jetty-util-9.2.17.v20160517.jar:/home/admin/.m2/repository/hiccup/hiccup/1.0.5/hiccup-1.0.5.jar:/home/admin/.m2/repository/ring/ring-core/1.6.0-beta5/ring-core-1.6.0-beta5.jar:/home/admin/.m2/repository/knossos/knossos/0.2.8/knossos-0.2.8.jar:/home/admin/.m2/repository/clj-tuple/clj-tuple/0.2.2/clj-tuple-0.2.2.jar:/home/admin/.m2/repository/junit/junit/3.8.1/junit-3.8.1.jar:/home/admin/.m2/repository/primitive-math/primitive-math/0.1.5/primitive-math-0.1.5.jar:/home/admin/.m2/repository/com/jcraft/jsch.agentproxy.jsch/0.0.9/jsch.agentproxy.jsch-0.0.9.jar:/home/admin/.m2/repository/org/clojure/tools.logging/0.3.1/tools.logging-0.3.1.jar:/home/admin/.m2/repository/org/eclipse/jetty/jetty-io/9.2.17.v20160517/jetty-io-9.2.17.v20160517.jar:/home/admin/.m2/repository/com/jcraft/jsch/0.1.53/jsch-0.1.53.jar:/home/admin/.m2/repository/com/jcraft/jsch.agentproxy.usocket-jna/0.0.9/jsch.agentproxy.usocket-jna-0.0.9.jar:/home/admin/.m2/repository/org/clojure/tools.namespace/0.2.10/tools.namespace-0.2.10.jar:/home/admin/.m2/repository/org/fressian/fressian/0.6.6/fressian-0.6.6.jar:/home/admin/.m2/repository/log4j/log4j/1.2.17/log4j-1.2.17.jar:/home/admin/.m2/repository/net/java/dev/jna/jna-platform/4.1.0/jna-platform-4.1.0.jar:/home/admin/.m2/repository/crypto-random/crypto-random/1.2.0/crypto-random-1.2.0.jar:/home/admin/.m2/repository/com/jcraft/jsch.agentproxy.sshagent/0.0.9/jsch.agentproxy.sshagent-0.0.9.jar:/home/admin/.m2/repository/javax/servlet/javax.servlet-api/3.1.0/javax.servlet-api-3.1.0.jar:/home/admin/.m2/repository/net/java/dev/jna/jna/4.1.0/jna-4.1.0.jar:/home/admin/.m2/repository/riddley/riddley/0.1.12/riddley-0.1.12.jar:/home/admin/.m2/repository/byte-streams/byte-streams/0.2.2/byte-streams-0.2.2.jar:/home/admin/.m2/repository/ns-tracker/ns-tracker/0.3.0/ns-tracker-0.3.0.jar:/home/admin/.m2/repository/ch/qos/logback/logback-core/1.1.3/logback-core-1.1.3.jar:/home/admin/.m2/repository/gnuplot/gnuplot/0.1.1/gnuplot-0.1.1.jar:/home/admin/.m2/repository/org/clojars/achim/multiset/0.1.0/multiset-0.1.0.jar:/home/admin/.m2/repository/com/fasterxml/jackson/core/jackson-core/2.4.0/jackson-core-2.4.0.jar:/home/admin/.m2/repository/org/eclipse/jetty/jetty-http/9.2.17.v20160517/jetty-http-9.2.17.v20160517.jar:/home/admin/.m2/repository/commons-fileupload/commons-fileupload/1.3.1/commons-fileupload-1.3.1.jar:/home/admin/.m2/repository/clj-ssh/clj-ssh/0.5.14/clj-ssh-0.5.14.jar:/home/admin/.m2/repository/com/jcraft/jsch.agentproxy.pageant/0.0.9/jsch.agentproxy.pageant-0.0.9.jar:/home/admin/.m2/repository/jline/jline/0.9.94/jline-0.9.94.jar:/home/admin/.m2/repository/joda-time/joda-time/2.8.2/joda-time-2.8.2.jar:/home/admin/.m2/repository/clj-stacktrace/clj-stacktrace/0.2.8/clj-stacktrace-0.2.8.jar
14:50:54.804 [main] INFO  org.apache.zookeeper.ZooKeeper - Client environment:java.library.path=/usr/java/packages/lib/amd64:/usr/lib64:/lib64:/lib:/usr/lib
14:50:54.804 [main] INFO  org.apache.zookeeper.ZooKeeper - Client environment:java.io.tmpdir=/tmp
14:50:54.804 [main] INFO  org.apache.zookeeper.ZooKeeper - Client environment:java.compiler=<NA>
14:50:54.804 [main] INFO  org.apache.zookeeper.ZooKeeper - Client environment:os.name=Linux
14:50:54.804 [main] INFO  org.apache.zookeeper.ZooKeeper - Client environment:os.arch=amd64
14:50:54.804 [main] INFO  org.apache.zookeeper.ZooKeeper - Client environment:os.version=3.16.0-4-amd64
14:50:54.804 [main] INFO  org.apache.zookeeper.ZooKeeper - Client environment:user.name=admin
14:50:54.805 [main] INFO  org.apache.zookeeper.ZooKeeper - Client environment:user.home=/home/admin
14:50:54.805 [main] INFO  org.apache.zookeeper.ZooKeeper - Client environment:user.dir=/home/admin/jepsen.zookeeper
14:50:54.906 [main] INFO  jepsen.cli - Test options:
 {:concurrency 5,
 :test-count 1,
 :time-limit 60,
 :nodes-file "/home/admin/nodes",
 :nodes ["w1" "w2" "w3" "w4" "w5"],
 :ssh
 {:username "admin",
  :password "root",
  :strict-host-key-checking false,
  :private-key-path nil}}

INFO [2016-12-14 14:50:55,546] jepsen node w3 - jepsen.os.debian w3 setting up debian
INFO [2016-12-14 14:50:55,546] jepsen node w2 - jepsen.os.debian w2 setting up debian
INFO [2016-12-14 14:50:55,546] jepsen node w1 - jepsen.os.debian w1 setting up debian
INFO [2016-12-14 14:50:55,546] jepsen node w5 - jepsen.os.debian w5 setting up debian
INFO [2016-12-14 14:50:55,546] jepsen node w4 - jepsen.os.debian w4 setting up debian
INFO [2016-12-14 14:50:56,265] jepsen node w4 - jepsen.zookeeper w4 tearing down ZK
INFO [2016-12-14 14:50:56,266] jepsen node w5 - jepsen.zookeeper w5 tearing down ZK
INFO [2016-12-14 14:50:56,266] jepsen node w1 - jepsen.zookeeper w1 tearing down ZK
INFO [2016-12-14 14:50:56,266] jepsen node w2 - jepsen.zookeeper w2 tearing down ZK
INFO [2016-12-14 14:50:56,266] jepsen node w3 - jepsen.zookeeper w3 tearing down ZK
INFO [2016-12-14 14:50:56,468] jepsen node w4 - jepsen.zookeeper Setting up ZK on  w4
INFO [2016-12-14 14:50:56,468] jepsen node w2 - jepsen.zookeeper Setting up ZK on  w2
INFO [2016-12-14 14:50:56,468] jepsen node w1 - jepsen.zookeeper Setting up ZK on  w1
INFO [2016-12-14 14:50:56,469] jepsen node w3 - jepsen.zookeeper Setting up ZK on  w3
INFO [2016-12-14 14:50:56,470] jepsen node w5 - jepsen.zookeeper Setting up ZK on  w5
INFO [2016-12-14 14:50:56,475] jepsen node w4 - jepsen.zookeeper w4 Installing ZK 3.4.5+dfsg-2
INFO [2016-12-14 14:50:56,475] jepsen node w2 - jepsen.zookeeper w2 Installing ZK 3.4.5+dfsg-2
INFO [2016-12-14 14:50:56,475] jepsen node w1 - jepsen.zookeeper w1 Installing ZK 3.4.5+dfsg-2
INFO [2016-12-14 14:50:56,475] jepsen node w3 - jepsen.zookeeper w3 Installing ZK 3.4.5+dfsg-2
INFO [2016-12-14 14:50:56,475] jepsen node w5 - jepsen.zookeeper w5 Installing ZK 3.4.5+dfsg-2
INFO [2016-12-14 14:50:56,782] jepsen node w5 - jepsen.zookeeper w5 id is 4
INFO [2016-12-14 14:50:56,782] jepsen node w1 - jepsen.zookeeper w1 id is 0
INFO [2016-12-14 14:50:56,782] jepsen node w4 - jepsen.zookeeper w4 id is 3
INFO [2016-12-14 14:50:56,782] jepsen node w2 - jepsen.zookeeper w2 id is 1
INFO [2016-12-14 14:50:56,785] jepsen node w3 - jepsen.zookeeper w3 id is 2
INFO [2016-12-14 14:50:56,987] jepsen node w5 - jepsen.zookeeper w5 ZK restarting
INFO [2016-12-14 14:50:56,987] jepsen node w3 - jepsen.zookeeper w3 ZK restarting
INFO [2016-12-14 14:50:56,987] jepsen node w1 - jepsen.zookeeper w1 ZK restarting
INFO [2016-12-14 14:50:56,987] jepsen node w4 - jepsen.zookeeper w4 ZK restarting
INFO [2016-12-14 14:50:56,988] jepsen node w2 - jepsen.zookeeper w2 ZK restarting
INFO [2016-12-14 14:51:02,089] jepsen node w5 - jepsen.zookeeper w5 ZK ready
INFO [2016-12-14 14:51:02,089] jepsen node w1 - jepsen.zookeeper w1 ZK ready
INFO [2016-12-14 14:51:02,089] jepsen node w3 - jepsen.zookeeper w3 ZK ready
INFO [2016-12-14 14:51:02,089] jepsen node w4 - jepsen.zookeeper w4 ZK ready
INFO [2016-12-14 14:51:02,102] jepsen node w2 - jepsen.zookeeper w2 ZK ready
INFO [2016-12-14 14:51:02,118] clojure-agent-send-off-pool-2 - org.apache.zookeeper.ZooKeeper Initiating client connection, connectString=w4 sessionTimeout=5000 watcher=zookeeper.internal$make_watcher$reify__856@457e88d8
INFO [2016-12-14 14:51:02,118] clojure-agent-send-off-pool-3 - org.apache.zookeeper.ZooKeeper Initiating client connection, connectString=w3 sessionTimeout=5000 watcher=zookeeper.internal$make_watcher$reify__856@4008d5f3
INFO [2016-12-14 14:51:02,118] clojure-agent-send-off-pool-4 - org.apache.zookeeper.ZooKeeper Initiating client connection, connectString=w2 sessionTimeout=5000 watcher=zookeeper.internal$make_watcher$reify__856@2578f708
INFO [2016-12-14 14:51:02,118] clojure-agent-send-off-pool-0 - org.apache.zookeeper.ZooKeeper Initiating client connection, connectString=w1 sessionTimeout=5000 watcher=zookeeper.internal$make_watcher$reify__856@21d2e515
INFO [2016-12-14 14:51:02,118] clojure-agent-send-off-pool-1 - org.apache.zookeeper.ZooKeeper Initiating client connection, connectString=w5 sessionTimeout=5000 watcher=zookeeper.internal$make_watcher$reify__856@252772ed
INFO [2016-12-14 14:51:02,134] clojure-agent-send-off-pool-2-SendThread() - org.apache.zookeeper.ClientCnxn Opening socket connection to server /192.168.32.104:2181
INFO [2016-12-14 14:51:02,134] clojure-agent-send-off-pool-3-SendThread() - org.apache.zookeeper.ClientCnxn Opening socket connection to server /192.168.32.103:2181
INFO [2016-12-14 14:51:02,134] clojure-agent-send-off-pool-4-SendThread() - org.apache.zookeeper.ClientCnxn Opening socket connection to server /192.168.32.102:2181
INFO [2016-12-14 14:51:02,136] clojure-agent-send-off-pool-1-SendThread() - org.apache.zookeeper.ClientCnxn Opening socket connection to server /192.168.32.105:2181
INFO [2016-12-14 14:51:02,136] clojure-agent-send-off-pool-0-SendThread() - org.apache.zookeeper.ClientCnxn Opening socket connection to server /192.168.32.101:2181
INFO [2016-12-14 14:51:02,146] clojure-agent-send-off-pool-2-SendThread(w4:2181) - org.apache.zookeeper.ClientCnxn Socket connection established to w4/192.168.32.104:2181, initiating session
INFO [2016-12-14 14:51:02,146] clojure-agent-send-off-pool-4-SendThread(w2:2181) - org.apache.zookeeper.ClientCnxn Socket connection established to w2/192.168.32.102:2181, initiating session
INFO [2016-12-14 14:51:02,146] clojure-agent-send-off-pool-1-SendThread(w5:2181) - org.apache.zookeeper.ClientCnxn Socket connection established to w5/192.168.32.105:2181, initiating session
INFO [2016-12-14 14:51:02,146] clojure-agent-send-off-pool-3-SendThread(w3:2181) - org.apache.zookeeper.ClientCnxn Socket connection established to w3/192.168.32.103:2181, initiating session
INFO [2016-12-14 14:51:02,146] clojure-agent-send-off-pool-0-SendThread(w1:2181) - org.apache.zookeeper.ClientCnxn Socket connection established to w1/192.168.32.101:2181, initiating session
INFO [2016-12-14 14:51:02,257] clojure-agent-send-off-pool-0-SendThread(w1:2181) - org.apache.zookeeper.ClientCnxn Session establishment complete on server w1/192.168.32.101:2181, sessionid = 0x158fdd09f6a0000, negotiated timeout = 5000
INFO [2016-12-14 14:51:02,263] clojure-agent-send-off-pool-3-SendThread(w3:2181) - org.apache.zookeeper.ClientCnxn Session establishment complete on server w3/192.168.32.103:2181, sessionid = 0x158fdd0a0bb0000, negotiated timeout = 5000
INFO [2016-12-14 14:51:02,267] clojure-agent-send-off-pool-2-SendThread(w4:2181) - org.apache.zookeeper.ClientCnxn Session establishment complete on server w4/192.168.32.104:2181, sessionid = 0x158fdd0a01f0000, negotiated timeout = 5000
INFO [2016-12-14 14:51:02,269] clojure-agent-send-off-pool-1-SendThread(w5:2181) - org.apache.zookeeper.ClientCnxn Session establishment complete on server w5/192.168.32.105:2181, sessionid = 0x158fdd09e4d0000, negotiated timeout = 5000
INFO [2016-12-14 14:51:02,279] clojure-agent-send-off-pool-4-SendThread(w2:2181) - org.apache.zookeeper.ClientCnxn Session establishment complete on server w2/192.168.32.102:2181, sessionid = 0x158fdd094300000, negotiated timeout = 5000
INFO [2016-12-14 14:51:02,568] jepsen nemesis - jepsen.core Nemesis starting
INFO [2016-12-14 14:51:02,569] jepsen worker 2 - jepsen.core Worker 2 starting
INFO [2016-12-14 14:51:02,569] jepsen worker 1 - jepsen.core Worker 1 starting
INFO [2016-12-14 14:51:02,569] jepsen worker 0 - jepsen.core Worker 0 starting
INFO [2016-12-14 14:51:02,569] jepsen worker 4 - jepsen.core Worker 4 starting
INFO [2016-12-14 14:51:02,569] jepsen worker 3 - jepsen.core Worker 3 starting
INFO [2016-12-14 14:51:02,959] jepsen worker 0 - jepsen.util 0	:invoke	:cas	[0 [4 1]]
INFO [2016-12-14 14:51:02,986] jepsen worker 0 - jepsen.util 0	:ok	:cas	[0 [4 1]]
INFO [2016-12-14 14:51:03,554] jepsen worker 4 - jepsen.util 4	:invoke	:write	[0 3]
INFO [2016-12-14 14:51:03,571] jepsen worker 4 - jepsen.util 4	:ok	:write	[0 3]
INFO [2016-12-14 14:51:03,982] jepsen worker 1 - jepsen.util 1	:invoke	:read	[0 nil]
INFO [2016-12-14 14:51:03,986] clojure-agent-send-off-pool-1 - jepsen.zookeeper log from test 0
INFO [2016-12-14 14:51:03,986] jepsen worker 1 - jepsen.util 1	:ok	:read	0
INFO [2016-12-14 14:51:04,011] jepsen worker 2 - jepsen.util 2	:invoke	:cas	[0 [3 0]]
INFO [2016-12-14 14:51:04,030] jepsen worker 2 - jepsen.util 2	:ok	:cas	[0 [3 0]]
INFO [2016-12-14 14:51:04,040] jepsen worker 4 - jepsen.util 4	:invoke	:read	[1 nil]
INFO [2016-12-14 14:51:04,043] clojure-agent-send-off-pool-6 - jepsen.zookeeper log from test [0 3]
INFO [2016-12-14 14:51:04,043] jepsen worker 4 - jepsen.util 4	:ok	:read	[0 3]
INFO [2016-12-14 14:51:04,337] jepsen worker 0 - jepsen.util 0	:invoke	:read	[1 nil]
INFO [2016-12-14 14:51:04,338] clojure-agent-send-off-pool-6 - jepsen.zookeeper log from test [4 1]
INFO [2016-12-14 14:51:04,338] jepsen worker 0 - jepsen.util 0	:ok	:read	[4 1]
INFO [2016-12-14 14:51:04,534] jepsen worker 3 - jepsen.util 3	:invoke	:read	[0 nil]
INFO [2016-12-14 14:51:04,537] clojure-agent-send-off-pool-6 - jepsen.zookeeper log from test 0
INFO [2016-12-14 14:51:04,538] jepsen worker 3 - jepsen.util 3	:ok	:read	0
INFO [2016-12-14 14:51:04,708] jepsen worker 2 - jepsen.util 2	:invoke	:read	[1 nil]
INFO [2016-12-14 14:51:04,709] clojure-agent-send-off-pool-6 - jepsen.zookeeper log from test [3 0]
INFO [2016-12-14 14:51:04,709] jepsen worker 2 - jepsen.util 2	:ok	:read	[3 0]
INFO [2016-12-14 14:51:05,075] jepsen worker 3 - jepsen.util 3	:invoke	:read	[2 nil]
INFO [2016-12-14 14:51:05,076] clojure-agent-send-off-pool-6 - jepsen.zookeeper log from test 0
INFO [2016-12-14 14:51:05,076] jepsen worker 3 - jepsen.util 3	:ok	:read	0
INFO [2016-12-14 14:51:05,271] jepsen worker 4 - jepsen.util 4	:invoke	:write	[1 1]
INFO [2016-12-14 14:51:05,288] jepsen worker 4 - jepsen.util 4	:ok	:write	[1 1]
INFO [2016-12-14 14:51:05,794] jepsen worker 1 - jepsen.util 1	:invoke	:cas	[1 [1 1]]
INFO [2016-12-14 14:51:05,807] jepsen worker 1 - jepsen.util 1	:fail	:cas	[1 [1 1]]
INFO [2016-12-14 14:51:05,945] jepsen worker 0 - jepsen.util 0	:invoke	:read	[2 nil]
INFO [2016-12-14 14:51:05,945] clojure-agent-send-off-pool-6 - jepsen.zookeeper log from test [4 1]
INFO [2016-12-14 14:51:05,945] jepsen worker 0 - jepsen.util 0	:ok	:read	[4 1]
INFO [2016-12-14 14:51:05,994] jepsen worker 4 - jepsen.util 4	:invoke	:read	[2 nil]
INFO [2016-12-14 14:51:05,995] clojure-agent-send-off-pool-6 - jepsen.zookeeper log from test [1 1]
INFO [2016-12-14 14:51:05,996] jepsen worker 4 - jepsen.util 4	:ok	:read	[1 1]
INFO [2016-12-14 14:51:06,250] jepsen worker 3 - jepsen.util 3	:invoke	:read	[2 nil]
INFO [2016-12-14 14:51:06,251] clojure-agent-send-off-pool-6 - jepsen.zookeeper log from test 0
INFO [2016-12-14 14:51:06,251] jepsen worker 3 - jepsen.util 3	:ok	:read	0
INFO [2016-12-14 14:51:06,614] jepsen worker 3 - jepsen.util 3	:invoke	:write	[3 4]
INFO [2016-12-14 14:51:06,627] jepsen worker 2 - jepsen.util 2	:invoke	:read	[2 nil]
INFO [2016-12-14 14:51:06,627] clojure-agent-send-off-pool-0 - jepsen.zookeeper log from test [3 0]
INFO [2016-12-14 14:51:06,627] jepsen worker 2 - jepsen.util 2	:ok	:read	[3 0]
INFO [2016-12-14 14:51:06,631] jepsen worker 3 - jepsen.util 3	:ok	:write	[3 4]
INFO [2016-12-14 14:51:06,989] jepsen worker 1 - jepsen.util 1	:invoke	:cas	[3 [2 2]]
INFO [2016-12-14 14:51:07,005] jepsen worker 1 - jepsen.util 1	:fail	:cas	[3 [2 2]]
INFO [2016-12-14 14:51:07,260] jepsen worker 2 - jepsen.util 2	:invoke	:read	[3 nil]
INFO [2016-12-14 14:51:07,261] clojure-agent-send-off-pool-6 - jepsen.zookeeper log from test [3 0]
INFO [2016-12-14 14:51:07,261] jepsen worker 2 - jepsen.util 2	:ok	:read	[3 0]
INFO [2016-12-14 14:51:07,307] jepsen worker 4 - jepsen.util 4	:invoke	:cas	[3 [1 3]]
INFO [2016-12-14 14:51:07,348] jepsen worker 0 - jepsen.util 0	:invoke	:cas	[3 [3 3]]
INFO [2016-12-14 14:51:07,355] jepsen worker 4 - jepsen.util 4	:fail	:cas	[3 [1 3]]
INFO [2016-12-14 14:51:07,378] jepsen worker 0 - jepsen.util 0	:fail	:cas	[3 [3 3]]
INFO [2016-12-14 14:51:07,571] jepsen nemesis - jepsen.util :nemesis	:info	:start	nil
INFO [2016-12-14 14:51:07,981] jepsen worker 1 - jepsen.util 1	:invoke	:cas	[4 [3 2]]
INFO [2016-12-14 14:51:07,996] jepsen worker 1 - jepsen.util 1	:fail	:cas	[4 [3 2]]
INFO [2016-12-14 14:51:08,123] jepsen worker 3 - jepsen.util 3	:invoke	:read	[4 nil]
INFO [2016-12-14 14:51:08,124] clojure-agent-send-off-pool-18 - jepsen.zookeeper log from test [3 4]
INFO [2016-12-14 14:51:08,125] jepsen worker 3 - jepsen.util 3	:ok	:read	[3 4]
INFO [2016-12-14 14:51:08,478] jepsen worker 2 - jepsen.util 2	:invoke	:write	[4 3]
INFO [2016-12-14 14:51:08,500] jepsen worker 2 - jepsen.util 2	:ok	:write	[4 3]
INFO [2016-12-14 14:51:08,617] jepsen worker 1 - jepsen.util 1	:invoke	:read	[5 nil]
INFO [2016-12-14 14:51:08,619] clojure-agent-send-off-pool-21 - jepsen.zookeeper log from test 0
INFO [2016-12-14 14:51:08,619] jepsen worker 1 - jepsen.util 1	:ok	:read	0
INFO [2016-12-14 14:51:08,625] jepsen worker 1 - jepsen.util 1	:invoke	:cas	[5 [0 4]]
INFO [2016-12-14 14:51:08,638] jepsen worker 1 - jepsen.util 1	:fail	:cas	[5 [0 4]]
INFO [2016-12-14 14:51:08,734] jepsen nemesis - jepsen.util :nemesis	:info	:start	"Cut off {\"w4\" #{\"w5\" \"w2\" \"w3\"}, \"w1\" #{\"w5\" \"w2\" \"w3\"}, \"w5\" #{\"w4\" \"w1\"}, \"w2\" #{\"w4\" \"w1\"}, \"w3\" #{\"w4\" \"w1\"}}"
INFO [2016-12-14 14:51:08,741] jepsen worker 3 - jepsen.util 3	:invoke	:write	[5 3]
INFO [2016-12-14 14:51:08,757] jepsen worker 3 - jepsen.util 3	:ok	:write	[5 3]
INFO [2016-12-14 14:51:08,771] jepsen worker 1 - jepsen.util 1	:invoke	:cas	[5 [4 2]]
INFO [2016-12-14 14:51:08,786] jepsen worker 1 - jepsen.util 1	:fail	:cas	[5 [4 2]]
INFO [2016-12-14 14:51:09,091] jepsen worker 0 - jepsen.util 0	:invoke	:cas	[4 [2 2]]
INFO [2016-12-14 14:51:09,105] jepsen worker 0 - jepsen.util 0	:fail	:cas	[4 [2 2]]
INFO [2016-12-14 14:51:09,326] jepsen worker 4 - jepsen.util 4	:invoke	:cas	[4 [0 4]]
INFO [2016-12-14 14:51:09,330] jepsen worker 0 - jepsen.util 0	:invoke	:read	[6 nil]
INFO [2016-12-14 14:51:09,331] clojure-agent-send-off-pool-10 - jepsen.zookeeper log from test [4 1]
INFO [2016-12-14 14:51:09,331] jepsen worker 0 - jepsen.util 0	:ok	:read	[4 1]
INFO [2016-12-14 14:51:09,343] jepsen worker 4 - jepsen.util 4	:fail	:cas	[4 [0 4]]
INFO [2016-12-14 14:51:09,408] jepsen worker 2 - jepsen.util 2	:invoke	:read	[5 nil]
INFO [2016-12-14 14:51:09,410] clojure-agent-send-off-pool-10 - jepsen.zookeeper log from test [4 3]
INFO [2016-12-14 14:51:09,410] jepsen worker 2 - jepsen.util 2	:ok	:read	[4 3]
INFO [2016-12-14 14:51:09,817] jepsen worker 4 - jepsen.util 4	:invoke	:cas	[6 [1 4]]
INFO [2016-12-14 14:51:09,831] jepsen worker 4 - jepsen.util 4	:fail	:cas	[6 [1 4]]
INFO [2016-12-14 14:51:09,940] jepsen worker 4 - jepsen.util 4	:invoke	:read	[7 nil]
INFO [2016-12-14 14:51:09,941] clojure-agent-send-off-pool-14 - jepsen.zookeeper log from test [1 1]
INFO [2016-12-14 14:51:09,941] jepsen worker 4 - jepsen.util 4	:ok	:read	[1 1]
INFO [2016-12-14 14:51:10,493] jepsen worker 3 - jepsen.util 3	:invoke	:write	[6 2]
INFO [2016-12-14 14:51:10,507] jepsen worker 3 - jepsen.util 3	:ok	:write	[6 2]
INFO [2016-12-14 14:51:10,568] jepsen worker 1 - jepsen.util 1	:invoke	:cas	[6 [2 3]]
INFO [2016-12-14 14:51:10,581] jepsen worker 1 - jepsen.util 1	:fail	:cas	[6 [2 3]]
INFO [2016-12-14 14:51:10,701] jepsen worker 0 - jepsen.util 0	:invoke	:read	[6 nil]
INFO [2016-12-14 14:51:10,702] clojure-agent-send-off-pool-14 - jepsen.zookeeper log from test [4 1]
INFO [2016-12-14 14:51:10,702] jepsen worker 0 - jepsen.util 0	:ok	:read	[4 1]
INFO [2016-12-14 14:51:11,191] jepsen worker 3 - jepsen.util 3	:invoke	:write	[7 2]
INFO [2016-12-14 14:51:11,204] jepsen worker 3 - jepsen.util 3	:ok	:write	[7 2]
INFO [2016-12-14 14:51:11,295] jepsen worker 2 - jepsen.util 2	:invoke	:write	[7 1]
INFO [2016-12-14 14:51:11,309] jepsen worker 2 - jepsen.util 2	:ok	:write	[7 1]
INFO [2016-12-14 14:51:11,371] jepsen worker 2 - jepsen.util 2	:invoke	:read	[8 nil]
INFO [2016-12-14 14:51:11,372] clojure-agent-send-off-pool-14 - jepsen.zookeeper log from test [7 1]
INFO [2016-12-14 14:51:11,373] jepsen worker 2 - jepsen.util 2	:ok	:read	[7 1]
INFO [2016-12-14 14:51:11,410] jepsen worker 0 - jepsen.util 0	:invoke	:write	[8 4]
INFO [2016-12-14 14:51:11,423] jepsen worker 0 - jepsen.util 0	:ok	:write	[8 4]
INFO [2016-12-14 14:51:11,439] jepsen worker 4 - jepsen.util 4	:invoke	:write	[7 2]
INFO [2016-12-14 14:51:11,455] jepsen worker 4 - jepsen.util 4	:ok	:write	[7 2]
INFO [2016-12-14 14:51:11,760] jepsen worker 0 - jepsen.util 0	:invoke	:write	[8 1]
INFO [2016-12-14 14:51:11,777] jepsen worker 0 - jepsen.util 0	:ok	:write	[8 1]
INFO [2016-12-14 14:51:11,790] jepsen worker 4 - jepsen.util 4	:invoke	:read	[9 nil]
INFO [2016-12-14 14:51:11,791] clojure-agent-send-off-pool-10 - jepsen.zookeeper log from test [7 2]
INFO [2016-12-14 14:51:11,792] jepsen worker 4 - jepsen.util 4	:ok	:read	[7 2]
INFO [2016-12-14 14:51:11,811] jepsen worker 1 - jepsen.util 1	:invoke	:read	[7 nil]
INFO [2016-12-14 14:51:11,813] clojure-agent-send-off-pool-10 - jepsen.zookeeper log from test 0
INFO [2016-12-14 14:51:11,813] jepsen worker 1 - jepsen.util 1	:ok	:read	0
INFO [2016-12-14 14:51:11,855] jepsen worker 3 - jepsen.util 3	:invoke	:cas	[8 [1 0]]
INFO [2016-12-14 14:51:11,872] jepsen worker 3 - jepsen.util 3	:fail	:cas	[8 [1 0]]
INFO [2016-12-14 14:51:12,757] jepsen worker 4 - jepsen.util 4	:invoke	:cas	[9 [1 2]]
INFO [2016-12-14 14:51:12,787] jepsen worker 4 - jepsen.util 4	:fail	:cas	[9 [1 2]]
INFO [2016-12-14 14:51:12,868] jepsen worker 2 - jepsen.util 2	:invoke	:cas	[8 [2 4]]
INFO [2016-12-14 14:51:12,884] jepsen worker 2 - jepsen.util 2	:fail	:cas	[8 [2 4]]
INFO [2016-12-14 14:51:12,907] jepsen worker 3 - jepsen.util 3	:invoke	:write	[9 3]
INFO [2016-12-14 14:51:12,925] jepsen worker 3 - jepsen.util 3	:ok	:write	[9 3]
INFO [2016-12-14 14:51:13,019] jepsen worker 0 - jepsen.util 0	:invoke	:cas	[9 [4 3]]
INFO [2016-12-14 14:51:13,034] jepsen worker 0 - jepsen.util 0	:fail	:cas	[9 [4 3]]
INFO [2016-12-14 14:51:13,044] jepsen worker 1 - jepsen.util 1	:invoke	:write	[9 3]
INFO [2016-12-14 14:51:13,070] jepsen worker 1 - jepsen.util 1	:ok	:write	[9 3]
INFO [2016-12-14 14:51:13,327] jepsen worker 4 - jepsen.util 4	:invoke	:write	[10 4]
INFO [2016-12-14 14:51:13,341] jepsen worker 4 - jepsen.util 4	:ok	:write	[10 4]
INFO [2016-12-14 14:51:13,735] jepsen nemesis - jepsen.util :nemesis	:info	:stop	nil
INFO [2016-12-14 14:51:13,938] jepsen nemesis - jepsen.util :nemesis	:info	:stop	"fully connected"
INFO [2016-12-14 14:51:14,038] jepsen worker 2 - jepsen.util 2	:invoke	:cas	[10 [4 2]]
INFO [2016-12-14 14:51:14,053] jepsen worker 2 - jepsen.util 2	:fail	:cas	[10 [4 2]]
INFO [2016-12-14 14:51:14,467] jepsen worker 4 - jepsen.util 4	:invoke	:cas	[11 [0 3]]
INFO [2016-12-14 14:51:14,480] jepsen worker 4 - jepsen.util 4	:fail	:cas	[11 [0 3]]
INFO [2016-12-14 14:51:14,647] jepsen worker 3 - jepsen.util 3	:invoke	:cas	[10 [3 0]]
INFO [2016-12-14 14:51:14,679] jepsen worker 3 - jepsen.util 3	:fail	:cas	[10 [3 0]]
INFO [2016-12-14 14:51:14,732] jepsen worker 2 - jepsen.util 2	:invoke	:read	[11 nil]
INFO [2016-12-14 14:51:14,733] clojure-agent-send-off-pool-1 - jepsen.zookeeper log from test [7 1]
INFO [2016-12-14 14:51:14,733] jepsen worker 2 - jepsen.util 2	:ok	:read	[7 1]
INFO [2016-12-14 14:51:14,923] jepsen worker 0 - jepsen.util 0	:invoke	:read	[10 nil]
INFO [2016-12-14 14:51:14,924] clojure-agent-send-off-pool-1 - jepsen.zookeeper log from test [8 1]
INFO [2016-12-14 14:51:14,924] jepsen worker 0 - jepsen.util 0	:ok	:read	[8 1]
INFO [2016-12-14 14:51:14,963] jepsen worker 1 - jepsen.util 1	:invoke	:cas	[10 [2 3]]
INFO [2016-12-14 14:51:14,975] jepsen worker 1 - jepsen.util 1	:fail	:cas	[10 [2 3]]
INFO [2016-12-14 14:51:16,177] jepsen worker 3 - jepsen.util 3	:invoke	:cas	[11 [0 0]]
INFO [2016-12-14 14:51:16,191] jepsen worker 3 - jepsen.util 3	:fail	:cas	[11 [0 0]]
INFO [2016-12-14 14:51:16,448] jepsen worker 4 - jepsen.util 4	:invoke	:cas	[11 [4 0]]
INFO [2016-12-14 14:51:16,465] jepsen worker 4 - jepsen.util 4	:fail	:cas	[11 [4 0]]
INFO [2016-12-14 14:51:16,627] jepsen worker 0 - jepsen.util 0	:invoke	:cas	[12 [0 2]]
INFO [2016-12-14 14:51:16,667] jepsen worker 2 - jepsen.util 2	:invoke	:read	[11 nil]
INFO [2016-12-14 14:51:16,668] clojure-agent-send-off-pool-14 - jepsen.zookeeper log from test [7 1]
INFO [2016-12-14 14:51:16,668] jepsen worker 2 - jepsen.util 2	:ok	:read	[7 1]
INFO [2016-12-14 14:51:16,676] jepsen worker 0 - jepsen.util 0	:fail	:cas	[12 [0 2]]
INFO [2016-12-14 14:51:16,829] jepsen worker 0 - jepsen.util 0	:invoke	:write	[13 2]
INFO [2016-12-14 14:51:16,842] jepsen worker 0 - jepsen.util 0	:ok	:write	[13 2]
INFO [2016-12-14 14:51:16,845] jepsen worker 1 - jepsen.util 1	:invoke	:read	[12 nil]
INFO [2016-12-14 14:51:16,846] clojure-agent-send-off-pool-6 - jepsen.zookeeper log from test [9 3]
INFO [2016-12-14 14:51:16,846] jepsen worker 1 - jepsen.util 1	:ok	:read	[9 3]
INFO [2016-12-14 14:51:16,889] jepsen worker 0 - jepsen.util 0	:invoke	:write	[13 4]
INFO [2016-12-14 14:51:16,901] jepsen worker 0 - jepsen.util 0	:ok	:write	[13 4]
INFO [2016-12-14 14:51:17,648] jepsen worker 2 - jepsen.util 2	:invoke	:cas	[12 [3 2]]
INFO [2016-12-14 14:51:17,661] jepsen worker 2 - jepsen.util 2	:fail	:cas	[12 [3 2]]
INFO [2016-12-14 14:51:17,795] jepsen worker 4 - jepsen.util 4	:invoke	:read	[12 nil]
INFO [2016-12-14 14:51:17,796] clojure-agent-send-off-pool-6 - jepsen.zookeeper log from test [10 4]
INFO [2016-12-14 14:51:17,806] jepsen worker 4 - jepsen.util 4	:ok	:read	[10 4]
INFO [2016-12-14 14:51:17,847] jepsen worker 3 - jepsen.util 3	:invoke	:write	[12 3]
INFO [2016-12-14 14:51:17,859] jepsen worker 3 - jepsen.util 3	:ok	:write	[12 3]
INFO [2016-12-14 14:51:17,981] jepsen worker 3 - jepsen.util 3	:invoke	:cas	[14 [2 2]]
INFO [2016-12-14 14:51:17,994] jepsen worker 3 - jepsen.util 3	:fail	:cas	[14 [2 2]]
INFO [2016-12-14 14:51:18,254] jepsen worker 0 - jepsen.util 0	:invoke	:cas	[13 [3 1]]
INFO [2016-12-14 14:51:18,267] jepsen worker 0 - jepsen.util 0	:fail	:cas	[13 [3 1]]
INFO [2016-12-14 14:51:18,452] jepsen worker 4 - jepsen.util 4	:invoke	:cas	[14 [4 3]]
INFO [2016-12-14 14:51:18,467] jepsen worker 4 - jepsen.util 4	:fail	:cas	[14 [4 3]]
INFO [2016-12-14 14:51:18,635] jepsen worker 1 - jepsen.util 1	:invoke	:write	[13 1]
INFO [2016-12-14 14:51:18,652] jepsen worker 1 - jepsen.util 1	:ok	:write	[13 1]
INFO [2016-12-14 14:51:18,687] jepsen worker 1 - jepsen.util 1	:invoke	:cas	[15 [0 3]]
INFO [2016-12-14 14:51:18,702] jepsen worker 1 - jepsen.util 1	:fail	:cas	[15 [0 3]]
INFO [2016-12-14 14:51:18,938] jepsen nemesis - jepsen.util :nemesis	:info	:start	nil
INFO [2016-12-14 14:51:19,340] jepsen worker 3 - jepsen.util 3	:invoke	:read	[14 nil]
INFO [2016-12-14 14:51:19,341] clojure-agent-send-off-pool-0 - jepsen.zookeeper log from test [12 3]
INFO [2016-12-14 14:51:19,341] jepsen worker 3 - jepsen.util 3	:ok	:read	[12 3]
INFO [2016-12-14 14:51:19,490] jepsen worker 2 - jepsen.util 2	:invoke	:read	[13 nil]
INFO [2016-12-14 14:51:19,492] clojure-agent-send-off-pool-22 - jepsen.zookeeper log from test [7 1]
INFO [2016-12-14 14:51:19,492] jepsen worker 2 - jepsen.util 2	:ok	:read	[7 1]
INFO [2016-12-14 14:51:19,632] jepsen worker 0 - jepsen.util 0	:invoke	:write	[14 1]
INFO [2016-12-14 14:51:19,648] jepsen worker 0 - jepsen.util 0	:ok	:write	[14 1]
INFO [2016-12-14 14:51:19,883] jepsen worker 3 - jepsen.util 3	:invoke	:cas	[15 [0 2]]
INFO [2016-12-14 14:51:19,898] jepsen worker 3 - jepsen.util 3	:fail	:cas	[15 [0 2]]
INFO [2016-12-14 14:51:19,938] jepsen worker 4 - jepsen.util 4	:invoke	:cas	[14 [4 4]]
INFO [2016-12-14 14:51:19,952] jepsen worker 4 - jepsen.util 4	:fail	:cas	[14 [4 4]]
INFO [2016-12-14 14:51:19,991] jepsen nemesis - jepsen.util :nemesis	:info	:start	"Cut off {\"w3\" #{\"w5\" \"w4\" \"w2\"}, \"w1\" #{\"w5\" \"w4\" \"w2\"}, \"w5\" #{\"w3\" \"w1\"}, \"w4\" #{\"w3\" \"w1\"}, \"w2\" #{\"w3\" \"w1\"}}"
INFO [2016-12-14 14:51:20,209] jepsen worker 3 - jepsen.util 3	:invoke	:write	[16 2]
INFO [2016-12-14 14:51:20,223] jepsen worker 3 - jepsen.util 3	:ok	:write	[16 2]
INFO [2016-12-14 14:51:20,424] jepsen worker 1 - jepsen.util 1	:invoke	:read	[15 nil]
INFO [2016-12-14 14:51:20,425] clojure-agent-send-off-pool-11 - jepsen.zookeeper log from test [13 1]
INFO [2016-12-14 14:51:20,426] jepsen worker 1 - jepsen.util 1	:ok	:read	[13 1]
INFO [2016-12-14 14:51:20,610] jepsen worker 1 - jepsen.util 1	:invoke	:cas	[16 [1 1]]
INFO [2016-12-14 14:51:20,621] jepsen worker 1 - jepsen.util 1	:fail	:cas	[16 [1 1]]
INFO [2016-12-14 14:51:21,195] jepsen worker 2 - jepsen.util 2	:invoke	:read	[15 nil]
INFO [2016-12-14 14:51:21,196] clojure-agent-send-off-pool-6 - jepsen.zookeeper log from test [7 1]
INFO [2016-12-14 14:51:21,196] jepsen worker 2 - jepsen.util 2	:ok	:read	[7 1]
INFO [2016-12-14 14:51:21,259] jepsen worker 0 - jepsen.util 0	:invoke	:read	[15 nil]
INFO [2016-12-14 14:51:21,260] clojure-agent-send-off-pool-6 - jepsen.zookeeper log from test [14 1]
INFO [2016-12-14 14:51:21,260] jepsen worker 0 - jepsen.util 0	:ok	:read	[14 1]
INFO [2016-12-14 14:51:21,843] jepsen worker 4 - jepsen.util 4	:invoke	:write	[16 2]
INFO [2016-12-14 14:51:21,857] jepsen worker 4 - jepsen.util 4	:ok	:write	[16 2]
INFO [2016-12-14 14:51:22,025] jepsen worker 3 - jepsen.util 3	:invoke	:read	[16 nil]
INFO [2016-12-14 14:51:22,026] clojure-agent-send-off-pool-11 - jepsen.zookeeper log from test [16 2]
INFO [2016-12-14 14:51:22,027] jepsen worker 3 - jepsen.util 3	:ok	:read	[16 2]
INFO [2016-12-14 14:51:22,205] jepsen worker 2 - jepsen.util 2	:invoke	:write	[17 2]
INFO [2016-12-14 14:51:22,240] jepsen worker 3 - jepsen.util 3	:invoke	:cas	[17 [3 3]]
INFO [2016-12-14 14:51:22,257] jepsen worker 2 - jepsen.util 2	:ok	:write	[17 2]
INFO [2016-12-14 14:51:22,257] jepsen worker 3 - jepsen.util 3	:fail	:cas	[17 [3 3]]
INFO [2016-12-14 14:51:22,296] jepsen worker 1 - jepsen.util 1	:invoke	:cas	[16 [1 4]]
INFO [2016-12-14 14:51:22,307] jepsen worker 1 - jepsen.util 1	:fail	:cas	[16 [1 4]]
INFO [2016-12-14 14:51:22,525] jepsen worker 2 - jepsen.util 2	:invoke	:write	[17 2]
INFO [2016-12-14 14:51:22,539] jepsen worker 2 - jepsen.util 2	:ok	:write	[17 2]
INFO [2016-12-14 14:51:22,556] jepsen worker 0 - jepsen.util 0	:invoke	:read	[17 nil]
INFO [2016-12-14 14:51:22,556] clojure-agent-send-off-pool-6 - jepsen.zookeeper log from test [14 1]
INFO [2016-12-14 14:51:22,556] jepsen worker 0 - jepsen.util 0	:ok	:read	[14 1]
INFO [2016-12-14 14:51:22,724] jepsen worker 4 - jepsen.util 4	:invoke	:write	[17 0]
INFO [2016-12-14 14:51:22,738] jepsen worker 4 - jepsen.util 4	:ok	:write	[17 0]
INFO [2016-12-14 14:51:23,057] jepsen worker 2 - jepsen.util 2	:invoke	:read	[18 nil]
INFO [2016-12-14 14:51:23,058] clojure-agent-send-off-pool-14 - jepsen.zookeeper log from test [17 2]
INFO [2016-12-14 14:51:23,073] jepsen worker 2 - jepsen.util 2	:ok	:read	[17 2]
INFO [2016-12-14 14:51:23,546] jepsen worker 1 - jepsen.util 1	:invoke	:cas	[18 [4 4]]
INFO [2016-12-14 14:51:23,561] jepsen worker 1 - jepsen.util 1	:fail	:cas	[18 [4 4]]
INFO [2016-12-14 14:51:23,863] jepsen worker 4 - jepsen.util 4	:invoke	:read	[18 nil]
INFO [2016-12-14 14:51:23,864] clojure-agent-send-off-pool-6 - jepsen.zookeeper log from test [17 0]
INFO [2016-12-14 14:51:23,864] jepsen worker 4 - jepsen.util 4	:ok	:read	[17 0]
INFO [2016-12-14 14:51:23,888] jepsen worker 0 - jepsen.util 0	:invoke	:cas	[18 [2 1]]
INFO [2016-12-14 14:51:23,903] jepsen worker 0 - jepsen.util 0	:fail	:cas	[18 [2 1]]
INFO [2016-12-14 14:51:24,003] jepsen worker 3 - jepsen.util 3	:invoke	:cas	[18 [3 4]]
INFO [2016-12-14 14:51:24,020] jepsen worker 3 - jepsen.util 3	:fail	:cas	[18 [3 4]]
INFO [2016-12-14 14:51:24,036] jepsen worker 1 - jepsen.util 1	:invoke	:cas	[19 [4 0]]
INFO [2016-12-14 14:51:24,048] jepsen worker 1 - jepsen.util 1	:fail	:cas	[19 [4 0]]
INFO [2016-12-14 14:51:24,299] jepsen worker 2 - jepsen.util 2	:invoke	:read	[19 nil]
INFO [2016-12-14 14:51:24,300] clojure-agent-send-off-pool-14 - jepsen.zookeeper log from test [17 2]
INFO [2016-12-14 14:51:24,300] jepsen worker 2 - jepsen.util 2	:ok	:read	[17 2]
INFO [2016-12-14 14:51:24,313] jepsen worker 1 - jepsen.util 1	:invoke	:cas	[20 [0 4]]
INFO [2016-12-14 14:51:24,324] jepsen worker 1 - jepsen.util 1	:fail	:cas	[20 [0 4]]
INFO [2016-12-14 14:51:24,991] jepsen nemesis - jepsen.util :nemesis	:info	:stop	nil
INFO [2016-12-14 14:51:25,198] jepsen nemesis - jepsen.util :nemesis	:info	:stop	"fully connected"
INFO [2016-12-14 14:51:25,373] jepsen worker 1 - jepsen.util 1	:invoke	:cas	[20 [4 0]]
INFO [2016-12-14 14:51:25,384] jepsen worker 1 - jepsen.util 1	:fail	:cas	[20 [4 0]]
INFO [2016-12-14 14:51:25,416] jepsen worker 0 - jepsen.util 0	:invoke	:read	[19 nil]
INFO [2016-12-14 14:51:25,417] clojure-agent-send-off-pool-14 - jepsen.zookeeper log from test [14 1]
INFO [2016-12-14 14:51:25,417] jepsen worker 0 - jepsen.util 0	:ok	:read	[14 1]
INFO [2016-12-14 14:51:25,558] jepsen worker 3 - jepsen.util 3	:invoke	:write	[19 2]
INFO [2016-12-14 14:51:25,571] jepsen worker 3 - jepsen.util 3	:ok	:write	[19 2]
INFO [2016-12-14 14:51:25,674] jepsen worker 4 - jepsen.util 4	:invoke	:write	[19 2]
INFO [2016-12-14 14:51:25,689] jepsen worker 4 - jepsen.util 4	:ok	:write	[19 2]
INFO [2016-12-14 14:51:25,924] jepsen worker 0 - jepsen.util 0	:invoke	:cas	[20 [2 1]]
INFO [2016-12-14 14:51:25,941] jepsen worker 0 - jepsen.util 0	:fail	:cas	[20 [2 1]]
INFO [2016-12-14 14:51:26,212] jepsen worker 2 - jepsen.util 2	:invoke	:write	[20 0]
INFO [2016-12-14 14:51:26,232] jepsen worker 2 - jepsen.util 2	:ok	:write	[20 0]
INFO [2016-12-14 14:51:26,544] jepsen worker 1 - jepsen.util 1	:invoke	:cas	[20 [0 1]]
INFO [2016-12-14 14:51:26,579] jepsen worker 1 - jepsen.util 1	:fail	:cas	[20 [0 1]]
INFO [2016-12-14 14:51:26,611] jepsen worker 3 - jepsen.util 3	:invoke	:read	[21 nil]
INFO [2016-12-14 14:51:26,612] clojure-agent-send-off-pool-19 - jepsen.zookeeper log from test [19 2]
INFO [2016-12-14 14:51:26,612] jepsen worker 3 - jepsen.util 3	:ok	:read	[19 2]
INFO [2016-12-14 14:51:26,697] jepsen worker 4 - jepsen.util 4	:invoke	:read	[21 nil]
INFO [2016-12-14 14:51:26,698] clojure-agent-send-off-pool-19 - jepsen.zookeeper log from test [19 2]
INFO [2016-12-14 14:51:26,698] jepsen worker 4 - jepsen.util 4	:ok	:read	[19 2]
INFO [2016-12-14 14:51:27,234] jepsen worker 0 - jepsen.util 0	:invoke	:read	[21 nil]
INFO [2016-12-14 14:51:27,235] clojure-agent-send-off-pool-19 - jepsen.zookeeper log from test [14 1]
INFO [2016-12-14 14:51:27,236] jepsen worker 0 - jepsen.util 0	:ok	:read	[14 1]
INFO [2016-12-14 14:51:27,448] jepsen worker 0 - jepsen.util 0	:invoke	:write	[22 0]
INFO [2016-12-14 14:51:27,460] jepsen worker 0 - jepsen.util 0	:ok	:write	[22 0]
INFO [2016-12-14 14:51:27,788] jepsen worker 0 - jepsen.util 0	:invoke	:read	[22 nil]
INFO [2016-12-14 14:51:27,789] clojure-agent-send-off-pool-14 - jepsen.zookeeper log from test [22 0]
INFO [2016-12-14 14:51:27,789] jepsen worker 0 - jepsen.util 0	:ok	:read	[22 0]
INFO [2016-12-14 14:51:27,824] jepsen worker 1 - jepsen.util 1	:invoke	:write	[21 0]
INFO [2016-12-14 14:51:27,834] jepsen worker 3 - jepsen.util 3	:invoke	:write	[22 1]
INFO [2016-12-14 14:51:27,836] jepsen worker 1 - jepsen.util 1	:ok	:write	[21 0]
INFO [2016-12-14 14:51:27,846] jepsen worker 3 - jepsen.util 3	:ok	:write	[22 1]
INFO [2016-12-14 14:51:28,038] jepsen worker 0 - jepsen.util 0	:invoke	:write	[22 1]
INFO [2016-12-14 14:51:28,051] jepsen worker 0 - jepsen.util 0	:ok	:write	[22 1]
INFO [2016-12-14 14:51:28,125] jepsen worker 4 - jepsen.util 4	:invoke	:cas	[22 [2 2]]
INFO [2016-12-14 14:51:28,136] jepsen worker 4 - jepsen.util 4	:fail	:cas	[22 [2 2]]
INFO [2016-12-14 14:51:28,149] jepsen worker 1 - jepsen.util 1	:invoke	:read	[23 nil]
INFO [2016-12-14 14:51:28,150] clojure-agent-send-off-pool-19 - jepsen.zookeeper log from test [21 0]
INFO [2016-12-14 14:51:28,150] jepsen worker 1 - jepsen.util 1	:ok	:read	[21 0]
INFO [2016-12-14 14:51:28,183] jepsen worker 2 - jepsen.util 2	:invoke	:cas	[21 [0 3]]
INFO [2016-12-14 14:51:28,201] jepsen worker 2 - jepsen.util 2	:fail	:cas	[21 [0 3]]
INFO [2016-12-14 14:51:28,944] jepsen worker 4 - jepsen.util 4	:invoke	:cas	[23 [0 2]]
INFO [2016-12-14 14:51:28,975] jepsen worker 4 - jepsen.util 4	:fail	:cas	[23 [0 2]]
INFO [2016-12-14 14:51:29,132] jepsen worker 2 - jepsen.util 2	:invoke	:read	[24 nil]
INFO [2016-12-14 14:51:29,133] clojure-agent-send-off-pool-19 - jepsen.zookeeper log from test [20 0]
INFO [2016-12-14 14:51:29,133] jepsen worker 2 - jepsen.util 2	:ok	:read	[20 0]
INFO [2016-12-14 14:51:29,149] jepsen worker 3 - jepsen.util 3	:invoke	:read	[23 nil]
INFO [2016-12-14 14:51:29,150] clojure-agent-send-off-pool-19 - jepsen.zookeeper log from test [22 1]
INFO [2016-12-14 14:51:29,150] jepsen worker 3 - jepsen.util 3	:ok	:read	[22 1]
INFO [2016-12-14 14:51:29,494] jepsen worker 4 - jepsen.util 4	:invoke	:cas	[24 [4 2]]
INFO [2016-12-14 14:51:29,507] jepsen worker 4 - jepsen.util 4	:fail	:cas	[24 [4 2]]
INFO [2016-12-14 14:51:29,688] jepsen worker 0 - jepsen.util 0	:invoke	:write	[23 3]
INFO [2016-12-14 14:51:29,710] jepsen worker 0 - jepsen.util 0	:ok	:write	[23 3]
INFO [2016-12-14 14:51:29,742] jepsen worker 3 - jepsen.util 3	:invoke	:cas	[24 [2 3]]
INFO [2016-12-14 14:51:29,768] jepsen worker 3 - jepsen.util 3	:fail	:cas	[24 [2 3]]
INFO [2016-12-14 14:51:29,925] jepsen worker 4 - jepsen.util 4	:invoke	:write	[24 4]
INFO [2016-12-14 14:51:29,940] jepsen worker 4 - jepsen.util 4	:ok	:write	[24 4]
INFO [2016-12-14 14:51:29,960] jepsen worker 1 - jepsen.util 1	:invoke	:write	[23 2]
INFO [2016-12-14 14:51:29,972] jepsen worker 1 - jepsen.util 1	:ok	:write	[23 2]
INFO [2016-12-14 14:51:30,199] jepsen nemesis - jepsen.util :nemesis	:info	:start	nil
INFO [2016-12-14 14:51:30,318] jepsen worker 3 - jepsen.util 3	:invoke	:cas	[25 [3 2]]
INFO [2016-12-14 14:51:30,332] jepsen worker 3 - jepsen.util 3	:fail	:cas	[25 [3 2]]
INFO [2016-12-14 14:51:30,533] jepsen worker 3 - jepsen.util 3	:invoke	:read	[25 nil]
INFO [2016-12-14 14:51:30,534] clojure-agent-send-off-pool-4 - jepsen.zookeeper log from test [22 1]
INFO [2016-12-14 14:51:30,534] jepsen worker 3 - jepsen.util 3	:ok	:read	[22 1]
INFO [2016-12-14 14:51:30,954] jepsen worker 2 - jepsen.util 2	:invoke	:read	[24 nil]
INFO [2016-12-14 14:51:30,954] clojure-agent-send-off-pool-6 - jepsen.zookeeper log from test [20 0]
INFO [2016-12-14 14:51:30,954] jepsen worker 2 - jepsen.util 2	:ok	:read	[20 0]
INFO [2016-12-14 14:51:31,067] jepsen worker 4 - jepsen.util 4	:invoke	:cas	[25 [3 2]]
INFO [2016-12-14 14:51:31,079] jepsen worker 4 - jepsen.util 4	:fail	:cas	[25 [3 2]]
INFO [2016-12-14 14:51:31,182] jepsen worker 0 - jepsen.util 0	:invoke	:write	[25 0]
INFO [2016-12-14 14:51:31,221] jepsen worker 0 - jepsen.util 0	:ok	:write	[25 0]
INFO [2016-12-14 14:51:31,270] jepsen nemesis - jepsen.util :nemesis	:info	:start	"Cut off {\"w4\" #{\"w5\" \"w2\" \"w3\"}, \"w1\" #{\"w5\" \"w2\" \"w3\"}, \"w5\" #{\"w4\" \"w1\"}, \"w2\" #{\"w4\" \"w1\"}, \"w3\" #{\"w4\" \"w1\"}}"
INFO [2016-12-14 14:51:31,808] jepsen worker 1 - jepsen.util 1	:invoke	:read	[25 nil]
INFO [2016-12-14 14:51:31,809] clojure-agent-send-off-pool-19 - jepsen.zookeeper log from test [23 2]
INFO [2016-12-14 14:51:31,809] jepsen worker 1 - jepsen.util 1	:ok	:read	[23 2]
INFO [2016-12-14 14:51:32,299] jepsen worker 3 - jepsen.util 3	:invoke	:cas	[26 [2 4]]
INFO [2016-12-14 14:51:32,315] jepsen worker 3 - jepsen.util 3	:fail	:cas	[26 [2 4]]
INFO [2016-12-14 14:51:32,371] jepsen worker 0 - jepsen.util 0	:invoke	:cas	[26 [2 4]]
INFO [2016-12-14 14:51:32,385] jepsen worker 0 - jepsen.util 0	:fail	:cas	[26 [2 4]]
INFO [2016-12-14 14:51:32,493] jepsen worker 4 - jepsen.util 4	:invoke	:write	[26 1]
INFO [2016-12-14 14:51:32,509] jepsen worker 4 - jepsen.util 4	:ok	:write	[26 1]
INFO [2016-12-14 14:51:32,733] jepsen worker 3 - jepsen.util 3	:invoke	:write	[27 0]
INFO [2016-12-14 14:51:32,745] jepsen worker 3 - jepsen.util 3	:ok	:write	[27 0]
INFO [2016-12-14 14:51:32,783] jepsen worker 2 - jepsen.util 2	:invoke	:read	[26 nil]
INFO [2016-12-14 14:51:32,783] clojure-agent-send-off-pool-19 - jepsen.zookeeper log from test [20 0]
INFO [2016-12-14 14:51:32,784] jepsen worker 2 - jepsen.util 2	:ok	:read	[20 0]
INFO [2016-12-14 14:51:33,273] jepsen worker 0 - jepsen.util 0	:invoke	:cas	[27 [1 2]]
INFO [2016-12-14 14:51:33,279] jepsen worker 4 - jepsen.util 4	:invoke	:write	[27 1]
INFO [2016-12-14 14:51:33,286] jepsen worker 0 - jepsen.util 0	:fail	:cas	[27 [1 2]]
INFO [2016-12-14 14:51:33,290] jepsen worker 4 - jepsen.util 4	:ok	:write	[27 1]
INFO [2016-12-14 14:51:33,690] jepsen worker 1 - jepsen.util 1	:invoke	:write	[26 0]
INFO [2016-12-14 14:51:33,704] jepsen worker 1 - jepsen.util 1	:ok	:write	[26 0]
INFO [2016-12-14 14:51:33,787] jepsen worker 3 - jepsen.util 3	:invoke	:cas	[27 [0 2]]
INFO [2016-12-14 14:51:33,801] jepsen worker 3 - jepsen.util 3	:fail	:cas	[27 [0 2]]
INFO [2016-12-14 14:51:33,881] jepsen worker 1 - jepsen.util 1	:invoke	:read	[28 nil]
INFO [2016-12-14 14:51:33,882] clojure-agent-send-off-pool-14 - jepsen.zookeeper log from test [26 0]
INFO [2016-12-14 14:51:33,882] jepsen worker 1 - jepsen.util 1	:ok	:read	[26 0]
INFO [2016-12-14 14:51:33,983] jepsen worker 2 - jepsen.util 2	:invoke	:cas	[27 [0 2]]
INFO [2016-12-14 14:51:33,997] jepsen worker 2 - jepsen.util 2	:fail	:cas	[27 [0 2]]
INFO [2016-12-14 14:51:34,496] jepsen worker 4 - jepsen.util 4	:invoke	:read	[28 nil]
INFO [2016-12-14 14:51:34,497] clojure-agent-send-off-pool-11 - jepsen.zookeeper log from test [27 1]
INFO [2016-12-14 14:51:34,498] jepsen worker 4 - jepsen.util 4	:ok	:read	[27 1]
INFO [2016-12-14 14:51:35,075] jepsen worker 0 - jepsen.util 0	:invoke	:cas	[28 [3 1]]
INFO [2016-12-14 14:51:35,087] jepsen worker 0 - jepsen.util 0	:fail	:cas	[28 [3 1]]
INFO [2016-12-14 14:51:35,175] jepsen worker 3 - jepsen.util 3	:invoke	:write	[28 0]
INFO [2016-12-14 14:51:35,186] jepsen worker 3 - jepsen.util 3	:ok	:write	[28 0]
INFO [2016-12-14 14:51:35,707] jepsen worker 2 - jepsen.util 2	:invoke	:read	[29 nil]
INFO [2016-12-14 14:51:35,708] clojure-agent-send-off-pool-11 - jepsen.zookeeper log from test [20 0]
INFO [2016-12-14 14:51:35,708] jepsen worker 2 - jepsen.util 2	:ok	:read	[20 0]
INFO [2016-12-14 14:51:35,820] jepsen worker 1 - jepsen.util 1	:invoke	:write	[28 2]
INFO [2016-12-14 14:51:35,831] jepsen worker 1 - jepsen.util 1	:ok	:write	[28 2]
INFO [2016-12-14 14:51:36,013] jepsen worker 4 - jepsen.util 4	:invoke	:read	[29 nil]
INFO [2016-12-14 14:51:36,013] clojure-agent-send-off-pool-14 - jepsen.zookeeper log from test [27 1]
INFO [2016-12-14 14:51:36,013] jepsen worker 4 - jepsen.util 4	:ok	:read	[27 1]
INFO [2016-12-14 14:51:36,167] jepsen worker 4 - jepsen.util 4	:invoke	:read	[30 nil]
INFO [2016-12-14 14:51:36,168] clojure-agent-send-off-pool-14 - jepsen.zookeeper log from test [27 1]
INFO [2016-12-14 14:51:36,168] jepsen worker 4 - jepsen.util 4	:ok	:read	[27 1]
INFO [2016-12-14 14:51:36,270] jepsen nemesis - jepsen.util :nemesis	:info	:stop	nil
INFO [2016-12-14 14:51:36,410] jepsen worker 3 - jepsen.util 3	:invoke	:cas	[29 [1 1]]
INFO [2016-12-14 14:51:36,421] jepsen worker 3 - jepsen.util 3	:fail	:cas	[29 [1 1]]
INFO [2016-12-14 14:51:36,473] jepsen nemesis - jepsen.util :nemesis	:info	:stop	"fully connected"
INFO [2016-12-14 14:51:36,889] jepsen worker 0 - jepsen.util 0	:invoke	:cas	[29 [2 4]]
INFO [2016-12-14 14:51:36,905] jepsen worker 0 - jepsen.util 0	:fail	:cas	[29 [2 4]]
INFO [2016-12-14 14:51:37,205] jepsen worker 2 - jepsen.util 2	:invoke	:write	[29 0]
INFO [2016-12-14 14:51:37,220] jepsen worker 2 - jepsen.util 2	:ok	:write	[29 0]
INFO [2016-12-14 14:51:37,242] jepsen worker 2 - jepsen.util 2	:invoke	:read	[31 nil]
INFO [2016-12-14 14:51:37,243] clojure-agent-send-off-pool-19 - jepsen.zookeeper log from test [29 0]
INFO [2016-12-14 14:51:37,243] jepsen worker 2 - jepsen.util 2	:ok	:read	[29 0]
INFO [2016-12-14 14:51:37,594] jepsen worker 1 - jepsen.util 1	:invoke	:cas	[30 [1 1]]
INFO [2016-12-14 14:51:37,605] jepsen worker 1 - jepsen.util 1	:fail	:cas	[30 [1 1]]
INFO [2016-12-14 14:51:37,739] jepsen worker 1 - jepsen.util 1	:invoke	:write	[31 4]
INFO [2016-12-14 14:51:37,753] jepsen worker 1 - jepsen.util 1	:ok	:write	[31 4]
INFO [2016-12-14 14:51:37,858] jepsen worker 4 - jepsen.util 4	:invoke	:cas	[30 [1 1]]
INFO [2016-12-14 14:51:37,870] jepsen worker 4 - jepsen.util 4	:fail	:cas	[30 [1 1]]
INFO [2016-12-14 14:51:38,086] jepsen worker 3 - jepsen.util 3	:invoke	:cas	[30 [2 3]]
INFO [2016-12-14 14:51:38,099] jepsen worker 3 - jepsen.util 3	:fail	:cas	[30 [2 3]]
INFO [2016-12-14 14:51:38,335] jepsen worker 4 - jepsen.util 4	:invoke	:write	[31 4]
INFO [2016-12-14 14:51:38,350] jepsen worker 4 - jepsen.util 4	:ok	:write	[31 4]
INFO [2016-12-14 14:51:38,398] jepsen worker 2 - jepsen.util 2	:invoke	:read	[31 nil]
INFO [2016-12-14 14:51:38,398] clojure-agent-send-off-pool-14 - jepsen.zookeeper log from test [29 0]
INFO [2016-12-14 14:51:38,398] jepsen worker 2 - jepsen.util 2	:ok	:read	[29 0]
INFO [2016-12-14 14:51:38,447] jepsen worker 2 - jepsen.util 2	:invoke	:write	[32 3]
INFO [2016-12-14 14:51:38,459] jepsen worker 2 - jepsen.util 2	:ok	:write	[32 3]
INFO [2016-12-14 14:51:38,543] jepsen worker 2 - jepsen.util 2	:invoke	:cas	[32 [1 3]]
INFO [2016-12-14 14:51:38,559] jepsen worker 2 - jepsen.util 2	:fail	:cas	[32 [1 3]]
INFO [2016-12-14 14:51:38,671] jepsen worker 0 - jepsen.util 0	:invoke	:write	[30 2]
INFO [2016-12-14 14:51:38,681] jepsen worker 0 - jepsen.util 0	:ok	:write	[30 2]
INFO [2016-12-14 14:51:38,885] jepsen worker 2 - jepsen.util 2	:invoke	:write	[32 1]
INFO [2016-12-14 14:51:38,897] jepsen worker 2 - jepsen.util 2	:ok	:write	[32 1]
INFO [2016-12-14 14:51:39,013] jepsen worker 4 - jepsen.util 4	:invoke	:cas	[32 [0 2]]
INFO [2016-12-14 14:51:39,025] jepsen worker 4 - jepsen.util 4	:fail	:cas	[32 [0 2]]
INFO [2016-12-14 14:51:39,079] jepsen worker 4 - jepsen.util 4	:invoke	:read	[33 nil]
INFO [2016-12-14 14:51:39,080] clojure-agent-send-off-pool-19 - jepsen.zookeeper log from test [31 4]
INFO [2016-12-14 14:51:39,080] jepsen worker 4 - jepsen.util 4	:ok	:read	[31 4]
INFO [2016-12-14 14:51:39,630] jepsen worker 0 - jepsen.util 0	:invoke	:cas	[33 [3 0]]
INFO [2016-12-14 14:51:39,642] jepsen worker 0 - jepsen.util 0	:fail	:cas	[33 [3 0]]
INFO [2016-12-14 14:51:39,698] jepsen worker 1 - jepsen.util 1	:invoke	:write	[31 0]
INFO [2016-12-14 14:51:39,710] jepsen worker 1 - jepsen.util 1	:ok	:write	[31 0]
INFO [2016-12-14 14:51:39,811] jepsen worker 3 - jepsen.util 3	:invoke	:write	[32 2]
INFO [2016-12-14 14:51:39,822] jepsen worker 3 - jepsen.util 3	:ok	:write	[32 2]
INFO [2016-12-14 14:51:40,017] jepsen worker 3 - jepsen.util 3	:invoke	:read	[34 nil]
INFO [2016-12-14 14:51:40,018] clojure-agent-send-off-pool-14 - jepsen.zookeeper log from test [32 2]
INFO [2016-12-14 14:51:40,018] jepsen worker 3 - jepsen.util 3	:ok	:read	[32 2]
INFO [2016-12-14 14:51:40,335] jepsen worker 2 - jepsen.util 2	:invoke	:write	[33 2]
INFO [2016-12-14 14:51:40,347] jepsen worker 2 - jepsen.util 2	:ok	:write	[33 2]
INFO [2016-12-14 14:51:41,072] jepsen worker 4 - jepsen.util 4	:invoke	:read	[33 nil]
INFO [2016-12-14 14:51:41,072] clojure-agent-send-off-pool-19 - jepsen.zookeeper log from test [31 4]
INFO [2016-12-14 14:51:41,072] jepsen worker 4 - jepsen.util 4	:ok	:read	[31 4]
INFO [2016-12-14 14:51:41,183] jepsen worker 0 - jepsen.util 0	:invoke	:cas	[33 [3 3]]
INFO [2016-12-14 14:51:41,197] jepsen worker 0 - jepsen.util 0	:fail	:cas	[33 [3 3]]
INFO [2016-12-14 14:51:41,344] jepsen worker 3 - jepsen.util 3	:invoke	:write	[34 0]
INFO [2016-12-14 14:51:41,376] jepsen worker 3 - jepsen.util 3	:ok	:write	[34 0]
INFO [2016-12-14 14:51:41,473] jepsen nemesis - jepsen.util :nemesis	:info	:start	nil
INFO [2016-12-14 14:51:41,508] jepsen worker 2 - jepsen.util 2	:invoke	:cas	[34 [1 3]]
INFO [2016-12-14 14:51:41,559] jepsen worker 1 - jepsen.util 1	:invoke	:read	[34 nil]
INFO [2016-12-14 14:51:41,560] clojure-agent-send-off-pool-25 - jepsen.zookeeper log from test [31 0]
INFO [2016-12-14 14:51:41,560] jepsen worker 1 - jepsen.util 1	:ok	:read	[31 0]
INFO [2016-12-14 14:51:41,565] jepsen worker 2 - jepsen.util 2	:fail	:cas	[34 [1 3]]
INFO [2016-12-14 14:51:41,952] jepsen worker 1 - jepsen.util 1	:invoke	:write	[35 0]
INFO [2016-12-14 14:51:41,963] jepsen worker 1 - jepsen.util 1	:ok	:write	[35 0]
INFO [2016-12-14 14:51:42,388] jepsen worker 4 - jepsen.util 4	:invoke	:read	[34 nil]
INFO [2016-12-14 14:51:42,389] clojure-agent-send-off-pool-11 - jepsen.zookeeper log from test [31 4]
INFO [2016-12-14 14:51:42,389] jepsen worker 4 - jepsen.util 4	:ok	:read	[31 4]
INFO [2016-12-14 14:51:42,433] jepsen worker 4 - jepsen.util 4	:invoke	:read	[36 nil]
INFO [2016-12-14 14:51:42,433] clojure-agent-send-off-pool-17 - jepsen.zookeeper log from test [31 4]
INFO [2016-12-14 14:51:42,433] jepsen worker 4 - jepsen.util 4	:ok	:read	[31 4]
INFO [2016-12-14 14:51:42,510] jepsen worker 3 - jepsen.util 3	:invoke	:cas	[35 [4 2]]
INFO [2016-12-14 14:51:42,522] jepsen worker 3 - jepsen.util 3	:fail	:cas	[35 [4 2]]
INFO [2016-12-14 14:51:42,536] jepsen nemesis - jepsen.util :nemesis	:info	:start	"Cut off {\"w5\" #{\"w4\" \"w3\" \"w1\"}, \"w2\" #{\"w4\" \"w3\" \"w1\"}, \"w4\" #{\"w5\" \"w2\"}, \"w3\" #{\"w5\" \"w2\"}, \"w1\" #{\"w5\" \"w2\"}}"
INFO [2016-12-14 14:51:42,897] jepsen worker 1 - jepsen.util 1	:invoke	:read	[35 nil]
INFO [2016-12-14 14:51:42,898] clojure-agent-send-off-pool-14 - jepsen.zookeeper log from test [35 0]
INFO [2016-12-14 14:51:42,898] jepsen worker 1 - jepsen.util 1	:ok	:read	[35 0]
INFO [2016-12-14 14:51:42,898] jepsen worker 1 - jepsen.core Worker 1 done
INFO [2016-12-14 14:51:43,081] jepsen worker 4 - jepsen.util 4	:invoke	:read	[36 nil]
INFO [2016-12-14 14:51:43,082] clojure-agent-send-off-pool-8 - jepsen.zookeeper log from test [31 4]
INFO [2016-12-14 14:51:43,082] jepsen worker 4 - jepsen.util 4	:ok	:read	[31 4]
INFO [2016-12-14 14:51:43,082] jepsen worker 4 - jepsen.core Worker 4 done
INFO [2016-12-14 14:51:43,152] jepsen worker 0 - jepsen.util 0	:invoke	:read	[35 nil]
INFO [2016-12-14 14:51:43,153] clojure-agent-send-off-pool-9 - jepsen.zookeeper log from test [30 2]
INFO [2016-12-14 14:51:43,153] jepsen worker 0 - jepsen.util 0	:ok	:read	[30 2]
INFO [2016-12-14 14:51:43,153] jepsen worker 0 - jepsen.core Worker 0 done
INFO [2016-12-14 14:51:43,172] jepsen worker 3 - jepsen.util 3	:invoke	:read	[36 nil]
INFO [2016-12-14 14:51:43,173] jepsen worker 2 - jepsen.util 2	:invoke	:read	[35 nil]
INFO [2016-12-14 14:51:43,173] clojure-agent-send-off-pool-5 - jepsen.zookeeper log from test [34 0]
INFO [2016-12-14 14:51:43,173] jepsen worker 3 - jepsen.util 3	:ok	:read	[34 0]
INFO [2016-12-14 14:51:43,173] jepsen worker 3 - jepsen.core Worker 3 done
INFO [2016-12-14 14:51:43,174] clojure-agent-send-off-pool-9 - jepsen.zookeeper log from test [33 2]
INFO [2016-12-14 14:51:43,174] jepsen worker 2 - jepsen.util 2	:ok	:read	[33 2]
INFO [2016-12-14 14:51:43,174] jepsen worker 2 - jepsen.core Worker 2 done
INFO [2016-12-14 14:51:43,174] jepsen test runner - jepsen.core Waiting for nemesis to complete
INFO [2016-12-14 14:51:47,536] jepsen nemesis - jepsen.util :nemesis	:info	:stop	nil
INFO [2016-12-14 14:51:47,739] jepsen nemesis - jepsen.util :nemesis	:info	:stop	"fully connected"
INFO [2016-12-14 14:51:47,739] jepsen nemesis - jepsen.core nemesis done
INFO [2016-12-14 14:51:47,739] jepsen test runner - jepsen.core nemesis done.
INFO [2016-12-14 14:51:47,739] jepsen test runner - jepsen.core Tearing down nemesis
INFO [2016-12-14 14:51:47,941] jepsen test runner - jepsen.core Nemesis torn down
INFO [2016-12-14 14:51:47,945] clojure-agent-send-off-pool-9 - org.apache.zookeeper.ZooKeeper Session: 0x158fdd094300000 closed
INFO [2016-12-14 14:51:47,945] clojure-agent-send-off-pool-4-EventThread - org.apache.zookeeper.ClientCnxn EventThread shut down
INFO [2016-12-14 14:51:47,945] clojure-agent-send-off-pool-8 - org.apache.zookeeper.ZooKeeper Session: 0x158fdd09e4d0000 closed
INFO [2016-12-14 14:51:47,945] clojure-agent-send-off-pool-7 - org.apache.zookeeper.ZooKeeper Session: 0x158fdd09f6a0000 closed
INFO [2016-12-14 14:51:47,945] clojure-agent-send-off-pool-3 - org.apache.zookeeper.ZooKeeper Session: 0x158fdd0a01f0000 closed
INFO [2016-12-14 14:51:47,945] clojure-agent-send-off-pool-2-EventThread - org.apache.zookeeper.ClientCnxn EventThread shut down
INFO [2016-12-14 14:51:47,945] clojure-agent-send-off-pool-0-EventThread - org.apache.zookeeper.ClientCnxn EventThread shut down
INFO [2016-12-14 14:51:47,945] clojure-agent-send-off-pool-1-EventThread - org.apache.zookeeper.ClientCnxn EventThread shut down
INFO [2016-12-14 14:51:47,945] clojure-agent-send-off-pool-2 - org.apache.zookeeper.ZooKeeper Session: 0x158fdd0a0bb0000 closed
INFO [2016-12-14 14:51:47,945] clojure-agent-send-off-pool-3-EventThread - org.apache.zookeeper.ClientCnxn EventThread shut down
INFO [2016-12-14 14:51:47,946] jepsen test runner - jepsen.core Snarfing log files
INFO [2016-12-14 14:51:47,949] jepsen node w2 - jepsen.core downloading /var/log/zookeeper/zookeeper.log to zookeeper.log
INFO [2016-12-14 14:51:47,949] jepsen node w5 - jepsen.core downloading /var/log/zookeeper/zookeeper.log to zookeeper.log
INFO [2016-12-14 14:51:47,949] jepsen node w3 - jepsen.core downloading /var/log/zookeeper/zookeeper.log to zookeeper.log
INFO [2016-12-14 14:51:47,949] jepsen node w4 - jepsen.core downloading /var/log/zookeeper/zookeeper.log to zookeeper.log
INFO [2016-12-14 14:51:47,949] jepsen node w1 - jepsen.core downloading /var/log/zookeeper/zookeeper.log to zookeeper.log
INFO [2016-12-14 14:51:47,967] jepsen test runner - jepsen.core Run complete, writing
INFO [2016-12-14 14:51:48,009] jepsen node w1 - jepsen.zookeeper w1 tearing down ZK
INFO [2016-12-14 14:51:48,009] jepsen node w4 - jepsen.zookeeper w4 tearing down ZK
INFO [2016-12-14 14:51:48,009] jepsen node w5 - jepsen.zookeeper w5 tearing down ZK
INFO [2016-12-14 14:51:48,009] jepsen node w3 - jepsen.zookeeper w3 tearing down ZK
INFO [2016-12-14 14:51:48,009] jepsen node w2 - jepsen.zookeeper w2 tearing down ZK
INFO [2016-12-14 14:51:48,613] jepsen test runner - jepsen.core Analyzing
INFO [2016-12-14 14:51:49,925] jepsen test runner - jepsen.core Analysis complete
INFO [2016-12-14 14:51:49,981] jepsen results - jepsen.store Wrote /home/admin/jepsen.zookeeper/store/zookeeper/20161214T145054.000Z/results.edn
INFO [2016-12-14 14:51:50,034] main - jepsen.core {:linear
 {:valid? false,
  :configs
  ({:model {:value [0 3]},
    :last-op
    {:type :ok,
     :f :write,
     :value [0 3],
     :process 4,
     :time 1455277289,
     :index 3},
    :pending
    [{:type :invoke,
      :f :read,
      :value 0,
      :process 1,
      :time 1866767568,
      :index 4}]}),
  :final-paths
  ([{:op
     {:type :ok,
      :f :write,
      :value [0 3],
      :process 4,
      :time 1455277289,
      :index 3},
     :model {:value [0 3]}}
    {:op
     {:type :ok,
      :f :read,
      :value 0,
      :process 1,
      :time 1870557345,
      :index 5},
     :model {:msg "can't read 0 from register [0 3]"}}]),
  :previous-ok
  {:type :ok,
   :f :write,
   :value [0 3],
   :process 4,
   :time 1455277289,
   :index 3},
  :last-op
  {:type :ok,
   :f :write,
   :value [0 3],
   :process 4,
   :time 1455277289,
   :index 3},
  :op
  {:type :ok,
   :f :read,
   :value 0,
   :process 1,
   :time 1870557345,
   :index 5}},
 :html {:valid? true},
 :perf
 {:latency-graph {:valid? true},
  :rate-graph {:valid? true},
  :valid? true},
 :valid? false}


Analysis invalid! ( 
