2016-12-13 15:43:33,459{GMT}	INFO	[jepsen node w3] jepsen.os.debian: w3 setting up debian
2016-12-13 15:43:33,459{GMT}	INFO	[jepsen node w5] jepsen.os.debian: w5 setting up debian
2016-12-13 15:43:33,459{GMT}	INFO	[jepsen node w1] jepsen.os.debian: w1 setting up debian
2016-12-13 15:43:33,460{GMT}	INFO	[jepsen node w4] jepsen.os.debian: w4 setting up debian
2016-12-13 15:43:33,460{GMT}	INFO	[jepsen node w2] jepsen.os.debian: w2 setting up debian
2016-12-13 15:43:34,179{GMT}	INFO	[jepsen node w3] jepsen.zookeeper: w3 tearing down ZK
2016-12-13 15:43:34,179{GMT}	INFO	[jepsen node w5] jepsen.zookeeper: w5 tearing down ZK
2016-12-13 15:43:34,179{GMT}	INFO	[jepsen node w4] jepsen.zookeeper: w4 tearing down ZK
2016-12-13 15:43:34,180{GMT}	INFO	[jepsen node w1] jepsen.zookeeper: w1 tearing down ZK
2016-12-13 15:43:34,180{GMT}	INFO	[jepsen node w2] jepsen.zookeeper: w2 tearing down ZK
2016-12-13 15:43:34,240{GMT}	WARN	[jepsen node w2] jepsen.control: Encountered error with conn [:control "w2"]; reopening
2016-12-13 15:43:34,383{GMT}	INFO	[jepsen node w1] jepsen.zookeeper: Setting up ZK on  w1
2016-12-13 15:43:34,383{GMT}	INFO	[jepsen node w3] jepsen.zookeeper: Setting up ZK on  w3
2016-12-13 15:43:34,383{GMT}	INFO	[jepsen node w1] jepsen.zookeeper: w1 Installing ZK 3.4.5+dfsg-2
2016-12-13 15:43:34,383{GMT}	INFO	[jepsen node w4] jepsen.zookeeper: Setting up ZK on  w4
2016-12-13 15:43:34,383{GMT}	INFO	[jepsen node w3] jepsen.zookeeper: w3 Installing ZK 3.4.5+dfsg-2
2016-12-13 15:43:34,383{GMT}	INFO	[jepsen node w4] jepsen.zookeeper: w4 Installing ZK 3.4.5+dfsg-2
2016-12-13 15:43:34,385{GMT}	INFO	[jepsen node w5] jepsen.zookeeper: Setting up ZK on  w5
2016-12-13 15:43:34,385{GMT}	INFO	[jepsen node w5] jepsen.zookeeper: w5 Installing ZK 3.4.5+dfsg-2
2016-12-13 15:43:34,690{GMT}	INFO	[jepsen node w1] jepsen.zookeeper: w1 id is 0
2016-12-13 15:43:34,690{GMT}	INFO	[jepsen node w4] jepsen.zookeeper: w4 id is 3
2016-12-13 15:43:34,690{GMT}	INFO	[jepsen node w3] jepsen.zookeeper: w3 id is 2
2016-12-13 15:43:34,690{GMT}	INFO	[jepsen node w5] jepsen.zookeeper: w5 id is 4
2016-12-13 15:43:34,895{GMT}	INFO	[jepsen node w4] jepsen.zookeeper: w4 ZK restarting
2016-12-13 15:43:34,896{GMT}	INFO	[jepsen node w3] jepsen.zookeeper: w3 ZK restarting
2016-12-13 15:43:34,896{GMT}	INFO	[jepsen node w1] jepsen.zookeeper: w1 ZK restarting
2016-12-13 15:43:34,897{GMT}	INFO	[jepsen node w5] jepsen.zookeeper: w5 ZK restarting
2016-12-13 15:43:34,997{GMT}	INFO	[jepsen node w3] jepsen.zookeeper: w3 ZK ready
2016-12-13 15:43:34,997{GMT}	INFO	[jepsen node w4] jepsen.zookeeper: w4 ZK ready
2016-12-13 15:43:34,998{GMT}	INFO	[jepsen node w5] jepsen.zookeeper: w5 ZK ready
2016-12-13 15:43:34,998{GMT}	INFO	[jepsen node w1] jepsen.zookeeper: w1 ZK ready
2016-12-13 15:43:35,562{GMT}	INFO	[jepsen node w2] jepsen.zookeeper: Setting up ZK on  w2
2016-12-13 15:43:35,562{GMT}	INFO	[jepsen node w2] jepsen.zookeeper: w2 Installing ZK 3.4.5+dfsg-2
2016-12-13 15:43:35,866{GMT}	INFO	[jepsen node w2] jepsen.zookeeper: w2 id is 1
2016-12-13 15:43:36,069{GMT}	INFO	[jepsen node w2] jepsen.zookeeper: w2 ZK restarting
2016-12-13 15:43:36,170{GMT}	INFO	[jepsen node w2] jepsen.zookeeper: w2 ZK ready
2016-12-13 15:43:36,176{GMT}	INFO	[clojure-agent-send-off-pool-3] org.apache.zookeeper.ZooKeeper: Initiating client connection, connectString=w3 sessionTimeout=5000 watcher=zookeeper.internal$make_watcher$reify__762@175901dd
2016-12-13 15:43:36,176{GMT}	INFO	[clojure-agent-send-off-pool-0] org.apache.zookeeper.ZooKeeper: Initiating client connection, connectString=w1 sessionTimeout=5000 watcher=zookeeper.internal$make_watcher$reify__762@50b24ca
2016-12-13 15:43:36,176{GMT}	INFO	[clojure-agent-send-off-pool-2] org.apache.zookeeper.ZooKeeper: Initiating client connection, connectString=w2 sessionTimeout=5000 watcher=zookeeper.internal$make_watcher$reify__762@fbd58f9
2016-12-13 15:43:36,176{GMT}	INFO	[clojure-agent-send-off-pool-1] org.apache.zookeeper.ZooKeeper: Initiating client connection, connectString=w5 sessionTimeout=5000 watcher=zookeeper.internal$make_watcher$reify__762@9fa70ec
2016-12-13 15:43:36,176{GMT}	INFO	[clojure-agent-send-off-pool-4] org.apache.zookeeper.ZooKeeper: Initiating client connection, connectString=w4 sessionTimeout=5000 watcher=zookeeper.internal$make_watcher$reify__762@64a3488d
2016-12-13 15:43:36,244{GMT}	INFO	[clojure-agent-send-off-pool-0-SendThread()] org.apache.zookeeper.ClientCnxn: Opening socket connection to server /192.168.32.101:2181
2016-12-13 15:43:36,244{GMT}	INFO	[clojure-agent-send-off-pool-1-SendThread()] org.apache.zookeeper.ClientCnxn: Opening socket connection to server /192.168.32.105:2181
2016-12-13 15:43:36,244{GMT}	INFO	[clojure-agent-send-off-pool-4-SendThread()] org.apache.zookeeper.ClientCnxn: Opening socket connection to server /192.168.32.104:2181
2016-12-13 15:43:36,247{GMT}	INFO	[clojure-agent-send-off-pool-2-SendThread()] org.apache.zookeeper.ClientCnxn: Opening socket connection to server /192.168.32.102:2181
2016-12-13 15:43:36,247{GMT}	INFO	[clojure-agent-send-off-pool-3-SendThread()] org.apache.zookeeper.ClientCnxn: Opening socket connection to server /192.168.32.103:2181
2016-12-13 15:43:36,275{GMT}	INFO	[clojure-agent-send-off-pool-4-SendThread(w4:2181)] org.apache.zookeeper.ClientCnxn: Socket connection established to w4/192.168.32.104:2181, initiating session
2016-12-13 15:43:36,275{GMT}	INFO	[clojure-agent-send-off-pool-3-SendThread(w3:2181)] org.apache.zookeeper.ClientCnxn: Socket connection established to w3/192.168.32.103:2181, initiating session
2016-12-13 15:43:36,275{GMT}	INFO	[clojure-agent-send-off-pool-1-SendThread(w5:2181)] org.apache.zookeeper.ClientCnxn: Socket connection established to w5/192.168.32.105:2181, initiating session
2016-12-13 15:43:36,277{GMT}	INFO	[clojure-agent-send-off-pool-0-SendThread(w1:2181)] org.apache.zookeeper.ClientCnxn: Socket connection established to w1/192.168.32.101:2181, initiating session
2016-12-13 15:43:36,290{GMT}	WARN	[clojure-agent-send-off-pool-2-SendThread(w2:2181)] org.apache.zookeeper.ClientCnxn: Session 0x0 for server null, unexpected error, closing socket connection and attempting reconnect
java.net.ConnectException: Connection refused
	at sun.nio.ch.SocketChannelImpl.checkConnect(Native Method) ~[na:1.8.0_111]
	at sun.nio.ch.SocketChannelImpl.finishConnect(SocketChannelImpl.java:717) ~[na:1.8.0_111]
	at org.apache.zookeeper.ClientCnxnSocketNIO.doTransport(ClientCnxnSocketNIO.java:286) ~[zookeeper-3.4.0.jar:3.4.0-1202560]
	at org.apache.zookeeper.ClientCnxn$SendThread.run(ClientCnxn.java:1041) ~[zookeeper-3.4.0.jar:3.4.0-1202560]
2016-12-13 15:43:36,585{GMT}	INFO	[clojure-agent-send-off-pool-3-SendThread(w3:2181)] org.apache.zookeeper.ClientCnxn: Session establishment complete on server w3/192.168.32.103:2181, sessionid = 0x158f8da73900000, negotiated timeout = 5000
2016-12-13 15:43:36,588{GMT}	INFO	[clojure-agent-send-off-pool-0-SendThread(w1:2181)] org.apache.zookeeper.ClientCnxn: Session establishment complete on server w1/192.168.32.101:2181, sessionid = 0x158f8da70e50000, negotiated timeout = 5000
2016-12-13 15:43:36,686{GMT}	INFO	[clojure-agent-send-off-pool-4-SendThread(w4:2181)] org.apache.zookeeper.ClientCnxn: Session establishment complete on server w4/192.168.32.104:2181, sessionid = 0x158f8da71080000, negotiated timeout = 5000
2016-12-13 15:43:36,729{GMT}	INFO	[clojure-agent-send-off-pool-1-SendThread(w5:2181)] org.apache.zookeeper.ClientCnxn: Session establishment complete on server w5/192.168.32.105:2181, sessionid = 0x158f8da71d90000, negotiated timeout = 5000
2016-12-13 15:43:37,401{GMT}	INFO	[clojure-agent-send-off-pool-2-SendThread(w2:2181)] org.apache.zookeeper.ClientCnxn: Opening socket connection to server w2/192.168.32.102:2181
2016-12-13 15:43:37,402{GMT}	INFO	[clojure-agent-send-off-pool-2-SendThread(w2:2181)] org.apache.zookeeper.ClientCnxn: Socket connection established to w2/192.168.32.102:2181, initiating session
2016-12-13 15:43:37,970{GMT}	INFO	[clojure-agent-send-off-pool-2-SendThread(w2:2181)] org.apache.zookeeper.ClientCnxn: Session establishment complete on server w2/192.168.32.102:2181, sessionid = 0x158f8da75cd0000, negotiated timeout = 5000
2016-12-13 15:43:38,091{GMT}	INFO	[jepsen nemesis] jepsen.core: Nemesis starting
2016-12-13 15:43:38,092{GMT}	INFO	[jepsen nemesis] jepsen.core: nemesis done
2016-12-13 15:43:38,093{GMT}	INFO	[jepsen worker 3] jepsen.core: Worker 3 starting
2016-12-13 15:43:38,093{GMT}	INFO	[jepsen worker 4] jepsen.core: Worker 4 starting
2016-12-13 15:43:38,093{GMT}	INFO	[jepsen worker 2] jepsen.core: Worker 2 starting
2016-12-13 15:43:38,093{GMT}	INFO	[jepsen worker 0] jepsen.core: Worker 0 starting
2016-12-13 15:43:38,093{GMT}	INFO	[jepsen worker 1] jepsen.core: Worker 1 starting
2016-12-13 15:43:38,093{GMT}	INFO	[jepsen worker 3] jepsen.core: Worker 3 done
2016-12-13 15:43:38,093{GMT}	INFO	[jepsen worker 4] jepsen.core: Worker 4 done
2016-12-13 15:43:38,093{GMT}	INFO	[jepsen worker 2] jepsen.core: Worker 2 done
2016-12-13 15:43:38,093{GMT}	INFO	[jepsen worker 0] jepsen.core: Worker 0 done
2016-12-13 15:43:38,093{GMT}	INFO	[jepsen worker 1] jepsen.core: Worker 1 done
2016-12-13 15:43:38,094{GMT}	INFO	[jepsen test runner] jepsen.core: Waiting for nemesis to complete
2016-12-13 15:43:38,094{GMT}	INFO	[jepsen test runner] jepsen.core: nemesis done.
2016-12-13 15:43:38,094{GMT}	INFO	[jepsen test runner] jepsen.core: Tearing down nemesis
2016-12-13 15:43:38,094{GMT}	INFO	[jepsen test runner] jepsen.core: Nemesis torn down
2016-12-13 15:43:38,097{GMT}	INFO	[clojure-agent-send-off-pool-5] org.apache.zookeeper.ZooKeeper: Session: 0x158f8da75cd0000 closed
2016-12-13 15:43:38,097{GMT}	INFO	[clojure-agent-send-off-pool-2-EventThread] org.apache.zookeeper.ClientCnxn: EventThread shut down
2016-12-13 15:43:38,097{GMT}	INFO	[clojure-agent-send-off-pool-1] org.apache.zookeeper.ZooKeeper: Session: 0x158f8da73900000 closed
2016-12-13 15:43:38,098{GMT}	INFO	[clojure-agent-send-off-pool-3] org.apache.zookeeper.ZooKeeper: Session: 0x158f8da71080000 closed
2016-12-13 15:43:38,098{GMT}	INFO	[clojure-agent-send-off-pool-3-EventThread] org.apache.zookeeper.ClientCnxn: EventThread shut down
2016-12-13 15:43:38,098{GMT}	INFO	[clojure-agent-send-off-pool-4-EventThread] org.apache.zookeeper.ClientCnxn: EventThread shut down
2016-12-13 15:43:38,098{GMT}	INFO	[clojure-agent-send-off-pool-4] org.apache.zookeeper.ZooKeeper: Session: 0x158f8da71d90000 closed
2016-12-13 15:43:38,098{GMT}	INFO	[clojure-agent-send-off-pool-1-EventThread] org.apache.zookeeper.ClientCnxn: EventThread shut down
2016-12-13 15:43:38,098{GMT}	INFO	[clojure-agent-send-off-pool-2] org.apache.zookeeper.ZooKeeper: Session: 0x158f8da70e50000 closed
2016-12-13 15:43:38,098{GMT}	INFO	[clojure-agent-send-off-pool-0-EventThread] org.apache.zookeeper.ClientCnxn: EventThread shut down
2016-12-13 15:43:38,099{GMT}	INFO	[jepsen test runner] jepsen.core: Snarfing log files
2016-12-13 15:43:38,102{GMT}	INFO	[jepsen node w4] jepsen.core: downloading /var/logs/zookeeper/zookeeper.log to zookeeper.log
2016-12-13 15:43:38,102{GMT}	INFO	[jepsen node w1] jepsen.core: downloading /var/logs/zookeeper/zookeeper.log to zookeeper.log
2016-12-13 15:43:38,103{GMT}	INFO	[jepsen node w5] jepsen.core: downloading /var/logs/zookeeper/zookeeper.log to zookeeper.log
2016-12-13 15:43:38,103{GMT}	INFO	[jepsen node w2] jepsen.core: downloading /var/logs/zookeeper/zookeeper.log to zookeeper.log
2016-12-13 15:43:38,103{GMT}	INFO	[jepsen node w3] jepsen.core: downloading /var/logs/zookeeper/zookeeper.log to zookeeper.log
2016-12-13 15:43:38,113{GMT}	WARN	[jepsen node w3] jepsen.control: Encountered error with conn [:control "w3"]; reopening
2016-12-13 15:43:38,113{GMT}	WARN	[jepsen node w5] jepsen.control: Encountered error with conn [:control "w5"]; reopening
2016-12-13 15:43:38,113{GMT}	WARN	[jepsen node w1] jepsen.control: Encountered error with conn [:control "w1"]; reopening
2016-12-13 15:43:38,113{GMT}	WARN	[jepsen node w4] jepsen.control: Encountered error with conn [:control "w4"]; reopening
2016-12-13 15:43:38,114{GMT}	WARN	[jepsen node w2] jepsen.control: Encountered error with conn [:control "w2"]; reopening
2016-12-13 15:43:38,191{GMT}	INFO	[jepsen node w1] jepsen.core: /var/logs/zookeeper/zookeeper.log doesn't exist
2016-12-13 15:43:38,251{GMT}	INFO	[jepsen node w4] jepsen.core: /var/logs/zookeeper/zookeeper.log doesn't exist
2016-12-13 15:43:38,317{GMT}	INFO	[jepsen node w2] jepsen.core: /var/logs/zookeeper/zookeeper.log doesn't exist
2016-12-13 15:43:38,373{GMT}	INFO	[jepsen node w5] jepsen.core: /var/logs/zookeeper/zookeeper.log doesn't exist
2016-12-13 15:43:38,439{GMT}	INFO	[jepsen node w3] jepsen.core: /var/logs/zookeeper/zookeeper.log doesn't exist
2016-12-13 15:43:38,439{GMT}	INFO	[jepsen test runner] jepsen.core: Run complete, writing
2016-12-13 15:43:38,456{GMT}	INFO	[jepsen node w4] jepsen.zookeeper: w4 tearing down ZK
2016-12-13 15:43:38,456{GMT}	INFO	[jepsen node w1] jepsen.zookeeper: w1 tearing down ZK
2016-12-13 15:43:38,456{GMT}	INFO	[jepsen node w3] jepsen.zookeeper: w3 tearing down ZK
2016-12-13 15:43:38,456{GMT}	INFO	[jepsen node w5] jepsen.zookeeper: w5 tearing down ZK
2016-12-13 15:43:38,457{GMT}	INFO	[jepsen node w2] jepsen.zookeeper: w2 tearing down ZK
2016-12-13 15:43:39,062{GMT}	INFO	[jepsen test runner] jepsen.core: Analyzing
2016-12-13 15:43:39,072{GMT}	INFO	[jepsen test runner] jepsen.core: Analysis complete
2016-12-13 15:43:39,082{GMT}	INFO	[jepsen results] jepsen.store: Wrote /home/admin/jepsen.zookeeper/store/zookeeper/20161213T154332.000Z/results.edn
2016-12-13 15:43:39,088{GMT}	INFO	[main] jepsen.core: {:valid? true,
 :configs ({:model {}, :last-op nil, :pending []}),
 :final-paths ()}


Everything looks good! ヽ(‘ー`)ノ
