2016-12-14 11:45:30,901{GMT}	INFO	[jepsen node w3] jepsen.os.debian: w3 setting up debian
2016-12-14 11:45:30,901{GMT}	INFO	[jepsen node w5] jepsen.os.debian: w5 setting up debian
2016-12-14 11:45:30,901{GMT}	INFO	[jepsen node w4] jepsen.os.debian: w4 setting up debian
2016-12-14 11:45:30,901{GMT}	INFO	[jepsen node w1] jepsen.os.debian: w1 setting up debian
2016-12-14 11:45:30,901{GMT}	INFO	[jepsen node w2] jepsen.os.debian: w2 setting up debian
2016-12-14 11:45:31,626{GMT}	INFO	[jepsen node w5] jepsen.zookeeper: w5 tearing down ZK
2016-12-14 11:45:31,626{GMT}	INFO	[jepsen node w3] jepsen.zookeeper: w3 tearing down ZK
2016-12-14 11:45:31,626{GMT}	INFO	[jepsen node w1] jepsen.zookeeper: w1 tearing down ZK
2016-12-14 11:45:31,626{GMT}	INFO	[jepsen node w4] jepsen.zookeeper: w4 tearing down ZK
2016-12-14 11:45:31,626{GMT}	INFO	[jepsen node w2] jepsen.zookeeper: w2 tearing down ZK
2016-12-14 11:45:31,829{GMT}	INFO	[jepsen node w5] jepsen.zookeeper: Setting up ZK on  w5
2016-12-14 11:45:31,829{GMT}	INFO	[jepsen node w4] jepsen.zookeeper: Setting up ZK on  w4
2016-12-14 11:45:31,829{GMT}	INFO	[jepsen node w1] jepsen.zookeeper: Setting up ZK on  w1
2016-12-14 11:45:31,829{GMT}	INFO	[jepsen node w5] jepsen.zookeeper: w5 Installing ZK 3.4.5+dfsg-2
2016-12-14 11:45:31,829{GMT}	INFO	[jepsen node w4] jepsen.zookeeper: w4 Installing ZK 3.4.5+dfsg-2
2016-12-14 11:45:31,829{GMT}	INFO	[jepsen node w1] jepsen.zookeeper: w1 Installing ZK 3.4.5+dfsg-2
2016-12-14 11:45:31,830{GMT}	INFO	[jepsen node w2] jepsen.zookeeper: Setting up ZK on  w2
2016-12-14 11:45:31,830{GMT}	INFO	[jepsen node w2] jepsen.zookeeper: w2 Installing ZK 3.4.5+dfsg-2
2016-12-14 11:45:31,833{GMT}	INFO	[jepsen node w3] jepsen.zookeeper: Setting up ZK on  w3
2016-12-14 11:45:31,833{GMT}	INFO	[jepsen node w3] jepsen.zookeeper: w3 Installing ZK 3.4.5+dfsg-2
2016-12-14 11:45:32,136{GMT}	INFO	[jepsen node w1] jepsen.zookeeper: w1 id is 0
2016-12-14 11:45:32,137{GMT}	INFO	[jepsen node w4] jepsen.zookeeper: w4 id is 3
2016-12-14 11:45:32,138{GMT}	INFO	[jepsen node w5] jepsen.zookeeper: w5 id is 4
2016-12-14 11:45:32,140{GMT}	INFO	[jepsen node w3] jepsen.zookeeper: w3 id is 2
2016-12-14 11:45:32,140{GMT}	INFO	[jepsen node w2] jepsen.zookeeper: w2 id is 1
2016-12-14 11:45:32,342{GMT}	INFO	[jepsen node w5] jepsen.zookeeper: w5 ZK restarting
2016-12-14 11:45:32,342{GMT}	INFO	[jepsen node w1] jepsen.zookeeper: w1 ZK restarting
2016-12-14 11:45:32,342{GMT}	INFO	[jepsen node w4] jepsen.zookeeper: w4 ZK restarting
2016-12-14 11:45:32,343{GMT}	INFO	[jepsen node w3] jepsen.zookeeper: w3 ZK restarting
2016-12-14 11:45:32,344{GMT}	INFO	[jepsen node w2] jepsen.zookeeper: w2 ZK restarting
2016-12-14 11:45:37,443{GMT}	INFO	[jepsen node w1] jepsen.zookeeper: w1 ZK ready
2016-12-14 11:45:37,443{GMT}	INFO	[jepsen node w5] jepsen.zookeeper: w5 ZK ready
2016-12-14 11:45:37,443{GMT}	INFO	[jepsen node w4] jepsen.zookeeper: w4 ZK ready
2016-12-14 11:45:37,445{GMT}	INFO	[jepsen node w3] jepsen.zookeeper: w3 ZK ready
2016-12-14 11:45:37,445{GMT}	INFO	[jepsen node w2] jepsen.zookeeper: w2 ZK ready
2016-12-14 11:45:37,451{GMT}	INFO	[clojure-agent-send-off-pool-4] org.apache.zookeeper.ZooKeeper: Initiating client connection, connectString=w5 sessionTimeout=5000 watcher=zookeeper.internal$make_watcher$reify__796@5ea0e0cf
2016-12-14 11:45:37,451{GMT}	INFO	[clojure-agent-send-off-pool-0] org.apache.zookeeper.ZooKeeper: Initiating client connection, connectString=w2 sessionTimeout=5000 watcher=zookeeper.internal$make_watcher$reify__796@6c63dae8
2016-12-14 11:45:37,451{GMT}	INFO	[clojure-agent-send-off-pool-1] org.apache.zookeeper.ZooKeeper: Initiating client connection, connectString=w1 sessionTimeout=5000 watcher=zookeeper.internal$make_watcher$reify__796@187ff65
2016-12-14 11:45:37,451{GMT}	INFO	[clojure-agent-send-off-pool-2] org.apache.zookeeper.ZooKeeper: Initiating client connection, connectString=w3 sessionTimeout=5000 watcher=zookeeper.internal$make_watcher$reify__796@20c12cd5
2016-12-14 11:45:37,451{GMT}	INFO	[clojure-agent-send-off-pool-3] org.apache.zookeeper.ZooKeeper: Initiating client connection, connectString=w4 sessionTimeout=5000 watcher=zookeeper.internal$make_watcher$reify__796@418bd14b
2016-12-14 11:45:37,464{GMT}	INFO	[clojure-agent-send-off-pool-3-SendThread()] org.apache.zookeeper.ClientCnxn: Opening socket connection to server /192.168.32.104:2181
2016-12-14 11:45:37,465{GMT}	INFO	[clojure-agent-send-off-pool-4-SendThread()] org.apache.zookeeper.ClientCnxn: Opening socket connection to server /192.168.32.105:2181
2016-12-14 11:45:37,477{GMT}	INFO	[clojure-agent-send-off-pool-1-SendThread()] org.apache.zookeeper.ClientCnxn: Opening socket connection to server /192.168.32.101:2181
2016-12-14 11:45:37,478{GMT}	INFO	[clojure-agent-send-off-pool-2-SendThread()] org.apache.zookeeper.ClientCnxn: Opening socket connection to server /192.168.32.103:2181
2016-12-14 11:45:37,477{GMT}	INFO	[clojure-agent-send-off-pool-0-SendThread()] org.apache.zookeeper.ClientCnxn: Opening socket connection to server /192.168.32.102:2181
2016-12-14 11:45:37,487{GMT}	INFO	[clojure-agent-send-off-pool-4-SendThread(w5:2181)] org.apache.zookeeper.ClientCnxn: Socket connection established to w5/192.168.32.105:2181, initiating session
2016-12-14 11:45:37,487{GMT}	INFO	[clojure-agent-send-off-pool-1-SendThread(w1:2181)] org.apache.zookeeper.ClientCnxn: Socket connection established to w1/192.168.32.101:2181, initiating session
2016-12-14 11:45:37,487{GMT}	INFO	[clojure-agent-send-off-pool-0-SendThread(w2:2181)] org.apache.zookeeper.ClientCnxn: Socket connection established to w2/192.168.32.102:2181, initiating session
2016-12-14 11:45:37,487{GMT}	INFO	[clojure-agent-send-off-pool-2-SendThread(w3:2181)] org.apache.zookeeper.ClientCnxn: Socket connection established to w3/192.168.32.103:2181, initiating session
2016-12-14 11:45:37,490{GMT}	INFO	[clojure-agent-send-off-pool-3-SendThread(w4:2181)] org.apache.zookeeper.ClientCnxn: Socket connection established to w4/192.168.32.104:2181, initiating session
2016-12-14 11:45:37,584{GMT}	INFO	[clojure-agent-send-off-pool-0-SendThread(w2:2181)] org.apache.zookeeper.ClientCnxn: Session establishment complete on server w2/192.168.32.102:2181, sessionid = 0x158fd26d5c00000, negotiated timeout = 5000
2016-12-14 11:45:37,592{GMT}	INFO	[clojure-agent-send-off-pool-3-SendThread(w4:2181)] org.apache.zookeeper.ClientCnxn: Session establishment complete on server w4/192.168.32.104:2181, sessionid = 0x158fd26e0260000, negotiated timeout = 5000
2016-12-14 11:45:37,598{GMT}	INFO	[clojure-agent-send-off-pool-4-SendThread(w5:2181)] org.apache.zookeeper.ClientCnxn: Session establishment complete on server w5/192.168.32.105:2181, sessionid = 0x158fd26debb0000, negotiated timeout = 5000
2016-12-14 11:45:37,598{GMT}	INFO	[clojure-agent-send-off-pool-2-SendThread(w3:2181)] org.apache.zookeeper.ClientCnxn: Session establishment complete on server w3/192.168.32.103:2181, sessionid = 0x158fd26e1000000, negotiated timeout = 5000
2016-12-14 11:45:37,598{GMT}	INFO	[clojure-agent-send-off-pool-1-SendThread(w1:2181)] org.apache.zookeeper.ClientCnxn: Session establishment complete on server w1/192.168.32.101:2181, sessionid = 0x158fd26df760000, negotiated timeout = 5000
2016-12-14 11:45:37,891{GMT}	INFO	[jepsen nemesis] jepsen.core: Nemesis starting
2016-12-14 11:45:37,892{GMT}	INFO	[jepsen worker 2] jepsen.core: Worker 2 starting
2016-12-14 11:45:37,892{GMT}	INFO	[jepsen worker 0] jepsen.core: Worker 0 starting
2016-12-14 11:45:37,892{GMT}	INFO	[jepsen worker 1] jepsen.core: Worker 1 starting
2016-12-14 11:45:37,892{GMT}	INFO	[jepsen worker 3] jepsen.core: Worker 3 starting
2016-12-14 11:45:37,892{GMT}	INFO	[jepsen worker 4] jepsen.core: Worker 4 starting
2016-12-14 11:45:38,057{GMT}	INFO	[jepsen worker 2] jepsen.util: 2	:invoke	:write	3
2016-12-14 11:45:38,074{GMT}	INFO	[jepsen worker 2] jepsen.util: 2	:ok	:write	3
2016-12-14 11:45:38,085{GMT}	INFO	[jepsen worker 4] jepsen.util: 4	:invoke	:read	nil
2016-12-14 11:45:38,093{GMT}	INFO	[clojure-agent-send-off-pool-2] jepsen.zookeeper: log from test 0
2016-12-14 11:45:38,093{GMT}	INFO	[jepsen worker 4] jepsen.util: 4	:ok	:read	0
2016-12-14 11:45:38,331{GMT}	INFO	[jepsen worker 2] jepsen.util: 2	:invoke	:cas	[2 4]
2016-12-14 11:45:38,353{GMT}	INFO	[jepsen worker 2] jepsen.util: 2	:fail	:cas	[2 4]
2016-12-14 11:45:38,496{GMT}	INFO	[jepsen worker 0] jepsen.util: 0	:invoke	:write	3
2016-12-14 11:45:38,510{GMT}	INFO	[jepsen worker 0] jepsen.util: 0	:ok	:write	3
2016-12-14 11:45:38,685{GMT}	INFO	[jepsen worker 0] jepsen.util: 0	:invoke	:write	1
2016-12-14 11:45:38,700{GMT}	INFO	[jepsen worker 0] jepsen.util: 0	:ok	:write	1
2016-12-14 11:45:38,798{GMT}	INFO	[jepsen worker 1] jepsen.util: 1	:invoke	:read	nil
2016-12-14 11:45:38,801{GMT}	INFO	[clojure-agent-send-off-pool-5] jepsen.zookeeper: log from test 0
2016-12-14 11:45:38,802{GMT}	INFO	[jepsen worker 1] jepsen.util: 1	:ok	:read	0
2016-12-14 11:45:38,909{GMT}	INFO	[jepsen worker 3] jepsen.util: 3	:invoke	:read	nil
2016-12-14 11:45:38,912{GMT}	INFO	[clojure-agent-send-off-pool-5] jepsen.zookeeper: log from test 0
2016-12-14 11:45:38,912{GMT}	INFO	[jepsen worker 3] jepsen.util: 3	:ok	:read	0
2016-12-14 11:45:39,099{GMT}	INFO	[jepsen worker 4] jepsen.util: 4	:invoke	:cas	[0 0]
2016-12-14 11:45:39,116{GMT}	INFO	[jepsen worker 4] jepsen.util: 4	:ok	:cas	[0 0]
2016-12-14 11:45:39,217{GMT}	INFO	[jepsen worker 4] jepsen.util: 4	:invoke	:write	4
2016-12-14 11:45:39,234{GMT}	INFO	[jepsen worker 4] jepsen.util: 4	:ok	:write	4
2016-12-14 11:45:39,505{GMT}	INFO	[jepsen worker 1] jepsen.util: 1	:invoke	:write	2
2016-12-14 11:45:39,519{GMT}	INFO	[jepsen worker 1] jepsen.util: 1	:ok	:write	2
2016-12-14 11:45:39,649{GMT}	INFO	[jepsen worker 4] jepsen.util: 4	:invoke	:cas	[1 4]
2016-12-14 11:45:39,666{GMT}	INFO	[jepsen worker 4] jepsen.util: 4	:fail	:cas	[1 4]
2016-12-14 11:45:39,974{GMT}	INFO	[jepsen worker 1] jepsen.util: 1	:invoke	:read	nil
2016-12-14 11:45:39,976{GMT}	INFO	[clojure-agent-send-off-pool-5] jepsen.zookeeper: log from test 2
2016-12-14 11:45:39,976{GMT}	INFO	[jepsen worker 1] jepsen.util: 1	:ok	:read	2
2016-12-14 11:45:40,052{GMT}	INFO	[jepsen worker 2] jepsen.util: 2	:invoke	:cas	[3 3]
2016-12-14 11:45:40,067{GMT}	INFO	[jepsen worker 2] jepsen.util: 2	:ok	:cas	[3 3]
2016-12-14 11:45:40,241{GMT}	INFO	[jepsen worker 1] jepsen.util: 1	:invoke	:write	0
2016-12-14 11:45:40,259{GMT}	INFO	[jepsen worker 1] jepsen.util: 1	:ok	:write	0
2016-12-14 11:45:40,428{GMT}	INFO	[jepsen worker 0] jepsen.util: 0	:invoke	:write	3
2016-12-14 11:45:40,444{GMT}	INFO	[jepsen worker 0] jepsen.util: 0	:ok	:write	3
2016-12-14 11:45:40,565{GMT}	INFO	[jepsen worker 2] jepsen.util: 2	:invoke	:read	nil
2016-12-14 11:45:40,566{GMT}	INFO	[clojure-agent-send-off-pool-2] jepsen.zookeeper: log from test 3
2016-12-14 11:45:40,566{GMT}	INFO	[jepsen worker 2] jepsen.util: 2	:ok	:read	3
2016-12-14 11:45:40,590{GMT}	INFO	[jepsen worker 3] jepsen.util: 3	:invoke	:cas	[2 4]
2016-12-14 11:45:40,605{GMT}	INFO	[jepsen worker 3] jepsen.util: 3	:fail	:cas	[2 4]
2016-12-14 11:45:40,761{GMT}	INFO	[jepsen worker 1] jepsen.util: 1	:invoke	:read	nil
2016-12-14 11:45:40,762{GMT}	INFO	[clojure-agent-send-off-pool-5] jepsen.zookeeper: log from test 0
2016-12-14 11:45:40,762{GMT}	INFO	[jepsen worker 1] jepsen.util: 1	:ok	:read	0
2016-12-14 11:45:41,165{GMT}	INFO	[jepsen worker 2] jepsen.util: 2	:invoke	:write	0
2016-12-14 11:45:41,179{GMT}	INFO	[jepsen worker 2] jepsen.util: 2	:ok	:write	0
2016-12-14 11:45:41,228{GMT}	INFO	[jepsen worker 1] jepsen.util: 1	:invoke	:cas	[3 4]
2016-12-14 11:45:41,243{GMT}	INFO	[jepsen worker 1] jepsen.util: 1	:fail	:cas	[3 4]
2016-12-14 11:45:41,393{GMT}	INFO	[jepsen worker 4] jepsen.util: 4	:invoke	:write	1
2016-12-14 11:45:41,408{GMT}	INFO	[jepsen worker 4] jepsen.util: 4	:ok	:write	1
2016-12-14 11:45:41,647{GMT}	INFO	[jepsen worker 2] jepsen.util: 2	:invoke	:cas	[3 4]
2016-12-14 11:45:41,664{GMT}	INFO	[jepsen worker 2] jepsen.util: 2	:fail	:cas	[3 4]
2016-12-14 11:45:41,672{GMT}	INFO	[jepsen worker 3] jepsen.util: 3	:invoke	:cas	[4 4]
2016-12-14 11:45:41,691{GMT}	INFO	[jepsen worker 3] jepsen.util: 3	:fail	:cas	[4 4]
2016-12-14 11:45:41,886{GMT}	INFO	[jepsen worker 0] jepsen.util: 0	:invoke	:read	nil
2016-12-14 11:45:41,890{GMT}	INFO	[clojure-agent-send-off-pool-2] jepsen.zookeeper: log from test 3
2016-12-14 11:45:41,890{GMT}	INFO	[jepsen worker 0] jepsen.util: 0	:ok	:read	3
2016-12-14 11:45:42,878{GMT}	INFO	[jepsen worker 4] jepsen.util: 4	:invoke	:read	nil
2016-12-14 11:45:42,879{GMT}	INFO	[clojure-agent-send-off-pool-2] jepsen.zookeeper: log from test 1
2016-12-14 11:45:42,894{GMT}	INFO	[jepsen worker 4] jepsen.util: 4	:ok	:read	1
2016-12-14 11:45:42,894{GMT}	INFO	[jepsen nemesis] jepsen.util: :nemesis	:info	:start	nil
2016-12-14 11:45:42,899{GMT}	INFO	[jepsen worker 2] jepsen.util: 2	:invoke	:cas	[0 1]
2016-12-14 11:45:42,899{GMT}	INFO	[jepsen worker 3] jepsen.util: 3	:invoke	:cas	[2 2]
2016-12-14 11:45:42,922{GMT}	INFO	[jepsen worker 3] jepsen.util: 3	:fail	:cas	[2 2]
2016-12-14 11:45:42,931{GMT}	INFO	[jepsen worker 2] jepsen.util: 2	:ok	:cas	[0 1]
2016-12-14 11:45:42,992{GMT}	INFO	[jepsen worker 3] jepsen.util: 3	:invoke	:read	nil
2016-12-14 11:45:42,994{GMT}	INFO	[clojure-agent-send-off-pool-25] jepsen.zookeeper: log from test 0
2016-12-14 11:45:42,994{GMT}	INFO	[jepsen worker 3] jepsen.util: 3	:ok	:read	0
2016-12-14 11:45:43,051{GMT}	INFO	[jepsen worker 1] jepsen.util: 1	:invoke	:write	0
2016-12-14 11:45:43,065{GMT}	INFO	[jepsen worker 1] jepsen.util: 1	:ok	:write	0
2016-12-14 11:45:43,306{GMT}	INFO	[jepsen worker 0] jepsen.util: 0	:invoke	:read	nil
2016-12-14 11:45:43,307{GMT}	INFO	[clojure-agent-send-off-pool-12] jepsen.zookeeper: log from test 3
2016-12-14 11:45:43,307{GMT}	INFO	[jepsen worker 0] jepsen.util: 0	:ok	:read	3
2016-12-14 11:45:43,355{GMT}	INFO	[jepsen worker 1] jepsen.util: 1	:invoke	:write	1
2016-12-14 11:45:43,370{GMT}	INFO	[jepsen worker 1] jepsen.util: 1	:ok	:write	1
2016-12-14 11:45:43,977{GMT}	INFO	[jepsen nemesis] jepsen.util: :nemesis	:info	:start	"Cut off {\"w3\" #{\"w5\" \"w4\" \"w2\"}, \"w1\" #{\"w5\" \"w4\" \"w2\"}, \"w5\" #{\"w3\" \"w1\"}, \"w4\" #{\"w3\" \"w1\"}, \"w2\" #{\"w3\" \"w1\"}}"
2016-12-14 11:45:44,254{GMT}	INFO	[jepsen worker 2] jepsen.util: 2	:invoke	:read	nil
2016-12-14 11:45:44,256{GMT}	INFO	[clojure-agent-send-off-pool-0] jepsen.zookeeper: log from test 1
2016-12-14 11:45:44,256{GMT}	INFO	[jepsen worker 2] jepsen.util: 2	:ok	:read	1
2016-12-14 11:45:44,271{GMT}	INFO	[jepsen worker 1] jepsen.util: 1	:invoke	:cas	[4 0]
2016-12-14 11:45:44,289{GMT}	INFO	[jepsen worker 1] jepsen.util: 1	:fail	:cas	[4 0]
2016-12-14 11:45:44,547{GMT}	INFO	[jepsen worker 4] jepsen.util: 4	:invoke	:read	nil
2016-12-14 11:45:44,547{GMT}	INFO	[clojure-agent-send-off-pool-18] jepsen.zookeeper: log from test 1
2016-12-14 11:45:44,547{GMT}	INFO	[jepsen worker 4] jepsen.util: 4	:ok	:read	1
2016-12-14 11:45:44,617{GMT}	INFO	[jepsen worker 1] jepsen.util: 1	:invoke	:read	nil
2016-12-14 11:45:44,618{GMT}	INFO	[clojure-agent-send-off-pool-18] jepsen.zookeeper: log from test 1
2016-12-14 11:45:44,618{GMT}	INFO	[jepsen worker 1] jepsen.util: 1	:ok	:read	1
2016-12-14 11:45:44,721{GMT}	INFO	[jepsen worker 3] jepsen.util: 3	:invoke	:cas	[2 3]
2016-12-14 11:45:44,736{GMT}	INFO	[jepsen worker 3] jepsen.util: 3	:fail	:cas	[2 3]
2016-12-14 11:45:44,739{GMT}	INFO	[jepsen worker 2] jepsen.util: 2	:invoke	:read	nil
2016-12-14 11:45:44,739{GMT}	INFO	[clojure-agent-send-off-pool-0] jepsen.zookeeper: log from test 1
2016-12-14 11:45:44,740{GMT}	INFO	[jepsen worker 2] jepsen.util: 2	:ok	:read	1
2016-12-14 11:45:45,059{GMT}	INFO	[jepsen worker 3] jepsen.util: 3	:invoke	:write	2
2016-12-14 11:45:45,075{GMT}	INFO	[jepsen worker 3] jepsen.util: 3	:ok	:write	2
2016-12-14 11:45:45,188{GMT}	INFO	[jepsen worker 0] jepsen.util: 0	:invoke	:write	1
2016-12-14 11:45:45,203{GMT}	INFO	[jepsen worker 0] jepsen.util: 0	:ok	:write	1
2016-12-14 11:45:45,798{GMT}	INFO	[jepsen worker 1] jepsen.util: 1	:invoke	:cas	[0 2]
2016-12-14 11:45:45,825{GMT}	INFO	[jepsen worker 1] jepsen.util: 1	:fail	:cas	[0 2]
2016-12-14 11:45:45,876{GMT}	INFO	[jepsen worker 2] jepsen.util: 2	:invoke	:write	3
2016-12-14 11:45:45,903{GMT}	INFO	[jepsen worker 2] jepsen.util: 2	:ok	:write	3
2016-12-14 11:45:46,158{GMT}	INFO	[jepsen worker 4] jepsen.util: 4	:invoke	:cas	[0 0]
2016-12-14 11:45:46,173{GMT}	INFO	[jepsen worker 4] jepsen.util: 4	:fail	:cas	[0 0]
2016-12-14 11:45:46,414{GMT}	INFO	[jepsen worker 1] jepsen.util: 1	:invoke	:read	nil
2016-12-14 11:45:46,415{GMT}	INFO	[clojure-agent-send-off-pool-18] jepsen.zookeeper: log from test 1
2016-12-14 11:45:46,415{GMT}	INFO	[jepsen worker 1] jepsen.util: 1	:ok	:read	1
2016-12-14 11:45:46,643{GMT}	INFO	[jepsen worker 3] jepsen.util: 3	:invoke	:cas	[0 3]
2016-12-14 11:45:46,646{GMT}	INFO	[jepsen worker 0] jepsen.util: 0	:invoke	:write	2
2016-12-14 11:45:46,658{GMT}	INFO	[jepsen worker 3] jepsen.util: 3	:fail	:cas	[0 3]
2016-12-14 11:45:46,662{GMT}	INFO	[jepsen worker 0] jepsen.util: 0	:ok	:write	2
2016-12-14 11:45:46,669{GMT}	INFO	[jepsen worker 3] jepsen.util: 3	:invoke	:write	3
2016-12-14 11:45:46,687{GMT}	INFO	[jepsen worker 3] jepsen.util: 3	:ok	:write	3
2016-12-14 11:45:46,894{GMT}	INFO	[jepsen worker 0] jepsen.util: 0	:invoke	:cas	[3 2]
2016-12-14 11:45:46,907{GMT}	INFO	[jepsen worker 0] jepsen.util: 0	:fail	:cas	[3 2]
2016-12-14 11:45:47,222{GMT}	INFO	[jepsen worker 4] jepsen.util: 4	:invoke	:cas	[4 3]
2016-12-14 11:45:47,236{GMT}	INFO	[jepsen worker 4] jepsen.util: 4	:fail	:cas	[4 3]
2016-12-14 11:45:47,434{GMT}	INFO	[jepsen worker 2] jepsen.util: 2	:invoke	:cas	[3 0]
2016-12-14 11:45:47,448{GMT}	INFO	[jepsen worker 2] jepsen.util: 2	:ok	:cas	[3 0]
2016-12-14 11:45:47,534{GMT}	INFO	[jepsen worker 1] jepsen.util: 1	:invoke	:read	nil
2016-12-14 11:45:47,535{GMT}	INFO	[clojure-agent-send-off-pool-15] jepsen.zookeeper: log from test 1
2016-12-14 11:45:47,535{GMT}	INFO	[jepsen worker 1] jepsen.util: 1	:ok	:read	1
2016-12-14 11:45:47,612{GMT}	INFO	[jepsen worker 3] jepsen.util: 3	:invoke	:cas	[3 2]
2016-12-14 11:45:47,626{GMT}	INFO	[jepsen worker 3] jepsen.util: 3	:ok	:cas	[3 2]
2016-12-14 11:45:48,131{GMT}	INFO	[jepsen worker 1] jepsen.util: 1	:invoke	:read	nil
2016-12-14 11:45:48,132{GMT}	INFO	[clojure-agent-send-off-pool-0] jepsen.zookeeper: log from test 1
2016-12-14 11:45:48,144{GMT}	INFO	[jepsen worker 1] jepsen.util: 1	:ok	:read	1
2016-12-14 11:45:48,536{GMT}	INFO	[jepsen worker 3] jepsen.util: 3	:invoke	:write	0
2016-12-14 11:45:48,550{GMT}	INFO	[jepsen worker 3] jepsen.util: 3	:ok	:write	0
2016-12-14 11:45:48,710{GMT}	INFO	[jepsen worker 0] jepsen.util: 0	:invoke	:read	nil
2016-12-14 11:45:48,711{GMT}	INFO	[clojure-agent-send-off-pool-15] jepsen.zookeeper: log from test 2
2016-12-14 11:45:48,711{GMT}	INFO	[jepsen worker 0] jepsen.util: 0	:ok	:read	2
2016-12-14 11:45:48,833{GMT}	INFO	[jepsen worker 4] jepsen.util: 4	:invoke	:cas	[1 2]
2016-12-14 11:45:48,851{GMT}	INFO	[jepsen worker 4] jepsen.util: 4	:ok	:cas	[1 2]
2016-12-14 11:45:48,977{GMT}	INFO	[jepsen nemesis] jepsen.util: :nemesis	:info	:stop	nil
2016-12-14 11:45:49,120{GMT}	INFO	[jepsen worker 1] jepsen.util: 1	:invoke	:write	1
2016-12-14 11:45:49,132{GMT}	INFO	[jepsen worker 1] jepsen.util: 1	:ok	:write	1
2016-12-14 11:45:49,180{GMT}	INFO	[jepsen nemesis] jepsen.util: :nemesis	:info	:stop	"fully connected"
2016-12-14 11:45:49,349{GMT}	INFO	[jepsen worker 2] jepsen.util: 2	:invoke	:write	0
2016-12-14 11:45:49,361{GMT}	INFO	[jepsen worker 2] jepsen.util: 2	:ok	:write	0
2016-12-14 11:45:49,419{GMT}	INFO	[jepsen worker 4] jepsen.util: 4	:invoke	:read	nil
2016-12-14 11:45:49,420{GMT}	INFO	[clojure-agent-send-off-pool-18] jepsen.zookeeper: log from test 2
2016-12-14 11:45:49,420{GMT}	INFO	[jepsen worker 4] jepsen.util: 4	:ok	:read	2
2016-12-14 11:45:49,442{GMT}	INFO	[jepsen worker 1] jepsen.util: 1	:invoke	:write	4
2016-12-14 11:45:49,479{GMT}	INFO	[jepsen worker 1] jepsen.util: 1	:ok	:write	4
2016-12-14 11:45:49,788{GMT}	INFO	[jepsen worker 4] jepsen.util: 4	:invoke	:write	1
2016-12-14 11:45:49,801{GMT}	INFO	[jepsen worker 4] jepsen.util: 4	:ok	:write	1
2016-12-14 11:45:50,003{GMT}	INFO	[jepsen worker 3] jepsen.util: 3	:invoke	:read	nil
2016-12-14 11:45:50,004{GMT}	INFO	[clojure-agent-send-off-pool-18] jepsen.zookeeper: log from test 0
2016-12-14 11:45:50,004{GMT}	INFO	[jepsen worker 3] jepsen.util: 3	:ok	:read	0
2016-12-14 11:45:50,325{GMT}	INFO	[jepsen worker 0] jepsen.util: 0	:invoke	:read	nil
2016-12-14 11:45:50,325{GMT}	INFO	[clojure-agent-send-off-pool-18] jepsen.zookeeper: log from test 2
2016-12-14 11:45:50,325{GMT}	INFO	[jepsen worker 0] jepsen.util: 0	:ok	:read	2
2016-12-14 11:45:50,409{GMT}	INFO	[jepsen worker 3] jepsen.util: 3	:invoke	:cas	[4 4]
2016-12-14 11:45:50,423{GMT}	INFO	[jepsen worker 3] jepsen.util: 3	:fail	:cas	[4 4]
2016-12-14 11:45:50,546{GMT}	INFO	[jepsen worker 3] jepsen.util: 3	:invoke	:read	nil
2016-12-14 11:45:50,547{GMT}	INFO	[clojure-agent-send-off-pool-15] jepsen.zookeeper: log from test 0
2016-12-14 11:45:50,548{GMT}	INFO	[jepsen worker 3] jepsen.util: 3	:ok	:read	0
2016-12-14 11:45:50,807{GMT}	INFO	[jepsen worker 2] jepsen.util: 2	:invoke	:write	3
2016-12-14 11:45:50,822{GMT}	INFO	[jepsen worker 2] jepsen.util: 2	:ok	:write	3
2016-12-14 11:45:51,022{GMT}	INFO	[jepsen worker 1] jepsen.util: 1	:invoke	:read	nil
2016-12-14 11:45:51,023{GMT}	INFO	[clojure-agent-send-off-pool-18] jepsen.zookeeper: log from test 4
2016-12-14 11:45:51,023{GMT}	INFO	[jepsen worker 1] jepsen.util: 1	:ok	:read	4
2016-12-14 11:45:51,433{GMT}	INFO	[jepsen worker 4] jepsen.util: 4	:invoke	:cas	[4 4]
2016-12-14 11:45:51,448{GMT}	INFO	[jepsen worker 4] jepsen.util: 4	:fail	:cas	[4 4]
2016-12-14 11:45:51,650{GMT}	INFO	[jepsen worker 0] jepsen.util: 0	:invoke	:write	2
2016-12-14 11:45:51,673{GMT}	INFO	[jepsen worker 4] jepsen.util: 4	:invoke	:read	nil
2016-12-14 11:45:51,674{GMT}	INFO	[clojure-agent-send-off-pool-0] jepsen.zookeeper: log from test 1
2016-12-14 11:45:51,674{GMT}	INFO	[jepsen worker 4] jepsen.util: 4	:ok	:read	1
2016-12-14 11:45:51,701{GMT}	INFO	[jepsen worker 0] jepsen.util: 0	:ok	:write	2
2016-12-14 11:45:51,864{GMT}	INFO	[jepsen worker 2] jepsen.util: 2	:invoke	:write	3
2016-12-14 11:45:51,877{GMT}	INFO	[jepsen worker 2] jepsen.util: 2	:ok	:write	3
2016-12-14 11:45:52,432{GMT}	INFO	[jepsen worker 3] jepsen.util: 3	:invoke	:read	nil
2016-12-14 11:45:52,432{GMT}	INFO	[clojure-agent-send-off-pool-15] jepsen.zookeeper: log from test 0
2016-12-14 11:45:52,432{GMT}	INFO	[jepsen worker 3] jepsen.util: 3	:ok	:read	0
2016-12-14 11:45:52,520{GMT}	INFO	[jepsen worker 1] jepsen.util: 1	:invoke	:write	4
2016-12-14 11:45:52,533{GMT}	INFO	[jepsen worker 1] jepsen.util: 1	:ok	:write	4
2016-12-14 11:45:52,640{GMT}	INFO	[jepsen worker 1] jepsen.util: 1	:invoke	:read	nil
2016-12-14 11:45:52,641{GMT}	INFO	[clojure-agent-send-off-pool-18] jepsen.zookeeper: log from test 4
2016-12-14 11:45:52,642{GMT}	INFO	[jepsen worker 1] jepsen.util: 1	:ok	:read	4
2016-12-14 11:45:53,012{GMT}	INFO	[jepsen worker 1] jepsen.util: 1	:invoke	:read	nil
2016-12-14 11:45:53,012{GMT}	INFO	[clojure-agent-send-off-pool-18] jepsen.zookeeper: log from test 4
2016-12-14 11:45:53,012{GMT}	INFO	[jepsen worker 1] jepsen.util: 1	:ok	:read	4
2016-12-14 11:45:53,013{GMT}	INFO	[jepsen worker 1] jepsen.core: Worker 1 done
2016-12-14 11:45:53,238{GMT}	INFO	[jepsen worker 0] jepsen.util: 0	:invoke	:read	nil
2016-12-14 11:45:53,239{GMT}	INFO	[clojure-agent-send-off-pool-18] jepsen.zookeeper: log from test 2
2016-12-14 11:45:53,239{GMT}	INFO	[jepsen worker 0] jepsen.util: 0	:ok	:read	2
2016-12-14 11:45:53,240{GMT}	INFO	[jepsen worker 0] jepsen.core: Worker 0 done
2016-12-14 11:45:53,506{GMT}	INFO	[jepsen worker 2] jepsen.util: 2	:invoke	:read	nil
2016-12-14 11:45:53,507{GMT}	INFO	[clojure-agent-send-off-pool-1] jepsen.zookeeper: log from test 3
2016-12-14 11:45:53,508{GMT}	INFO	[jepsen worker 2] jepsen.util: 2	:ok	:read	3
2016-12-14 11:45:53,508{GMT}	INFO	[jepsen worker 2] jepsen.core: Worker 2 done
2016-12-14 11:45:53,673{GMT}	INFO	[jepsen worker 4] jepsen.util: 4	:invoke	:read	nil
2016-12-14 11:45:53,673{GMT}	INFO	[clojure-agent-send-off-pool-6] jepsen.zookeeper: log from test 1
2016-12-14 11:45:53,673{GMT}	INFO	[jepsen worker 4] jepsen.util: 4	:ok	:read	1
2016-12-14 11:45:53,673{GMT}	INFO	[jepsen worker 4] jepsen.core: Worker 4 done
2016-12-14 11:45:54,086{GMT}	INFO	[jepsen worker 3] jepsen.util: 3	:invoke	:read	nil
2016-12-14 11:45:54,086{GMT}	INFO	[clojure-agent-send-off-pool-3] jepsen.zookeeper: log from test 0
2016-12-14 11:45:54,086{GMT}	INFO	[jepsen worker 3] jepsen.util: 3	:ok	:read	0
2016-12-14 11:45:54,086{GMT}	INFO	[jepsen worker 3] jepsen.core: Worker 3 done
2016-12-14 11:45:54,086{GMT}	INFO	[jepsen test runner] jepsen.core: Waiting for nemesis to complete
2016-12-14 11:45:54,181{GMT}	INFO	[jepsen nemesis] jepsen.util: :nemesis	:info	:start	nil
2016-12-14 11:45:55,245{GMT}	INFO	[jepsen nemesis] jepsen.util: :nemesis	:info	:start	"Cut off {\"w4\" #{\"w5\" \"w2\" \"w3\"}, \"w1\" #{\"w5\" \"w2\" \"w3\"}, \"w5\" #{\"w4\" \"w1\"}, \"w2\" #{\"w4\" \"w1\"}, \"w3\" #{\"w4\" \"w1\"}}"
2016-12-14 11:45:55,245{GMT}	INFO	[jepsen nemesis] jepsen.core: nemesis done
2016-12-14 11:45:55,245{GMT}	INFO	[jepsen test runner] jepsen.core: nemesis done.
2016-12-14 11:45:55,245{GMT}	INFO	[jepsen test runner] jepsen.core: Tearing down nemesis
2016-12-14 11:45:55,448{GMT}	INFO	[jepsen test runner] jepsen.core: Nemesis torn down
2016-12-14 11:45:55,451{GMT}	INFO	[clojure-agent-send-off-pool-24] org.apache.zookeeper.ZooKeeper: Session: 0x158fd26df760000 closed
2016-12-14 11:45:55,451{GMT}	INFO	[clojure-agent-send-off-pool-1-EventThread] org.apache.zookeeper.ClientCnxn: EventThread shut down
2016-12-14 11:45:55,452{GMT}	INFO	[clojure-agent-send-off-pool-3] org.apache.zookeeper.ZooKeeper: Session: 0x158fd26d5c00000 closed
2016-12-14 11:45:55,452{GMT}	INFO	[clojure-agent-send-off-pool-0-EventThread] org.apache.zookeeper.ClientCnxn: EventThread shut down
2016-12-14 11:45:55,452{GMT}	INFO	[clojure-agent-send-off-pool-7] org.apache.zookeeper.ZooKeeper: Session: 0x158fd26debb0000 closed
2016-12-14 11:45:55,452{GMT}	INFO	[clojure-agent-send-off-pool-4-EventThread] org.apache.zookeeper.ClientCnxn: EventThread shut down
2016-12-14 11:45:55,452{GMT}	INFO	[clojure-agent-send-off-pool-19] org.apache.zookeeper.ZooKeeper: Session: 0x158fd26e1000000 closed
2016-12-14 11:45:55,452{GMT}	INFO	[clojure-agent-send-off-pool-2-EventThread] org.apache.zookeeper.ClientCnxn: EventThread shut down
2016-12-14 11:45:55,453{GMT}	INFO	[clojure-agent-send-off-pool-9] org.apache.zookeeper.ZooKeeper: Session: 0x158fd26e0260000 closed
2016-12-14 11:45:55,453{GMT}	INFO	[clojure-agent-send-off-pool-3-EventThread] org.apache.zookeeper.ClientCnxn: EventThread shut down
2016-12-14 11:45:55,454{GMT}	INFO	[jepsen test runner] jepsen.core: Snarfing log files
2016-12-14 11:45:55,457{GMT}	INFO	[jepsen node w3] jepsen.core: downloading /var/log/zookeeper/zookeeper.log to zookeeper.log
2016-12-14 11:45:55,457{GMT}	INFO	[jepsen node w5] jepsen.core: downloading /var/log/zookeeper/zookeeper.log to zookeeper.log
2016-12-14 11:45:55,457{GMT}	INFO	[jepsen node w4] jepsen.core: downloading /var/log/zookeeper/zookeeper.log to zookeeper.log
2016-12-14 11:45:55,457{GMT}	INFO	[jepsen node w2] jepsen.core: downloading /var/log/zookeeper/zookeeper.log to zookeeper.log
2016-12-14 11:45:55,457{GMT}	INFO	[jepsen node w1] jepsen.core: downloading /var/log/zookeeper/zookeeper.log to zookeeper.log
2016-12-14 11:45:55,472{GMT}	INFO	[jepsen test runner] jepsen.core: Run complete, writing
2016-12-14 11:45:55,497{GMT}	INFO	[jepsen node w5] jepsen.zookeeper: w5 tearing down ZK
2016-12-14 11:45:55,497{GMT}	INFO	[jepsen node w4] jepsen.zookeeper: w4 tearing down ZK
2016-12-14 11:45:55,497{GMT}	INFO	[jepsen node w3] jepsen.zookeeper: w3 tearing down ZK
2016-12-14 11:45:55,498{GMT}	INFO	[jepsen node w1] jepsen.zookeeper: w1 tearing down ZK
2016-12-14 11:45:55,498{GMT}	INFO	[jepsen node w2] jepsen.zookeeper: w2 tearing down ZK
2016-12-14 11:45:56,102{GMT}	INFO	[jepsen test runner] jepsen.core: Analyzing
2016-12-14 11:45:56,357{GMT}	INFO	[jepsen test runner] jepsen.core: Analysis complete
2016-12-14 11:45:56,412{GMT}	INFO	[jepsen results] jepsen.store: Wrote /home/admin/jepsen.zookeeper/store/zookeeper/20161214T114530.000Z/results.edn
2016-12-14 11:45:56,461{GMT}	INFO	[main] jepsen.core: {:linear
 {:valid? false,
  :configs
  ({:model {:value 3},
    :last-op
    {:type :ok,
     :f :write,
     :value 3,
     :process 2,
     :time 626628202,
     :index 1},
    :pending
    [{:type :invoke,
      :f :read,
      :value 0,
      :process 4,
      :time 637097487,
      :index 2}]}),
  :final-paths
  ([{:op
     {:type :ok,
      :f :write,
      :value 3,
      :process 2,
      :time 626628202,
      :index 1},
     :model {:value 3}}
    {:op
     {:type :ok,
      :f :read,
      :value 0,
      :process 4,
      :time 645697606,
      :index 3},
     :model {:msg "can't read 0 from register 3"}}]),
  :previous-ok
  {:type :ok,
   :f :write,
   :value 3,
   :process 2,
   :time 626628202,
   :index 1},
  :last-op
  {:type :ok,
   :f :write,
   :value 3,
   :process 2,
   :time 626628202,
   :index 1},
  :op
  {:type :ok,
   :f :read,
   :value 0,
   :process 4,
   :time 645697606,
   :index 3}},
 :html {:valid? true},
 :perf
 {:latency-graph {:valid? true},
  :rate-graph {:valid? true},
  :valid? true},
 :valid? false}


Analysis invalid! (ﾉಥ益ಥ）ﾉ ┻━┻
