2016-12-14 10:43:07,957{GMT}	INFO	[jepsen node w3] jepsen.os.debian: w3 setting up debian
2016-12-14 10:43:07,957{GMT}	INFO	[jepsen node w5] jepsen.os.debian: w5 setting up debian
2016-12-14 10:43:07,957{GMT}	INFO	[jepsen node w4] jepsen.os.debian: w4 setting up debian
2016-12-14 10:43:07,957{GMT}	INFO	[jepsen node w2] jepsen.os.debian: w2 setting up debian
2016-12-14 10:43:07,957{GMT}	INFO	[jepsen node w1] jepsen.os.debian: w1 setting up debian
2016-12-14 10:43:08,674{GMT}	INFO	[jepsen node w5] jepsen.zookeeper: w5 tearing down ZK
2016-12-14 10:43:08,674{GMT}	INFO	[jepsen node w3] jepsen.zookeeper: w3 tearing down ZK
2016-12-14 10:43:08,674{GMT}	INFO	[jepsen node w1] jepsen.zookeeper: w1 tearing down ZK
2016-12-14 10:43:08,675{GMT}	INFO	[jepsen node w2] jepsen.zookeeper: w2 tearing down ZK
2016-12-14 10:43:08,675{GMT}	INFO	[jepsen node w4] jepsen.zookeeper: w4 tearing down ZK
2016-12-14 10:43:08,877{GMT}	INFO	[jepsen node w5] jepsen.zookeeper: Setting up ZK on  w5
2016-12-14 10:43:08,877{GMT}	INFO	[jepsen node w5] jepsen.zookeeper: w5 Installing ZK 3.4.5+dfsg-2
2016-12-14 10:43:08,888{GMT}	INFO	[jepsen node w2] jepsen.zookeeper: Setting up ZK on  w2
2016-12-14 10:43:08,888{GMT}	INFO	[jepsen node w3] jepsen.zookeeper: Setting up ZK on  w3
2016-12-14 10:43:08,888{GMT}	INFO	[jepsen node w1] jepsen.zookeeper: Setting up ZK on  w1
2016-12-14 10:43:08,888{GMT}	INFO	[jepsen node w4] jepsen.zookeeper: Setting up ZK on  w4
2016-12-14 10:43:08,888{GMT}	INFO	[jepsen node w2] jepsen.zookeeper: w2 Installing ZK 3.4.5+dfsg-2
2016-12-14 10:43:08,888{GMT}	INFO	[jepsen node w3] jepsen.zookeeper: w3 Installing ZK 3.4.5+dfsg-2
2016-12-14 10:43:08,888{GMT}	INFO	[jepsen node w1] jepsen.zookeeper: w1 Installing ZK 3.4.5+dfsg-2
2016-12-14 10:43:08,888{GMT}	INFO	[jepsen node w4] jepsen.zookeeper: w4 Installing ZK 3.4.5+dfsg-2
2016-12-14 10:43:09,182{GMT}	INFO	[jepsen node w5] jepsen.zookeeper: w5 id is 4
2016-12-14 10:43:09,192{GMT}	INFO	[jepsen node w2] jepsen.zookeeper: w2 id is 1
2016-12-14 10:43:09,193{GMT}	INFO	[jepsen node w4] jepsen.zookeeper: w4 id is 3
2016-12-14 10:43:09,193{GMT}	INFO	[jepsen node w1] jepsen.zookeeper: w1 id is 0
2016-12-14 10:43:09,193{GMT}	INFO	[jepsen node w3] jepsen.zookeeper: w3 id is 2
2016-12-14 10:43:09,386{GMT}	INFO	[jepsen node w5] jepsen.zookeeper: w5 ZK restarting
2016-12-14 10:43:09,395{GMT}	INFO	[jepsen node w2] jepsen.zookeeper: w2 ZK restarting
2016-12-14 10:43:09,396{GMT}	INFO	[jepsen node w4] jepsen.zookeeper: w4 ZK restarting
2016-12-14 10:43:09,396{GMT}	INFO	[jepsen node w1] jepsen.zookeeper: w1 ZK restarting
2016-12-14 10:43:09,396{GMT}	INFO	[jepsen node w3] jepsen.zookeeper: w3 ZK restarting
2016-12-14 10:43:14,487{GMT}	INFO	[jepsen node w5] jepsen.zookeeper: w5 ZK ready
2016-12-14 10:43:14,497{GMT}	INFO	[jepsen node w2] jepsen.zookeeper: w2 ZK ready
2016-12-14 10:43:14,497{GMT}	INFO	[jepsen node w1] jepsen.zookeeper: w1 ZK ready
2016-12-14 10:43:14,497{GMT}	INFO	[jepsen node w4] jepsen.zookeeper: w4 ZK ready
2016-12-14 10:43:14,497{GMT}	INFO	[jepsen node w3] jepsen.zookeeper: w3 ZK ready
2016-12-14 10:43:14,503{GMT}	INFO	[clojure-agent-send-off-pool-1] org.apache.zookeeper.ZooKeeper: Initiating client connection, connectString=w1 sessionTimeout=5000 watcher=zookeeper.internal$make_watcher$reify__762@10dae867
2016-12-14 10:43:14,503{GMT}	INFO	[clojure-agent-send-off-pool-3] org.apache.zookeeper.ZooKeeper: Initiating client connection, connectString=w3 sessionTimeout=5000 watcher=zookeeper.internal$make_watcher$reify__762@7fa81231
2016-12-14 10:43:14,503{GMT}	INFO	[clojure-agent-send-off-pool-0] org.apache.zookeeper.ZooKeeper: Initiating client connection, connectString=w2 sessionTimeout=5000 watcher=zookeeper.internal$make_watcher$reify__762@3e5a2a6e
2016-12-14 10:43:14,503{GMT}	INFO	[clojure-agent-send-off-pool-2] org.apache.zookeeper.ZooKeeper: Initiating client connection, connectString=w4 sessionTimeout=5000 watcher=zookeeper.internal$make_watcher$reify__762@20e77fdd
2016-12-14 10:43:14,503{GMT}	INFO	[clojure-agent-send-off-pool-4] org.apache.zookeeper.ZooKeeper: Initiating client connection, connectString=w5 sessionTimeout=5000 watcher=zookeeper.internal$make_watcher$reify__762@66c3053
2016-12-14 10:43:14,518{GMT}	INFO	[clojure-agent-send-off-pool-1-SendThread()] org.apache.zookeeper.ClientCnxn: Opening socket connection to server /192.168.32.101:2181
2016-12-14 10:43:14,518{GMT}	INFO	[clojure-agent-send-off-pool-0-SendThread()] org.apache.zookeeper.ClientCnxn: Opening socket connection to server /192.168.32.102:2181
2016-12-14 10:43:14,532{GMT}	INFO	[clojure-agent-send-off-pool-2-SendThread()] org.apache.zookeeper.ClientCnxn: Opening socket connection to server /192.168.32.104:2181
2016-12-14 10:43:14,532{GMT}	INFO	[clojure-agent-send-off-pool-3-SendThread()] org.apache.zookeeper.ClientCnxn: Opening socket connection to server /192.168.32.103:2181
2016-12-14 10:43:14,533{GMT}	INFO	[clojure-agent-send-off-pool-4-SendThread()] org.apache.zookeeper.ClientCnxn: Opening socket connection to server /192.168.32.105:2181
2016-12-14 10:43:14,542{GMT}	INFO	[clojure-agent-send-off-pool-2-SendThread(w4:2181)] org.apache.zookeeper.ClientCnxn: Socket connection established to w4/192.168.32.104:2181, initiating session
2016-12-14 10:43:14,542{GMT}	INFO	[clojure-agent-send-off-pool-1-SendThread(w1:2181)] org.apache.zookeeper.ClientCnxn: Socket connection established to w1/192.168.32.101:2181, initiating session
2016-12-14 10:43:14,543{GMT}	INFO	[clojure-agent-send-off-pool-0-SendThread(w2:2181)] org.apache.zookeeper.ClientCnxn: Socket connection established to w2/192.168.32.102:2181, initiating session
2016-12-14 10:43:14,544{GMT}	INFO	[clojure-agent-send-off-pool-3-SendThread(w3:2181)] org.apache.zookeeper.ClientCnxn: Socket connection established to w3/192.168.32.103:2181, initiating session
2016-12-14 10:43:14,545{GMT}	INFO	[clojure-agent-send-off-pool-4-SendThread(w5:2181)] org.apache.zookeeper.ClientCnxn: Socket connection established to w5/192.168.32.105:2181, initiating session
2016-12-14 10:43:14,646{GMT}	INFO	[clojure-agent-send-off-pool-3-SendThread(w3:2181)] org.apache.zookeeper.ClientCnxn: Session establishment complete on server w3/192.168.32.103:2181, sessionid = 0x158fcedc4070000, negotiated timeout = 5000
2016-12-14 10:43:14,646{GMT}	INFO	[clojure-agent-send-off-pool-4-SendThread(w5:2181)] org.apache.zookeeper.ClientCnxn: Session establishment complete on server w5/192.168.32.105:2181, sessionid = 0x158fcedc1c60000, negotiated timeout = 5000
2016-12-14 10:43:14,654{GMT}	INFO	[clojure-agent-send-off-pool-2-SendThread(w4:2181)] org.apache.zookeeper.ClientCnxn: Session establishment complete on server w4/192.168.32.104:2181, sessionid = 0x158fcedc3300000, negotiated timeout = 5000
2016-12-14 10:43:14,656{GMT}	INFO	[clojure-agent-send-off-pool-1-SendThread(w1:2181)] org.apache.zookeeper.ClientCnxn: Session establishment complete on server w1/192.168.32.101:2181, sessionid = 0x158fcedc2810000, negotiated timeout = 5000
2016-12-14 10:43:14,680{GMT}	INFO	[clojure-agent-send-off-pool-0-SendThread(w2:2181)] org.apache.zookeeper.ClientCnxn: Session establishment complete on server w2/192.168.32.102:2181, sessionid = 0x158fcedb9430000, negotiated timeout = 5000
2016-12-14 10:43:14,758{GMT}	INFO	[jepsen nemesis] jepsen.core: Nemesis starting
2016-12-14 10:43:14,759{GMT}	INFO	[jepsen nemesis] jepsen.core: nemesis done
2016-12-14 10:43:14,760{GMT}	INFO	[jepsen worker 0] jepsen.core: Worker 0 starting
2016-12-14 10:43:14,760{GMT}	INFO	[jepsen worker 1] jepsen.core: Worker 1 starting
2016-12-14 10:43:14,760{GMT}	INFO	[jepsen worker 2] jepsen.core: Worker 2 starting
2016-12-14 10:43:14,760{GMT}	INFO	[jepsen worker 3] jepsen.core: Worker 3 starting
2016-12-14 10:43:14,761{GMT}	INFO	[jepsen worker 4] jepsen.core: Worker 4 starting
2016-12-14 10:43:14,871{GMT}	INFO	[jepsen worker 2] jepsen.util: 2	:invoke	:cas	[2 3]
2016-12-14 10:43:14,896{GMT}	INFO	[jepsen worker 2] jepsen.util: 2	:fail	:cas	[2 3]
2016-12-14 10:43:15,215{GMT}	INFO	[jepsen worker 1] jepsen.util: 1	:invoke	:cas	[2 2]
2016-12-14 10:43:15,237{GMT}	INFO	[jepsen worker 1] jepsen.util: 1	:fail	:cas	[2 2]
2016-12-14 10:43:15,283{GMT}	INFO	[jepsen worker 1] jepsen.util: 1	:invoke	:read	nil
2016-12-14 10:43:15,285{GMT}	INFO	[clojure-agent-send-off-pool-5] jepsen.zookeeper: log from test 0
2016-12-14 10:43:15,285{GMT}	INFO	[jepsen worker 1] jepsen.util: 1	:ok	:read	0
2016-12-14 10:43:15,300{GMT}	INFO	[jepsen worker 3] jepsen.util: 3	:invoke	:write	3
2016-12-14 10:43:15,314{GMT}	INFO	[jepsen worker 3] jepsen.util: 3	:ok	:write	3
2016-12-14 10:43:15,699{GMT}	INFO	[jepsen worker 3] jepsen.util: 3	:invoke	:cas	[3 2]
2016-12-14 10:43:15,718{GMT}	INFO	[jepsen worker 3] jepsen.util: 3	:ok	:cas	[3 2]
2016-12-14 10:43:15,776{GMT}	INFO	[jepsen worker 0] jepsen.util: 0	:invoke	:read	nil
2016-12-14 10:43:15,779{GMT}	INFO	[clojure-agent-send-off-pool-5] jepsen.zookeeper: log from test 0
2016-12-14 10:43:15,779{GMT}	INFO	[jepsen worker 0] jepsen.util: 0	:ok	:read	0
2016-12-14 10:43:16,074{GMT}	INFO	[jepsen worker 4] jepsen.util: 4	:invoke	:write	1
2016-12-14 10:43:16,088{GMT}	INFO	[jepsen worker 4] jepsen.util: 4	:ok	:write	1
2016-12-14 10:43:16,311{GMT}	INFO	[jepsen worker 0] jepsen.util: 0	:invoke	:cas	[1 0]
2016-12-14 10:43:16,327{GMT}	INFO	[jepsen worker 0] jepsen.util: 0	:fail	:cas	[1 0]
2016-12-14 10:43:16,416{GMT}	INFO	[jepsen worker 3] jepsen.util: 3	:invoke	:cas	[3 3]
2016-12-14 10:43:16,430{GMT}	INFO	[jepsen worker 3] jepsen.util: 3	:fail	:cas	[3 3]
2016-12-14 10:43:16,889{GMT}	INFO	[jepsen worker 2] jepsen.util: 2	:invoke	:write	0
2016-12-14 10:43:16,905{GMT}	INFO	[jepsen worker 2] jepsen.util: 2	:ok	:write	0
2016-12-14 10:43:17,165{GMT}	INFO	[jepsen worker 1] jepsen.util: 1	:invoke	:cas	[0 0]
2016-12-14 10:43:17,183{GMT}	INFO	[jepsen worker 1] jepsen.util: 1	:ok	:cas	[0 0]
2016-12-14 10:43:17,485{GMT}	INFO	[jepsen worker 2] jepsen.util: 2	:invoke	:cas	[1 2]
2016-12-14 10:43:17,501{GMT}	INFO	[jepsen worker 2] jepsen.util: 2	:fail	:cas	[1 2]
2016-12-14 10:43:17,512{GMT}	INFO	[jepsen worker 1] jepsen.util: 1	:invoke	:read	nil
2016-12-14 10:43:17,513{GMT}	INFO	[clojure-agent-send-off-pool-5] jepsen.zookeeper: log from test 0
2016-12-14 10:43:17,513{GMT}	INFO	[jepsen worker 1] jepsen.util: 1	:ok	:read	0
2016-12-14 10:43:17,636{GMT}	INFO	[jepsen worker 0] jepsen.util: 0	:invoke	:read	nil
2016-12-14 10:43:17,637{GMT}	INFO	[clojure-agent-send-off-pool-5] jepsen.zookeeper: log from test 0
2016-12-14 10:43:17,637{GMT}	INFO	[jepsen worker 0] jepsen.util: 0	:ok	:read	0
2016-12-14 10:43:17,647{GMT}	INFO	[jepsen worker 2] jepsen.util: 2	:invoke	:write	4
2016-12-14 10:43:17,662{GMT}	INFO	[jepsen worker 2] jepsen.util: 2	:ok	:write	4
2016-12-14 10:43:18,080{GMT}	INFO	[jepsen worker 4] jepsen.util: 4	:invoke	:cas	[2 2]
2016-12-14 10:43:18,099{GMT}	INFO	[jepsen worker 4] jepsen.util: 4	:fail	:cas	[2 2]
2016-12-14 10:43:18,113{GMT}	INFO	[jepsen worker 3] jepsen.util: 3	:invoke	:read	nil
2016-12-14 10:43:18,114{GMT}	INFO	[clojure-agent-send-off-pool-5] jepsen.zookeeper: log from test 2
2016-12-14 10:43:18,115{GMT}	INFO	[jepsen worker 3] jepsen.util: 3	:ok	:read	2
2016-12-14 10:43:18,129{GMT}	INFO	[jepsen worker 0] jepsen.util: 0	:invoke	:cas	[0 0]
2016-12-14 10:43:18,146{GMT}	INFO	[jepsen worker 0] jepsen.util: 0	:ok	:cas	[0 0]
2016-12-14 10:43:18,833{GMT}	INFO	[jepsen worker 4] jepsen.util: 4	:invoke	:write	4
2016-12-14 10:43:18,852{GMT}	INFO	[jepsen worker 4] jepsen.util: 4	:ok	:write	4
2016-12-14 10:43:19,118{GMT}	INFO	[jepsen worker 0] jepsen.util: 0	:invoke	:cas	[4 4]
2016-12-14 10:43:19,134{GMT}	INFO	[jepsen worker 0] jepsen.util: 0	:fail	:cas	[4 4]
2016-12-14 10:43:19,170{GMT}	INFO	[jepsen worker 2] jepsen.util: 2	:invoke	:write	0
2016-12-14 10:43:19,186{GMT}	INFO	[jepsen worker 2] jepsen.util: 2	:ok	:write	0
2016-12-14 10:43:19,388{GMT}	INFO	[jepsen worker 1] jepsen.util: 1	:invoke	:write	3
2016-12-14 10:43:19,401{GMT}	INFO	[jepsen worker 1] jepsen.util: 1	:ok	:write	3
2016-12-14 10:43:19,694{GMT}	INFO	[jepsen worker 3] jepsen.util: 3	:invoke	:write	3
2016-12-14 10:43:19,710{GMT}	INFO	[jepsen worker 3] jepsen.util: 3	:ok	:write	3
2016-12-14 10:43:19,991{GMT}	INFO	[jepsen worker 4] jepsen.util: 4	:invoke	:write	1
2016-12-14 10:43:20,006{GMT}	INFO	[jepsen worker 4] jepsen.util: 4	:ok	:write	1
2016-12-14 10:43:20,703{GMT}	INFO	[jepsen worker 1] jepsen.util: 1	:invoke	:cas	[3 0]
2016-12-14 10:43:20,717{GMT}	INFO	[jepsen worker 1] jepsen.util: 1	:ok	:cas	[3 0]
2016-12-14 10:43:20,776{GMT}	INFO	[jepsen worker 2] jepsen.util: 2	:invoke	:write	3
2016-12-14 10:43:20,789{GMT}	INFO	[jepsen worker 2] jepsen.util: 2	:ok	:write	3
2016-12-14 10:43:21,109{GMT}	INFO	[jepsen worker 0] jepsen.util: 0	:invoke	:read	nil
2016-12-14 10:43:21,110{GMT}	INFO	[clojure-agent-send-off-pool-4] jepsen.zookeeper: log from test 0
2016-12-14 10:43:21,111{GMT}	INFO	[jepsen worker 0] jepsen.util: 0	:ok	:read	0
2016-12-14 10:43:21,181{GMT}	INFO	[jepsen worker 2] jepsen.util: 2	:invoke	:write	1
2016-12-14 10:43:21,214{GMT}	INFO	[jepsen worker 4] jepsen.util: 4	:invoke	:read	nil
2016-12-14 10:43:21,215{GMT}	INFO	[clojure-agent-send-off-pool-2] jepsen.zookeeper: log from test 1
2016-12-14 10:43:21,215{GMT}	INFO	[jepsen worker 4] jepsen.util: 4	:ok	:read	1
2016-12-14 10:43:21,219{GMT}	INFO	[jepsen worker 2] jepsen.util: 2	:ok	:write	1
2016-12-14 10:43:21,372{GMT}	INFO	[jepsen worker 1] jepsen.util: 1	:invoke	:read	nil
2016-12-14 10:43:21,374{GMT}	INFO	[clojure-agent-send-off-pool-5] jepsen.zookeeper: log from test 0
2016-12-14 10:43:21,374{GMT}	INFO	[jepsen worker 1] jepsen.util: 1	:ok	:read	0
2016-12-14 10:43:21,448{GMT}	INFO	[jepsen worker 1] jepsen.util: 1	:invoke	:read	nil
2016-12-14 10:43:21,449{GMT}	INFO	[clojure-agent-send-off-pool-5] jepsen.zookeeper: log from test 0
2016-12-14 10:43:21,449{GMT}	INFO	[jepsen worker 1] jepsen.util: 1	:ok	:read	0
2016-12-14 10:43:21,464{GMT}	INFO	[jepsen worker 3] jepsen.util: 3	:invoke	:cas	[1 0]
2016-12-14 10:43:21,465{GMT}	INFO	[jepsen worker 2] jepsen.util: 2	:invoke	:write	1
2016-12-14 10:43:21,479{GMT}	INFO	[jepsen worker 3] jepsen.util: 3	:fail	:cas	[1 0]
2016-12-14 10:43:21,479{GMT}	INFO	[jepsen worker 2] jepsen.util: 2	:ok	:write	1
2016-12-14 10:43:21,702{GMT}	INFO	[jepsen worker 2] jepsen.util: 2	:invoke	:write	2
2016-12-14 10:43:21,714{GMT}	INFO	[jepsen worker 2] jepsen.util: 2	:ok	:write	2
2016-12-14 10:43:21,770{GMT}	INFO	[jepsen worker 4] jepsen.util: 4	:invoke	:read	nil
2016-12-14 10:43:21,770{GMT}	INFO	[clojure-agent-send-off-pool-2] jepsen.zookeeper: log from test 1
2016-12-14 10:43:21,770{GMT}	INFO	[jepsen worker 4] jepsen.util: 4	:ok	:read	1
2016-12-14 10:43:22,294{GMT}	INFO	[jepsen worker 1] jepsen.util: 1	:invoke	:cas	[0 2]
2016-12-14 10:43:22,309{GMT}	INFO	[jepsen worker 1] jepsen.util: 1	:ok	:cas	[0 2]
2016-12-14 10:43:22,356{GMT}	INFO	[jepsen worker 0] jepsen.util: 0	:invoke	:write	4
2016-12-14 10:43:22,370{GMT}	INFO	[jepsen worker 0] jepsen.util: 0	:ok	:write	4
2016-12-14 10:43:22,779{GMT}	INFO	[jepsen worker 3] jepsen.util: 3	:invoke	:read	nil
2016-12-14 10:43:22,780{GMT}	INFO	[clojure-agent-send-off-pool-2] jepsen.zookeeper: log from test 3
2016-12-14 10:43:22,781{GMT}	INFO	[jepsen worker 3] jepsen.util: 3	:ok	:read	3
2016-12-14 10:43:22,808{GMT}	INFO	[jepsen worker 2] jepsen.util: 2	:invoke	:write	2
2016-12-14 10:43:22,820{GMT}	INFO	[jepsen worker 2] jepsen.util: 2	:ok	:write	2
2016-12-14 10:43:22,877{GMT}	INFO	[jepsen worker 1] jepsen.util: 1	:invoke	:read	nil
2016-12-14 10:43:22,878{GMT}	INFO	[clojure-agent-send-off-pool-1] jepsen.zookeeper: log from test 2
2016-12-14 10:43:22,878{GMT}	INFO	[jepsen worker 1] jepsen.util: 1	:ok	:read	2
2016-12-14 10:43:23,618{GMT}	INFO	[jepsen worker 4] jepsen.util: 4	:invoke	:cas	[0 3]
2016-12-14 10:43:23,635{GMT}	INFO	[jepsen worker 4] jepsen.util: 4	:fail	:cas	[0 3]
2016-12-14 10:43:23,652{GMT}	INFO	[jepsen worker 2] jepsen.util: 2	:invoke	:cas	[2 3]
2016-12-14 10:43:23,669{GMT}	INFO	[jepsen worker 2] jepsen.util: 2	:ok	:cas	[2 3]
2016-12-14 10:43:23,867{GMT}	INFO	[jepsen worker 3] jepsen.util: 3	:invoke	:write	3
2016-12-14 10:43:23,880{GMT}	INFO	[jepsen worker 3] jepsen.util: 3	:ok	:write	3
2016-12-14 10:43:23,909{GMT}	INFO	[jepsen worker 4] jepsen.util: 4	:invoke	:cas	[1 4]
2016-12-14 10:43:23,923{GMT}	INFO	[jepsen worker 4] jepsen.util: 4	:ok	:cas	[1 4]
2016-12-14 10:43:24,031{GMT}	INFO	[jepsen worker 4] jepsen.util: 4	:invoke	:write	0
2016-12-14 10:43:24,046{GMT}	INFO	[jepsen worker 4] jepsen.util: 4	:ok	:write	0
2016-12-14 10:43:24,254{GMT}	INFO	[jepsen worker 0] jepsen.util: 0	:invoke	:read	nil
2016-12-14 10:43:24,255{GMT}	INFO	[clojure-agent-send-off-pool-2] jepsen.zookeeper: log from test 4
2016-12-14 10:43:24,255{GMT}	INFO	[jepsen worker 0] jepsen.util: 0	:ok	:read	4
2016-12-14 10:43:24,388{GMT}	INFO	[jepsen worker 2] jepsen.util: 2	:invoke	:read	nil
2016-12-14 10:43:24,389{GMT}	INFO	[clojure-agent-send-off-pool-2] jepsen.zookeeper: log from test 3
2016-12-14 10:43:24,389{GMT}	INFO	[jepsen worker 2] jepsen.util: 2	:ok	:read	3
2016-12-14 10:43:24,645{GMT}	INFO	[jepsen worker 0] jepsen.util: 0	:invoke	:cas	[2 4]
2016-12-14 10:43:24,666{GMT}	INFO	[jepsen worker 0] jepsen.util: 0	:fail	:cas	[2 4]
2016-12-14 10:43:24,745{GMT}	INFO	[jepsen worker 1] jepsen.util: 1	:invoke	:write	0
2016-12-14 10:43:24,759{GMT}	INFO	[jepsen worker 1] jepsen.util: 1	:ok	:write	0
2016-12-14 10:43:24,961{GMT}	INFO	[jepsen worker 1] jepsen.util: 1	:invoke	:cas	[3 4]
2016-12-14 10:43:24,989{GMT}	INFO	[jepsen worker 1] jepsen.util: 1	:fail	:cas	[3 4]
2016-12-14 10:43:25,142{GMT}	INFO	[jepsen worker 0] jepsen.util: 0	:invoke	:read	nil
2016-12-14 10:43:25,143{GMT}	INFO	[clojure-agent-send-off-pool-1] jepsen.zookeeper: log from test 4
2016-12-14 10:43:25,143{GMT}	INFO	[jepsen worker 0] jepsen.util: 0	:ok	:read	4
2016-12-14 10:43:25,269{GMT}	INFO	[jepsen worker 2] jepsen.util: 2	:invoke	:read	nil
2016-12-14 10:43:25,269{GMT}	INFO	[clojure-agent-send-off-pool-1] jepsen.zookeeper: log from test 3
2016-12-14 10:43:25,269{GMT}	INFO	[jepsen worker 2] jepsen.util: 2	:ok	:read	3
2016-12-14 10:43:25,556{GMT}	INFO	[jepsen worker 3] jepsen.util: 3	:invoke	:read	nil
2016-12-14 10:43:25,557{GMT}	INFO	[clojure-agent-send-off-pool-1] jepsen.zookeeper: log from test 3
2016-12-14 10:43:25,557{GMT}	INFO	[jepsen worker 3] jepsen.util: 3	:ok	:read	3
2016-12-14 10:43:25,739{GMT}	INFO	[jepsen worker 2] jepsen.util: 2	:invoke	:read	nil
2016-12-14 10:43:25,740{GMT}	INFO	[clojure-agent-send-off-pool-1] jepsen.zookeeper: log from test 3
2016-12-14 10:43:25,740{GMT}	INFO	[jepsen worker 2] jepsen.util: 2	:ok	:read	3
2016-12-14 10:43:25,771{GMT}	INFO	[jepsen worker 2] jepsen.util: 2	:invoke	:read	nil
2016-12-14 10:43:25,771{GMT}	INFO	[clojure-agent-send-off-pool-1] jepsen.zookeeper: log from test 3
2016-12-14 10:43:25,771{GMT}	INFO	[jepsen worker 2] jepsen.util: 2	:ok	:read	3
2016-12-14 10:43:25,869{GMT}	INFO	[jepsen worker 4] jepsen.util: 4	:invoke	:write	1
2016-12-14 10:43:25,883{GMT}	INFO	[jepsen worker 4] jepsen.util: 4	:ok	:write	1
2016-12-14 10:43:26,155{GMT}	INFO	[jepsen worker 1] jepsen.util: 1	:invoke	:cas	[0 2]
2016-12-14 10:43:26,168{GMT}	INFO	[jepsen worker 1] jepsen.util: 1	:ok	:cas	[0 2]
2016-12-14 10:43:26,518{GMT}	INFO	[jepsen worker 0] jepsen.util: 0	:invoke	:read	nil
2016-12-14 10:43:26,519{GMT}	INFO	[clojure-agent-send-off-pool-1] jepsen.zookeeper: log from test 4
2016-12-14 10:43:26,519{GMT}	INFO	[jepsen worker 0] jepsen.util: 0	:ok	:read	4
2016-12-14 10:43:26,807{GMT}	INFO	[jepsen worker 4] jepsen.util: 4	:invoke	:cas	[1 1]
2016-12-14 10:43:26,820{GMT}	INFO	[jepsen worker 4] jepsen.util: 4	:ok	:cas	[1 1]
2016-12-14 10:43:27,093{GMT}	INFO	[jepsen worker 3] jepsen.util: 3	:invoke	:read	nil
2016-12-14 10:43:27,093{GMT}	INFO	[clojure-agent-send-off-pool-2] jepsen.zookeeper: log from test 3
2016-12-14 10:43:27,093{GMT}	INFO	[jepsen worker 3] jepsen.util: 3	:ok	:read	3
2016-12-14 10:43:27,149{GMT}	INFO	[jepsen worker 2] jepsen.util: 2	:invoke	:cas	[0 2]
2016-12-14 10:43:27,162{GMT}	INFO	[jepsen worker 2] jepsen.util: 2	:fail	:cas	[0 2]
2016-12-14 10:43:27,194{GMT}	INFO	[jepsen worker 0] jepsen.util: 0	:invoke	:cas	[2 2]
2016-12-14 10:43:27,213{GMT}	INFO	[jepsen worker 0] jepsen.util: 0	:fail	:cas	[2 2]
2016-12-14 10:43:27,223{GMT}	INFO	[jepsen worker 2] jepsen.util: 2	:invoke	:cas	[0 0]
2016-12-14 10:43:27,236{GMT}	INFO	[jepsen worker 2] jepsen.util: 2	:fail	:cas	[0 0]
2016-12-14 10:43:27,978{GMT}	INFO	[jepsen worker 1] jepsen.util: 1	:invoke	:cas	[1 0]
2016-12-14 10:43:27,993{GMT}	INFO	[jepsen worker 1] jepsen.util: 1	:fail	:cas	[1 0]
2016-12-14 10:43:28,074{GMT}	INFO	[jepsen worker 4] jepsen.util: 4	:invoke	:read	nil
2016-12-14 10:43:28,075{GMT}	INFO	[clojure-agent-send-off-pool-2] jepsen.zookeeper: log from test 1
2016-12-14 10:43:28,075{GMT}	INFO	[jepsen worker 4] jepsen.util: 4	:ok	:read	1
2016-12-14 10:43:28,128{GMT}	INFO	[jepsen worker 1] jepsen.util: 1	:invoke	:read	nil
2016-12-14 10:43:28,129{GMT}	INFO	[clojure-agent-send-off-pool-2] jepsen.zookeeper: log from test 2
2016-12-14 10:43:28,129{GMT}	INFO	[jepsen worker 1] jepsen.util: 1	:ok	:read	2
2016-12-14 10:43:28,771{GMT}	INFO	[jepsen worker 1] jepsen.util: 1	:invoke	:read	nil
2016-12-14 10:43:28,772{GMT}	INFO	[clojure-agent-send-off-pool-2] jepsen.zookeeper: log from test 2
2016-12-14 10:43:28,772{GMT}	INFO	[jepsen worker 1] jepsen.util: 1	:ok	:read	2
2016-12-14 10:43:28,896{GMT}	INFO	[jepsen worker 3] jepsen.util: 3	:invoke	:cas	[3 3]
2016-12-14 10:43:28,911{GMT}	INFO	[jepsen worker 3] jepsen.util: 3	:ok	:cas	[3 3]
2016-12-14 10:43:29,025{GMT}	INFO	[jepsen worker 1] jepsen.util: 1	:invoke	:cas	[1 1]
2016-12-14 10:43:29,040{GMT}	INFO	[jepsen worker 1] jepsen.util: 1	:fail	:cas	[1 1]
2016-12-14 10:43:29,052{GMT}	INFO	[jepsen worker 0] jepsen.util: 0	:invoke	:write	3
2016-12-14 10:43:29,059{GMT}	INFO	[jepsen worker 2] jepsen.util: 2	:invoke	:read	nil
2016-12-14 10:43:29,061{GMT}	INFO	[clojure-agent-send-off-pool-4] jepsen.zookeeper: log from test 3
2016-12-14 10:43:29,061{GMT}	INFO	[jepsen worker 2] jepsen.util: 2	:ok	:read	3
2016-12-14 10:43:29,070{GMT}	INFO	[jepsen worker 0] jepsen.util: 0	:ok	:write	3
2016-12-14 10:43:29,943{GMT}	INFO	[jepsen worker 4] jepsen.util: 4	:invoke	:read	nil
2016-12-14 10:43:29,943{GMT}	INFO	[clojure-agent-send-off-pool-1] jepsen.zookeeper: log from test 1
2016-12-14 10:43:29,952{GMT}	INFO	[jepsen worker 4] jepsen.util: 4	:ok	:read	1
2016-12-14 10:43:29,953{GMT}	INFO	[jepsen worker 4] jepsen.core: Worker 4 done
2016-12-14 10:43:30,447{GMT}	INFO	[jepsen worker 1] jepsen.util: 1	:invoke	:read	nil
2016-12-14 10:43:30,448{GMT}	INFO	[clojure-agent-send-off-pool-8] jepsen.zookeeper: log from test 2
2016-12-14 10:43:30,449{GMT}	INFO	[jepsen worker 1] jepsen.util: 1	:ok	:read	2
2016-12-14 10:43:30,449{GMT}	INFO	[jepsen worker 1] jepsen.core: Worker 1 done
2016-12-14 10:43:30,552{GMT}	INFO	[jepsen worker 3] jepsen.util: 3	:invoke	:write	1
2016-12-14 10:43:30,566{GMT}	INFO	[jepsen worker 3] jepsen.util: 3	:ok	:write	1
2016-12-14 10:43:30,566{GMT}	INFO	[jepsen worker 3] jepsen.core: Worker 3 done
2016-12-14 10:43:30,693{GMT}	INFO	[jepsen worker 0] jepsen.util: 0	:invoke	:cas	[4 1]
2016-12-14 10:43:30,707{GMT}	INFO	[jepsen worker 0] jepsen.util: 0	:fail	:cas	[4 1]
2016-12-14 10:43:30,707{GMT}	INFO	[jepsen worker 0] jepsen.core: Worker 0 done
2016-12-14 10:43:30,825{GMT}	INFO	[jepsen worker 2] jepsen.util: 2	:invoke	:write	0
2016-12-14 10:43:30,839{GMT}	INFO	[jepsen worker 2] jepsen.util: 2	:ok	:write	0
2016-12-14 10:43:30,839{GMT}	INFO	[jepsen worker 2] jepsen.core: Worker 2 done
2016-12-14 10:43:30,839{GMT}	INFO	[jepsen test runner] jepsen.core: Waiting for nemesis to complete
2016-12-14 10:43:30,839{GMT}	INFO	[jepsen test runner] jepsen.core: nemesis done.
2016-12-14 10:43:30,839{GMT}	INFO	[jepsen test runner] jepsen.core: Tearing down nemesis
2016-12-14 10:43:30,839{GMT}	INFO	[jepsen test runner] jepsen.core: Nemesis torn down
2016-12-14 10:43:30,842{GMT}	INFO	[clojure-agent-send-off-pool-8] org.apache.zookeeper.ZooKeeper: Session: 0x158fcedc4070000 closed
2016-12-14 10:43:30,842{GMT}	INFO	[clojure-agent-send-off-pool-3-EventThread] org.apache.zookeeper.ClientCnxn: EventThread shut down
2016-12-14 10:43:30,843{GMT}	INFO	[clojure-agent-send-off-pool-7] org.apache.zookeeper.ZooKeeper: Session: 0x158fcedc2810000 closed
2016-12-14 10:43:30,843{GMT}	INFO	[clojure-agent-send-off-pool-1-EventThread] org.apache.zookeeper.ClientCnxn: EventThread shut down
2016-12-14 10:43:30,843{GMT}	INFO	[clojure-agent-send-off-pool-1] org.apache.zookeeper.ZooKeeper: Session: 0x158fcedc1c60000 closed
2016-12-14 10:43:30,843{GMT}	INFO	[clojure-agent-send-off-pool-4-EventThread] org.apache.zookeeper.ClientCnxn: EventThread shut down
2016-12-14 10:43:30,843{GMT}	INFO	[clojure-agent-send-off-pool-6] org.apache.zookeeper.ZooKeeper: Session: 0x158fcedb9430000 closed
2016-12-14 10:43:30,843{GMT}	INFO	[clojure-agent-send-off-pool-0-EventThread] org.apache.zookeeper.ClientCnxn: EventThread shut down
2016-12-14 10:43:30,844{GMT}	INFO	[clojure-agent-send-off-pool-0] org.apache.zookeeper.ZooKeeper: Session: 0x158fcedc3300000 closed
2016-12-14 10:43:30,844{GMT}	INFO	[clojure-agent-send-off-pool-2-EventThread] org.apache.zookeeper.ClientCnxn: EventThread shut down
2016-12-14 10:43:30,844{GMT}	INFO	[jepsen test runner] jepsen.core: Snarfing log files
2016-12-14 10:43:30,847{GMT}	INFO	[jepsen node w5] jepsen.core: downloading /var/log/zookeeper/zookeeper.log to zookeeper.log
2016-12-14 10:43:30,847{GMT}	INFO	[jepsen node w1] jepsen.core: downloading /var/log/zookeeper/zookeeper.log to zookeeper.log
2016-12-14 10:43:30,847{GMT}	INFO	[jepsen node w2] jepsen.core: downloading /var/log/zookeeper/zookeeper.log to zookeeper.log
2016-12-14 10:43:30,847{GMT}	INFO	[jepsen node w3] jepsen.core: downloading /var/log/zookeeper/zookeeper.log to zookeeper.log
2016-12-14 10:43:30,847{GMT}	INFO	[jepsen node w4] jepsen.core: downloading /var/log/zookeeper/zookeeper.log to zookeeper.log
2016-12-14 10:43:30,862{GMT}	INFO	[jepsen test runner] jepsen.core: Run complete, writing
2016-12-14 10:43:30,887{GMT}	INFO	[jepsen node w5] jepsen.zookeeper: w5 tearing down ZK
2016-12-14 10:43:30,887{GMT}	INFO	[jepsen node w4] jepsen.zookeeper: w4 tearing down ZK
2016-12-14 10:43:30,887{GMT}	INFO	[jepsen node w3] jepsen.zookeeper: w3 tearing down ZK
2016-12-14 10:43:30,887{GMT}	INFO	[jepsen node w1] jepsen.zookeeper: w1 tearing down ZK
2016-12-14 10:43:30,888{GMT}	INFO	[jepsen node w2] jepsen.zookeeper: w2 tearing down ZK
2016-12-14 10:43:31,497{GMT}	INFO	[jepsen test runner] jepsen.core: Analyzing
2016-12-14 10:43:31,583{GMT}	INFO	[jepsen test runner] jepsen.core: Analysis complete
2016-12-14 10:43:31,632{GMT}	INFO	[jepsen results] jepsen.store: Wrote /home/admin/jepsen.zookeeper/store/zookeeper/20161214T104307.000Z/results.edn
2016-12-14 10:43:31,678{GMT}	INFO	[main] jepsen.core: {:valid? false,
 :configs
 ({:model {:value 2},
   :last-op
   {:type :ok,
    :f :cas,
    :value [3 2],
    :process 3,
    :time 1218824205,
    :index 9},
   :pending
   [{:type :invoke,
     :f :read,
     :value 0,
     :process 0,
     :time 1276664043,
     :index 10}]}),
 :final-paths
 ([{:op
    {:type :ok,
     :f :cas,
     :value [3 2],
     :process 3,
     :time 1218824205,
     :index 9},
    :model {:value 2}}
   {:op
    {:type :ok,
     :f :read,
     :value 0,
     :process 0,
     :time 1279996518,
     :index 11},
    :model {:msg "can't read 0 from register 2"}}]),
 :previous-ok
 {:type :ok,
  :f :cas,
  :value [3 2],
  :process 3,
  :time 1218824205,
  :index 9},
 :last-op
 {:type :ok,
  :f :cas,
  :value [3 2],
  :process 3,
  :time 1218824205,
  :index 9},
 :op
 {:type :ok,
  :f :read,
  :value 0,
  :process 0,
  :time 1279996518,
  :index 11}}


Analysis invalid! (ﾉಥ益ಥ）ﾉ ┻━┻
