2016-12-13 16:17:56,712{GMT}	INFO	[jepsen node w1] jepsen.os.debian: w1 setting up debian
2016-12-13 16:17:56,712{GMT}	INFO	[jepsen node w2] jepsen.os.debian: w2 setting up debian
2016-12-13 16:17:56,712{GMT}	INFO	[jepsen node w3] jepsen.os.debian: w3 setting up debian
2016-12-13 16:17:56,712{GMT}	INFO	[jepsen node w5] jepsen.os.debian: w5 setting up debian
2016-12-13 16:17:56,712{GMT}	INFO	[jepsen node w4] jepsen.os.debian: w4 setting up debian
2016-12-13 16:17:57,432{GMT}	INFO	[jepsen node w5] jepsen.zookeeper: w5 tearing down ZK
2016-12-13 16:17:57,432{GMT}	INFO	[jepsen node w3] jepsen.zookeeper: w3 tearing down ZK
2016-12-13 16:17:57,432{GMT}	INFO	[jepsen node w4] jepsen.zookeeper: w4 tearing down ZK
2016-12-13 16:17:57,432{GMT}	INFO	[jepsen node w2] jepsen.zookeeper: w2 tearing down ZK
2016-12-13 16:17:57,432{GMT}	INFO	[jepsen node w1] jepsen.zookeeper: w1 tearing down ZK
2016-12-13 16:17:57,635{GMT}	INFO	[jepsen node w4] jepsen.zookeeper: Setting up ZK on  w4
2016-12-13 16:17:57,635{GMT}	INFO	[jepsen node w5] jepsen.zookeeper: Setting up ZK on  w5
2016-12-13 16:17:57,635{GMT}	INFO	[jepsen node w3] jepsen.zookeeper: Setting up ZK on  w3
2016-12-13 16:17:57,635{GMT}	INFO	[jepsen node w5] jepsen.zookeeper: w5 Installing ZK 3.4.5+dfsg-2
2016-12-13 16:17:57,635{GMT}	INFO	[jepsen node w4] jepsen.zookeeper: w4 Installing ZK 3.4.5+dfsg-2
2016-12-13 16:17:57,635{GMT}	INFO	[jepsen node w3] jepsen.zookeeper: w3 Installing ZK 3.4.5+dfsg-2
2016-12-13 16:17:57,635{GMT}	INFO	[jepsen node w1] jepsen.zookeeper: Setting up ZK on  w1
2016-12-13 16:17:57,636{GMT}	INFO	[jepsen node w2] jepsen.zookeeper: Setting up ZK on  w2
2016-12-13 16:17:57,636{GMT}	INFO	[jepsen node w1] jepsen.zookeeper: w1 Installing ZK 3.4.5+dfsg-2
2016-12-13 16:17:57,636{GMT}	INFO	[jepsen node w2] jepsen.zookeeper: w2 Installing ZK 3.4.5+dfsg-2
2016-12-13 16:17:57,945{GMT}	INFO	[jepsen node w3] jepsen.zookeeper: w3 id is 2
2016-12-13 16:17:57,945{GMT}	INFO	[jepsen node w5] jepsen.zookeeper: w5 id is 4
2016-12-13 16:17:57,945{GMT}	INFO	[jepsen node w4] jepsen.zookeeper: w4 id is 3
2016-12-13 16:17:57,945{GMT}	INFO	[jepsen node w1] jepsen.zookeeper: w1 id is 0
2016-12-13 16:17:57,945{GMT}	INFO	[jepsen node w2] jepsen.zookeeper: w2 id is 1
2016-12-13 16:17:58,150{GMT}	INFO	[jepsen node w1] jepsen.zookeeper: w1 ZK restarting
2016-12-13 16:17:58,151{GMT}	INFO	[jepsen node w2] jepsen.zookeeper: w2 ZK restarting
2016-12-13 16:17:58,151{GMT}	INFO	[jepsen node w4] jepsen.zookeeper: w4 ZK restarting
2016-12-13 16:17:58,151{GMT}	INFO	[jepsen node w5] jepsen.zookeeper: w5 ZK restarting
2016-12-13 16:17:58,151{GMT}	INFO	[jepsen node w3] jepsen.zookeeper: w3 ZK restarting
2016-12-13 16:18:03,252{GMT}	INFO	[jepsen node w4] jepsen.zookeeper: w4 ZK ready
2016-12-13 16:18:03,252{GMT}	INFO	[jepsen node w1] jepsen.zookeeper: w1 ZK ready
2016-12-13 16:18:03,252{GMT}	INFO	[jepsen node w2] jepsen.zookeeper: w2 ZK ready
2016-12-13 16:18:03,253{GMT}	INFO	[jepsen node w3] jepsen.zookeeper: w3 ZK ready
2016-12-13 16:18:03,253{GMT}	INFO	[jepsen node w5] jepsen.zookeeper: w5 ZK ready
2016-12-13 16:18:03,258{GMT}	INFO	[clojure-agent-send-off-pool-3] org.apache.zookeeper.ZooKeeper: Initiating client connection, connectString=w3 sessionTimeout=5000 watcher=zookeeper.internal$make_watcher$reify__762@665406a7
2016-12-13 16:18:03,260{GMT}	INFO	[clojure-agent-send-off-pool-1] org.apache.zookeeper.ZooKeeper: Initiating client connection, connectString=w1 sessionTimeout=5000 watcher=zookeeper.internal$make_watcher$reify__762@62bd9e21
2016-12-13 16:18:03,260{GMT}	INFO	[clojure-agent-send-off-pool-4] org.apache.zookeeper.ZooKeeper: Initiating client connection, connectString=w4 sessionTimeout=5000 watcher=zookeeper.internal$make_watcher$reify__762@3ddb275a
2016-12-13 16:18:03,260{GMT}	INFO	[clojure-agent-send-off-pool-0] org.apache.zookeeper.ZooKeeper: Initiating client connection, connectString=w2 sessionTimeout=5000 watcher=zookeeper.internal$make_watcher$reify__762@5dc30f9d
2016-12-13 16:18:03,260{GMT}	INFO	[clojure-agent-send-off-pool-2] org.apache.zookeeper.ZooKeeper: Initiating client connection, connectString=w5 sessionTimeout=5000 watcher=zookeeper.internal$make_watcher$reify__762@280095ab
2016-12-13 16:18:03,272{GMT}	INFO	[clojure-agent-send-off-pool-4-SendThread()] org.apache.zookeeper.ClientCnxn: Opening socket connection to server /192.168.32.104:2181
2016-12-13 16:18:03,274{GMT}	INFO	[clojure-agent-send-off-pool-0-SendThread()] org.apache.zookeeper.ClientCnxn: Opening socket connection to server /192.168.32.102:2181
2016-12-13 16:18:03,274{GMT}	INFO	[clojure-agent-send-off-pool-2-SendThread()] org.apache.zookeeper.ClientCnxn: Opening socket connection to server /192.168.32.105:2181
2016-12-13 16:18:03,275{GMT}	INFO	[clojure-agent-send-off-pool-3-SendThread()] org.apache.zookeeper.ClientCnxn: Opening socket connection to server /192.168.32.103:2181
2016-12-13 16:18:03,275{GMT}	INFO	[clojure-agent-send-off-pool-1-SendThread()] org.apache.zookeeper.ClientCnxn: Opening socket connection to server /192.168.32.101:2181
2016-12-13 16:18:03,282{GMT}	INFO	[clojure-agent-send-off-pool-1-SendThread(w1:2181)] org.apache.zookeeper.ClientCnxn: Socket connection established to w1/192.168.32.101:2181, initiating session
2016-12-13 16:18:03,282{GMT}	INFO	[clojure-agent-send-off-pool-2-SendThread(w5:2181)] org.apache.zookeeper.ClientCnxn: Socket connection established to w5/192.168.32.105:2181, initiating session
2016-12-13 16:18:03,282{GMT}	INFO	[clojure-agent-send-off-pool-0-SendThread(w2:2181)] org.apache.zookeeper.ClientCnxn: Socket connection established to w2/192.168.32.102:2181, initiating session
2016-12-13 16:18:03,282{GMT}	INFO	[clojure-agent-send-off-pool-3-SendThread(w3:2181)] org.apache.zookeeper.ClientCnxn: Socket connection established to w3/192.168.32.103:2181, initiating session
2016-12-13 16:18:03,283{GMT}	INFO	[clojure-agent-send-off-pool-4-SendThread(w4:2181)] org.apache.zookeeper.ClientCnxn: Socket connection established to w4/192.168.32.104:2181, initiating session
2016-12-13 16:18:03,380{GMT}	INFO	[clojure-agent-send-off-pool-4-SendThread(w4:2181)] org.apache.zookeeper.ClientCnxn: Session establishment complete on server w4/192.168.32.104:2181, sessionid = 0x158f8f9ecc00000, negotiated timeout = 5000
2016-12-13 16:18:03,380{GMT}	INFO	[clojure-agent-send-off-pool-0-SendThread(w2:2181)] org.apache.zookeeper.ClientCnxn: Session establishment complete on server w2/192.168.32.102:2181, sessionid = 0x158f8f9ec920000, negotiated timeout = 5000
2016-12-13 16:18:03,381{GMT}	INFO	[clojure-agent-send-off-pool-1-SendThread(w1:2181)] org.apache.zookeeper.ClientCnxn: Session establishment complete on server w1/192.168.32.101:2181, sessionid = 0x158f8f9ec7e0000, negotiated timeout = 5000
2016-12-13 16:18:03,400{GMT}	INFO	[clojure-agent-send-off-pool-2-SendThread(w5:2181)] org.apache.zookeeper.ClientCnxn: Session establishment complete on server w5/192.168.32.105:2181, sessionid = 0x158f8f9ed6c0000, negotiated timeout = 5000
2016-12-13 16:18:03,417{GMT}	INFO	[clojure-agent-send-off-pool-3-SendThread(w3:2181)] org.apache.zookeeper.ClientCnxn: Session establishment complete on server w3/192.168.32.103:2181, sessionid = 0x158f8f9ef200000, negotiated timeout = 5000
2016-12-13 16:18:03,499{GMT}	INFO	[jepsen nemesis] jepsen.core: Nemesis starting
2016-12-13 16:18:03,499{GMT}	INFO	[jepsen nemesis] jepsen.core: nemesis done
2016-12-13 16:18:03,500{GMT}	INFO	[jepsen worker 1] jepsen.core: Worker 1 starting
2016-12-13 16:18:03,500{GMT}	INFO	[jepsen worker 0] jepsen.core: Worker 0 starting
2016-12-13 16:18:03,500{GMT}	INFO	[jepsen worker 3] jepsen.core: Worker 3 starting
2016-12-13 16:18:03,500{GMT}	INFO	[jepsen worker 4] jepsen.core: Worker 4 starting
2016-12-13 16:18:03,500{GMT}	INFO	[jepsen worker 2] jepsen.core: Worker 2 starting
2016-12-13 16:18:03,991{GMT}	INFO	[jepsen worker 0] jepsen.util: 0	:invoke	:write	2
2016-12-13 16:18:04,009{GMT}	INFO	[jepsen worker 0] jepsen.util: 0	:ok	:write	2
2016-12-13 16:18:04,167{GMT}	INFO	[jepsen worker 3] jepsen.util: 3	:invoke	:read	nil
2016-12-13 16:18:04,176{GMT}	INFO	[clojure-agent-send-off-pool-1] jepsen.zookeeper: log from test 0
2016-12-13 16:18:04,177{GMT}	INFO	[jepsen worker 3] jepsen.util: 3	:ok	:read	0
2016-12-13 16:18:04,274{GMT}	INFO	[jepsen worker 2] jepsen.util: 2	:invoke	:read	nil
2016-12-13 16:18:04,278{GMT}	INFO	[clojure-agent-send-off-pool-1] jepsen.zookeeper: log from test 0
2016-12-13 16:18:04,278{GMT}	INFO	[jepsen worker 2] jepsen.util: 2	:ok	:read	0
2016-12-13 16:18:04,522{GMT}	INFO	[jepsen worker 0] jepsen.util: 0	:invoke	:write	4
2016-12-13 16:18:04,537{GMT}	INFO	[jepsen worker 0] jepsen.util: 0	:ok	:write	4
2016-12-13 16:18:04,663{GMT}	INFO	[jepsen worker 4] jepsen.util: 4	:invoke	:write	4
2016-12-13 16:18:04,679{GMT}	INFO	[jepsen worker 4] jepsen.util: 4	:ok	:write	4
2016-12-13 16:18:04,788{GMT}	INFO	[jepsen worker 0] jepsen.util: 0	:invoke	:write	1
2016-12-13 16:18:04,805{GMT}	INFO	[jepsen worker 0] jepsen.util: 0	:ok	:write	1
2016-12-13 16:18:04,863{GMT}	INFO	[jepsen worker 1] jepsen.util: 1	:invoke	:write	3
2016-12-13 16:18:04,878{GMT}	INFO	[jepsen worker 1] jepsen.util: 1	:ok	:write	3
2016-12-13 16:18:05,181{GMT}	INFO	[jepsen worker 2] jepsen.util: 2	:invoke	:write	1
2016-12-13 16:18:05,193{GMT}	INFO	[jepsen worker 3] jepsen.util: 3	:invoke	:write	2
2016-12-13 16:18:05,196{GMT}	INFO	[jepsen worker 2] jepsen.util: 2	:ok	:write	1
2016-12-13 16:18:05,208{GMT}	INFO	[jepsen worker 3] jepsen.util: 3	:ok	:write	2
2016-12-13 16:18:05,366{GMT}	INFO	[jepsen worker 4] jepsen.util: 4	:invoke	:write	3
2016-12-13 16:18:05,384{GMT}	INFO	[jepsen worker 4] jepsen.util: 4	:ok	:write	3
2016-12-13 16:18:05,445{GMT}	INFO	[jepsen worker 2] jepsen.util: 2	:invoke	:write	3
2016-12-13 16:18:05,461{GMT}	INFO	[jepsen worker 2] jepsen.util: 2	:ok	:write	3
2016-12-13 16:18:05,645{GMT}	INFO	[jepsen worker 4] jepsen.util: 4	:invoke	:write	0
2016-12-13 16:18:05,664{GMT}	INFO	[jepsen worker 4] jepsen.util: 4	:ok	:write	0
2016-12-13 16:18:05,683{GMT}	INFO	[jepsen worker 0] jepsen.util: 0	:invoke	:read	nil
2016-12-13 16:18:05,686{GMT}	INFO	[clojure-agent-send-off-pool-6] jepsen.zookeeper: log from test 1
2016-12-13 16:18:05,686{GMT}	INFO	[jepsen worker 0] jepsen.util: 0	:ok	:read	1
2016-12-13 16:18:06,156{GMT}	INFO	[jepsen worker 4] jepsen.util: 4	:invoke	:write	1
2016-12-13 16:18:06,175{GMT}	INFO	[jepsen worker 4] jepsen.util: 4	:ok	:write	1
2016-12-13 16:18:06,301{GMT}	INFO	[jepsen worker 3] jepsen.util: 3	:invoke	:read	nil
2016-12-13 16:18:06,302{GMT}	INFO	[clojure-agent-send-off-pool-4] jepsen.zookeeper: log from test 2
2016-12-13 16:18:06,302{GMT}	INFO	[jepsen worker 3] jepsen.util: 3	:ok	:read	2
2016-12-13 16:18:06,348{GMT}	INFO	[jepsen worker 2] jepsen.util: 2	:invoke	:read	nil
2016-12-13 16:18:06,350{GMT}	INFO	[clojure-agent-send-off-pool-4] jepsen.zookeeper: log from test 3
2016-12-13 16:18:06,350{GMT}	INFO	[jepsen worker 2] jepsen.util: 2	:ok	:read	3
2016-12-13 16:18:06,440{GMT}	INFO	[jepsen worker 2] jepsen.util: 2	:invoke	:read	nil
2016-12-13 16:18:06,441{GMT}	INFO	[clojure-agent-send-off-pool-4] jepsen.zookeeper: log from test 3
2016-12-13 16:18:06,441{GMT}	INFO	[jepsen worker 2] jepsen.util: 2	:ok	:read	3
2016-12-13 16:18:06,447{GMT}	INFO	[jepsen worker 1] jepsen.util: 1	:invoke	:read	nil
2016-12-13 16:18:06,450{GMT}	INFO	[clojure-agent-send-off-pool-4] jepsen.zookeeper: log from test 3
2016-12-13 16:18:06,450{GMT}	INFO	[jepsen worker 1] jepsen.util: 1	:ok	:read	3
2016-12-13 16:18:06,895{GMT}	INFO	[jepsen worker 1] jepsen.util: 1	:invoke	:read	nil
2016-12-13 16:18:06,896{GMT}	INFO	[clojure-agent-send-off-pool-4] jepsen.zookeeper: log from test 3
2016-12-13 16:18:06,896{GMT}	INFO	[jepsen worker 1] jepsen.util: 1	:ok	:read	3
2016-12-13 16:18:06,908{GMT}	INFO	[jepsen worker 0] jepsen.util: 0	:invoke	:read	nil
2016-12-13 16:18:06,909{GMT}	INFO	[clojure-agent-send-off-pool-4] jepsen.zookeeper: log from test 1
2016-12-13 16:18:06,909{GMT}	INFO	[jepsen worker 0] jepsen.util: 0	:ok	:read	1
2016-12-13 16:18:07,010{GMT}	INFO	[jepsen worker 3] jepsen.util: 3	:invoke	:write	2
2016-12-13 16:18:07,027{GMT}	INFO	[jepsen worker 3] jepsen.util: 3	:ok	:write	2
2016-12-13 16:18:07,054{GMT}	INFO	[jepsen worker 1] jepsen.util: 1	:invoke	:read	nil
2016-12-13 16:18:07,055{GMT}	INFO	[clojure-agent-send-off-pool-6] jepsen.zookeeper: log from test 3
2016-12-13 16:18:07,055{GMT}	INFO	[jepsen worker 1] jepsen.util: 1	:ok	:read	3
2016-12-13 16:18:07,192{GMT}	INFO	[jepsen worker 4] jepsen.util: 4	:invoke	:read	nil
2016-12-13 16:18:07,195{GMT}	INFO	[clojure-agent-send-off-pool-6] jepsen.zookeeper: log from test 1
2016-12-13 16:18:07,195{GMT}	INFO	[jepsen worker 4] jepsen.util: 4	:ok	:read	1
2016-12-13 16:18:07,208{GMT}	INFO	[jepsen worker 4] jepsen.util: 4	:invoke	:read	nil
2016-12-13 16:18:07,208{GMT}	INFO	[clojure-agent-send-off-pool-6] jepsen.zookeeper: log from test 1
2016-12-13 16:18:07,208{GMT}	INFO	[jepsen worker 4] jepsen.util: 4	:ok	:read	1
2016-12-13 16:18:07,389{GMT}	INFO	[jepsen worker 1] jepsen.util: 1	:invoke	:write	1
2016-12-13 16:18:07,409{GMT}	INFO	[jepsen worker 1] jepsen.util: 1	:ok	:write	1
2016-12-13 16:18:08,056{GMT}	INFO	[jepsen worker 1] jepsen.util: 1	:invoke	:read	nil
2016-12-13 16:18:08,057{GMT}	INFO	[clojure-agent-send-off-pool-4] jepsen.zookeeper: log from test 1
2016-12-13 16:18:08,057{GMT}	INFO	[jepsen worker 1] jepsen.util: 1	:ok	:read	1
2016-12-13 16:18:08,365{GMT}	INFO	[jepsen worker 2] jepsen.util: 2	:invoke	:read	nil
2016-12-13 16:18:08,366{GMT}	INFO	[clojure-agent-send-off-pool-4] jepsen.zookeeper: log from test 3
2016-12-13 16:18:08,370{GMT}	INFO	[jepsen worker 3] jepsen.util: 3	:invoke	:write	0
2016-12-13 16:18:08,388{GMT}	INFO	[jepsen worker 2] jepsen.util: 2	:ok	:read	3
2016-12-13 16:18:08,404{GMT}	INFO	[jepsen worker 3] jepsen.util: 3	:ok	:write	0
2016-12-13 16:18:08,456{GMT}	INFO	[jepsen worker 0] jepsen.util: 0	:invoke	:read	nil
2016-12-13 16:18:08,457{GMT}	INFO	[clojure-agent-send-off-pool-4] jepsen.zookeeper: log from test 1
2016-12-13 16:18:08,457{GMT}	INFO	[jepsen worker 0] jepsen.util: 0	:ok	:read	1
2016-12-13 16:18:08,897{GMT}	INFO	[jepsen worker 4] jepsen.util: 4	:invoke	:read	nil
2016-12-13 16:18:08,898{GMT}	INFO	[clojure-agent-send-off-pool-4] jepsen.zookeeper: log from test 1
2016-12-13 16:18:08,898{GMT}	INFO	[jepsen worker 4] jepsen.util: 4	:ok	:read	1
2016-12-13 16:18:08,959{GMT}	INFO	[jepsen worker 0] jepsen.util: 0	:invoke	:read	nil
2016-12-13 16:18:08,959{GMT}	INFO	[clojure-agent-send-off-pool-4] jepsen.zookeeper: log from test 1
2016-12-13 16:18:08,959{GMT}	INFO	[jepsen worker 0] jepsen.util: 0	:ok	:read	1
2016-12-13 16:18:09,424{GMT}	INFO	[jepsen worker 2] jepsen.util: 2	:invoke	:read	nil
2016-12-13 16:18:09,425{GMT}	INFO	[clojure-agent-send-off-pool-4] jepsen.zookeeper: log from test 3
2016-12-13 16:18:09,425{GMT}	INFO	[jepsen worker 2] jepsen.util: 2	:ok	:read	3
2016-12-13 16:18:09,439{GMT}	INFO	[jepsen worker 1] jepsen.util: 1	:invoke	:write	1
2016-12-13 16:18:09,453{GMT}	INFO	[jepsen worker 3] jepsen.util: 3	:invoke	:write	4
2016-12-13 16:18:09,456{GMT}	INFO	[jepsen worker 1] jepsen.util: 1	:ok	:write	1
2016-12-13 16:18:09,466{GMT}	INFO	[jepsen worker 3] jepsen.util: 3	:ok	:write	4
2016-12-13 16:18:09,660{GMT}	INFO	[jepsen worker 3] jepsen.util: 3	:invoke	:write	0
2016-12-13 16:18:09,677{GMT}	INFO	[jepsen worker 3] jepsen.util: 3	:ok	:write	0
2016-12-13 16:18:09,727{GMT}	INFO	[jepsen worker 4] jepsen.util: 4	:invoke	:read	nil
2016-12-13 16:18:09,727{GMT}	INFO	[clojure-agent-send-off-pool-1] jepsen.zookeeper: log from test 1
2016-12-13 16:18:09,728{GMT}	INFO	[jepsen worker 4] jepsen.util: 4	:ok	:read	1
2016-12-13 16:18:10,157{GMT}	INFO	[jepsen worker 3] jepsen.util: 3	:invoke	:write	1
2016-12-13 16:18:10,171{GMT}	INFO	[jepsen worker 3] jepsen.util: 3	:ok	:write	1
2016-12-13 16:18:10,201{GMT}	INFO	[jepsen worker 0] jepsen.util: 0	:invoke	:write	1
2016-12-13 16:18:10,214{GMT}	INFO	[jepsen worker 0] jepsen.util: 0	:ok	:write	1
2016-12-13 16:18:10,861{GMT}	INFO	[jepsen worker 1] jepsen.util: 1	:invoke	:read	nil
2016-12-13 16:18:10,862{GMT}	INFO	[clojure-agent-send-off-pool-1] jepsen.zookeeper: log from test 1
2016-12-13 16:18:10,863{GMT}	INFO	[jepsen worker 1] jepsen.util: 1	:ok	:read	1
2016-12-13 16:18:11,023{GMT}	INFO	[jepsen worker 2] jepsen.util: 2	:invoke	:read	nil
2016-12-13 16:18:11,023{GMT}	INFO	[clojure-agent-send-off-pool-1] jepsen.zookeeper: log from test 3
2016-12-13 16:18:11,024{GMT}	INFO	[jepsen worker 2] jepsen.util: 2	:ok	:read	3
2016-12-13 16:18:11,078{GMT}	INFO	[jepsen worker 0] jepsen.util: 0	:invoke	:write	1
2016-12-13 16:18:11,095{GMT}	INFO	[jepsen worker 0] jepsen.util: 0	:ok	:write	1
2016-12-13 16:18:11,182{GMT}	INFO	[jepsen worker 4] jepsen.util: 4	:invoke	:read	nil
2016-12-13 16:18:11,182{GMT}	INFO	[clojure-agent-send-off-pool-6] jepsen.zookeeper: log from test 1
2016-12-13 16:18:11,182{GMT}	INFO	[jepsen worker 4] jepsen.util: 4	:ok	:read	1
2016-12-13 16:18:11,492{GMT}	INFO	[jepsen worker 2] jepsen.util: 2	:invoke	:read	nil
2016-12-13 16:18:11,492{GMT}	INFO	[clojure-agent-send-off-pool-6] jepsen.zookeeper: log from test 3
2016-12-13 16:18:11,492{GMT}	INFO	[jepsen worker 2] jepsen.util: 2	:ok	:read	3
2016-12-13 16:18:11,661{GMT}	INFO	[jepsen worker 0] jepsen.util: 0	:invoke	:write	3
2016-12-13 16:18:11,675{GMT}	INFO	[jepsen worker 3] jepsen.util: 3	:invoke	:read	nil
2016-12-13 16:18:11,676{GMT}	INFO	[clojure-agent-send-off-pool-4] jepsen.zookeeper: log from test 1
2016-12-13 16:18:11,677{GMT}	INFO	[jepsen worker 3] jepsen.util: 3	:ok	:read	1
2016-12-13 16:18:11,678{GMT}	INFO	[jepsen worker 0] jepsen.util: 0	:ok	:write	3
2016-12-13 16:18:11,855{GMT}	INFO	[jepsen worker 1] jepsen.util: 1	:invoke	:write	3
2016-12-13 16:18:11,868{GMT}	INFO	[jepsen worker 1] jepsen.util: 1	:ok	:write	3
2016-12-13 16:18:12,519{GMT}	INFO	[jepsen worker 4] jepsen.util: 4	:invoke	:write	1
2016-12-13 16:18:12,536{GMT}	INFO	[jepsen worker 4] jepsen.util: 4	:ok	:write	1
2016-12-13 16:18:12,576{GMT}	INFO	[jepsen worker 3] jepsen.util: 3	:invoke	:write	1
2016-12-13 16:18:12,592{GMT}	INFO	[jepsen worker 3] jepsen.util: 3	:ok	:write	1
2016-12-13 16:18:12,787{GMT}	INFO	[jepsen worker 3] jepsen.util: 3	:invoke	:read	nil
2016-12-13 16:18:12,788{GMT}	INFO	[clojure-agent-send-off-pool-6] jepsen.zookeeper: log from test 1
2016-12-13 16:18:12,788{GMT}	INFO	[jepsen worker 3] jepsen.util: 3	:ok	:read	1
2016-12-13 16:18:12,846{GMT}	INFO	[jepsen worker 4] jepsen.util: 4	:invoke	:read	nil
2016-12-13 16:18:12,847{GMT}	INFO	[clojure-agent-send-off-pool-6] jepsen.zookeeper: log from test 1
2016-12-13 16:18:12,847{GMT}	INFO	[jepsen worker 4] jepsen.util: 4	:ok	:read	1
2016-12-13 16:18:12,997{GMT}	INFO	[jepsen worker 1] jepsen.util: 1	:invoke	:write	0
2016-12-13 16:18:13,012{GMT}	INFO	[jepsen worker 1] jepsen.util: 1	:ok	:write	0
2016-12-13 16:18:13,101{GMT}	INFO	[jepsen worker 2] jepsen.util: 2	:invoke	:read	nil
2016-12-13 16:18:13,101{GMT}	INFO	[clojure-agent-send-off-pool-1] jepsen.zookeeper: log from test 3
2016-12-13 16:18:13,101{GMT}	INFO	[jepsen worker 2] jepsen.util: 2	:ok	:read	3
2016-12-13 16:18:13,337{GMT}	INFO	[jepsen worker 4] jepsen.util: 4	:invoke	:read	nil
2016-12-13 16:18:13,337{GMT}	INFO	[clojure-agent-send-off-pool-1] jepsen.zookeeper: log from test 1
2016-12-13 16:18:13,337{GMT}	INFO	[jepsen worker 4] jepsen.util: 4	:ok	:read	1
2016-12-13 16:18:13,535{GMT}	INFO	[jepsen worker 0] jepsen.util: 0	:invoke	:read	nil
2016-12-13 16:18:13,536{GMT}	INFO	[clojure-agent-send-off-pool-1] jepsen.zookeeper: log from test 3
2016-12-13 16:18:13,539{GMT}	INFO	[jepsen worker 0] jepsen.util: 0	:ok	:read	3
2016-12-13 16:18:14,021{GMT}	INFO	[jepsen worker 2] jepsen.util: 2	:invoke	:read	nil
2016-12-13 16:18:14,021{GMT}	INFO	[clojure-agent-send-off-pool-1] jepsen.zookeeper: log from test 3
2016-12-13 16:18:14,021{GMT}	INFO	[jepsen worker 2] jepsen.util: 2	:ok	:read	3
2016-12-13 16:18:14,574{GMT}	INFO	[jepsen worker 0] jepsen.util: 0	:invoke	:write	2
2016-12-13 16:18:14,608{GMT}	INFO	[jepsen worker 0] jepsen.util: 0	:ok	:write	2
2016-12-13 16:18:14,680{GMT}	INFO	[jepsen worker 3] jepsen.util: 3	:invoke	:read	nil
2016-12-13 16:18:14,680{GMT}	INFO	[clojure-agent-send-off-pool-6] jepsen.zookeeper: log from test 1
2016-12-13 16:18:14,680{GMT}	INFO	[jepsen worker 3] jepsen.util: 3	:ok	:read	1
2016-12-13 16:18:14,723{GMT}	INFO	[jepsen worker 1] jepsen.util: 1	:invoke	:write	1
2016-12-13 16:18:14,743{GMT}	INFO	[jepsen worker 1] jepsen.util: 1	:ok	:write	1
2016-12-13 16:18:14,863{GMT}	INFO	[jepsen worker 4] jepsen.util: 4	:invoke	:read	nil
2016-12-13 16:18:14,863{GMT}	INFO	[clojure-agent-send-off-pool-1] jepsen.zookeeper: log from test 1
2016-12-13 16:18:14,863{GMT}	INFO	[jepsen worker 4] jepsen.util: 4	:ok	:read	1
2016-12-13 16:18:14,881{GMT}	INFO	[jepsen worker 2] jepsen.util: 2	:invoke	:read	nil
2016-12-13 16:18:14,881{GMT}	INFO	[clojure-agent-send-off-pool-1] jepsen.zookeeper: log from test 3
2016-12-13 16:18:14,882{GMT}	INFO	[jepsen worker 2] jepsen.util: 2	:ok	:read	3
2016-12-13 16:18:14,975{GMT}	INFO	[jepsen worker 4] jepsen.util: 4	:invoke	:read	nil
2016-12-13 16:18:14,976{GMT}	INFO	[clojure-agent-send-off-pool-1] jepsen.zookeeper: log from test 1
2016-12-13 16:18:14,976{GMT}	INFO	[jepsen worker 4] jepsen.util: 4	:ok	:read	1
2016-12-13 16:18:15,093{GMT}	INFO	[jepsen worker 3] jepsen.util: 3	:invoke	:read	nil
2016-12-13 16:18:15,093{GMT}	INFO	[clojure-agent-send-off-pool-1] jepsen.zookeeper: log from test 1
2016-12-13 16:18:15,094{GMT}	INFO	[jepsen worker 3] jepsen.util: 3	:ok	:read	1
2016-12-13 16:18:15,466{GMT}	INFO	[jepsen worker 2] jepsen.util: 2	:invoke	:write	2
2016-12-13 16:18:15,482{GMT}	INFO	[jepsen worker 2] jepsen.util: 2	:ok	:write	2
2016-12-13 16:18:15,696{GMT}	INFO	[jepsen worker 1] jepsen.util: 1	:invoke	:read	nil
2016-12-13 16:18:15,698{GMT}	INFO	[clojure-agent-send-off-pool-6] jepsen.zookeeper: log from test 1
2016-12-13 16:18:15,698{GMT}	INFO	[jepsen worker 1] jepsen.util: 1	:ok	:read	1
2016-12-13 16:18:15,781{GMT}	INFO	[jepsen worker 2] jepsen.util: 2	:invoke	:write	2
2016-12-13 16:18:15,794{GMT}	INFO	[jepsen worker 2] jepsen.util: 2	:ok	:write	2
2016-12-13 16:18:16,524{GMT}	INFO	[jepsen worker 0] jepsen.util: 0	:invoke	:read	nil
2016-12-13 16:18:16,525{GMT}	INFO	[clojure-agent-send-off-pool-1] jepsen.zookeeper: log from test 2
2016-12-13 16:18:16,525{GMT}	INFO	[jepsen worker 0] jepsen.util: 0	:ok	:read	2
2016-12-13 16:18:16,655{GMT}	INFO	[jepsen worker 4] jepsen.util: 4	:invoke	:read	nil
2016-12-13 16:18:16,655{GMT}	INFO	[clojure-agent-send-off-pool-1] jepsen.zookeeper: log from test 1
2016-12-13 16:18:16,655{GMT}	INFO	[jepsen worker 4] jepsen.util: 4	:ok	:read	1
2016-12-13 16:18:16,795{GMT}	INFO	[jepsen worker 3] jepsen.util: 3	:invoke	:write	2
2016-12-13 16:18:16,809{GMT}	INFO	[jepsen worker 3] jepsen.util: 3	:ok	:write	2
2016-12-13 16:18:17,036{GMT}	INFO	[jepsen worker 1] jepsen.util: 1	:invoke	:write	4
2016-12-13 16:18:17,066{GMT}	INFO	[jepsen worker 1] jepsen.util: 1	:ok	:write	4
2016-12-13 16:18:17,089{GMT}	INFO	[jepsen worker 3] jepsen.util: 3	:invoke	:read	nil
2016-12-13 16:18:17,090{GMT}	INFO	[clojure-agent-send-off-pool-1] jepsen.zookeeper: log from test 2
2016-12-13 16:18:17,091{GMT}	INFO	[jepsen worker 3] jepsen.util: 3	:ok	:read	2
2016-12-13 16:18:17,374{GMT}	INFO	[jepsen worker 2] jepsen.util: 2	:invoke	:write	1
2016-12-13 16:18:17,388{GMT}	INFO	[jepsen worker 2] jepsen.util: 2	:ok	:write	1
2016-12-13 16:18:17,495{GMT}	INFO	[jepsen worker 3] jepsen.util: 3	:invoke	:write	1
2016-12-13 16:18:17,496{GMT}	INFO	[jepsen worker 4] jepsen.util: 4	:invoke	:write	2
2016-12-13 16:18:17,509{GMT}	INFO	[jepsen worker 3] jepsen.util: 3	:ok	:write	1
2016-12-13 16:18:17,511{GMT}	INFO	[jepsen worker 4] jepsen.util: 4	:ok	:write	2
2016-12-13 16:18:18,441{GMT}	INFO	[jepsen worker 3] jepsen.util: 3	:invoke	:write	4
2016-12-13 16:18:18,454{GMT}	INFO	[jepsen worker 3] jepsen.util: 3	:ok	:write	4
2016-12-13 16:18:18,476{GMT}	INFO	[jepsen worker 1] jepsen.util: 1	:invoke	:read	nil
2016-12-13 16:18:18,477{GMT}	INFO	[clojure-agent-send-off-pool-1] jepsen.zookeeper: log from test 4
2016-12-13 16:18:18,477{GMT}	INFO	[jepsen worker 1] jepsen.util: 1	:ok	:read	4
2016-12-13 16:18:18,505{GMT}	INFO	[jepsen worker 0] jepsen.util: 0	:invoke	:read	nil
2016-12-13 16:18:18,505{GMT}	INFO	[clojure-agent-send-off-pool-1] jepsen.zookeeper: log from test 2
2016-12-13 16:18:18,505{GMT}	INFO	[jepsen worker 0] jepsen.util: 0	:ok	:read	2
2016-12-13 16:18:18,505{GMT}	INFO	[jepsen worker 0] jepsen.core: Worker 0 done
2016-12-13 16:18:18,673{GMT}	INFO	[jepsen worker 4] jepsen.util: 4	:invoke	:read	nil
2016-12-13 16:18:18,675{GMT}	INFO	[clojure-agent-send-off-pool-7] jepsen.zookeeper: log from test 2
2016-12-13 16:18:18,681{GMT}	INFO	[jepsen worker 4] jepsen.util: 4	:ok	:read	2
2016-12-13 16:18:18,681{GMT}	INFO	[jepsen worker 4] jepsen.core: Worker 4 done
2016-12-13 16:18:18,752{GMT}	INFO	[jepsen worker 1] jepsen.util: 1	:invoke	:read	nil
2016-12-13 16:18:18,753{GMT}	INFO	[clojure-agent-send-off-pool-5] jepsen.zookeeper: log from test 4
2016-12-13 16:18:18,753{GMT}	INFO	[jepsen worker 1] jepsen.util: 1	:ok	:read	4
2016-12-13 16:18:18,753{GMT}	INFO	[jepsen worker 1] jepsen.core: Worker 1 done
2016-12-13 16:18:19,080{GMT}	INFO	[jepsen worker 2] jepsen.util: 2	:invoke	:read	nil
2016-12-13 16:18:19,082{GMT}	INFO	[clojure-agent-send-off-pool-3] jepsen.zookeeper: log from test 1
2016-12-13 16:18:19,082{GMT}	INFO	[jepsen worker 2] jepsen.util: 2	:ok	:read	1
2016-12-13 16:18:19,082{GMT}	INFO	[jepsen worker 2] jepsen.core: Worker 2 done
2016-12-13 16:18:19,375{GMT}	INFO	[jepsen worker 3] jepsen.util: 3	:invoke	:read	nil
2016-12-13 16:18:19,376{GMT}	INFO	[clojure-agent-send-off-pool-8] jepsen.zookeeper: log from test 4
2016-12-13 16:18:19,376{GMT}	INFO	[jepsen worker 3] jepsen.util: 3	:ok	:read	4
2016-12-13 16:18:19,376{GMT}	INFO	[jepsen worker 3] jepsen.core: Worker 3 done
2016-12-13 16:18:19,376{GMT}	INFO	[jepsen test runner] jepsen.core: Waiting for nemesis to complete
2016-12-13 16:18:19,376{GMT}	INFO	[jepsen test runner] jepsen.core: nemesis done.
2016-12-13 16:18:19,377{GMT}	INFO	[jepsen test runner] jepsen.core: Tearing down nemesis
2016-12-13 16:18:19,377{GMT}	INFO	[jepsen test runner] jepsen.core: Nemesis torn down
2016-12-13 16:18:19,380{GMT}	INFO	[clojure-agent-send-off-pool-8] org.apache.zookeeper.ZooKeeper: Session: 0x158f8f9ec920000 closed
2016-12-13 16:18:19,380{GMT}	INFO	[clojure-agent-send-off-pool-0-EventThread] org.apache.zookeeper.ClientCnxn: EventThread shut down
2016-12-13 16:18:19,380{GMT}	INFO	[clojure-agent-send-off-pool-3] org.apache.zookeeper.ZooKeeper: Session: 0x158f8f9ef200000 closed
2016-12-13 16:18:19,380{GMT}	INFO	[clojure-agent-send-off-pool-3-EventThread] org.apache.zookeeper.ClientCnxn: EventThread shut down
2016-12-13 16:18:19,381{GMT}	INFO	[clojure-agent-send-off-pool-7] org.apache.zookeeper.ZooKeeper: Session: 0x158f8f9ed6c0000 closed
2016-12-13 16:18:19,381{GMT}	INFO	[clojure-agent-send-off-pool-2-EventThread] org.apache.zookeeper.ClientCnxn: EventThread shut down
2016-12-13 16:18:19,381{GMT}	INFO	[clojure-agent-send-off-pool-5] org.apache.zookeeper.ZooKeeper: Session: 0x158f8f9ecc00000 closed
2016-12-13 16:18:19,381{GMT}	INFO	[clojure-agent-send-off-pool-4-EventThread] org.apache.zookeeper.ClientCnxn: EventThread shut down
2016-12-13 16:18:19,381{GMT}	INFO	[clojure-agent-send-off-pool-2] org.apache.zookeeper.ZooKeeper: Session: 0x158f8f9ec7e0000 closed
2016-12-13 16:18:19,381{GMT}	INFO	[clojure-agent-send-off-pool-1-EventThread] org.apache.zookeeper.ClientCnxn: EventThread shut down
2016-12-13 16:18:19,382{GMT}	INFO	[jepsen test runner] jepsen.core: Snarfing log files
2016-12-13 16:18:19,385{GMT}	INFO	[jepsen node w2] jepsen.core: downloading /var/log/zookeeper/zookeeper.log to zookeeper.log
2016-12-13 16:18:19,385{GMT}	INFO	[jepsen node w3] jepsen.core: downloading /var/log/zookeeper/zookeeper.log to zookeeper.log
2016-12-13 16:18:19,385{GMT}	INFO	[jepsen node w5] jepsen.core: downloading /var/log/zookeeper/zookeeper.log to zookeeper.log
2016-12-13 16:18:19,386{GMT}	INFO	[jepsen node w4] jepsen.core: downloading /var/log/zookeeper/zookeeper.log to zookeeper.log
2016-12-13 16:18:19,386{GMT}	INFO	[jepsen node w1] jepsen.core: downloading /var/log/zookeeper/zookeeper.log to zookeeper.log
2016-12-13 16:18:19,401{GMT}	INFO	[jepsen test runner] jepsen.core: Run complete, writing
2016-12-13 16:18:19,427{GMT}	INFO	[jepsen node w3] jepsen.zookeeper: w3 tearing down ZK
2016-12-13 16:18:19,427{GMT}	INFO	[jepsen node w4] jepsen.zookeeper: w4 tearing down ZK
2016-12-13 16:18:19,427{GMT}	INFO	[jepsen node w2] jepsen.zookeeper: w2 tearing down ZK
2016-12-13 16:18:19,427{GMT}	INFO	[jepsen node w5] jepsen.zookeeper: w5 tearing down ZK
2016-12-13 16:18:19,427{GMT}	INFO	[jepsen node w1] jepsen.zookeeper: w1 tearing down ZK
2016-12-13 16:18:20,037{GMT}	INFO	[jepsen test runner] jepsen.core: Analyzing
2016-12-13 16:18:20,070{GMT}	INFO	[jepsen test runner] jepsen.core: Analysis complete
2016-12-13 16:18:20,086{GMT}	INFO	[jepsen results] jepsen.store: Wrote /home/admin/jepsen.zookeeper/store/zookeeper/20161213T161756.000Z/results.edn
2016-12-13 16:18:20,096{GMT}	INFO	[main] jepsen.core: {:valid? true,
 :configs
 ({:model {},
   :last-op
   {:type :ok,
    :f :read,
    :value 4,
    :process 3,
    :time 16121172995,
    :index 159},
   :pending []}),
 :final-paths ()}


Everything looks good! ヽ(‘ー`)ノ
