2016-12-14 11:48:14,497{GMT}	INFO	[jepsen node w1] jepsen.os.debian: w1 setting up debian
2016-12-14 11:48:14,497{GMT}	INFO	[jepsen node w3] jepsen.os.debian: w3 setting up debian
2016-12-14 11:48:14,497{GMT}	INFO	[jepsen node w2] jepsen.os.debian: w2 setting up debian
2016-12-14 11:48:14,497{GMT}	INFO	[jepsen node w4] jepsen.os.debian: w4 setting up debian
2016-12-14 11:48:14,497{GMT}	INFO	[jepsen node w5] jepsen.os.debian: w5 setting up debian
2016-12-14 11:48:15,216{GMT}	INFO	[jepsen node w3] jepsen.zookeeper: w3 tearing down ZK
2016-12-14 11:48:15,216{GMT}	INFO	[jepsen node w2] jepsen.zookeeper: w2 tearing down ZK
2016-12-14 11:48:15,216{GMT}	INFO	[jepsen node w5] jepsen.zookeeper: w5 tearing down ZK
2016-12-14 11:48:15,217{GMT}	INFO	[jepsen node w4] jepsen.zookeeper: w4 tearing down ZK
2016-12-14 11:48:15,217{GMT}	INFO	[jepsen node w1] jepsen.zookeeper: w1 tearing down ZK
2016-12-14 11:48:15,420{GMT}	INFO	[jepsen node w3] jepsen.zookeeper: Setting up ZK on  w3
2016-12-14 11:48:15,420{GMT}	INFO	[jepsen node w5] jepsen.zookeeper: Setting up ZK on  w5
2016-12-14 11:48:15,420{GMT}	INFO	[jepsen node w4] jepsen.zookeeper: Setting up ZK on  w4
2016-12-14 11:48:15,420{GMT}	INFO	[jepsen node w1] jepsen.zookeeper: Setting up ZK on  w1
2016-12-14 11:48:15,420{GMT}	INFO	[jepsen node w2] jepsen.zookeeper: Setting up ZK on  w2
2016-12-14 11:48:15,421{GMT}	INFO	[jepsen node w3] jepsen.zookeeper: w3 Installing ZK 3.4.5+dfsg-2
2016-12-14 11:48:15,421{GMT}	INFO	[jepsen node w5] jepsen.zookeeper: w5 Installing ZK 3.4.5+dfsg-2
2016-12-14 11:48:15,421{GMT}	INFO	[jepsen node w4] jepsen.zookeeper: w4 Installing ZK 3.4.5+dfsg-2
2016-12-14 11:48:15,421{GMT}	INFO	[jepsen node w1] jepsen.zookeeper: w1 Installing ZK 3.4.5+dfsg-2
2016-12-14 11:48:15,421{GMT}	INFO	[jepsen node w2] jepsen.zookeeper: w2 Installing ZK 3.4.5+dfsg-2
2016-12-14 11:48:15,729{GMT}	INFO	[jepsen node w5] jepsen.zookeeper: w5 id is 4
2016-12-14 11:48:15,729{GMT}	INFO	[jepsen node w2] jepsen.zookeeper: w2 id is 1
2016-12-14 11:48:15,729{GMT}	INFO	[jepsen node w4] jepsen.zookeeper: w4 id is 3
2016-12-14 11:48:15,729{GMT}	INFO	[jepsen node w1] jepsen.zookeeper: w1 id is 0
2016-12-14 11:48:15,729{GMT}	INFO	[jepsen node w3] jepsen.zookeeper: w3 id is 2
2016-12-14 11:48:15,934{GMT}	INFO	[jepsen node w1] jepsen.zookeeper: w1 ZK restarting
2016-12-14 11:48:15,934{GMT}	INFO	[jepsen node w3] jepsen.zookeeper: w3 ZK restarting
2016-12-14 11:48:15,934{GMT}	INFO	[jepsen node w5] jepsen.zookeeper: w5 ZK restarting
2016-12-14 11:48:15,934{GMT}	INFO	[jepsen node w4] jepsen.zookeeper: w4 ZK restarting
2016-12-14 11:48:15,934{GMT}	INFO	[jepsen node w2] jepsen.zookeeper: w2 ZK restarting
2016-12-14 11:48:21,036{GMT}	INFO	[jepsen node w1] jepsen.zookeeper: w1 ZK ready
2016-12-14 11:48:21,036{GMT}	INFO	[jepsen node w3] jepsen.zookeeper: w3 ZK ready
2016-12-14 11:48:21,036{GMT}	INFO	[jepsen node w2] jepsen.zookeeper: w2 ZK ready
2016-12-14 11:48:21,037{GMT}	INFO	[jepsen node w4] jepsen.zookeeper: w4 ZK ready
2016-12-14 11:48:21,037{GMT}	INFO	[jepsen node w5] jepsen.zookeeper: w5 ZK ready
2016-12-14 11:48:21,042{GMT}	INFO	[clojure-agent-send-off-pool-3] org.apache.zookeeper.ZooKeeper: Initiating client connection, connectString=w2 sessionTimeout=5000 watcher=zookeeper.internal$make_watcher$reify__796@403004b
2016-12-14 11:48:21,042{GMT}	INFO	[clojure-agent-send-off-pool-2] org.apache.zookeeper.ZooKeeper: Initiating client connection, connectString=w5 sessionTimeout=5000 watcher=zookeeper.internal$make_watcher$reify__796@4ea32fb0
2016-12-14 11:48:21,042{GMT}	INFO	[clojure-agent-send-off-pool-0] org.apache.zookeeper.ZooKeeper: Initiating client connection, connectString=w3 sessionTimeout=5000 watcher=zookeeper.internal$make_watcher$reify__796@b40a1f0
2016-12-14 11:48:21,042{GMT}	INFO	[clojure-agent-send-off-pool-4] org.apache.zookeeper.ZooKeeper: Initiating client connection, connectString=w1 sessionTimeout=5000 watcher=zookeeper.internal$make_watcher$reify__796@462ae941
2016-12-14 11:48:21,043{GMT}	INFO	[clojure-agent-send-off-pool-1] org.apache.zookeeper.ZooKeeper: Initiating client connection, connectString=w4 sessionTimeout=5000 watcher=zookeeper.internal$make_watcher$reify__796@6e14489a
2016-12-14 11:48:21,059{GMT}	INFO	[clojure-agent-send-off-pool-4-SendThread()] org.apache.zookeeper.ClientCnxn: Opening socket connection to server /192.168.32.101:2181
2016-12-14 11:48:21,072{GMT}	INFO	[clojure-agent-send-off-pool-2-SendThread()] org.apache.zookeeper.ClientCnxn: Opening socket connection to server /192.168.32.105:2181
2016-12-14 11:48:21,072{GMT}	INFO	[clojure-agent-send-off-pool-3-SendThread()] org.apache.zookeeper.ClientCnxn: Opening socket connection to server /192.168.32.102:2181
2016-12-14 11:48:21,072{GMT}	INFO	[clojure-agent-send-off-pool-0-SendThread()] org.apache.zookeeper.ClientCnxn: Opening socket connection to server /192.168.32.103:2181
2016-12-14 11:48:21,073{GMT}	INFO	[clojure-agent-send-off-pool-1-SendThread()] org.apache.zookeeper.ClientCnxn: Opening socket connection to server /192.168.32.104:2181
2016-12-14 11:48:21,077{GMT}	INFO	[clojure-agent-send-off-pool-4-SendThread(w1:2181)] org.apache.zookeeper.ClientCnxn: Socket connection established to w1/192.168.32.101:2181, initiating session
2016-12-14 11:48:21,079{GMT}	INFO	[clojure-agent-send-off-pool-0-SendThread(w3:2181)] org.apache.zookeeper.ClientCnxn: Socket connection established to w3/192.168.32.103:2181, initiating session
2016-12-14 11:48:21,079{GMT}	INFO	[clojure-agent-send-off-pool-1-SendThread(w4:2181)] org.apache.zookeeper.ClientCnxn: Socket connection established to w4/192.168.32.104:2181, initiating session
2016-12-14 11:48:21,078{GMT}	INFO	[clojure-agent-send-off-pool-2-SendThread(w5:2181)] org.apache.zookeeper.ClientCnxn: Socket connection established to w5/192.168.32.105:2181, initiating session
2016-12-14 11:48:21,080{GMT}	INFO	[clojure-agent-send-off-pool-3-SendThread(w2:2181)] org.apache.zookeeper.ClientCnxn: Socket connection established to w2/192.168.32.102:2181, initiating session
2016-12-14 11:48:21,185{GMT}	INFO	[clojure-agent-send-off-pool-3-SendThread(w2:2181)] org.apache.zookeeper.ClientCnxn: Session establishment complete on server w2/192.168.32.102:2181, sessionid = 0x158fd2954ba0000, negotiated timeout = 5000
2016-12-14 11:48:21,186{GMT}	INFO	[clojure-agent-send-off-pool-0-SendThread(w3:2181)] org.apache.zookeeper.ClientCnxn: Session establishment complete on server w3/192.168.32.103:2181, sessionid = 0x158fd295ffd0000, negotiated timeout = 5000
2016-12-14 11:48:21,186{GMT}	INFO	[clojure-agent-send-off-pool-4-SendThread(w1:2181)] org.apache.zookeeper.ClientCnxn: Session establishment complete on server w1/192.168.32.101:2181, sessionid = 0x158fd295e890000, negotiated timeout = 5000
2016-12-14 11:48:21,190{GMT}	INFO	[clojure-agent-send-off-pool-1-SendThread(w4:2181)] org.apache.zookeeper.ClientCnxn: Session establishment complete on server w4/192.168.32.104:2181, sessionid = 0x158fd295f310000, negotiated timeout = 5000
2016-12-14 11:48:21,197{GMT}	INFO	[clojure-agent-send-off-pool-2-SendThread(w5:2181)] org.apache.zookeeper.ClientCnxn: Session establishment complete on server w5/192.168.32.105:2181, sessionid = 0x158fd295db60000, negotiated timeout = 5000
2016-12-14 11:48:21,482{GMT}	INFO	[jepsen nemesis] jepsen.core: Nemesis starting
2016-12-14 11:48:21,484{GMT}	INFO	[jepsen worker 1] jepsen.core: Worker 1 starting
2016-12-14 11:48:21,484{GMT}	INFO	[jepsen worker 2] jepsen.core: Worker 2 starting
2016-12-14 11:48:21,484{GMT}	INFO	[jepsen worker 0] jepsen.core: Worker 0 starting
2016-12-14 11:48:21,484{GMT}	INFO	[jepsen worker 4] jepsen.core: Worker 4 starting
2016-12-14 11:48:21,484{GMT}	INFO	[jepsen worker 3] jepsen.core: Worker 3 starting
2016-12-14 11:48:22,190{GMT}	INFO	[jepsen worker 1] jepsen.util: 1	:invoke	:read	nil
2016-12-14 11:48:22,201{GMT}	INFO	[clojure-agent-send-off-pool-8] jepsen.zookeeper: log from test 0
2016-12-14 11:48:22,201{GMT}	INFO	[jepsen worker 1] jepsen.util: 1	:ok	:read	0
2016-12-14 11:48:22,379{GMT}	INFO	[jepsen worker 3] jepsen.util: 3	:invoke	:read	nil
2016-12-14 11:48:22,382{GMT}	INFO	[clojure-agent-send-off-pool-8] jepsen.zookeeper: log from test 0
2016-12-14 11:48:22,382{GMT}	INFO	[jepsen worker 3] jepsen.util: 3	:ok	:read	0
2016-12-14 11:48:22,385{GMT}	INFO	[jepsen worker 0] jepsen.util: 0	:invoke	:write	1
2016-12-14 11:48:22,400{GMT}	INFO	[jepsen worker 0] jepsen.util: 0	:ok	:write	1
2016-12-14 11:48:22,520{GMT}	INFO	[jepsen worker 2] jepsen.util: 2	:invoke	:cas	[1 3]
2016-12-14 11:48:22,541{GMT}	INFO	[jepsen worker 2] jepsen.util: 2	:fail	:cas	[1 3]
2016-12-14 11:48:22,772{GMT}	INFO	[jepsen worker 4] jepsen.util: 4	:invoke	:write	1
2016-12-14 11:48:22,787{GMT}	INFO	[jepsen worker 4] jepsen.util: 4	:ok	:write	1
2016-12-14 11:48:22,798{GMT}	INFO	[jepsen worker 0] jepsen.util: 0	:invoke	:write	2
2016-12-14 11:48:22,811{GMT}	INFO	[jepsen worker 0] jepsen.util: 0	:ok	:write	2
2016-12-14 11:48:22,933{GMT}	INFO	[jepsen worker 2] jepsen.util: 2	:invoke	:cas	[2 1]
2016-12-14 11:48:22,951{GMT}	INFO	[jepsen worker 2] jepsen.util: 2	:fail	:cas	[2 1]
2016-12-14 11:48:23,113{GMT}	INFO	[jepsen worker 4] jepsen.util: 4	:invoke	:write	2
2016-12-14 11:48:23,129{GMT}	INFO	[jepsen worker 4] jepsen.util: 4	:ok	:write	2
2016-12-14 11:48:23,794{GMT}	INFO	[jepsen worker 1] jepsen.util: 1	:invoke	:cas	[4 1]
2016-12-14 11:48:23,809{GMT}	INFO	[jepsen worker 1] jepsen.util: 1	:fail	:cas	[4 1]
2016-12-14 11:48:23,826{GMT}	INFO	[jepsen worker 0] jepsen.util: 0	:invoke	:cas	[2 4]
2016-12-14 11:48:23,843{GMT}	INFO	[jepsen worker 0] jepsen.util: 0	:ok	:cas	[2 4]
2016-12-14 11:48:23,863{GMT}	INFO	[jepsen worker 0] jepsen.util: 0	:invoke	:cas	[1 0]
2016-12-14 11:48:23,878{GMT}	INFO	[jepsen worker 0] jepsen.util: 0	:fail	:cas	[1 0]
2016-12-14 11:48:24,244{GMT}	INFO	[jepsen worker 3] jepsen.util: 3	:invoke	:cas	[2 3]
2016-12-14 11:48:24,259{GMT}	INFO	[jepsen worker 3] jepsen.util: 3	:fail	:cas	[2 3]
2016-12-14 11:48:24,268{GMT}	INFO	[jepsen worker 2] jepsen.util: 2	:invoke	:read	nil
2016-12-14 11:48:24,269{GMT}	INFO	[clojure-agent-send-off-pool-8] jepsen.zookeeper: log from test 0
2016-12-14 11:48:24,270{GMT}	INFO	[jepsen worker 2] jepsen.util: 2	:ok	:read	0
2016-12-14 11:48:24,893{GMT}	INFO	[jepsen worker 0] jepsen.util: 0	:invoke	:read	nil
2016-12-14 11:48:24,895{GMT}	INFO	[clojure-agent-send-off-pool-8] jepsen.zookeeper: log from test 4
2016-12-14 11:48:24,895{GMT}	INFO	[jepsen worker 0] jepsen.util: 0	:ok	:read	4
2016-12-14 11:48:24,956{GMT}	INFO	[jepsen worker 4] jepsen.util: 4	:invoke	:read	nil
2016-12-14 11:48:24,959{GMT}	INFO	[clojure-agent-send-off-pool-8] jepsen.zookeeper: log from test 2
2016-12-14 11:48:24,959{GMT}	INFO	[jepsen worker 4] jepsen.util: 4	:ok	:read	2
2016-12-14 11:48:25,020{GMT}	INFO	[jepsen worker 1] jepsen.util: 1	:invoke	:read	nil
2016-12-14 11:48:25,021{GMT}	INFO	[clojure-agent-send-off-pool-8] jepsen.zookeeper: log from test 0
2016-12-14 11:48:25,021{GMT}	INFO	[jepsen worker 1] jepsen.util: 1	:ok	:read	0
2016-12-14 11:48:25,379{GMT}	INFO	[jepsen worker 1] jepsen.util: 1	:invoke	:cas	[2 2]
2016-12-14 11:48:25,394{GMT}	INFO	[jepsen worker 1] jepsen.util: 1	:fail	:cas	[2 2]
2016-12-14 11:48:25,645{GMT}	INFO	[jepsen worker 0] jepsen.util: 0	:invoke	:read	nil
2016-12-14 11:48:25,645{GMT}	INFO	[clojure-agent-send-off-pool-7] jepsen.zookeeper: log from test 4
2016-12-14 11:48:25,646{GMT}	INFO	[jepsen worker 0] jepsen.util: 0	:ok	:read	4
2016-12-14 11:48:25,881{GMT}	INFO	[jepsen worker 3] jepsen.util: 3	:invoke	:cas	[4 2]
2016-12-14 11:48:25,901{GMT}	INFO	[jepsen worker 3] jepsen.util: 3	:fail	:cas	[4 2]
2016-12-14 11:48:26,067{GMT}	INFO	[jepsen worker 3] jepsen.util: 3	:invoke	:cas	[3 1]
2016-12-14 11:48:26,093{GMT}	INFO	[jepsen worker 2] jepsen.util: 2	:invoke	:write	4
2016-12-14 11:48:26,107{GMT}	INFO	[jepsen worker 2] jepsen.util: 2	:ok	:write	4
2016-12-14 11:48:26,112{GMT}	INFO	[jepsen worker 3] jepsen.util: 3	:fail	:cas	[3 1]
2016-12-14 11:48:26,485{GMT}	INFO	[jepsen nemesis] jepsen.util: :nemesis	:info	:start	nil
2016-12-14 11:48:26,503{GMT}	INFO	[jepsen worker 0] jepsen.util: 0	:invoke	:write	3
2016-12-14 11:48:26,556{GMT}	INFO	[jepsen worker 0] jepsen.util: 0	:ok	:write	3
2016-12-14 11:48:26,607{GMT}	INFO	[jepsen worker 4] jepsen.util: 4	:invoke	:cas	[1 1]
2016-12-14 11:48:26,626{GMT}	INFO	[jepsen worker 4] jepsen.util: 4	:fail	:cas	[1 1]
2016-12-14 11:48:26,971{GMT}	INFO	[jepsen worker 2] jepsen.util: 2	:invoke	:write	3
2016-12-14 11:48:26,987{GMT}	INFO	[jepsen worker 2] jepsen.util: 2	:ok	:write	3
2016-12-14 11:48:27,279{GMT}	INFO	[jepsen worker 4] jepsen.util: 4	:invoke	:write	0
2016-12-14 11:48:27,295{GMT}	INFO	[jepsen worker 4] jepsen.util: 4	:ok	:write	0
2016-12-14 11:48:27,328{GMT}	INFO	[jepsen worker 1] jepsen.util: 1	:invoke	:read	nil
2016-12-14 11:48:27,329{GMT}	INFO	[clojure-agent-send-off-pool-19] jepsen.zookeeper: log from test 0
2016-12-14 11:48:27,330{GMT}	INFO	[jepsen worker 1] jepsen.util: 1	:ok	:read	0
2016-12-14 11:48:27,406{GMT}	INFO	[jepsen worker 3] jepsen.util: 3	:invoke	:read	nil
2016-12-14 11:48:27,407{GMT}	INFO	[clojure-agent-send-off-pool-2] jepsen.zookeeper: log from test 0
2016-12-14 11:48:27,408{GMT}	INFO	[jepsen worker 3] jepsen.util: 3	:ok	:read	0
2016-12-14 11:48:27,620{GMT}	INFO	[jepsen nemesis] jepsen.util: :nemesis	:info	:start	"Cut off {\"w5\" #{\"w4\" \"w2\" \"w3\"}, \"w1\" #{\"w4\" \"w2\" \"w3\"}, \"w4\" #{\"w5\" \"w1\"}, \"w2\" #{\"w5\" \"w1\"}, \"w3\" #{\"w5\" \"w1\"}}"
2016-12-14 11:48:27,766{GMT}	INFO	[jepsen worker 0] jepsen.util: 0	:invoke	:cas	[2 4]
2016-12-14 11:48:27,780{GMT}	INFO	[jepsen worker 0] jepsen.util: 0	:fail	:cas	[2 4]
2016-12-14 11:48:28,186{GMT}	INFO	[jepsen worker 2] jepsen.util: 2	:invoke	:cas	[0 2]
2016-12-14 11:48:28,202{GMT}	INFO	[jepsen worker 2] jepsen.util: 2	:fail	:cas	[0 2]
2016-12-14 11:48:28,313{GMT}	INFO	[jepsen worker 0] jepsen.util: 0	:invoke	:write	1
2016-12-14 11:48:28,345{GMT}	INFO	[jepsen worker 0] jepsen.util: 0	:ok	:write	1
2016-12-14 11:48:28,597{GMT}	INFO	[jepsen worker 1] jepsen.util: 1	:invoke	:cas	[4 3]
2016-12-14 11:48:28,611{GMT}	INFO	[jepsen worker 1] jepsen.util: 1	:fail	:cas	[4 3]
2016-12-14 11:48:28,647{GMT}	INFO	[jepsen worker 4] jepsen.util: 4	:invoke	:read	nil
2016-12-14 11:48:28,648{GMT}	INFO	[clojure-agent-send-off-pool-7] jepsen.zookeeper: log from test 0
2016-12-14 11:48:28,648{GMT}	INFO	[jepsen worker 4] jepsen.util: 4	:ok	:read	0
2016-12-14 11:48:28,761{GMT}	INFO	[jepsen worker 4] jepsen.util: 4	:invoke	:read	nil
2016-12-14 11:48:28,761{GMT}	INFO	[clojure-agent-send-off-pool-7] jepsen.zookeeper: log from test 0
2016-12-14 11:48:28,761{GMT}	INFO	[jepsen worker 4] jepsen.util: 4	:ok	:read	0
2016-12-14 11:48:28,825{GMT}	INFO	[jepsen worker 0] jepsen.util: 0	:invoke	:read	nil
2016-12-14 11:48:28,826{GMT}	INFO	[clojure-agent-send-off-pool-7] jepsen.zookeeper: log from test 1
2016-12-14 11:48:28,826{GMT}	INFO	[jepsen worker 0] jepsen.util: 0	:ok	:read	1
2016-12-14 11:48:29,340{GMT}	INFO	[jepsen worker 3] jepsen.util: 3	:invoke	:write	2
2016-12-14 11:48:29,355{GMT}	INFO	[jepsen worker 3] jepsen.util: 3	:ok	:write	2
2016-12-14 11:48:29,461{GMT}	INFO	[jepsen worker 1] jepsen.util: 1	:invoke	:cas	[1 1]
2016-12-14 11:48:29,475{GMT}	INFO	[jepsen worker 1] jepsen.util: 1	:fail	:cas	[1 1]
2016-12-14 11:48:29,782{GMT}	INFO	[jepsen worker 2] jepsen.util: 2	:invoke	:write	4
2016-12-14 11:48:29,796{GMT}	INFO	[jepsen worker 2] jepsen.util: 2	:ok	:write	4
2016-12-14 11:48:30,241{GMT}	INFO	[jepsen worker 4] jepsen.util: 4	:invoke	:read	nil
2016-12-14 11:48:30,242{GMT}	INFO	[clojure-agent-send-off-pool-13] jepsen.zookeeper: log from test 0
2016-12-14 11:48:30,242{GMT}	INFO	[jepsen worker 4] jepsen.util: 4	:ok	:read	0
2016-12-14 11:48:30,275{GMT}	INFO	[jepsen worker 1] jepsen.util: 1	:invoke	:write	3
2016-12-14 11:48:30,289{GMT}	INFO	[jepsen worker 1] jepsen.util: 1	:ok	:write	3
2016-12-14 11:48:30,564{GMT}	INFO	[jepsen worker 0] jepsen.util: 0	:invoke	:write	2
2016-12-14 11:48:30,576{GMT}	INFO	[jepsen worker 0] jepsen.util: 0	:ok	:write	2
2016-12-14 11:48:30,821{GMT}	INFO	[jepsen worker 3] jepsen.util: 3	:invoke	:read	nil
2016-12-14 11:48:30,822{GMT}	INFO	[clojure-agent-send-off-pool-13] jepsen.zookeeper: log from test 2
2016-12-14 11:48:30,822{GMT}	INFO	[jepsen worker 3] jepsen.util: 3	:ok	:read	2
2016-12-14 11:48:31,352{GMT}	INFO	[jepsen worker 2] jepsen.util: 2	:invoke	:write	4
2016-12-14 11:48:31,377{GMT}	INFO	[jepsen worker 2] jepsen.util: 2	:ok	:write	4
2016-12-14 11:48:31,458{GMT}	INFO	[jepsen worker 0] jepsen.util: 0	:invoke	:write	1
2016-12-14 11:48:31,472{GMT}	INFO	[jepsen worker 0] jepsen.util: 0	:ok	:write	1
2016-12-14 11:48:31,755{GMT}	INFO	[jepsen worker 1] jepsen.util: 1	:invoke	:write	1
2016-12-14 11:48:31,768{GMT}	INFO	[jepsen worker 1] jepsen.util: 1	:ok	:write	1
2016-12-14 11:48:31,841{GMT}	INFO	[jepsen worker 4] jepsen.util: 4	:invoke	:read	nil
2016-12-14 11:48:31,841{GMT}	INFO	[clojure-agent-send-off-pool-7] jepsen.zookeeper: log from test 0
2016-12-14 11:48:31,842{GMT}	INFO	[jepsen worker 4] jepsen.util: 4	:ok	:read	0
2016-12-14 11:48:32,221{GMT}	INFO	[jepsen worker 3] jepsen.util: 3	:invoke	:cas	[1 2]
2016-12-14 11:48:32,236{GMT}	INFO	[jepsen worker 3] jepsen.util: 3	:fail	:cas	[1 2]
2016-12-14 11:48:32,324{GMT}	INFO	[jepsen worker 1] jepsen.util: 1	:invoke	:read	nil
2016-12-14 11:48:32,325{GMT}	INFO	[clojure-agent-send-off-pool-13] jepsen.zookeeper: log from test 1
2016-12-14 11:48:32,326{GMT}	INFO	[jepsen worker 1] jepsen.util: 1	:ok	:read	1
2016-12-14 11:48:32,376{GMT}	INFO	[jepsen worker 2] jepsen.util: 2	:invoke	:write	2
2016-12-14 11:48:32,392{GMT}	INFO	[jepsen worker 2] jepsen.util: 2	:ok	:write	2
2016-12-14 11:48:32,472{GMT}	INFO	[jepsen worker 0] jepsen.util: 0	:invoke	:write	2
2016-12-14 11:48:32,485{GMT}	INFO	[jepsen worker 0] jepsen.util: 0	:ok	:write	2
2016-12-14 11:48:32,621{GMT}	INFO	[jepsen nemesis] jepsen.util: :nemesis	:info	:stop	nil
2016-12-14 11:48:32,760{GMT}	INFO	[jepsen worker 1] jepsen.util: 1	:invoke	:cas	[1 4]
2016-12-14 11:48:32,794{GMT}	INFO	[jepsen worker 1] jepsen.util: 1	:ok	:cas	[1 4]
2016-12-14 11:48:32,824{GMT}	INFO	[jepsen nemesis] jepsen.util: :nemesis	:info	:stop	"fully connected"
2016-12-14 11:48:33,088{GMT}	INFO	[jepsen worker 4] jepsen.util: 4	:invoke	:write	3
2016-12-14 11:48:33,104{GMT}	INFO	[jepsen worker 4] jepsen.util: 4	:ok	:write	3
2016-12-14 11:48:33,700{GMT}	INFO	[jepsen worker 3] jepsen.util: 3	:invoke	:cas	[3 1]
2016-12-14 11:48:33,714{GMT}	INFO	[jepsen worker 3] jepsen.util: 3	:fail	:cas	[3 1]
2016-12-14 11:48:33,773{GMT}	INFO	[jepsen worker 0] jepsen.util: 0	:invoke	:read	nil
2016-12-14 11:48:33,774{GMT}	INFO	[clojure-agent-send-off-pool-7] jepsen.zookeeper: log from test 2
2016-12-14 11:48:33,774{GMT}	INFO	[jepsen worker 0] jepsen.util: 0	:ok	:read	2
2016-12-14 11:48:34,136{GMT}	INFO	[jepsen worker 3] jepsen.util: 3	:invoke	:read	nil
2016-12-14 11:48:34,137{GMT}	INFO	[clojure-agent-send-off-pool-7] jepsen.zookeeper: log from test 2
2016-12-14 11:48:34,137{GMT}	INFO	[jepsen worker 3] jepsen.util: 3	:ok	:read	2
2016-12-14 11:48:34,244{GMT}	INFO	[jepsen worker 2] jepsen.util: 2	:invoke	:write	0
2016-12-14 11:48:34,250{GMT}	INFO	[jepsen worker 1] jepsen.util: 1	:invoke	:cas	[2 4]
2016-12-14 11:48:34,258{GMT}	INFO	[jepsen worker 2] jepsen.util: 2	:ok	:write	0
2016-12-14 11:48:34,262{GMT}	INFO	[jepsen worker 1] jepsen.util: 1	:fail	:cas	[2 4]
2016-12-14 11:48:34,494{GMT}	INFO	[jepsen worker 1] jepsen.util: 1	:invoke	:write	3
2016-12-14 11:48:34,507{GMT}	INFO	[jepsen worker 1] jepsen.util: 1	:ok	:write	3
2016-12-14 11:48:35,001{GMT}	INFO	[jepsen worker 4] jepsen.util: 4	:invoke	:write	1
2016-12-14 11:48:35,016{GMT}	INFO	[jepsen worker 4] jepsen.util: 4	:ok	:write	1
2016-12-14 11:48:35,148{GMT}	INFO	[jepsen worker 0] jepsen.util: 0	:invoke	:read	nil
2016-12-14 11:48:35,148{GMT}	INFO	[clojure-agent-send-off-pool-4] jepsen.zookeeper: log from test 2
2016-12-14 11:48:35,148{GMT}	INFO	[jepsen worker 0] jepsen.util: 0	:ok	:read	2
2016-12-14 11:48:35,455{GMT}	INFO	[jepsen worker 3] jepsen.util: 3	:invoke	:read	nil
2016-12-14 11:48:35,455{GMT}	INFO	[clojure-agent-send-off-pool-4] jepsen.zookeeper: log from test 2
2016-12-14 11:48:35,455{GMT}	INFO	[jepsen worker 3] jepsen.util: 3	:ok	:read	2
2016-12-14 11:48:35,458{GMT}	INFO	[jepsen worker 2] jepsen.util: 2	:invoke	:read	nil
2016-12-14 11:48:35,459{GMT}	INFO	[clojure-agent-send-off-pool-4] jepsen.zookeeper: log from test 0
2016-12-14 11:48:35,459{GMT}	INFO	[jepsen worker 2] jepsen.util: 2	:ok	:read	0
2016-12-14 11:48:35,466{GMT}	INFO	[jepsen worker 4] jepsen.util: 4	:invoke	:read	nil
2016-12-14 11:48:35,467{GMT}	INFO	[clojure-agent-send-off-pool-4] jepsen.zookeeper: log from test 1
2016-12-14 11:48:35,468{GMT}	INFO	[jepsen worker 4] jepsen.util: 4	:ok	:read	1
2016-12-14 11:48:35,732{GMT}	INFO	[jepsen worker 2] jepsen.util: 2	:invoke	:write	4
2016-12-14 11:48:35,755{GMT}	INFO	[jepsen worker 2] jepsen.util: 2	:ok	:write	4
2016-12-14 11:48:36,022{GMT}	INFO	[jepsen worker 0] jepsen.util: 0	:invoke	:cas	[0 0]
2016-12-14 11:48:36,036{GMT}	INFO	[jepsen worker 0] jepsen.util: 0	:fail	:cas	[0 0]
2016-12-14 11:48:36,199{GMT}	INFO	[jepsen worker 1] jepsen.util: 1	:invoke	:read	nil
2016-12-14 11:48:36,200{GMT}	INFO	[clojure-agent-send-off-pool-4] jepsen.zookeeper: log from test 3
2016-12-14 11:48:36,200{GMT}	INFO	[jepsen worker 1] jepsen.util: 1	:ok	:read	3
2016-12-14 11:48:36,261{GMT}	INFO	[jepsen worker 4] jepsen.util: 4	:invoke	:read	nil
2016-12-14 11:48:36,261{GMT}	INFO	[clojure-agent-send-off-pool-4] jepsen.zookeeper: log from test 1
2016-12-14 11:48:36,261{GMT}	INFO	[jepsen worker 4] jepsen.util: 4	:ok	:read	1
2016-12-14 11:48:36,649{GMT}	INFO	[jepsen worker 1] jepsen.util: 1	:invoke	:read	nil
2016-12-14 11:48:36,649{GMT}	INFO	[clojure-agent-send-off-pool-4] jepsen.zookeeper: log from test 3
2016-12-14 11:48:36,669{GMT}	INFO	[jepsen worker 1] jepsen.util: 1	:ok	:read	3
2016-12-14 11:48:36,669{GMT}	INFO	[jepsen worker 1] jepsen.core: Worker 1 done
2016-12-14 11:48:36,672{GMT}	INFO	[jepsen worker 3] jepsen.util: 3	:invoke	:cas	[2 1]
2016-12-14 11:48:36,687{GMT}	INFO	[jepsen worker 3] jepsen.util: 3	:ok	:cas	[2 1]
2016-12-14 11:48:36,687{GMT}	INFO	[jepsen worker 3] jepsen.core: Worker 3 done
2016-12-14 11:48:37,569{GMT}	INFO	[jepsen worker 0] jepsen.util: 0	:invoke	:cas	[0 1]
2016-12-14 11:48:37,579{GMT}	INFO	[jepsen worker 2] jepsen.util: 2	:invoke	:cas	[4 0]
2016-12-14 11:48:37,581{GMT}	INFO	[jepsen worker 0] jepsen.util: 0	:fail	:cas	[0 1]
2016-12-14 11:48:37,581{GMT}	INFO	[jepsen worker 0] jepsen.core: Worker 0 done
2016-12-14 11:48:37,595{GMT}	INFO	[jepsen worker 2] jepsen.util: 2	:ok	:cas	[4 0]
2016-12-14 11:48:37,595{GMT}	INFO	[jepsen worker 2] jepsen.core: Worker 2 done
2016-12-14 11:48:37,811{GMT}	INFO	[jepsen worker 4] jepsen.util: 4	:invoke	:cas	[4 1]
2016-12-14 11:48:37,825{GMT}	INFO	[jepsen nemesis] jepsen.util: :nemesis	:info	:start	nil
2016-12-14 11:48:37,828{GMT}	INFO	[jepsen worker 4] jepsen.util: 4	:fail	:cas	[4 1]
2016-12-14 11:48:37,828{GMT}	INFO	[jepsen worker 4] jepsen.core: Worker 4 done
2016-12-14 11:48:37,828{GMT}	INFO	[jepsen test runner] jepsen.core: Waiting for nemesis to complete
2016-12-14 11:48:38,946{GMT}	INFO	[jepsen nemesis] jepsen.util: :nemesis	:info	:start	"Cut off {\"w3\" #{\"w5\" \"w4\" \"w2\"}, \"w1\" #{\"w5\" \"w4\" \"w2\"}, \"w5\" #{\"w3\" \"w1\"}, \"w4\" #{\"w3\" \"w1\"}, \"w2\" #{\"w3\" \"w1\"}}"
2016-12-14 11:48:38,946{GMT}	INFO	[jepsen nemesis] jepsen.core: nemesis done
2016-12-14 11:48:38,947{GMT}	INFO	[jepsen test runner] jepsen.core: nemesis done.
2016-12-14 11:48:38,947{GMT}	INFO	[jepsen test runner] jepsen.core: Tearing down nemesis
2016-12-14 11:48:39,150{GMT}	INFO	[jepsen test runner] jepsen.core: Nemesis torn down
2016-12-14 11:48:39,153{GMT}	INFO	[clojure-agent-send-off-pool-6] org.apache.zookeeper.ZooKeeper: Session: 0x158fd295f310000 closed
2016-12-14 11:48:39,153{GMT}	INFO	[clojure-agent-send-off-pool-3-EventThread] org.apache.zookeeper.ClientCnxn: EventThread shut down
2016-12-14 11:48:39,153{GMT}	INFO	[clojure-agent-send-off-pool-4-EventThread] org.apache.zookeeper.ClientCnxn: EventThread shut down
2016-12-14 11:48:39,153{GMT}	INFO	[clojure-agent-send-off-pool-1-EventThread] org.apache.zookeeper.ClientCnxn: EventThread shut down
2016-12-14 11:48:39,153{GMT}	INFO	[clojure-agent-send-off-pool-20] org.apache.zookeeper.ZooKeeper: Session: 0x158fd295e890000 closed
2016-12-14 11:48:39,154{GMT}	INFO	[clojure-agent-send-off-pool-12] org.apache.zookeeper.ZooKeeper: Session: 0x158fd2954ba0000 closed
2016-12-14 11:48:39,154{GMT}	INFO	[clojure-agent-send-off-pool-1] org.apache.zookeeper.ZooKeeper: Session: 0x158fd295ffd0000 closed
2016-12-14 11:48:39,154{GMT}	INFO	[clojure-agent-send-off-pool-8] org.apache.zookeeper.ZooKeeper: Session: 0x158fd295db60000 closed
2016-12-14 11:48:39,154{GMT}	INFO	[clojure-agent-send-off-pool-0-EventThread] org.apache.zookeeper.ClientCnxn: EventThread shut down
2016-12-14 11:48:39,156{GMT}	INFO	[clojure-agent-send-off-pool-2-EventThread] org.apache.zookeeper.ClientCnxn: EventThread shut down
2016-12-14 11:48:39,157{GMT}	INFO	[jepsen test runner] jepsen.core: Snarfing log files
2016-12-14 11:48:39,160{GMT}	INFO	[jepsen node w4] jepsen.core: downloading /var/log/zookeeper/zookeeper.log to zookeeper.log
2016-12-14 11:48:39,160{GMT}	INFO	[jepsen node w1] jepsen.core: downloading /var/log/zookeeper/zookeeper.log to zookeeper.log
2016-12-14 11:48:39,160{GMT}	INFO	[jepsen node w3] jepsen.core: downloading /var/log/zookeeper/zookeeper.log to zookeeper.log
2016-12-14 11:48:39,160{GMT}	INFO	[jepsen node w2] jepsen.core: downloading /var/log/zookeeper/zookeeper.log to zookeeper.log
2016-12-14 11:48:39,160{GMT}	INFO	[jepsen node w5] jepsen.core: downloading /var/log/zookeeper/zookeeper.log to zookeeper.log
2016-12-14 11:48:39,176{GMT}	INFO	[jepsen test runner] jepsen.core: Run complete, writing
2016-12-14 11:48:39,201{GMT}	INFO	[jepsen node w3] jepsen.zookeeper: w3 tearing down ZK
2016-12-14 11:48:39,201{GMT}	INFO	[jepsen node w4] jepsen.zookeeper: w4 tearing down ZK
2016-12-14 11:48:39,201{GMT}	INFO	[jepsen node w5] jepsen.zookeeper: w5 tearing down ZK
2016-12-14 11:48:39,201{GMT}	INFO	[jepsen node w1] jepsen.zookeeper: w1 tearing down ZK
2016-12-14 11:48:39,201{GMT}	INFO	[jepsen node w2] jepsen.zookeeper: w2 tearing down ZK
2016-12-14 11:48:39,805{GMT}	INFO	[jepsen test runner] jepsen.core: Analyzing
2016-12-14 11:48:40,038{GMT}	INFO	[jepsen test runner] jepsen.core: Analysis complete
2016-12-14 11:48:40,091{GMT}	INFO	[jepsen results] jepsen.store: Wrote /home/admin/jepsen.zookeeper/store/zookeeper/20161214T114813.000Z/results.edn
2016-12-14 11:48:40,141{GMT}	INFO	[main] jepsen.core: {:linear
 {:valid? false,
  :configs
  ({:model {:value 4},
    :last-op
    {:type :ok,
     :f :cas,
     :value [2 4],
     :process 0,
     :time 2803290405,
     :index 19},
    :pending
    [{:type :invoke,
      :f :read,
      :value 0,
      :process 2,
      :time 3228553870,
      :index 24}]}),
  :final-paths
  ([{:op
     {:type :ok,
      :f :cas,
      :value [2 4],
      :process 0,
      :time 2803290405,
      :index 19},
     :model {:value 4}}
    {:op
     {:type :ok,
      :f :read,
      :value 0,
      :process 2,
      :time 3229972363,
      :index 25},
     :model {:msg "can't read 0 from register 4"}}]),
  :previous-ok
  {:type :ok,
   :f :cas,
   :value [2 4],
   :process 0,
   :time 2803290405,
   :index 19},
  :last-op
  {:type :ok,
   :f :cas,
   :value [2 4],
   :process 0,
   :time 2803290405,
   :index 19},
  :op
  {:type :ok,
   :f :read,
   :value 0,
   :process 2,
   :time 3229972363,
   :index 25}},
 :html {:valid? true},
 :perf
 {:latency-graph {:valid? true},
  :rate-graph {:valid? true},
  :valid? true},
 :valid? false}


Analysis invalid! (ﾉಥ益ಥ）ﾉ ┻━┻
