2016-12-13 15:32:59,765{GMT}	INFO	[jepsen node w3] jepsen.os.debian: w3 setting up debian
2016-12-13 15:32:59,765{GMT}	INFO	[jepsen node w1] jepsen.os.debian: w1 setting up debian
2016-12-13 15:32:59,765{GMT}	INFO	[jepsen node w4] jepsen.os.debian: w4 setting up debian
2016-12-13 15:32:59,765{GMT}	INFO	[jepsen node w2] jepsen.os.debian: w2 setting up debian
2016-12-13 15:32:59,766{GMT}	INFO	[jepsen node w5] jepsen.os.debian: w5 setting up debian
2016-12-13 15:33:00,483{GMT}	INFO	[jepsen node w5] jepsen.zookeeper: w5 tearing down ZK
2016-12-13 15:33:00,483{GMT}	INFO	[jepsen node w3] jepsen.zookeeper: w3 tearing down ZK
2016-12-13 15:33:00,483{GMT}	INFO	[jepsen node w1] jepsen.zookeeper: w1 tearing down ZK
2016-12-13 15:33:00,483{GMT}	INFO	[jepsen node w4] jepsen.zookeeper: w4 tearing down ZK
2016-12-13 15:33:00,483{GMT}	INFO	[jepsen node w2] jepsen.zookeeper: w2 tearing down ZK
2016-12-13 15:33:00,600{GMT}	INFO	[jepsen node w2] jepsen.zookeeper: Setting up ZK on  w2
2016-12-13 15:33:00,601{GMT}	INFO	[jepsen node w2] jepsen.zookeeper: w2 Installing ZK 3.4.5+dfsg-2
2016-12-13 15:33:00,687{GMT}	INFO	[jepsen node w1] jepsen.zookeeper: Setting up ZK on  w1
2016-12-13 15:33:00,687{GMT}	INFO	[jepsen node w4] jepsen.zookeeper: Setting up ZK on  w4
2016-12-13 15:33:00,687{GMT}	INFO	[jepsen node w1] jepsen.zookeeper: w1 Installing ZK 3.4.5+dfsg-2
2016-12-13 15:33:00,687{GMT}	INFO	[jepsen node w5] jepsen.zookeeper: Setting up ZK on  w5
2016-12-13 15:33:00,687{GMT}	INFO	[jepsen node w4] jepsen.zookeeper: w4 Installing ZK 3.4.5+dfsg-2
2016-12-13 15:33:00,687{GMT}	INFO	[jepsen node w5] jepsen.zookeeper: w5 Installing ZK 3.4.5+dfsg-2
2016-12-13 15:33:00,696{GMT}	INFO	[jepsen node w3] jepsen.zookeeper: Setting up ZK on  w3
2016-12-13 15:33:00,696{GMT}	INFO	[jepsen node w3] jepsen.zookeeper: w3 Installing ZK 3.4.5+dfsg-2
2016-12-13 15:33:00,740{GMT}	WARN	[jepsen node w1] jepsen.control: Encountered error with conn [:control "w1"]; reopening
2016-12-13 15:33:00,797{GMT}	WARN	[jepsen node w3] jepsen.control: Encountered error with conn [:control "w3"]; reopening
2016-12-13 15:33:00,846{GMT}	WARN	[jepsen node w4] jepsen.control: Encountered error with conn [:control "w4"]; reopening
2016-12-13 15:33:00,907{GMT}	INFO	[jepsen node w2] jepsen.zookeeper: w2 id is 1
2016-12-13 15:33:00,991{GMT}	INFO	[jepsen node w5] jepsen.zookeeper: w5 id is 4
2016-12-13 15:33:01,111{GMT}	INFO	[jepsen node w2] jepsen.zookeeper: w2 ZK restarting
2016-12-13 15:33:01,193{GMT}	INFO	[jepsen node w5] jepsen.zookeeper: w5 ZK restarting
2016-12-13 15:33:01,212{GMT}	INFO	[jepsen node w2] jepsen.zookeeper: w2 ZK ready
2016-12-13 15:33:01,295{GMT}	INFO	[jepsen node w5] jepsen.zookeeper: w5 ZK ready
2016-12-13 15:33:02,554{GMT}	INFO	[jepsen node w4] jepsen.zookeeper: w4 id is 3
2016-12-13 15:33:02,665{GMT}	INFO	[jepsen node w1] jepsen.zookeeper: w1 id is 0
2016-12-13 15:33:02,757{GMT}	INFO	[jepsen node w4] jepsen.zookeeper: w4 ZK restarting
2016-12-13 15:33:02,858{GMT}	INFO	[jepsen node w4] jepsen.zookeeper: w4 ZK ready
2016-12-13 15:33:02,868{GMT}	INFO	[jepsen node w1] jepsen.zookeeper: w1 ZK restarting
2016-12-13 15:33:02,896{GMT}	INFO	[jepsen node w3] jepsen.zookeeper: w3 id is 2
2016-12-13 15:33:02,969{GMT}	INFO	[jepsen node w1] jepsen.zookeeper: w1 ZK ready
2016-12-13 15:33:03,099{GMT}	INFO	[jepsen node w3] jepsen.zookeeper: w3 ZK restarting
2016-12-13 15:33:03,200{GMT}	INFO	[jepsen node w3] jepsen.zookeeper: w3 ZK ready
2016-12-13 15:33:03,206{GMT}	INFO	[jepsen nemesis] jepsen.core: Nemesis starting
2016-12-13 15:33:03,206{GMT}	INFO	[jepsen nemesis] jepsen.core: nemesis done
2016-12-13 15:33:03,207{GMT}	INFO	[jepsen worker 1] jepsen.core: Worker 1 starting
2016-12-13 15:33:03,207{GMT}	INFO	[jepsen worker 0] jepsen.core: Worker 0 starting
2016-12-13 15:33:03,207{GMT}	INFO	[jepsen worker 4] jepsen.core: Worker 4 starting
2016-12-13 15:33:03,207{GMT}	INFO	[jepsen worker 2] jepsen.core: Worker 2 starting
2016-12-13 15:33:03,208{GMT}	INFO	[jepsen worker 3] jepsen.core: Worker 3 starting
2016-12-13 15:33:03,208{GMT}	INFO	[jepsen worker 1] jepsen.core: Worker 1 done
2016-12-13 15:33:03,208{GMT}	INFO	[jepsen worker 0] jepsen.core: Worker 0 done
2016-12-13 15:33:03,208{GMT}	INFO	[jepsen worker 4] jepsen.core: Worker 4 done
2016-12-13 15:33:03,208{GMT}	INFO	[jepsen worker 2] jepsen.core: Worker 2 done
2016-12-13 15:33:03,208{GMT}	INFO	[jepsen worker 3] jepsen.core: Worker 3 done
2016-12-13 15:33:03,208{GMT}	INFO	[jepsen test runner] jepsen.core: Waiting for nemesis to complete
2016-12-13 15:33:03,209{GMT}	INFO	[jepsen test runner] jepsen.core: nemesis done.
2016-12-13 15:33:03,209{GMT}	INFO	[jepsen test runner] jepsen.core: Tearing down nemesis
2016-12-13 15:33:03,209{GMT}	INFO	[jepsen test runner] jepsen.core: Nemesis torn down
2016-12-13 15:33:03,210{GMT}	INFO	[jepsen test runner] jepsen.core: Snarfing log files
2016-12-13 15:33:03,214{GMT}	INFO	[jepsen node w2] jepsen.core: downloading /var/logs/zookeeper/zookeeper.log to zookeeper.log
2016-12-13 15:33:03,214{GMT}	INFO	[jepsen node w3] jepsen.core: downloading /var/logs/zookeeper/zookeeper.log to zookeeper.log
2016-12-13 15:33:03,214{GMT}	INFO	[jepsen node w4] jepsen.core: downloading /var/logs/zookeeper/zookeeper.log to zookeeper.log
2016-12-13 15:33:03,214{GMT}	INFO	[jepsen node w5] jepsen.core: downloading /var/logs/zookeeper/zookeeper.log to zookeeper.log
2016-12-13 15:33:03,214{GMT}	INFO	[jepsen node w1] jepsen.core: downloading /var/logs/zookeeper/zookeeper.log to zookeeper.log
2016-12-13 15:33:03,245{GMT}	WARN	[jepsen node w5] jepsen.control: Encountered error with conn [:control "w5"]; reopening
2016-12-13 15:33:03,248{GMT}	WARN	[jepsen node w2] jepsen.control: Encountered error with conn [:control "w2"]; reopening
2016-12-13 15:33:03,250{GMT}	WARN	[jepsen node w4] jepsen.control: Encountered error with conn [:control "w4"]; reopening
2016-12-13 15:33:03,262{GMT}	WARN	[jepsen node w3] jepsen.control: Encountered error with conn [:control "w3"]; reopening
2016-12-13 15:33:03,270{GMT}	WARN	[jepsen node w1] jepsen.control: Encountered error with conn [:control "w1"]; reopening
2016-12-13 15:33:03,317{GMT}	INFO	[jepsen node w5] jepsen.core: /var/logs/zookeeper/zookeeper.log pipe closed
2016-12-13 15:33:03,382{GMT}	INFO	[jepsen node w4] jepsen.core: /var/logs/zookeeper/zookeeper.log doesn't exist
2016-12-13 15:33:03,466{GMT}	INFO	[jepsen node w3] jepsen.core: /var/logs/zookeeper/zookeeper.log doesn't exist
2016-12-13 15:33:03,537{GMT}	INFO	[jepsen node w1] jepsen.core: /var/logs/zookeeper/zookeeper.log doesn't exist
2016-12-13 15:33:03,611{GMT}	INFO	[jepsen node w2] jepsen.core: /var/logs/zookeeper/zookeeper.log doesn't exist
2016-12-13 15:33:03,612{GMT}	INFO	[jepsen test runner] jepsen.core: Run complete, writing
2016-12-13 15:33:03,630{GMT}	INFO	[jepsen node w1] jepsen.zookeeper: w1 tearing down ZK
2016-12-13 15:33:03,630{GMT}	INFO	[jepsen node w3] jepsen.zookeeper: w3 tearing down ZK
2016-12-13 15:33:03,630{GMT}	INFO	[jepsen node w5] jepsen.zookeeper: w5 tearing down ZK
2016-12-13 15:33:03,630{GMT}	INFO	[jepsen node w4] jepsen.zookeeper: w4 tearing down ZK
2016-12-13 15:33:03,630{GMT}	INFO	[jepsen node w2] jepsen.zookeeper: w2 tearing down ZK
2016-12-13 15:33:04,237{GMT}	INFO	[jepsen test runner] jepsen.core: Analyzing
2016-12-13 15:33:04,247{GMT}	INFO	[jepsen test runner] jepsen.core: Analysis complete
2016-12-13 15:33:04,261{GMT}	INFO	[jepsen results] jepsen.store: Wrote /home/admin/jepsen.zookeeper/store/zookeeper/20161213T153259.000Z/results.edn
2016-12-13 15:33:04,267{GMT}	INFO	[main] jepsen.core: {:valid? true,
 :configs ({:model {}, :last-op nil, :pending []}),
 :final-paths ()}


Everything looks good! ヽ(‘ー`)ノ
