2016-12-13 16:30:08,798{GMT}	INFO	[jepsen node w2] jepsen.os.debian: w2 setting up debian
2016-12-13 16:30:08,798{GMT}	INFO	[jepsen node w4] jepsen.os.debian: w4 setting up debian
2016-12-13 16:30:08,799{GMT}	INFO	[jepsen node w3] jepsen.os.debian: w3 setting up debian
2016-12-13 16:30:08,799{GMT}	INFO	[jepsen node w5] jepsen.os.debian: w5 setting up debian
2016-12-13 16:30:08,799{GMT}	INFO	[jepsen node w1] jepsen.os.debian: w1 setting up debian
2016-12-13 16:30:09,522{GMT}	INFO	[jepsen node w2] jepsen.zookeeper: w2 tearing down ZK
2016-12-13 16:30:09,522{GMT}	INFO	[jepsen node w5] jepsen.zookeeper: w5 tearing down ZK
2016-12-13 16:30:09,522{GMT}	INFO	[jepsen node w3] jepsen.zookeeper: w3 tearing down ZK
2016-12-13 16:30:09,522{GMT}	INFO	[jepsen node w4] jepsen.zookeeper: w4 tearing down ZK
2016-12-13 16:30:09,522{GMT}	INFO	[jepsen node w1] jepsen.zookeeper: w1 tearing down ZK
2016-12-13 16:30:09,725{GMT}	INFO	[jepsen node w3] jepsen.zookeeper: Setting up ZK on  w3
2016-12-13 16:30:09,725{GMT}	INFO	[jepsen node w5] jepsen.zookeeper: Setting up ZK on  w5
2016-12-13 16:30:09,725{GMT}	INFO	[jepsen node w2] jepsen.zookeeper: Setting up ZK on  w2
2016-12-13 16:30:09,725{GMT}	INFO	[jepsen node w5] jepsen.zookeeper: w5 Installing ZK 3.4.5+dfsg-2
2016-12-13 16:30:09,725{GMT}	INFO	[jepsen node w3] jepsen.zookeeper: w3 Installing ZK 3.4.5+dfsg-2
2016-12-13 16:30:09,725{GMT}	INFO	[jepsen node w2] jepsen.zookeeper: w2 Installing ZK 3.4.5+dfsg-2
2016-12-13 16:30:09,730{GMT}	INFO	[jepsen node w1] jepsen.zookeeper: Setting up ZK on  w1
2016-12-13 16:30:09,730{GMT}	INFO	[jepsen node w4] jepsen.zookeeper: Setting up ZK on  w4
2016-12-13 16:30:09,730{GMT}	INFO	[jepsen node w1] jepsen.zookeeper: w1 Installing ZK 3.4.5+dfsg-2
2016-12-13 16:30:09,730{GMT}	INFO	[jepsen node w4] jepsen.zookeeper: w4 Installing ZK 3.4.5+dfsg-2
2016-12-13 16:30:10,032{GMT}	INFO	[jepsen node w3] jepsen.zookeeper: w3 id is 2
2016-12-13 16:30:10,032{GMT}	INFO	[jepsen node w5] jepsen.zookeeper: w5 id is 4
2016-12-13 16:30:10,032{GMT}	INFO	[jepsen node w2] jepsen.zookeeper: w2 id is 1
2016-12-13 16:30:10,037{GMT}	INFO	[jepsen node w1] jepsen.zookeeper: w1 id is 0
2016-12-13 16:30:10,037{GMT}	INFO	[jepsen node w4] jepsen.zookeeper: w4 id is 3
2016-12-13 16:30:10,238{GMT}	INFO	[jepsen node w5] jepsen.zookeeper: w5 ZK restarting
2016-12-13 16:30:10,238{GMT}	INFO	[jepsen node w3] jepsen.zookeeper: w3 ZK restarting
2016-12-13 16:30:10,239{GMT}	INFO	[jepsen node w2] jepsen.zookeeper: w2 ZK restarting
2016-12-13 16:30:10,239{GMT}	INFO	[jepsen node w1] jepsen.zookeeper: w1 ZK restarting
2016-12-13 16:30:10,239{GMT}	INFO	[jepsen node w4] jepsen.zookeeper: w4 ZK restarting
2016-12-13 16:30:15,339{GMT}	INFO	[jepsen node w5] jepsen.zookeeper: w5 ZK ready
2016-12-13 16:30:15,339{GMT}	INFO	[jepsen node w3] jepsen.zookeeper: w3 ZK ready
2016-12-13 16:30:15,340{GMT}	INFO	[jepsen node w2] jepsen.zookeeper: w2 ZK ready
2016-12-13 16:30:15,341{GMT}	INFO	[jepsen node w1] jepsen.zookeeper: w1 ZK ready
2016-12-13 16:30:15,341{GMT}	INFO	[jepsen node w4] jepsen.zookeeper: w4 ZK ready
2016-12-13 16:30:15,347{GMT}	INFO	[clojure-agent-send-off-pool-0] org.apache.zookeeper.ZooKeeper: Initiating client connection, connectString=w2 sessionTimeout=5000 watcher=zookeeper.internal$make_watcher$reify__762@6a43f0d9
2016-12-13 16:30:15,347{GMT}	INFO	[clojure-agent-send-off-pool-3] org.apache.zookeeper.ZooKeeper: Initiating client connection, connectString=w3 sessionTimeout=5000 watcher=zookeeper.internal$make_watcher$reify__762@1803908b
2016-12-13 16:30:15,347{GMT}	INFO	[clojure-agent-send-off-pool-4] org.apache.zookeeper.ZooKeeper: Initiating client connection, connectString=w4 sessionTimeout=5000 watcher=zookeeper.internal$make_watcher$reify__762@3702a08f
2016-12-13 16:30:15,348{GMT}	INFO	[clojure-agent-send-off-pool-1] org.apache.zookeeper.ZooKeeper: Initiating client connection, connectString=w5 sessionTimeout=5000 watcher=zookeeper.internal$make_watcher$reify__762@3cdd27eb
2016-12-13 16:30:15,348{GMT}	INFO	[clojure-agent-send-off-pool-2] org.apache.zookeeper.ZooKeeper: Initiating client connection, connectString=w1 sessionTimeout=5000 watcher=zookeeper.internal$make_watcher$reify__762@dd5bf04
2016-12-13 16:30:15,361{GMT}	INFO	[clojure-agent-send-off-pool-0-SendThread()] org.apache.zookeeper.ClientCnxn: Opening socket connection to server /192.168.32.102:2181
2016-12-13 16:30:15,361{GMT}	INFO	[clojure-agent-send-off-pool-3-SendThread()] org.apache.zookeeper.ClientCnxn: Opening socket connection to server /192.168.32.103:2181
2016-12-13 16:30:15,363{GMT}	INFO	[clojure-agent-send-off-pool-1-SendThread()] org.apache.zookeeper.ClientCnxn: Opening socket connection to server /192.168.32.105:2181
2016-12-13 16:30:15,363{GMT}	INFO	[clojure-agent-send-off-pool-2-SendThread()] org.apache.zookeeper.ClientCnxn: Opening socket connection to server /192.168.32.101:2181
2016-12-13 16:30:15,363{GMT}	INFO	[clojure-agent-send-off-pool-4-SendThread()] org.apache.zookeeper.ClientCnxn: Opening socket connection to server /192.168.32.104:2181
2016-12-13 16:30:15,371{GMT}	INFO	[clojure-agent-send-off-pool-1-SendThread(w5:2181)] org.apache.zookeeper.ClientCnxn: Socket connection established to w5/192.168.32.105:2181, initiating session
2016-12-13 16:30:15,371{GMT}	INFO	[clojure-agent-send-off-pool-3-SendThread(w3:2181)] org.apache.zookeeper.ClientCnxn: Socket connection established to w3/192.168.32.103:2181, initiating session
2016-12-13 16:30:15,372{GMT}	INFO	[clojure-agent-send-off-pool-4-SendThread(w4:2181)] org.apache.zookeeper.ClientCnxn: Socket connection established to w4/192.168.32.104:2181, initiating session
2016-12-13 16:30:15,372{GMT}	INFO	[clojure-agent-send-off-pool-0-SendThread(w2:2181)] org.apache.zookeeper.ClientCnxn: Socket connection established to w2/192.168.32.102:2181, initiating session
2016-12-13 16:30:15,372{GMT}	INFO	[clojure-agent-send-off-pool-2-SendThread(w1:2181)] org.apache.zookeeper.ClientCnxn: Socket connection established to w1/192.168.32.101:2181, initiating session
2016-12-13 16:30:15,489{GMT}	INFO	[clojure-agent-send-off-pool-0-SendThread(w2:2181)] org.apache.zookeeper.ClientCnxn: Session establishment complete on server w2/192.168.32.102:2181, sessionid = 0x158f90518350000, negotiated timeout = 5000
2016-12-13 16:30:15,489{GMT}	INFO	[clojure-agent-send-off-pool-1-SendThread(w5:2181)] org.apache.zookeeper.ClientCnxn: Session establishment complete on server w5/192.168.32.105:2181, sessionid = 0x158f905192e0000, negotiated timeout = 5000
2016-12-13 16:30:15,489{GMT}	INFO	[clojure-agent-send-off-pool-2-SendThread(w1:2181)] org.apache.zookeeper.ClientCnxn: Session establishment complete on server w1/192.168.32.101:2181, sessionid = 0x158f90518340000, negotiated timeout = 5000
2016-12-13 16:30:15,496{GMT}	INFO	[clojure-agent-send-off-pool-3-SendThread(w3:2181)] org.apache.zookeeper.ClientCnxn: Session establishment complete on server w3/192.168.32.103:2181, sessionid = 0x158f9051ad40000, negotiated timeout = 5000
2016-12-13 16:30:15,515{GMT}	INFO	[clojure-agent-send-off-pool-4-SendThread(w4:2181)] org.apache.zookeeper.ClientCnxn: Session establishment complete on server w4/192.168.32.104:2181, sessionid = 0x158f905187f0000, negotiated timeout = 5000
2016-12-13 16:30:15,629{GMT}	INFO	[jepsen nemesis] jepsen.core: Nemesis starting
2016-12-13 16:30:15,629{GMT}	INFO	[jepsen nemesis] jepsen.core: nemesis done
2016-12-13 16:30:15,630{GMT}	INFO	[jepsen worker 2] jepsen.core: Worker 2 starting
2016-12-13 16:30:15,630{GMT}	INFO	[jepsen worker 1] jepsen.core: Worker 1 starting
2016-12-13 16:30:15,630{GMT}	INFO	[jepsen worker 4] jepsen.core: Worker 4 starting
2016-12-13 16:30:15,630{GMT}	INFO	[jepsen worker 0] jepsen.core: Worker 0 starting
2016-12-13 16:30:15,631{GMT}	INFO	[jepsen worker 3] jepsen.core: Worker 3 starting
2016-12-13 16:30:15,664{GMT}	INFO	[jepsen worker 4] jepsen.util: 4	:invoke	:cas	[0 0]
2016-12-13 16:30:15,694{GMT}	WARN	[jepsen worker 4] jepsen.core: Process 4 indeterminate
java.lang.ClassCastException: java.lang.Integer cannot be cast to clojure.lang.Associative
	at clojure.lang.RT.assoc(RT.java:792) ~[clojure-1.8.0.jar:na]
	at clojure.core$assoc__4371.invokeStatic(core.clj:191) ~[clojure-1.8.0.jar:na]
	at clojure.core$assoc__4371.invoke(core.clj:190) ~[clojure-1.8.0.jar:na]
	at jepsen.core$worker$fn__5911$fn__5912.invoke(core.clj:164) ~[jepsen-0.1.4.jar:na]
	at jepsen.core$worker$fn__5911.invoke(core.clj:161) [jepsen-0.1.4.jar:na]
	at clojure.core$binding_conveyor_fn$fn__4676.invoke(core.clj:1938) [clojure-1.8.0.jar:na]
	at clojure.lang.AFn.call(AFn.java:18) [clojure-1.8.0.jar:na]
	at java.util.concurrent.FutureTask.run(FutureTask.java:266) [na:1.8.0_111]
	at java.util.concurrent.ThreadPoolExecutor.runWorker(ThreadPoolExecutor.java:1142) [na:1.8.0_111]
	at java.util.concurrent.ThreadPoolExecutor$Worker.run(ThreadPoolExecutor.java:617) [na:1.8.0_111]
	at java.lang.Thread.run(Thread.java:745) [na:1.8.0_111]
2016-12-13 16:30:15,709{GMT}	INFO	[jepsen worker 2] jepsen.util: 2	:invoke	:read	nil
2016-12-13 16:30:15,712{GMT}	INFO	[clojure-agent-send-off-pool-7] jepsen.zookeeper: log from test 0
2016-12-13 16:30:15,713{GMT}	INFO	[jepsen worker 2] jepsen.util: 2	:ok	:read	0
2016-12-13 16:30:16,010{GMT}	INFO	[jepsen worker 4] jepsen.util: 9	:invoke	:write	4
2016-12-13 16:30:16,029{GMT}	INFO	[jepsen worker 4] jepsen.util: 9	:ok	:write	4
2016-12-13 16:30:16,432{GMT}	INFO	[jepsen worker 1] jepsen.util: 1	:invoke	:cas	[0 3]
2016-12-13 16:30:16,455{GMT}	WARN	[jepsen worker 1] jepsen.core: Process 1 indeterminate
java.lang.ClassCastException: java.lang.Integer cannot be cast to clojure.lang.Associative
	at clojure.lang.RT.assoc(RT.java:792) ~[clojure-1.8.0.jar:na]
	at clojure.core$assoc__4371.invokeStatic(core.clj:191) ~[clojure-1.8.0.jar:na]
	at clojure.core$assoc__4371.invoke(core.clj:190) ~[clojure-1.8.0.jar:na]
	at jepsen.core$worker$fn__5911$fn__5912.invoke(core.clj:164) ~[jepsen-0.1.4.jar:na]
	at jepsen.core$worker$fn__5911.invoke(core.clj:161) [jepsen-0.1.4.jar:na]
	at clojure.core$binding_conveyor_fn$fn__4676.invoke(core.clj:1938) [clojure-1.8.0.jar:na]
	at clojure.lang.AFn.call(AFn.java:18) [clojure-1.8.0.jar:na]
	at java.util.concurrent.FutureTask.run(FutureTask.java:266) [na:1.8.0_111]
	at java.util.concurrent.ThreadPoolExecutor.runWorker(ThreadPoolExecutor.java:1142) [na:1.8.0_111]
	at java.util.concurrent.ThreadPoolExecutor$Worker.run(ThreadPoolExecutor.java:617) [na:1.8.0_111]
	at java.lang.Thread.run(Thread.java:745) [na:1.8.0_111]
2016-12-13 16:30:17,046{GMT}	INFO	[jepsen worker 4] jepsen.util: 9	:invoke	:read	nil
2016-12-13 16:30:17,048{GMT}	INFO	[clojure-agent-send-off-pool-7] jepsen.zookeeper: log from test 4
2016-12-13 16:30:17,048{GMT}	INFO	[jepsen worker 4] jepsen.util: 9	:ok	:read	4
2016-12-13 16:30:17,200{GMT}	INFO	[jepsen worker 0] jepsen.util: 0	:invoke	:read	nil
2016-12-13 16:30:17,203{GMT}	INFO	[clojure-agent-send-off-pool-7] jepsen.zookeeper: log from test 0
2016-12-13 16:30:17,204{GMT}	INFO	[jepsen worker 0] jepsen.util: 0	:ok	:read	0
2016-12-13 16:30:17,466{GMT}	INFO	[jepsen worker 3] jepsen.util: 3	:invoke	:read	nil
2016-12-13 16:30:17,469{GMT}	INFO	[clojure-agent-send-off-pool-7] jepsen.zookeeper: log from test 0
2016-12-13 16:30:17,469{GMT}	INFO	[jepsen worker 3] jepsen.util: 3	:ok	:read	0
2016-12-13 16:30:17,507{GMT}	INFO	[jepsen worker 2] jepsen.util: 2	:invoke	:cas	[4 1]
2016-12-13 16:30:17,522{GMT}	WARN	[jepsen worker 2] jepsen.core: Process 2 indeterminate
java.lang.ClassCastException: java.lang.Long cannot be cast to clojure.lang.Associative
	at clojure.lang.RT.assoc(RT.java:792) ~[clojure-1.8.0.jar:na]
	at clojure.core$assoc__4371.invokeStatic(core.clj:191) ~[clojure-1.8.0.jar:na]
	at clojure.core$assoc__4371.invoke(core.clj:190) ~[clojure-1.8.0.jar:na]
	at jepsen.core$worker$fn__5911$fn__5912.invoke(core.clj:164) ~[jepsen-0.1.4.jar:na]
	at jepsen.core$worker$fn__5911.invoke(core.clj:161) [jepsen-0.1.4.jar:na]
	at clojure.core$binding_conveyor_fn$fn__4676.invoke(core.clj:1938) [clojure-1.8.0.jar:na]
	at clojure.lang.AFn.call(AFn.java:18) [clojure-1.8.0.jar:na]
	at java.util.concurrent.FutureTask.run(FutureTask.java:266) [na:1.8.0_111]
	at java.util.concurrent.ThreadPoolExecutor.runWorker(ThreadPoolExecutor.java:1142) [na:1.8.0_111]
	at java.util.concurrent.ThreadPoolExecutor$Worker.run(ThreadPoolExecutor.java:617) [na:1.8.0_111]
	at java.lang.Thread.run(Thread.java:745) [na:1.8.0_111]
2016-12-13 16:30:17,562{GMT}	INFO	[jepsen worker 1] jepsen.util: 6	:invoke	:cas	[0 0]
2016-12-13 16:30:17,578{GMT}	WARN	[jepsen worker 1] jepsen.core: Process 6 indeterminate
java.lang.ClassCastException: java.lang.Long cannot be cast to clojure.lang.Associative
	at clojure.lang.RT.assoc(RT.java:792) ~[clojure-1.8.0.jar:na]
	at clojure.core$assoc__4371.invokeStatic(core.clj:191) ~[clojure-1.8.0.jar:na]
	at clojure.core$assoc__4371.invoke(core.clj:190) ~[clojure-1.8.0.jar:na]
	at jepsen.core$worker$fn__5911$fn__5912.invoke(core.clj:164) ~[jepsen-0.1.4.jar:na]
	at jepsen.core$worker$fn__5911.invoke(core.clj:161) [jepsen-0.1.4.jar:na]
	at clojure.core$binding_conveyor_fn$fn__4676.invoke(core.clj:1938) [clojure-1.8.0.jar:na]
	at clojure.lang.AFn.call(AFn.java:18) [clojure-1.8.0.jar:na]
	at java.util.concurrent.FutureTask.run(FutureTask.java:266) [na:1.8.0_111]
	at java.util.concurrent.ThreadPoolExecutor.runWorker(ThreadPoolExecutor.java:1142) [na:1.8.0_111]
	at java.util.concurrent.ThreadPoolExecutor$Worker.run(ThreadPoolExecutor.java:617) [na:1.8.0_111]
	at java.lang.Thread.run(Thread.java:745) [na:1.8.0_111]
2016-12-13 16:30:17,721{GMT}	INFO	[jepsen worker 0] jepsen.util: 0	:invoke	:write	3
2016-12-13 16:30:17,738{GMT}	INFO	[jepsen worker 0] jepsen.util: 0	:ok	:write	3
2016-12-13 16:30:17,845{GMT}	INFO	[jepsen worker 4] jepsen.util: 9	:invoke	:write	4
2016-12-13 16:30:17,859{GMT}	INFO	[jepsen worker 4] jepsen.util: 9	:ok	:write	4
2016-12-13 16:30:17,890{GMT}	INFO	[jepsen worker 2] jepsen.util: 7	:invoke	:read	nil
2016-12-13 16:30:17,891{GMT}	INFO	[clojure-agent-send-off-pool-7] jepsen.zookeeper: log from test 0
2016-12-13 16:30:17,891{GMT}	INFO	[jepsen worker 2] jepsen.util: 7	:ok	:read	0
2016-12-13 16:30:17,991{GMT}	INFO	[jepsen worker 2] jepsen.util: 7	:invoke	:read	nil
2016-12-13 16:30:17,992{GMT}	INFO	[clojure-agent-send-off-pool-7] jepsen.zookeeper: log from test 0
2016-12-13 16:30:17,992{GMT}	INFO	[jepsen worker 2] jepsen.util: 7	:ok	:read	0
2016-12-13 16:30:18,857{GMT}	INFO	[jepsen worker 0] jepsen.util: 0	:invoke	:read	nil
2016-12-13 16:30:18,858{GMT}	INFO	[clojure-agent-send-off-pool-7] jepsen.zookeeper: log from test 3
2016-12-13 16:30:18,858{GMT}	INFO	[jepsen worker 0] jepsen.util: 0	:ok	:read	3
2016-12-13 16:30:18,894{GMT}	INFO	[jepsen worker 1] jepsen.util: 11	:invoke	:write	0
2016-12-13 16:30:18,908{GMT}	INFO	[jepsen worker 1] jepsen.util: 11	:ok	:write	0
2016-12-13 16:30:19,098{GMT}	INFO	[jepsen worker 3] jepsen.util: 3	:invoke	:write	1
2016-12-13 16:30:19,112{GMT}	INFO	[jepsen worker 3] jepsen.util: 3	:ok	:write	1
2016-12-13 16:30:19,168{GMT}	INFO	[jepsen worker 2] jepsen.util: 7	:invoke	:read	nil
2016-12-13 16:30:19,168{GMT}	INFO	[clojure-agent-send-off-pool-7] jepsen.zookeeper: log from test 0
2016-12-13 16:30:19,169{GMT}	INFO	[jepsen worker 2] jepsen.util: 7	:ok	:read	0
2016-12-13 16:30:19,351{GMT}	INFO	[jepsen worker 2] jepsen.util: 7	:invoke	:cas	[2 1]
2016-12-13 16:30:19,366{GMT}	WARN	[jepsen worker 2] jepsen.core: Process 7 indeterminate
java.lang.ClassCastException: java.lang.Long cannot be cast to clojure.lang.Associative
	at clojure.lang.RT.assoc(RT.java:792) ~[clojure-1.8.0.jar:na]
	at clojure.core$assoc__4371.invokeStatic(core.clj:191) ~[clojure-1.8.0.jar:na]
	at clojure.core$assoc__4371.invoke(core.clj:190) ~[clojure-1.8.0.jar:na]
	at jepsen.core$worker$fn__5911$fn__5912.invoke(core.clj:164) ~[jepsen-0.1.4.jar:na]
	at jepsen.core$worker$fn__5911.invoke(core.clj:161) [jepsen-0.1.4.jar:na]
	at clojure.core$binding_conveyor_fn$fn__4676.invoke(core.clj:1938) [clojure-1.8.0.jar:na]
	at clojure.lang.AFn.call(AFn.java:18) [clojure-1.8.0.jar:na]
	at java.util.concurrent.FutureTask.run(FutureTask.java:266) [na:1.8.0_111]
	at java.util.concurrent.ThreadPoolExecutor.runWorker(ThreadPoolExecutor.java:1142) [na:1.8.0_111]
	at java.util.concurrent.ThreadPoolExecutor$Worker.run(ThreadPoolExecutor.java:617) [na:1.8.0_111]
	at java.lang.Thread.run(Thread.java:745) [na:1.8.0_111]
2016-12-13 16:30:19,544{GMT}	INFO	[jepsen worker 3] jepsen.util: 3	:invoke	:read	nil
2016-12-13 16:30:19,545{GMT}	INFO	[clojure-agent-send-off-pool-5] jepsen.zookeeper: log from test 1
2016-12-13 16:30:19,545{GMT}	INFO	[jepsen worker 3] jepsen.util: 3	:ok	:read	1
2016-12-13 16:30:19,640{GMT}	INFO	[jepsen worker 4] jepsen.util: 9	:invoke	:cas	[4 3]
2016-12-13 16:30:19,656{GMT}	WARN	[jepsen worker 4] jepsen.core: Process 9 indeterminate
java.lang.ClassCastException: java.lang.Integer cannot be cast to clojure.lang.Associative
	at clojure.lang.RT.assoc(RT.java:792) ~[clojure-1.8.0.jar:na]
	at clojure.core$assoc__4371.invokeStatic(core.clj:191) ~[clojure-1.8.0.jar:na]
	at clojure.core$assoc__4371.invoke(core.clj:190) ~[clojure-1.8.0.jar:na]
	at jepsen.core$worker$fn__5911$fn__5912.invoke(core.clj:164) ~[jepsen-0.1.4.jar:na]
	at jepsen.core$worker$fn__5911.invoke(core.clj:161) [jepsen-0.1.4.jar:na]
	at clojure.core$binding_conveyor_fn$fn__4676.invoke(core.clj:1938) [clojure-1.8.0.jar:na]
	at clojure.lang.AFn.call(AFn.java:18) [clojure-1.8.0.jar:na]
	at java.util.concurrent.FutureTask.run(FutureTask.java:266) [na:1.8.0_111]
	at java.util.concurrent.ThreadPoolExecutor.runWorker(ThreadPoolExecutor.java:1142) [na:1.8.0_111]
	at java.util.concurrent.ThreadPoolExecutor$Worker.run(ThreadPoolExecutor.java:617) [na:1.8.0_111]
	at java.lang.Thread.run(Thread.java:745) [na:1.8.0_111]
2016-12-13 16:30:19,975{GMT}	INFO	[jepsen worker 0] jepsen.util: 0	:invoke	:write	0
2016-12-13 16:30:19,993{GMT}	INFO	[jepsen worker 0] jepsen.util: 0	:ok	:write	0
2016-12-13 16:30:20,073{GMT}	INFO	[jepsen worker 3] jepsen.util: 3	:invoke	:write	3
2016-12-13 16:30:20,080{GMT}	INFO	[jepsen worker 1] jepsen.util: 11	:invoke	:cas	[0 0]
2016-12-13 16:30:20,091{GMT}	INFO	[jepsen worker 3] jepsen.util: 3	:ok	:write	3
2016-12-13 16:30:20,095{GMT}	WARN	[jepsen worker 1] jepsen.core: Process 11 indeterminate
java.lang.ClassCastException: java.lang.Integer cannot be cast to clojure.lang.Associative
	at clojure.lang.RT.assoc(RT.java:792) ~[clojure-1.8.0.jar:na]
	at clojure.core$assoc__4371.invokeStatic(core.clj:191) ~[clojure-1.8.0.jar:na]
	at clojure.core$assoc__4371.invoke(core.clj:190) ~[clojure-1.8.0.jar:na]
	at jepsen.core$worker$fn__5911$fn__5912.invoke(core.clj:164) ~[jepsen-0.1.4.jar:na]
	at jepsen.core$worker$fn__5911.invoke(core.clj:161) [jepsen-0.1.4.jar:na]
	at clojure.core$binding_conveyor_fn$fn__4676.invoke(core.clj:1938) [clojure-1.8.0.jar:na]
	at clojure.lang.AFn.call(AFn.java:18) [clojure-1.8.0.jar:na]
	at java.util.concurrent.FutureTask.run(FutureTask.java:266) [na:1.8.0_111]
	at java.util.concurrent.ThreadPoolExecutor.runWorker(ThreadPoolExecutor.java:1142) [na:1.8.0_111]
	at java.util.concurrent.ThreadPoolExecutor$Worker.run(ThreadPoolExecutor.java:617) [na:1.8.0_111]
	at java.lang.Thread.run(Thread.java:745) [na:1.8.0_111]
2016-12-13 16:30:20,814{GMT}	INFO	[jepsen worker 4] jepsen.util: 14	:invoke	:cas	[2 2]
2016-12-13 16:30:20,829{GMT}	WARN	[jepsen worker 4] jepsen.core: Process 14 indeterminate
java.lang.ClassCastException: java.lang.Long cannot be cast to clojure.lang.Associative
	at clojure.lang.RT.assoc(RT.java:792) ~[clojure-1.8.0.jar:na]
	at clojure.core$assoc__4371.invokeStatic(core.clj:191) ~[clojure-1.8.0.jar:na]
	at clojure.core$assoc__4371.invoke(core.clj:190) ~[clojure-1.8.0.jar:na]
	at jepsen.core$worker$fn__5911$fn__5912.invoke(core.clj:164) ~[jepsen-0.1.4.jar:na]
	at jepsen.core$worker$fn__5911.invoke(core.clj:161) [jepsen-0.1.4.jar:na]
	at clojure.core$binding_conveyor_fn$fn__4676.invoke(core.clj:1938) [clojure-1.8.0.jar:na]
	at clojure.lang.AFn.call(AFn.java:18) [clojure-1.8.0.jar:na]
	at java.util.concurrent.FutureTask.run(FutureTask.java:266) [na:1.8.0_111]
	at java.util.concurrent.ThreadPoolExecutor.runWorker(ThreadPoolExecutor.java:1142) [na:1.8.0_111]
	at java.util.concurrent.ThreadPoolExecutor$Worker.run(ThreadPoolExecutor.java:617) [na:1.8.0_111]
	at java.lang.Thread.run(Thread.java:745) [na:1.8.0_111]
2016-12-13 16:30:21,075{GMT}	INFO	[jepsen worker 2] jepsen.util: 12	:invoke	:read	nil
2016-12-13 16:30:21,078{GMT}	INFO	[clojure-agent-send-off-pool-2] jepsen.zookeeper: log from test 0
2016-12-13 16:30:21,078{GMT}	INFO	[jepsen worker 2] jepsen.util: 12	:ok	:read	0
2016-12-13 16:30:21,126{GMT}	INFO	[jepsen worker 0] jepsen.util: 0	:invoke	:cas	[1 0]
2016-12-13 16:30:21,154{GMT}	WARN	[jepsen worker 0] jepsen.core: Process 0 indeterminate
java.lang.ClassCastException: java.lang.Long cannot be cast to clojure.lang.Associative
	at clojure.lang.RT.assoc(RT.java:792) ~[clojure-1.8.0.jar:na]
	at clojure.core$assoc__4371.invokeStatic(core.clj:191) ~[clojure-1.8.0.jar:na]
	at clojure.core$assoc__4371.invoke(core.clj:190) ~[clojure-1.8.0.jar:na]
	at jepsen.core$worker$fn__5911$fn__5912.invoke(core.clj:164) ~[jepsen-0.1.4.jar:na]
	at jepsen.core$worker$fn__5911.invoke(core.clj:161) [jepsen-0.1.4.jar:na]
	at clojure.core$binding_conveyor_fn$fn__4676.invoke(core.clj:1938) [clojure-1.8.0.jar:na]
	at clojure.lang.AFn.call(AFn.java:18) [clojure-1.8.0.jar:na]
	at java.util.concurrent.FutureTask.run(FutureTask.java:266) [na:1.8.0_111]
	at java.util.concurrent.ThreadPoolExecutor.runWorker(ThreadPoolExecutor.java:1142) [na:1.8.0_111]
	at java.util.concurrent.ThreadPoolExecutor$Worker.run(ThreadPoolExecutor.java:617) [na:1.8.0_111]
	at java.lang.Thread.run(Thread.java:745) [na:1.8.0_111]
2016-12-13 16:30:21,747{GMT}	INFO	[jepsen worker 1] jepsen.util: 16	:invoke	:write	3
2016-12-13 16:30:21,762{GMT}	INFO	[jepsen worker 1] jepsen.util: 16	:ok	:write	3
2016-12-13 16:30:21,884{GMT}	INFO	[jepsen worker 3] jepsen.util: 3	:invoke	:cas	[0 3]
2016-12-13 16:30:21,898{GMT}	WARN	[jepsen worker 3] jepsen.core: Process 3 indeterminate
java.lang.ClassCastException: java.lang.Long cannot be cast to clojure.lang.Associative
	at clojure.lang.RT.assoc(RT.java:792) ~[clojure-1.8.0.jar:na]
	at clojure.core$assoc__4371.invokeStatic(core.clj:191) ~[clojure-1.8.0.jar:na]
	at clojure.core$assoc__4371.invoke(core.clj:190) ~[clojure-1.8.0.jar:na]
	at jepsen.core$worker$fn__5911$fn__5912.invoke(core.clj:164) ~[jepsen-0.1.4.jar:na]
	at jepsen.core$worker$fn__5911.invoke(core.clj:161) [jepsen-0.1.4.jar:na]
	at clojure.core$binding_conveyor_fn$fn__4676.invoke(core.clj:1938) [clojure-1.8.0.jar:na]
	at clojure.lang.AFn.call(AFn.java:18) [clojure-1.8.0.jar:na]
	at java.util.concurrent.FutureTask.run(FutureTask.java:266) [na:1.8.0_111]
	at java.util.concurrent.ThreadPoolExecutor.runWorker(ThreadPoolExecutor.java:1142) [na:1.8.0_111]
	at java.util.concurrent.ThreadPoolExecutor$Worker.run(ThreadPoolExecutor.java:617) [na:1.8.0_111]
	at java.lang.Thread.run(Thread.java:745) [na:1.8.0_111]
2016-12-13 16:30:22,171{GMT}	INFO	[jepsen worker 4] jepsen.util: 19	:invoke	:read	nil
2016-12-13 16:30:22,172{GMT}	INFO	[clojure-agent-send-off-pool-0] jepsen.zookeeper: log from test 3
2016-12-13 16:30:22,173{GMT}	INFO	[jepsen worker 4] jepsen.util: 19	:ok	:read	3
2016-12-13 16:30:22,263{GMT}	INFO	[jepsen worker 1] jepsen.util: 16	:invoke	:write	2
2016-12-13 16:30:22,278{GMT}	INFO	[jepsen worker 1] jepsen.util: 16	:ok	:write	2
2016-12-13 16:30:22,373{GMT}	INFO	[jepsen worker 3] jepsen.util: 8	:invoke	:read	nil
2016-12-13 16:30:22,374{GMT}	INFO	[clojure-agent-send-off-pool-2] jepsen.zookeeper: log from test 3
2016-12-13 16:30:22,374{GMT}	INFO	[jepsen worker 3] jepsen.util: 8	:ok	:read	3
2016-12-13 16:30:22,700{GMT}	INFO	[jepsen worker 2] jepsen.util: 12	:invoke	:write	0
2016-12-13 16:30:22,716{GMT}	INFO	[jepsen worker 2] jepsen.util: 12	:ok	:write	0
2016-12-13 16:30:23,029{GMT}	INFO	[jepsen worker 0] jepsen.util: 5	:invoke	:cas	[3 0]
2016-12-13 16:30:23,044{GMT}	WARN	[jepsen worker 0] jepsen.core: Process 5 indeterminate
java.lang.ClassCastException: java.lang.Long cannot be cast to clojure.lang.Associative
	at clojure.lang.RT.assoc(RT.java:792) ~[clojure-1.8.0.jar:na]
	at clojure.core$assoc__4371.invokeStatic(core.clj:191) ~[clojure-1.8.0.jar:na]
	at clojure.core$assoc__4371.invoke(core.clj:190) ~[clojure-1.8.0.jar:na]
	at jepsen.core$worker$fn__5911$fn__5912.invoke(core.clj:164) ~[jepsen-0.1.4.jar:na]
	at jepsen.core$worker$fn__5911.invoke(core.clj:161) [jepsen-0.1.4.jar:na]
	at clojure.core$binding_conveyor_fn$fn__4676.invoke(core.clj:1938) [clojure-1.8.0.jar:na]
	at clojure.lang.AFn.call(AFn.java:18) [clojure-1.8.0.jar:na]
	at java.util.concurrent.FutureTask.run(FutureTask.java:266) [na:1.8.0_111]
	at java.util.concurrent.ThreadPoolExecutor.runWorker(ThreadPoolExecutor.java:1142) [na:1.8.0_111]
	at java.util.concurrent.ThreadPoolExecutor$Worker.run(ThreadPoolExecutor.java:617) [na:1.8.0_111]
	at java.lang.Thread.run(Thread.java:745) [na:1.8.0_111]
2016-12-13 16:30:23,181{GMT}	INFO	[jepsen worker 2] jepsen.util: 12	:invoke	:cas	[3 0]
2016-12-13 16:30:23,201{GMT}	WARN	[jepsen worker 2] jepsen.core: Process 12 indeterminate
java.lang.ClassCastException: java.lang.Long cannot be cast to clojure.lang.Associative
	at clojure.lang.RT.assoc(RT.java:792) ~[clojure-1.8.0.jar:na]
	at clojure.core$assoc__4371.invokeStatic(core.clj:191) ~[clojure-1.8.0.jar:na]
	at clojure.core$assoc__4371.invoke(core.clj:190) ~[clojure-1.8.0.jar:na]
	at jepsen.core$worker$fn__5911$fn__5912.invoke(core.clj:164) ~[jepsen-0.1.4.jar:na]
	at jepsen.core$worker$fn__5911.invoke(core.clj:161) [jepsen-0.1.4.jar:na]
	at clojure.core$binding_conveyor_fn$fn__4676.invoke(core.clj:1938) [clojure-1.8.0.jar:na]
	at clojure.lang.AFn.call(AFn.java:18) [clojure-1.8.0.jar:na]
	at java.util.concurrent.FutureTask.run(FutureTask.java:266) [na:1.8.0_111]
	at java.util.concurrent.ThreadPoolExecutor.runWorker(ThreadPoolExecutor.java:1142) [na:1.8.0_111]
	at java.util.concurrent.ThreadPoolExecutor$Worker.run(ThreadPoolExecutor.java:617) [na:1.8.0_111]
	at java.lang.Thread.run(Thread.java:745) [na:1.8.0_111]
2016-12-13 16:30:23,249{GMT}	INFO	[jepsen worker 4] jepsen.util: 19	:invoke	:write	0
2016-12-13 16:30:23,264{GMT}	INFO	[jepsen worker 4] jepsen.util: 19	:ok	:write	0
2016-12-13 16:30:23,352{GMT}	INFO	[jepsen worker 3] jepsen.util: 8	:invoke	:read	nil
2016-12-13 16:30:23,353{GMT}	INFO	[clojure-agent-send-off-pool-2] jepsen.zookeeper: log from test 3
2016-12-13 16:30:23,353{GMT}	INFO	[jepsen worker 3] jepsen.util: 8	:ok	:read	3
2016-12-13 16:30:23,498{GMT}	INFO	[jepsen worker 4] jepsen.util: 19	:invoke	:write	1
2016-12-13 16:30:23,528{GMT}	INFO	[jepsen worker 4] jepsen.util: 19	:ok	:write	1
2016-12-13 16:30:23,544{GMT}	INFO	[jepsen worker 2] jepsen.util: 17	:invoke	:write	2
2016-12-13 16:30:23,557{GMT}	INFO	[jepsen worker 2] jepsen.util: 17	:ok	:write	2
2016-12-13 16:30:23,689{GMT}	INFO	[jepsen worker 0] jepsen.util: 10	:invoke	:write	2
2016-12-13 16:30:23,704{GMT}	INFO	[jepsen worker 0] jepsen.util: 10	:ok	:write	2
2016-12-13 16:30:23,871{GMT}	INFO	[jepsen worker 2] jepsen.util: 17	:invoke	:cas	[4 2]
2016-12-13 16:30:23,886{GMT}	WARN	[jepsen worker 2] jepsen.core: Process 17 indeterminate
java.lang.ClassCastException: java.lang.Long cannot be cast to clojure.lang.Associative
	at clojure.lang.RT.assoc(RT.java:792) ~[clojure-1.8.0.jar:na]
	at clojure.core$assoc__4371.invokeStatic(core.clj:191) ~[clojure-1.8.0.jar:na]
	at clojure.core$assoc__4371.invoke(core.clj:190) ~[clojure-1.8.0.jar:na]
	at jepsen.core$worker$fn__5911$fn__5912.invoke(core.clj:164) ~[jepsen-0.1.4.jar:na]
	at jepsen.core$worker$fn__5911.invoke(core.clj:161) [jepsen-0.1.4.jar:na]
	at clojure.core$binding_conveyor_fn$fn__4676.invoke(core.clj:1938) [clojure-1.8.0.jar:na]
	at clojure.lang.AFn.call(AFn.java:18) [clojure-1.8.0.jar:na]
	at java.util.concurrent.FutureTask.run(FutureTask.java:266) [na:1.8.0_111]
	at java.util.concurrent.ThreadPoolExecutor.runWorker(ThreadPoolExecutor.java:1142) [na:1.8.0_111]
	at java.util.concurrent.ThreadPoolExecutor$Worker.run(ThreadPoolExecutor.java:617) [na:1.8.0_111]
	at java.lang.Thread.run(Thread.java:745) [na:1.8.0_111]
2016-12-13 16:30:24,099{GMT}	INFO	[jepsen worker 1] jepsen.util: 16	:invoke	:cas	[0 2]
2016-12-13 16:30:24,135{GMT}	WARN	[jepsen worker 1] jepsen.core: Process 16 indeterminate
java.lang.ClassCastException: java.lang.Long cannot be cast to clojure.lang.Associative
	at clojure.lang.RT.assoc(RT.java:792) ~[clojure-1.8.0.jar:na]
	at clojure.core$assoc__4371.invokeStatic(core.clj:191) ~[clojure-1.8.0.jar:na]
	at clojure.core$assoc__4371.invoke(core.clj:190) ~[clojure-1.8.0.jar:na]
	at jepsen.core$worker$fn__5911$fn__5912.invoke(core.clj:164) ~[jepsen-0.1.4.jar:na]
	at jepsen.core$worker$fn__5911.invoke(core.clj:161) [jepsen-0.1.4.jar:na]
	at clojure.core$binding_conveyor_fn$fn__4676.invoke(core.clj:1938) [clojure-1.8.0.jar:na]
	at clojure.lang.AFn.call(AFn.java:18) [clojure-1.8.0.jar:na]
	at java.util.concurrent.FutureTask.run(FutureTask.java:266) [na:1.8.0_111]
	at java.util.concurrent.ThreadPoolExecutor.runWorker(ThreadPoolExecutor.java:1142) [na:1.8.0_111]
	at java.util.concurrent.ThreadPoolExecutor$Worker.run(ThreadPoolExecutor.java:617) [na:1.8.0_111]
	at java.lang.Thread.run(Thread.java:745) [na:1.8.0_111]
2016-12-13 16:30:24,701{GMT}	INFO	[jepsen worker 3] jepsen.util: 8	:invoke	:read	nil
2016-12-13 16:30:24,702{GMT}	INFO	[clojure-agent-send-off-pool-0] jepsen.zookeeper: log from test 3
2016-12-13 16:30:24,702{GMT}	INFO	[jepsen worker 3] jepsen.util: 8	:ok	:read	3
2016-12-13 16:30:24,893{GMT}	INFO	[jepsen worker 0] jepsen.util: 10	:invoke	:read	nil
2016-12-13 16:30:24,894{GMT}	INFO	[clojure-agent-send-off-pool-0] jepsen.zookeeper: log from test 2
2016-12-13 16:30:24,894{GMT}	INFO	[jepsen worker 0] jepsen.util: 10	:ok	:read	2
2016-12-13 16:30:25,028{GMT}	INFO	[jepsen worker 4] jepsen.util: 19	:invoke	:cas	[3 0]
2016-12-13 16:30:25,042{GMT}	WARN	[jepsen worker 4] jepsen.core: Process 19 indeterminate
java.lang.ClassCastException: java.lang.Long cannot be cast to clojure.lang.Associative
	at clojure.lang.RT.assoc(RT.java:792) ~[clojure-1.8.0.jar:na]
	at clojure.core$assoc__4371.invokeStatic(core.clj:191) ~[clojure-1.8.0.jar:na]
	at clojure.core$assoc__4371.invoke(core.clj:190) ~[clojure-1.8.0.jar:na]
	at jepsen.core$worker$fn__5911$fn__5912.invoke(core.clj:164) ~[jepsen-0.1.4.jar:na]
	at jepsen.core$worker$fn__5911.invoke(core.clj:161) [jepsen-0.1.4.jar:na]
	at clojure.core$binding_conveyor_fn$fn__4676.invoke(core.clj:1938) [clojure-1.8.0.jar:na]
	at clojure.lang.AFn.call(AFn.java:18) [clojure-1.8.0.jar:na]
	at java.util.concurrent.FutureTask.run(FutureTask.java:266) [na:1.8.0_111]
	at java.util.concurrent.ThreadPoolExecutor.runWorker(ThreadPoolExecutor.java:1142) [na:1.8.0_111]
	at java.util.concurrent.ThreadPoolExecutor$Worker.run(ThreadPoolExecutor.java:617) [na:1.8.0_111]
	at java.lang.Thread.run(Thread.java:745) [na:1.8.0_111]
2016-12-13 16:30:25,259{GMT}	INFO	[jepsen worker 4] jepsen.util: 24	:invoke	:read	nil
2016-12-13 16:30:25,261{GMT}	INFO	[clojure-agent-send-off-pool-2] jepsen.zookeeper: log from test 1
2016-12-13 16:30:25,261{GMT}	INFO	[jepsen worker 4] jepsen.util: 24	:ok	:read	1
2016-12-13 16:30:25,417{GMT}	INFO	[jepsen worker 0] jepsen.util: 10	:invoke	:write	3
2016-12-13 16:30:25,433{GMT}	INFO	[jepsen worker 0] jepsen.util: 10	:ok	:write	3
2016-12-13 16:30:25,453{GMT}	INFO	[jepsen worker 3] jepsen.util: 8	:invoke	:cas	[1 3]
2016-12-13 16:30:25,467{GMT}	WARN	[jepsen worker 3] jepsen.core: Process 8 indeterminate
java.lang.ClassCastException: java.lang.Long cannot be cast to clojure.lang.Associative
	at clojure.lang.RT.assoc(RT.java:792) ~[clojure-1.8.0.jar:na]
	at clojure.core$assoc__4371.invokeStatic(core.clj:191) ~[clojure-1.8.0.jar:na]
	at clojure.core$assoc__4371.invoke(core.clj:190) ~[clojure-1.8.0.jar:na]
	at jepsen.core$worker$fn__5911$fn__5912.invoke(core.clj:164) ~[jepsen-0.1.4.jar:na]
	at jepsen.core$worker$fn__5911.invoke(core.clj:161) [jepsen-0.1.4.jar:na]
	at clojure.core$binding_conveyor_fn$fn__4676.invoke(core.clj:1938) [clojure-1.8.0.jar:na]
	at clojure.lang.AFn.call(AFn.java:18) [clojure-1.8.0.jar:na]
	at java.util.concurrent.FutureTask.run(FutureTask.java:266) [na:1.8.0_111]
	at java.util.concurrent.ThreadPoolExecutor.runWorker(ThreadPoolExecutor.java:1142) [na:1.8.0_111]
	at java.util.concurrent.ThreadPoolExecutor$Worker.run(ThreadPoolExecutor.java:617) [na:1.8.0_111]
	at java.lang.Thread.run(Thread.java:745) [na:1.8.0_111]
2016-12-13 16:30:25,696{GMT}	INFO	[jepsen worker 2] jepsen.util: 22	:invoke	:write	4
2016-12-13 16:30:25,737{GMT}	INFO	[jepsen worker 2] jepsen.util: 22	:ok	:write	4
2016-12-13 16:30:26,094{GMT}	INFO	[jepsen worker 1] jepsen.util: 21	:invoke	:cas	[3 0]
2016-12-13 16:30:26,108{GMT}	WARN	[jepsen worker 1] jepsen.core: Process 21 indeterminate
java.lang.ClassCastException: java.lang.Long cannot be cast to clojure.lang.Associative
	at clojure.lang.RT.assoc(RT.java:792) ~[clojure-1.8.0.jar:na]
	at clojure.core$assoc__4371.invokeStatic(core.clj:191) ~[clojure-1.8.0.jar:na]
	at clojure.core$assoc__4371.invoke(core.clj:190) ~[clojure-1.8.0.jar:na]
	at jepsen.core$worker$fn__5911$fn__5912.invoke(core.clj:164) ~[jepsen-0.1.4.jar:na]
	at jepsen.core$worker$fn__5911.invoke(core.clj:161) [jepsen-0.1.4.jar:na]
	at clojure.core$binding_conveyor_fn$fn__4676.invoke(core.clj:1938) [clojure-1.8.0.jar:na]
	at clojure.lang.AFn.call(AFn.java:18) [clojure-1.8.0.jar:na]
	at java.util.concurrent.FutureTask.run(FutureTask.java:266) [na:1.8.0_111]
	at java.util.concurrent.ThreadPoolExecutor.runWorker(ThreadPoolExecutor.java:1142) [na:1.8.0_111]
	at java.util.concurrent.ThreadPoolExecutor$Worker.run(ThreadPoolExecutor.java:617) [na:1.8.0_111]
	at java.lang.Thread.run(Thread.java:745) [na:1.8.0_111]
2016-12-13 16:30:26,162{GMT}	INFO	[jepsen worker 1] jepsen.util: 26	:invoke	:read	nil
2016-12-13 16:30:26,163{GMT}	INFO	[clojure-agent-send-off-pool-2] jepsen.zookeeper: log from test 2
2016-12-13 16:30:26,163{GMT}	INFO	[jepsen worker 1] jepsen.util: 26	:ok	:read	2
2016-12-13 16:30:26,602{GMT}	INFO	[jepsen worker 2] jepsen.util: 22	:invoke	:read	nil
2016-12-13 16:30:26,603{GMT}	INFO	[clojure-agent-send-off-pool-2] jepsen.zookeeper: log from test 4
2016-12-13 16:30:26,603{GMT}	INFO	[jepsen worker 2] jepsen.util: 22	:ok	:read	4
2016-12-13 16:30:26,685{GMT}	INFO	[jepsen worker 0] jepsen.util: 10	:invoke	:read	nil
2016-12-13 16:30:26,686{GMT}	INFO	[clojure-agent-send-off-pool-2] jepsen.zookeeper: log from test 3
2016-12-13 16:30:26,686{GMT}	INFO	[jepsen worker 0] jepsen.util: 10	:ok	:read	3
2016-12-13 16:30:26,817{GMT}	INFO	[jepsen worker 3] jepsen.util: 13	:invoke	:write	4
2016-12-13 16:30:26,832{GMT}	INFO	[jepsen worker 3] jepsen.util: 13	:ok	:write	4
2016-12-13 16:30:26,844{GMT}	INFO	[jepsen worker 4] jepsen.util: 24	:invoke	:write	3
2016-12-13 16:30:26,856{GMT}	INFO	[jepsen worker 4] jepsen.util: 24	:ok	:write	3
2016-12-13 16:30:26,920{GMT}	INFO	[jepsen worker 0] jepsen.util: 10	:invoke	:write	1
2016-12-13 16:30:26,946{GMT}	INFO	[jepsen worker 0] jepsen.util: 10	:ok	:write	1
2016-12-13 16:30:27,761{GMT}	INFO	[jepsen worker 1] jepsen.util: 26	:invoke	:read	nil
2016-12-13 16:30:27,762{GMT}	INFO	[clojure-agent-send-off-pool-0] jepsen.zookeeper: log from test 2
2016-12-13 16:30:27,762{GMT}	INFO	[jepsen worker 1] jepsen.util: 26	:ok	:read	2
2016-12-13 16:30:28,017{GMT}	INFO	[jepsen worker 2] jepsen.util: 22	:invoke	:cas	[0 0]
2016-12-13 16:30:28,030{GMT}	WARN	[jepsen worker 2] jepsen.core: Process 22 indeterminate
java.lang.ClassCastException: java.lang.Long cannot be cast to clojure.lang.Associative
	at clojure.lang.RT.assoc(RT.java:792) ~[clojure-1.8.0.jar:na]
	at clojure.core$assoc__4371.invokeStatic(core.clj:191) ~[clojure-1.8.0.jar:na]
	at clojure.core$assoc__4371.invoke(core.clj:190) ~[clojure-1.8.0.jar:na]
	at jepsen.core$worker$fn__5911$fn__5912.invoke(core.clj:164) ~[jepsen-0.1.4.jar:na]
	at jepsen.core$worker$fn__5911.invoke(core.clj:161) [jepsen-0.1.4.jar:na]
	at clojure.core$binding_conveyor_fn$fn__4676.invoke(core.clj:1938) [clojure-1.8.0.jar:na]
	at clojure.lang.AFn.call(AFn.java:18) [clojure-1.8.0.jar:na]
	at java.util.concurrent.FutureTask.run(FutureTask.java:266) [na:1.8.0_111]
	at java.util.concurrent.ThreadPoolExecutor.runWorker(ThreadPoolExecutor.java:1142) [na:1.8.0_111]
	at java.util.concurrent.ThreadPoolExecutor$Worker.run(ThreadPoolExecutor.java:617) [na:1.8.0_111]
	at java.lang.Thread.run(Thread.java:745) [na:1.8.0_111]
2016-12-13 16:30:28,124{GMT}	INFO	[jepsen worker 2] jepsen.util: 27	:invoke	:read	nil
2016-12-13 16:30:28,125{GMT}	INFO	[clojure-agent-send-off-pool-2] jepsen.zookeeper: log from test 4
2016-12-13 16:30:28,125{GMT}	INFO	[jepsen worker 2] jepsen.util: 27	:ok	:read	4
2016-12-13 16:30:28,237{GMT}	INFO	[jepsen worker 3] jepsen.util: 13	:invoke	:cas	[2 0]
2016-12-13 16:30:28,251{GMT}	WARN	[jepsen worker 3] jepsen.core: Process 13 indeterminate
java.lang.ClassCastException: java.lang.Long cannot be cast to clojure.lang.Associative
	at clojure.lang.RT.assoc(RT.java:792) ~[clojure-1.8.0.jar:na]
	at clojure.core$assoc__4371.invokeStatic(core.clj:191) ~[clojure-1.8.0.jar:na]
	at clojure.core$assoc__4371.invoke(core.clj:190) ~[clojure-1.8.0.jar:na]
	at jepsen.core$worker$fn__5911$fn__5912.invoke(core.clj:164) ~[jepsen-0.1.4.jar:na]
	at jepsen.core$worker$fn__5911.invoke(core.clj:161) [jepsen-0.1.4.jar:na]
	at clojure.core$binding_conveyor_fn$fn__4676.invoke(core.clj:1938) [clojure-1.8.0.jar:na]
	at clojure.lang.AFn.call(AFn.java:18) [clojure-1.8.0.jar:na]
	at java.util.concurrent.FutureTask.run(FutureTask.java:266) [na:1.8.0_111]
	at java.util.concurrent.ThreadPoolExecutor.runWorker(ThreadPoolExecutor.java:1142) [na:1.8.0_111]
	at java.util.concurrent.ThreadPoolExecutor$Worker.run(ThreadPoolExecutor.java:617) [na:1.8.0_111]
	at java.lang.Thread.run(Thread.java:745) [na:1.8.0_111]
2016-12-13 16:30:28,616{GMT}	INFO	[jepsen worker 4] jepsen.util: 24	:invoke	:write	0
2016-12-13 16:30:28,630{GMT}	INFO	[jepsen worker 4] jepsen.util: 24	:ok	:write	0
2016-12-13 16:30:28,657{GMT}	INFO	[jepsen worker 0] jepsen.util: 10	:invoke	:write	2
2016-12-13 16:30:28,672{GMT}	INFO	[jepsen worker 0] jepsen.util: 10	:ok	:write	2
2016-12-13 16:30:29,147{GMT}	INFO	[jepsen worker 4] jepsen.util: 24	:invoke	:cas	[3 1]
2016-12-13 16:30:29,165{GMT}	WARN	[jepsen worker 4] jepsen.core: Process 24 indeterminate
java.lang.ClassCastException: java.lang.Long cannot be cast to clojure.lang.Associative
	at clojure.lang.RT.assoc(RT.java:792) ~[clojure-1.8.0.jar:na]
	at clojure.core$assoc__4371.invokeStatic(core.clj:191) ~[clojure-1.8.0.jar:na]
	at clojure.core$assoc__4371.invoke(core.clj:190) ~[clojure-1.8.0.jar:na]
	at jepsen.core$worker$fn__5911$fn__5912.invoke(core.clj:164) ~[jepsen-0.1.4.jar:na]
	at jepsen.core$worker$fn__5911.invoke(core.clj:161) [jepsen-0.1.4.jar:na]
	at clojure.core$binding_conveyor_fn$fn__4676.invoke(core.clj:1938) [clojure-1.8.0.jar:na]
	at clojure.lang.AFn.call(AFn.java:18) [clojure-1.8.0.jar:na]
	at java.util.concurrent.FutureTask.run(FutureTask.java:266) [na:1.8.0_111]
	at java.util.concurrent.ThreadPoolExecutor.runWorker(ThreadPoolExecutor.java:1142) [na:1.8.0_111]
	at java.util.concurrent.ThreadPoolExecutor$Worker.run(ThreadPoolExecutor.java:617) [na:1.8.0_111]
	at java.lang.Thread.run(Thread.java:745) [na:1.8.0_111]
2016-12-13 16:30:29,304{GMT}	INFO	[jepsen worker 3] jepsen.util: 18	:invoke	:cas	[2 4]
2016-12-13 16:30:29,335{GMT}	WARN	[jepsen worker 3] jepsen.core: Process 18 indeterminate
java.lang.ClassCastException: java.lang.Long cannot be cast to clojure.lang.Associative
	at clojure.lang.RT.assoc(RT.java:792) ~[clojure-1.8.0.jar:na]
	at clojure.core$assoc__4371.invokeStatic(core.clj:191) ~[clojure-1.8.0.jar:na]
	at clojure.core$assoc__4371.invoke(core.clj:190) ~[clojure-1.8.0.jar:na]
	at jepsen.core$worker$fn__5911$fn__5912.invoke(core.clj:164) ~[jepsen-0.1.4.jar:na]
	at jepsen.core$worker$fn__5911.invoke(core.clj:161) [jepsen-0.1.4.jar:na]
	at clojure.core$binding_conveyor_fn$fn__4676.invoke(core.clj:1938) [clojure-1.8.0.jar:na]
	at clojure.lang.AFn.call(AFn.java:18) [clojure-1.8.0.jar:na]
	at java.util.concurrent.FutureTask.run(FutureTask.java:266) [na:1.8.0_111]
	at java.util.concurrent.ThreadPoolExecutor.runWorker(ThreadPoolExecutor.java:1142) [na:1.8.0_111]
	at java.util.concurrent.ThreadPoolExecutor$Worker.run(ThreadPoolExecutor.java:617) [na:1.8.0_111]
	at java.lang.Thread.run(Thread.java:745) [na:1.8.0_111]
2016-12-13 16:30:29,519{GMT}	INFO	[jepsen worker 1] jepsen.util: 26	:invoke	:write	0
2016-12-13 16:30:29,531{GMT}	INFO	[jepsen worker 1] jepsen.util: 26	:ok	:write	0
2016-12-13 16:30:29,824{GMT}	INFO	[jepsen worker 0] jepsen.util: 10	:invoke	:cas	[3 2]
2016-12-13 16:30:29,837{GMT}	WARN	[jepsen worker 0] jepsen.core: Process 10 indeterminate
java.lang.ClassCastException: java.lang.Long cannot be cast to clojure.lang.Associative
	at clojure.lang.RT.assoc(RT.java:792) ~[clojure-1.8.0.jar:na]
	at clojure.core$assoc__4371.invokeStatic(core.clj:191) ~[clojure-1.8.0.jar:na]
	at clojure.core$assoc__4371.invoke(core.clj:190) ~[clojure-1.8.0.jar:na]
	at jepsen.core$worker$fn__5911$fn__5912.invoke(core.clj:164) ~[jepsen-0.1.4.jar:na]
	at jepsen.core$worker$fn__5911.invoke(core.clj:161) [jepsen-0.1.4.jar:na]
	at clojure.core$binding_conveyor_fn$fn__4676.invoke(core.clj:1938) [clojure-1.8.0.jar:na]
	at clojure.lang.AFn.call(AFn.java:18) [clojure-1.8.0.jar:na]
	at java.util.concurrent.FutureTask.run(FutureTask.java:266) [na:1.8.0_111]
	at java.util.concurrent.ThreadPoolExecutor.runWorker(ThreadPoolExecutor.java:1142) [na:1.8.0_111]
	at java.util.concurrent.ThreadPoolExecutor$Worker.run(ThreadPoolExecutor.java:617) [na:1.8.0_111]
	at java.lang.Thread.run(Thread.java:745) [na:1.8.0_111]
2016-12-13 16:30:29,853{GMT}	INFO	[jepsen worker 4] jepsen.util: 29	:invoke	:cas	[2 0]
2016-12-13 16:30:29,867{GMT}	WARN	[jepsen worker 4] jepsen.core: Process 29 indeterminate
java.lang.ClassCastException: java.lang.Long cannot be cast to clojure.lang.Associative
	at clojure.lang.RT.assoc(RT.java:792) ~[clojure-1.8.0.jar:na]
	at clojure.core$assoc__4371.invokeStatic(core.clj:191) ~[clojure-1.8.0.jar:na]
	at clojure.core$assoc__4371.invoke(core.clj:190) ~[clojure-1.8.0.jar:na]
	at jepsen.core$worker$fn__5911$fn__5912.invoke(core.clj:164) ~[jepsen-0.1.4.jar:na]
	at jepsen.core$worker$fn__5911.invoke(core.clj:161) [jepsen-0.1.4.jar:na]
	at clojure.core$binding_conveyor_fn$fn__4676.invoke(core.clj:1938) [clojure-1.8.0.jar:na]
	at clojure.lang.AFn.call(AFn.java:18) [clojure-1.8.0.jar:na]
	at java.util.concurrent.FutureTask.run(FutureTask.java:266) [na:1.8.0_111]
	at java.util.concurrent.ThreadPoolExecutor.runWorker(ThreadPoolExecutor.java:1142) [na:1.8.0_111]
	at java.util.concurrent.ThreadPoolExecutor$Worker.run(ThreadPoolExecutor.java:617) [na:1.8.0_111]
	at java.lang.Thread.run(Thread.java:745) [na:1.8.0_111]
2016-12-13 16:30:29,912{GMT}	INFO	[jepsen worker 2] jepsen.util: 27	:invoke	:cas	[0 4]
2016-12-13 16:30:29,923{GMT}	WARN	[jepsen worker 2] jepsen.core: Process 27 indeterminate
java.lang.ClassCastException: java.lang.Long cannot be cast to clojure.lang.Associative
	at clojure.lang.RT.assoc(RT.java:792) ~[clojure-1.8.0.jar:na]
	at clojure.core$assoc__4371.invokeStatic(core.clj:191) ~[clojure-1.8.0.jar:na]
	at clojure.core$assoc__4371.invoke(core.clj:190) ~[clojure-1.8.0.jar:na]
	at jepsen.core$worker$fn__5911$fn__5912.invoke(core.clj:164) ~[jepsen-0.1.4.jar:na]
	at jepsen.core$worker$fn__5911.invoke(core.clj:161) [jepsen-0.1.4.jar:na]
	at clojure.core$binding_conveyor_fn$fn__4676.invoke(core.clj:1938) [clojure-1.8.0.jar:na]
	at clojure.lang.AFn.call(AFn.java:18) [clojure-1.8.0.jar:na]
	at java.util.concurrent.FutureTask.run(FutureTask.java:266) [na:1.8.0_111]
	at java.util.concurrent.ThreadPoolExecutor.runWorker(ThreadPoolExecutor.java:1142) [na:1.8.0_111]
	at java.util.concurrent.ThreadPoolExecutor$Worker.run(ThreadPoolExecutor.java:617) [na:1.8.0_111]
	at java.lang.Thread.run(Thread.java:745) [na:1.8.0_111]
2016-12-13 16:30:30,158{GMT}	INFO	[jepsen worker 4] jepsen.util: 34	:invoke	:read	nil
2016-12-13 16:30:30,159{GMT}	INFO	[clojure-agent-send-off-pool-0] jepsen.zookeeper: log from test 0
2016-12-13 16:30:30,159{GMT}	INFO	[jepsen worker 4] jepsen.util: 34	:ok	:read	0
2016-12-13 16:30:30,309{GMT}	INFO	[jepsen worker 1] jepsen.util: 26	:invoke	:read	nil
2016-12-13 16:30:30,310{GMT}	INFO	[clojure-agent-send-off-pool-0] jepsen.zookeeper: log from test 0
2016-12-13 16:30:30,310{GMT}	INFO	[jepsen worker 1] jepsen.util: 26	:ok	:read	0
2016-12-13 16:30:30,318{GMT}	INFO	[jepsen worker 0] jepsen.util: 15	:invoke	:read	nil
2016-12-13 16:30:30,319{GMT}	INFO	[clojure-agent-send-off-pool-0] jepsen.zookeeper: log from test 2
2016-12-13 16:30:30,319{GMT}	INFO	[jepsen worker 0] jepsen.util: 15	:ok	:read	2
2016-12-13 16:30:30,553{GMT}	INFO	[jepsen worker 1] jepsen.util: 26	:invoke	:cas	[2 3]
2016-12-13 16:30:30,568{GMT}	WARN	[jepsen worker 1] jepsen.core: Process 26 indeterminate
java.lang.ClassCastException: java.lang.Long cannot be cast to clojure.lang.Associative
	at clojure.lang.RT.assoc(RT.java:792) ~[clojure-1.8.0.jar:na]
	at clojure.core$assoc__4371.invokeStatic(core.clj:191) ~[clojure-1.8.0.jar:na]
	at clojure.core$assoc__4371.invoke(core.clj:190) ~[clojure-1.8.0.jar:na]
	at jepsen.core$worker$fn__5911$fn__5912.invoke(core.clj:164) ~[jepsen-0.1.4.jar:na]
	at jepsen.core$worker$fn__5911.invoke(core.clj:161) [jepsen-0.1.4.jar:na]
	at clojure.core$binding_conveyor_fn$fn__4676.invoke(core.clj:1938) [clojure-1.8.0.jar:na]
	at clojure.lang.AFn.call(AFn.java:18) [clojure-1.8.0.jar:na]
	at java.util.concurrent.FutureTask.run(FutureTask.java:266) [na:1.8.0_111]
	at java.util.concurrent.ThreadPoolExecutor.runWorker(ThreadPoolExecutor.java:1142) [na:1.8.0_111]
	at java.util.concurrent.ThreadPoolExecutor$Worker.run(ThreadPoolExecutor.java:617) [na:1.8.0_111]
	at java.lang.Thread.run(Thread.java:745) [na:1.8.0_111]
2016-12-13 16:30:30,750{GMT}	INFO	[jepsen worker 3] jepsen.util: 23	:invoke	:read	nil
2016-12-13 16:30:30,752{GMT}	INFO	[clojure-agent-send-off-pool-2] jepsen.zookeeper: log from test 4
2016-12-13 16:30:30,752{GMT}	INFO	[jepsen worker 3] jepsen.util: 23	:ok	:read	4
2016-12-13 16:30:30,752{GMT}	INFO	[jepsen worker 3] jepsen.core: Worker 3 done
2016-12-13 16:30:30,839{GMT}	INFO	[jepsen worker 4] jepsen.util: 34	:invoke	:write	3
2016-12-13 16:30:30,855{GMT}	INFO	[jepsen worker 4] jepsen.util: 34	:ok	:write	3
2016-12-13 16:30:30,855{GMT}	INFO	[jepsen worker 4] jepsen.core: Worker 4 done
2016-12-13 16:30:31,586{GMT}	INFO	[jepsen worker 2] jepsen.util: 32	:invoke	:cas	[1 1]
2016-12-13 16:30:31,605{GMT}	WARN	[jepsen worker 2] jepsen.core: Process 32 indeterminate
java.lang.ClassCastException: java.lang.Long cannot be cast to clojure.lang.Associative
	at clojure.lang.RT.assoc(RT.java:792) ~[clojure-1.8.0.jar:na]
	at clojure.core$assoc__4371.invokeStatic(core.clj:191) ~[clojure-1.8.0.jar:na]
	at clojure.core$assoc__4371.invoke(core.clj:190) ~[clojure-1.8.0.jar:na]
	at jepsen.core$worker$fn__5911$fn__5912.invoke(core.clj:164) ~[jepsen-0.1.4.jar:na]
	at jepsen.core$worker$fn__5911.invoke(core.clj:161) [jepsen-0.1.4.jar:na]
	at clojure.core$binding_conveyor_fn$fn__4676.invoke(core.clj:1938) [clojure-1.8.0.jar:na]
	at clojure.lang.AFn.call(AFn.java:18) [clojure-1.8.0.jar:na]
	at java.util.concurrent.FutureTask.run(FutureTask.java:266) [na:1.8.0_111]
	at java.util.concurrent.ThreadPoolExecutor.runWorker(ThreadPoolExecutor.java:1142) [na:1.8.0_111]
	at java.util.concurrent.ThreadPoolExecutor$Worker.run(ThreadPoolExecutor.java:617) [na:1.8.0_111]
	at java.lang.Thread.run(Thread.java:745) [na:1.8.0_111]
2016-12-13 16:30:31,605{GMT}	INFO	[jepsen worker 2] jepsen.core: Worker 2 done
2016-12-13 16:30:32,100{GMT}	INFO	[jepsen worker 0] jepsen.util: 15	:invoke	:cas	[2 4]
2016-12-13 16:30:32,126{GMT}	WARN	[jepsen worker 0] jepsen.core: Process 15 indeterminate
java.lang.ClassCastException: java.lang.Integer cannot be cast to clojure.lang.Associative
	at clojure.lang.RT.assoc(RT.java:792) ~[clojure-1.8.0.jar:na]
	at clojure.core$assoc__4371.invokeStatic(core.clj:191) ~[clojure-1.8.0.jar:na]
	at clojure.core$assoc__4371.invoke(core.clj:190) ~[clojure-1.8.0.jar:na]
	at jepsen.core$worker$fn__5911$fn__5912.invoke(core.clj:164) ~[jepsen-0.1.4.jar:na]
	at jepsen.core$worker$fn__5911.invoke(core.clj:161) [jepsen-0.1.4.jar:na]
	at clojure.core$binding_conveyor_fn$fn__4676.invoke(core.clj:1938) [clojure-1.8.0.jar:na]
	at clojure.lang.AFn.call(AFn.java:18) [clojure-1.8.0.jar:na]
	at java.util.concurrent.FutureTask.run(FutureTask.java:266) [na:1.8.0_111]
	at java.util.concurrent.ThreadPoolExecutor.runWorker(ThreadPoolExecutor.java:1142) [na:1.8.0_111]
	at java.util.concurrent.ThreadPoolExecutor$Worker.run(ThreadPoolExecutor.java:617) [na:1.8.0_111]
	at java.lang.Thread.run(Thread.java:745) [na:1.8.0_111]
2016-12-13 16:30:32,126{GMT}	INFO	[jepsen worker 0] jepsen.core: Worker 0 done
2016-12-13 16:30:32,136{GMT}	INFO	[jepsen worker 1] jepsen.util: 31	:invoke	:read	nil
2016-12-13 16:30:32,137{GMT}	INFO	[clojure-agent-send-off-pool-8] jepsen.zookeeper: log from test 0
2016-12-13 16:30:32,137{GMT}	INFO	[jepsen worker 1] jepsen.util: 31	:ok	:read	0
2016-12-13 16:30:32,137{GMT}	INFO	[jepsen worker 1] jepsen.core: Worker 1 done
2016-12-13 16:30:32,137{GMT}	INFO	[jepsen test runner] jepsen.core: Waiting for nemesis to complete
2016-12-13 16:30:32,138{GMT}	INFO	[jepsen test runner] jepsen.core: nemesis done.
2016-12-13 16:30:32,138{GMT}	INFO	[jepsen test runner] jepsen.core: Tearing down nemesis
2016-12-13 16:30:32,138{GMT}	INFO	[jepsen test runner] jepsen.core: Nemesis torn down
2016-12-13 16:30:32,141{GMT}	INFO	[clojure-agent-send-off-pool-8] org.apache.zookeeper.ZooKeeper: Session: 0x158f90518350000 closed
2016-12-13 16:30:32,141{GMT}	INFO	[clojure-agent-send-off-pool-0-EventThread] org.apache.zookeeper.ClientCnxn: EventThread shut down
2016-12-13 16:30:32,141{GMT}	INFO	[clojure-agent-send-off-pool-1] org.apache.zookeeper.ZooKeeper: Session: 0x158f90518340000 closed
2016-12-13 16:30:32,141{GMT}	INFO	[clojure-agent-send-off-pool-2-EventThread] org.apache.zookeeper.ClientCnxn: EventThread shut down
2016-12-13 16:30:32,141{GMT}	INFO	[clojure-agent-send-off-pool-4] org.apache.zookeeper.ZooKeeper: Session: 0x158f9051ad40000 closed
2016-12-13 16:30:32,141{GMT}	INFO	[clojure-agent-send-off-pool-3-EventThread] org.apache.zookeeper.ClientCnxn: EventThread shut down
2016-12-13 16:30:32,142{GMT}	INFO	[clojure-agent-send-off-pool-2] org.apache.zookeeper.ZooKeeper: Session: 0x158f905192e0000 closed
2016-12-13 16:30:32,142{GMT}	INFO	[clojure-agent-send-off-pool-1-EventThread] org.apache.zookeeper.ClientCnxn: EventThread shut down
2016-12-13 16:30:32,146{GMT}	INFO	[clojure-agent-send-off-pool-3] org.apache.zookeeper.ZooKeeper: Session: 0x158f905187f0000 closed
2016-12-13 16:30:32,146{GMT}	INFO	[clojure-agent-send-off-pool-4-EventThread] org.apache.zookeeper.ClientCnxn: EventThread shut down
2016-12-13 16:30:32,146{GMT}	INFO	[jepsen test runner] jepsen.core: Snarfing log files
2016-12-13 16:30:32,149{GMT}	INFO	[jepsen node w4] jepsen.core: downloading /var/log/zookeeper/zookeeper.log to zookeeper.log
2016-12-13 16:30:32,149{GMT}	INFO	[jepsen node w5] jepsen.core: downloading /var/log/zookeeper/zookeeper.log to zookeeper.log
2016-12-13 16:30:32,149{GMT}	INFO	[jepsen node w3] jepsen.core: downloading /var/log/zookeeper/zookeeper.log to zookeeper.log
2016-12-13 16:30:32,149{GMT}	INFO	[jepsen node w2] jepsen.core: downloading /var/log/zookeeper/zookeeper.log to zookeeper.log
2016-12-13 16:30:32,149{GMT}	INFO	[jepsen node w1] jepsen.core: downloading /var/log/zookeeper/zookeeper.log to zookeeper.log
2016-12-13 16:30:32,164{GMT}	INFO	[jepsen test runner] jepsen.core: Run complete, writing
2016-12-13 16:30:32,197{GMT}	INFO	[jepsen node w3] jepsen.zookeeper: w3 tearing down ZK
2016-12-13 16:30:32,197{GMT}	INFO	[jepsen node w1] jepsen.zookeeper: w1 tearing down ZK
2016-12-13 16:30:32,197{GMT}	INFO	[jepsen node w5] jepsen.zookeeper: w5 tearing down ZK
2016-12-13 16:30:32,197{GMT}	INFO	[jepsen node w2] jepsen.zookeeper: w2 tearing down ZK
2016-12-13 16:30:32,198{GMT}	INFO	[jepsen node w4] jepsen.zookeeper: w4 tearing down ZK
2016-12-13 16:30:32,807{GMT}	INFO	[jepsen test runner] jepsen.core: Analyzing
2016-12-13 16:30:38,719{GMT}	INFO	[reporter] knossos.linear: :space 131072 :cost 1.51E+22 :op {:type :ok, :f :read, :value 4, :process 22, :time 11259878662, :index 101}
2016-12-13 16:30:44,454{GMT}	INFO	[reporter] knossos.linear: :space 131072 :cost 1.51E+22 :op {:type :ok, :f :write, :value 4, :process 13, :time 11488317401, :index 105}
2016-12-13 16:30:50,080{GMT}	INFO	[reporter] knossos.linear: :space 131072 :cost 1.51E+22 :op {:type :ok, :f :read, :value 2, :process 26, :time 12418279018, :index 111}
2016-12-13 16:30:57,615{GMT}	INFO	[reporter] knossos.linear: :space 262144 :cost 1.28E+25 :op {:type :ok, :f :write, :value 0, :process 24, :time 13286137992, :index 119}
2016-12-13 16:31:07,481{GMT}	INFO	[reporter] knossos.linear: :space 524288 :cost 1.21E+24 :op {:type :invoke, :f :write, :value 2, :process 10, :time 13313877950, :index 120}
2016-12-13 16:31:15,960{GMT}	INFO	[reporter] knossos.linear: :space 524288 :cost 2.55E+25 :op {:type :ok, :f :write, :value 2, :process 10, :time 13328412945, :index 121}
2016-12-13 16:31:25,195{GMT}	INFO	[reporter] knossos.linear: :space 524288 :cost 1.30E+28 :op {:type :ok, :f :write, :value 0, :process 26, :time 14187705286, :index 127}
2016-12-13 16:32:08,824{GMT}	INFO	[reporter] knossos.linear: :space 2097152 :cost 2.25E+27 :op {:type :invoke, :f :cas, :value [3 2], :process 10, :time 14480821472, :index 128}
2016-12-13 16:32:41,830{GMT}	WARN	[Service Thread] knossos.linear: Out of memory; aborting search at op 135 / 152
2016-12-13 16:32:44,445{GMT}	INFO	[jepsen test runner] jepsen.core: Analysis complete
2016-12-13 16:32:45,504{GMT}	INFO	[jepsen results] jepsen.store: Wrote /home/admin/jepsen.zookeeper/store/zookeeper/20161213T163008.000Z/results.edn
2016-12-13 16:32:46,098{GMT}	INFO	[main] jepsen.core: {:valid? :unknown,
 :cause :out-of-memory,
 :configs
 ({:model {},
   :last-op
   {:type :ok,
    :f :write,
    :value 0,
    :process 26,
    :time 14187705286,
    :index 127},
   :pending
   [{:type :invoke,
     :f :cas,
     :value [1 0],
     :process 0,
     :time 5782673811,
     :index 50}
    {:type :invoke,
     :f :cas,
     :value [0 3],
     :process 1,
     :time 1088303588,
     :index 6}
    {:type :invoke,
     :f :cas,
     :value [4 1],
     :process 2,
     :time 2163714932,
     :index 14}
    {:type :invoke,
     :f :cas,
     :value [2 1],
     :process 7,
     :time 4007386246,
     :index 34}
    {:type :invoke,
     :f :cas,
     :value [3 2],
     :process 10,
     :time 14480821472,
     :index 128}
    {:type :invoke,
     :f :cas,
     :value [2 0],
     :process 13,
     :time 12893722585,
     :index 116}
    {:type :invoke,
     :f :cas,
     :value [4 2],
     :process 17,
     :time 8527114970,
     :index 78}
    {:type :invoke,
     :f :cas,
     :value [0 4],
     :process 27,
     :time 14568112400,
     :index 132}
    {:type :invoke,
     :f :cas,
     :value [2 0],
     :process 29,
     :time 14508956217,
     :index 130}
    {:type :invoke,
     :f :read,
     :value 0,
     :process 34,
     :time 14814494171,
     :index 134}]}
  {:model {},
   :last-op
   {:type :ok,
    :f :write,
    :value 0,
    :process 26,
    :time 14187705286,
    :index 127},
   :pending
   [{:type :invoke,
     :f :cas,
     :value [1 0],
     :process 0,
     :time 5782673811,
     :index 50}
    {:type :invoke,
     :f :cas,
     :value [0 0],
     :process 4,
     :time 319489991,
     :index 0}
    {:type :invoke,
     :f :cas,
     :value [3 0],
     :process 5,
     :time 7685583398,
     :index 64}
    {:type :invoke,
     :f :cas,
     :value [2 1],
     :process 7,
     :time 4007386246,
     :index 34}
    {:type :invoke,
     :f :cas,
     :value [1 3],
     :process 8,
     :time 10109629855,
     :index 92}
    {:type :invoke,
     :f :cas,
     :value [4 3],
     :process 9,
     :time 4296475449,
     :index 38}
    {:type :invoke,
     :f :cas,
     :value [3 2],
     :process 10,
     :time 14480821472,
     :index 128}
    {:type :invoke,
     :f :cas,
     :value [0 0],
     :process 11,
     :time 4736542655,
     :index 43}
    {:type :invoke,
     :f :cas,
     :value [2 2],
     :process 14,
     :time 5469844865,
     :index 46}
    {:type :invoke,
     :f :cas,
     :value [0 2],
     :process 16,
     :time 8755133494,
     :index 80}
    {:type :invoke,
     :f :cas,
     :value [4 2],
     :process 17,
     :time 8527114970,
     :index 78}
    {:type :invoke,
     :f :cas,
     :value [3 0],
     :process 21,
     :time 10750499354,
     :index 96}
    {:type :invoke,
     :f :cas,
     :value [3 1],
     :process 24,
     :time 13803571122,
     :index 122}
    {:type :invoke,
     :f :cas,
     :value [0 4],
     :process 27,
     :time 14568112400,
     :index 132}
    {:type :invoke,
     :f :cas,
     :value [2 0],
     :process 29,
     :time 14508956217,
     :index 130}
    {:type :invoke,
     :f :read,
     :value 0,
     :process 34,
     :time 14814494171,
     :index 134}]}
  {:model {},
   :last-op
   {:type :ok,
    :f :write,
    :value 0,
    :process 26,
    :time 14187705286,
    :index 127},
   :pending
   [{:type :invoke,
     :f :cas,
     :value [1 0],
     :process 0,
     :time 5782673811,
     :index 50}
    {:type :invoke,
     :f :cas,
     :value [0 3],
     :process 1,
     :time 1088303588,
     :index 6}
    {:type :invoke,
     :f :cas,
     :value [4 1],
     :process 2,
     :time 2163714932,
     :index 14}
    {:type :invoke,
     :f :cas,
     :value [0 3],
     :process 3,
     :time 6539898943,
     :index 54}
    {:type :invoke,
     :f :cas,
     :value [3 0],
     :process 5,
     :time 7685583398,
     :index 64}
    {:type :invoke,
     :f :cas,
     :value [1 3],
     :process 8,
     :time 10109629855,
     :index 92}
    {:type :invoke,
     :f :cas,
     :value [3 2],
     :process 10,
     :time 14480821472,
     :index 128}
    {:type :invoke,
     :f :cas,
     :value [0 0],
     :process 11,
     :time 4736542655,
     :index 43}
    {:type :invoke,
     :f :cas,
     :value [3 0],
     :process 12,
     :time 7837424704,
     :index 66}
    {:type :invoke,
     :f :cas,
     :value [2 0],
     :process 13,
     :time 12893722585,
     :index 116}
    {:type :invoke,
     :f :cas,
     :value [2 2],
     :process 14,
     :time 5469844865,
     :index 46}
    {:type :invoke,
     :f :cas,
     :value [4 2],
     :process 17,
     :time 8527114970,
     :index 78}
    {:type :invoke,
     :f :cas,
     :value [2 4],
     :process 18,
     :time 13959814944,
     :index 124}
    {:type :invoke,
     :f :cas,
     :value [3 0],
     :process 19,
     :time 9684623588,
     :index 86}
    {:type :invoke,
     :f :cas,
     :value [0 4],
     :process 27,
     :time 14568112400,
     :index 132}
    {:type :invoke,
     :f :cas,
     :value [2 0],
     :process 29,
     :time 14508956217,
     :index 130}
    {:type :invoke,
     :f :read,
     :value 0,
     :process 34,
     :time 14814494171,
     :index 134}]}
  {:model {},
   :last-op
   {:type :ok,
    :f :write,
    :value 0,
    :process 26,
    :time 14187705286,
    :index 127},
   :pending
   [{:type :invoke,
     :f :cas,
     :value [4 1],
     :process 2,
     :time 2163714932,
     :index 14}
    {:type :invoke,
     :f :cas,
     :value [0 0],
     :process 4,
     :time 319489991,
     :index 0}
    {:type :invoke,
     :f :cas,
     :value [3 0],
     :process 5,
     :time 7685583398,
     :index 64}
    {:type :invoke,
     :f :cas,
     :value [4 3],
     :process 9,
     :time 4296475449,
     :index 38}
    {:type :invoke,
     :f :cas,
     :value [3 2],
     :process 10,
     :time 14480821472,
     :index 128}
    {:type :invoke,
     :f :cas,
     :value [3 0],
     :process 12,
     :time 7837424704,
     :index 66}
    {:type :invoke,
     :f :cas,
     :value [2 2],
     :process 14,
     :time 5469844865,
     :index 46}
    {:type :invoke,
     :f :cas,
     :value [3 0],
     :process 19,
     :time 9684623588,
     :index 86}
    {:type :invoke,
     :f :cas,
     :value [0 0],
     :process 22,
     :time 12673199115,
     :index 112}
    {:type :invoke,
     :f :cas,
     :value [0 4],
     :process 27,
     :time 14568112400,
     :index 132}
    {:type :invoke,
     :f :cas,
     :value [2 0],
     :process 29,
     :time 14508956217,
     :index 130}
    {:type :invoke,
     :f :read,
     :value 0,
     :process 34,
     :time 14814494171,
     :index 134}]}
  {:model {},
   :last-op
   {:type :ok,
    :f :write,
    :value 0,
    :process 26,
    :time 14187705286,
    :index 127},
   :pending
   [{:type :invoke,
     :f :cas,
     :value [0 3],
     :process 3,
     :time 6539898943,
     :index 54}
    {:type :invoke,
     :f :cas,
     :value [0 0],
     :process 4,
     :time 319489991,
     :index 0}
    {:type :invoke,
     :f :cas,
     :value [3 0],
     :process 5,
     :time 7685583398,
     :index 64}
    {:type :invoke,
     :f :cas,
     :value [0 0],
     :process 6,
     :time 2218380539,
     :index 16}
    {:type :invoke,
     :f :cas,
     :value [1 3],
     :process 8,
     :time 10109629855,
     :index 92}
    {:type :invoke,
     :f :cas,
     :value [3 2],
     :process 10,
     :time 14480821472,
     :index 128}
    {:type :invoke,
     :f :cas,
     :value [0 0],
     :process 11,
     :time 4736542655,
     :index 43}
    {:type :invoke,
     :f :cas,
     :value [0 2],
     :process 16,
     :time 8755133494,
     :index 80}
    {:type :invoke,
     :f :cas,
     :value [2 4],
     :process 18,
     :time 13959814944,
     :index 124}
    {:type :invoke,
     :f :cas,
     :value [3 0],
     :process 21,
     :time 10750499354,
     :index 96}
    {:type :invoke,
     :f :cas,
     :value [0 0],
     :process 22,
     :time 12673199115,
     :index 112}
    {:type :invoke,
     :f :cas,
     :value [0 4],
     :process 27,
     :time 14568112400,
     :index 132}
    {:type :invoke,
     :f :cas,
     :value [2 0],
     :process 29,
     :time 14508956217,
     :index 130}
    {:type :invoke,
     :f :read,
     :value 0,
     :process 34,
     :time 14814494171,
     :index 134}]}
  {:model {},
   :last-op
   {:type :ok,
    :f :write,
    :value 0,
    :process 26,
    :time 14187705286,
    :index 127},
   :pending
   [{:type :invoke,
     :f :cas,
     :value [3 0],
     :process 5,
     :time 7685583398,
     :index 64}
    {:type :invoke,
     :f :cas,
     :value [4 3],
     :process 9,
     :time 4296475449,
     :index 38}
    {:type :invoke,
     :f :cas,
     :value [3 2],
     :process 10,
     :time 14480821472,
     :index 128}
    {:type :invoke,
     :f :cas,
     :value [0 0],
     :process 11,
     :time 4736542655,
     :index 43}
    {:type :invoke,
     :f :cas,
     :value [0 2],
     :process 16,
     :time 8755133494,
     :index 80}
    {:type :invoke,
     :f :cas,
     :value [0 0],
     :process 22,
     :time 12673199115,
     :index 112}
    {:type :invoke,
     :f :cas,
     :value [3 1],
     :process 24,
     :time 13803571122,
     :index 122}
    {:type :invoke,
     :f :cas,
     :value [0 4],
     :process 27,
     :time 14568112400,
     :index 132}
    {:type :invoke,
     :f :cas,
     :value [2 0],
     :process 29,
     :time 14508956217,
     :index 130}
    {:type :invoke,
     :f :read,
     :value 0,
     :process 34,
     :time 14814494171,
     :index 134}]}
  {:model {},
   :last-op
   {:type :ok,
    :f :write,
    :value 0,
    :process 26,
    :time 14187705286,
    :index 127},
   :pending
   [{:type :invoke,
     :f :cas,
     :value [1 0],
     :process 0,
     :time 5782673811,
     :index 50}
    {:type :invoke,
     :f :cas,
     :value [1 3],
     :process 8,
     :time 10109629855,
     :index 92}
    {:type :invoke,
     :f :cas,
     :value [4 3],
     :process 9,
     :time 4296475449,
     :index 38}
    {:type :invoke,
     :f :cas,
     :value [3 2],
     :process 10,
     :time 14480821472,
     :index 128}
    {:type :invoke,
     :f :cas,
     :value [0 0],
     :process 11,
     :time 4736542655,
     :index 43}
    {:type :invoke,
     :f :cas,
     :value [3 0],
     :process 12,
     :time 7837424704,
     :index 66}
    {:type :invoke,
     :f :cas,
     :value [2 0],
     :process 13,
     :time 12893722585,
     :index 116}
    {:type :invoke,
     :f :cas,
     :value [4 2],
     :process 17,
     :time 8527114970,
     :index 78}
    {:type :invoke,
     :f :cas,
     :value [2 4],
     :process 18,
     :time 13959814944,
     :index 124}
    {:type :invoke,
     :f :cas,
     :value [3 0],
     :process 19,
     :time 9684623588,
     :index 86}
    {:type :invoke,
     :f :cas,
     :value [3 0],
     :process 21,
     :time 10750499354,
     :index 96}
    {:type :invoke,
     :f :cas,
     :value [0 0],
     :process 22,
     :time 12673199115,
     :index 112}
    {:type :invoke,
     :f :cas,
     :value [0 4],
     :process 27,
     :time 14568112400,
     :index 132}
    {:type :invoke,
     :f :cas,
     :value [2 0],
     :process 29,
     :time 14508956217,
     :index 130}
    {:type :invoke,
     :f :read,
     :value 0,
     :process 34,
     :time 14814494171,
     :index 134}]}
  {:model {},
   :last-op
   {:type :ok,
    :f :write,
    :value 0,
    :process 26,
    :time 14187705286,
    :index 127},
   :pending
   [{:type :invoke,
     :f :cas,
     :value [1 0],
     :process 0,
     :time 5782673811,
     :index 50}
    {:type :invoke,
     :f :cas,
     :value [0 3],
     :process 3,
     :time 6539898943,
     :index 54}
    {:type :invoke,
     :f :cas,
     :value [0 0],
     :process 4,
     :time 319489991,
     :index 0}
    {:type :invoke,
     :f :cas,
     :value [3 0],
     :process 5,
     :time 7685583398,
     :index 64}
    {:type :invoke,
     :f :cas,
     :value [3 2],
     :process 10,
     :time 14480821472,
     :index 128}
    {:type :invoke,
     :f :cas,
     :value [2 0],
     :process 13,
     :time 12893722585,
     :index 116}
    {:type :invoke,
     :f :cas,
     :value [4 2],
     :process 17,
     :time 8527114970,
     :index 78}
    {:type :invoke,
     :f :cas,
     :value [2 4],
     :process 18,
     :time 13959814944,
     :index 124}
    {:type :invoke,
     :f :cas,
     :value [3 0],
     :process 19,
     :time 9684623588,
     :index 86}
    {:type :invoke,
     :f :cas,
     :value [3 0],
     :process 21,
     :time 10750499354,
     :index 96}
    {:type :invoke,
     :f :cas,
     :value [0 0],
     :process 22,
     :time 12673199115,
     :index 112}
    {:type :invoke,
     :f :cas,
     :value [3 1],
     :process 24,
     :time 13803571122,
     :index 122}
    {:type :invoke,
     :f :cas,
     :value [0 4],
     :process 27,
     :time 14568112400,
     :index 132}
    {:type :invoke,
     :f :cas,
     :value [2 0],
     :process 29,
     :time 14508956217,
     :index 130}
    {:type :invoke,
     :f :read,
     :value 0,
     :process 34,
     :time 14814494171,
     :index 134}]}
  {:model {},
   :last-op
   {:type :ok,
    :f :write,
    :value 0,
    :process 26,
    :time 14187705286,
    :index 127},
   :pending
   [{:type :invoke,
     :f :cas,
     :value [4 1],
     :process 2,
     :time 2163714932,
     :index 14}
    {:type :invoke,
     :f :cas,
     :value [0 3],
     :process 3,
     :time 6539898943,
     :index 54}
    {:type :invoke,
     :f :cas,
     :value [3 0],
     :process 5,
     :time 7685583398,
     :index 64}
    {:type :invoke,
     :f :cas,
     :value [3 2],
     :process 10,
     :time 14480821472,
     :index 128}
    {:type :invoke,
     :f :cas,
     :value [0 0],
     :process 11,
     :time 4736542655,
     :index 43}
    {:type :invoke,
     :f :cas,
     :value [2 0],
     :process 13,
     :time 12893722585,
     :index 116}
    {:type :invoke,
     :f :cas,
     :value [2 2],
     :process 14,
     :time 5469844865,
     :index 46}
    {:type :invoke,
     :f :cas,
     :value [0 2],
     :process 16,
     :time 8755133494,
     :index 80}
    {:type :invoke,
     :f :cas,
     :value [4 2],
     :process 17,
     :time 8527114970,
     :index 78}
    {:type :invoke,
     :f :cas,
     :value [3 0],
     :process 19,
     :time 9684623588,
     :index 86}
    {:type :invoke,
     :f :cas,
     :value [0 4],
     :process 27,
     :time 14568112400,
     :index 132}
    {:type :invoke,
     :f :cas,
     :value [2 0],
     :process 29,
     :time 14508956217,
     :index 130}
    {:type :invoke,
     :f :read,
     :value 0,
     :process 34,
     :time 14814494171,
     :index 134}]}
  {:model {},
   :last-op
   {:type :ok,
    :f :write,
    :value 0,
    :process 26,
    :time 14187705286,
    :index 127},
   :pending
   [{:type :invoke,
     :f :cas,
     :value [1 0],
     :process 0,
     :time 5782673811,
     :index 50}
    {:type :invoke,
     :f :cas,
     :value [0 3],
     :process 1,
     :time 1088303588,
     :index 6}
    {:type :invoke,
     :f :cas,
     :value [0 3],
     :process 3,
     :time 6539898943,
     :index 54}
    {:type :invoke,
     :f :cas,
     :value [0 0],
     :process 4,
     :time 319489991,
     :index 0}
    {:type :invoke,
     :f :cas,
     :value [0 0],
     :process 6,
     :time 2218380539,
     :index 16}
    {:type :invoke,
     :f :cas,
     :value [4 3],
     :process 9,
     :time 4296475449,
     :index 38}
    {:type :invoke,
     :f :cas,
     :value [3 2],
     :process 10,
     :time 14480821472,
     :index 128}
    {:type :invoke,
     :f :cas,
     :value [0 0],
     :process 11,
     :time 4736542655,
     :index 43}
    {:type :invoke,
     :f :cas,
     :value [2 2],
     :process 14,
     :time 5469844865,
     :index 46}
    {:type :invoke,
     :f :cas,
     :value [0 2],
     :process 16,
     :time 8755133494,
     :index 80}
    {:type :invoke,
     :f :cas,
     :value [3 0],
     :process 19,
     :time 9684623588,
     :index 86}
    {:type :invoke,
     :f :cas,
     :value [0 4],
     :process 27,
     :time 14568112400,
     :index 132}
    {:type :invoke,
     :f :cas,
     :value [2 0],
     :process 29,
     :time 14508956217,
     :index 130}
    {:type :invoke,
     :f :read,
     :value 0,
     :process 34,
     :time 14814494171,
     :index 134}]}),
 :previous-ok
 {:type :ok,
  :f :write,
  :value 0,
  :process 26,
  :time 14187705286,
  :index 127},
 :last-op nil,
 :op
 {:type :ok,
  :f :read,
  :value 0,
  :process 34,
  :time 14815847906,
  :index 135},
 :final-paths ()}


Everything looks good! (`)
