2016-12-13 16:12:06,236{GMT}	INFO	[jepsen node w1] jepsen.os.debian: w1 setting up debian
2016-12-13 16:12:06,236{GMT}	INFO	[jepsen node w2] jepsen.os.debian: w2 setting up debian
2016-12-13 16:12:06,236{GMT}	INFO	[jepsen node w4] jepsen.os.debian: w4 setting up debian
2016-12-13 16:12:06,236{GMT}	INFO	[jepsen node w5] jepsen.os.debian: w5 setting up debian
2016-12-13 16:12:06,236{GMT}	INFO	[jepsen node w3] jepsen.os.debian: w3 setting up debian
2016-12-13 16:12:06,957{GMT}	INFO	[jepsen node w5] jepsen.zookeeper: w5 tearing down ZK
2016-12-13 16:12:06,957{GMT}	INFO	[jepsen node w2] jepsen.zookeeper: w2 tearing down ZK
2016-12-13 16:12:06,957{GMT}	INFO	[jepsen node w3] jepsen.zookeeper: w3 tearing down ZK
2016-12-13 16:12:06,957{GMT}	INFO	[jepsen node w4] jepsen.zookeeper: w4 tearing down ZK
2016-12-13 16:12:06,957{GMT}	INFO	[jepsen node w1] jepsen.zookeeper: w1 tearing down ZK
2016-12-13 16:12:07,162{GMT}	INFO	[jepsen node w5] jepsen.zookeeper: Setting up ZK on  w5
2016-12-13 16:12:07,162{GMT}	INFO	[jepsen node w4] jepsen.zookeeper: Setting up ZK on  w4
2016-12-13 16:12:07,162{GMT}	INFO	[jepsen node w2] jepsen.zookeeper: Setting up ZK on  w2
2016-12-13 16:12:07,162{GMT}	INFO	[jepsen node w3] jepsen.zookeeper: Setting up ZK on  w3
2016-12-13 16:12:07,162{GMT}	INFO	[jepsen node w1] jepsen.zookeeper: Setting up ZK on  w1
2016-12-13 16:12:07,162{GMT}	INFO	[jepsen node w5] jepsen.zookeeper: w5 Installing ZK 3.4.5+dfsg-2
2016-12-13 16:12:07,162{GMT}	INFO	[jepsen node w4] jepsen.zookeeper: w4 Installing ZK 3.4.5+dfsg-2
2016-12-13 16:12:07,162{GMT}	INFO	[jepsen node w2] jepsen.zookeeper: w2 Installing ZK 3.4.5+dfsg-2
2016-12-13 16:12:07,162{GMT}	INFO	[jepsen node w3] jepsen.zookeeper: w3 Installing ZK 3.4.5+dfsg-2
2016-12-13 16:12:07,162{GMT}	INFO	[jepsen node w1] jepsen.zookeeper: w1 Installing ZK 3.4.5+dfsg-2
2016-12-13 16:12:07,472{GMT}	INFO	[jepsen node w4] jepsen.zookeeper: w4 id is 3
2016-12-13 16:12:07,472{GMT}	INFO	[jepsen node w3] jepsen.zookeeper: w3 id is 2
2016-12-13 16:12:07,473{GMT}	INFO	[jepsen node w5] jepsen.zookeeper: w5 id is 4
2016-12-13 16:12:07,473{GMT}	INFO	[jepsen node w2] jepsen.zookeeper: w2 id is 1
2016-12-13 16:12:07,473{GMT}	INFO	[jepsen node w1] jepsen.zookeeper: w1 id is 0
2016-12-13 16:12:07,678{GMT}	INFO	[jepsen node w3] jepsen.zookeeper: w3 ZK restarting
2016-12-13 16:12:07,678{GMT}	INFO	[jepsen node w2] jepsen.zookeeper: w2 ZK restarting
2016-12-13 16:12:07,678{GMT}	INFO	[jepsen node w4] jepsen.zookeeper: w4 ZK restarting
2016-12-13 16:12:07,678{GMT}	INFO	[jepsen node w5] jepsen.zookeeper: w5 ZK restarting
2016-12-13 16:12:07,678{GMT}	INFO	[jepsen node w1] jepsen.zookeeper: w1 ZK restarting
2016-12-13 16:12:12,780{GMT}	INFO	[jepsen node w4] jepsen.zookeeper: w4 ZK ready
2016-12-13 16:12:12,780{GMT}	INFO	[jepsen node w1] jepsen.zookeeper: w1 ZK ready
2016-12-13 16:12:12,780{GMT}	INFO	[jepsen node w5] jepsen.zookeeper: w5 ZK ready
2016-12-13 16:12:12,780{GMT}	INFO	[jepsen node w2] jepsen.zookeeper: w2 ZK ready
2016-12-13 16:12:12,780{GMT}	INFO	[jepsen node w3] jepsen.zookeeper: w3 ZK ready
2016-12-13 16:12:12,785{GMT}	INFO	[clojure-agent-send-off-pool-2] org.apache.zookeeper.ZooKeeper: Initiating client connection, connectString=w5 sessionTimeout=5000 watcher=zookeeper.internal$make_watcher$reify__762@6fae3d74
2016-12-13 16:12:12,785{GMT}	INFO	[clojure-agent-send-off-pool-1] org.apache.zookeeper.ZooKeeper: Initiating client connection, connectString=w1 sessionTimeout=5000 watcher=zookeeper.internal$make_watcher$reify__762@57d6133b
2016-12-13 16:12:12,785{GMT}	INFO	[clojure-agent-send-off-pool-3] org.apache.zookeeper.ZooKeeper: Initiating client connection, connectString=w3 sessionTimeout=5000 watcher=zookeeper.internal$make_watcher$reify__762@1a935895
2016-12-13 16:12:12,785{GMT}	INFO	[clojure-agent-send-off-pool-0] org.apache.zookeeper.ZooKeeper: Initiating client connection, connectString=w4 sessionTimeout=5000 watcher=zookeeper.internal$make_watcher$reify__762@14545eb1
2016-12-13 16:12:12,786{GMT}	INFO	[clojure-agent-send-off-pool-4] org.apache.zookeeper.ZooKeeper: Initiating client connection, connectString=w2 sessionTimeout=5000 watcher=zookeeper.internal$make_watcher$reify__762@6a05c28b
2016-12-13 16:12:12,802{GMT}	INFO	[clojure-agent-send-off-pool-4-SendThread()] org.apache.zookeeper.ClientCnxn: Opening socket connection to server /192.168.32.102:2181
2016-12-13 16:12:12,802{GMT}	INFO	[clojure-agent-send-off-pool-3-SendThread()] org.apache.zookeeper.ClientCnxn: Opening socket connection to server /192.168.32.103:2181
2016-12-13 16:12:12,804{GMT}	INFO	[clojure-agent-send-off-pool-0-SendThread()] org.apache.zookeeper.ClientCnxn: Opening socket connection to server /192.168.32.104:2181
2016-12-13 16:12:12,804{GMT}	INFO	[clojure-agent-send-off-pool-1-SendThread()] org.apache.zookeeper.ClientCnxn: Opening socket connection to server /192.168.32.101:2181
2016-12-13 16:12:12,805{GMT}	INFO	[clojure-agent-send-off-pool-2-SendThread()] org.apache.zookeeper.ClientCnxn: Opening socket connection to server /192.168.32.105:2181
2016-12-13 16:12:12,814{GMT}	INFO	[clojure-agent-send-off-pool-1-SendThread(w1:2181)] org.apache.zookeeper.ClientCnxn: Socket connection established to w1/192.168.32.101:2181, initiating session
2016-12-13 16:12:12,814{GMT}	INFO	[clojure-agent-send-off-pool-2-SendThread(w5:2181)] org.apache.zookeeper.ClientCnxn: Socket connection established to w5/192.168.32.105:2181, initiating session
2016-12-13 16:12:12,814{GMT}	INFO	[clojure-agent-send-off-pool-3-SendThread(w3:2181)] org.apache.zookeeper.ClientCnxn: Socket connection established to w3/192.168.32.103:2181, initiating session
2016-12-13 16:12:12,814{GMT}	INFO	[clojure-agent-send-off-pool-4-SendThread(w2:2181)] org.apache.zookeeper.ClientCnxn: Socket connection established to w2/192.168.32.102:2181, initiating session
2016-12-13 16:12:12,814{GMT}	INFO	[clojure-agent-send-off-pool-0-SendThread(w4:2181)] org.apache.zookeeper.ClientCnxn: Socket connection established to w4/192.168.32.104:2181, initiating session
2016-12-13 16:12:12,925{GMT}	INFO	[clojure-agent-send-off-pool-1-SendThread(w1:2181)] org.apache.zookeeper.ClientCnxn: Session establishment complete on server w1/192.168.32.101:2181, sessionid = 0x158f8f493760000, negotiated timeout = 5000
2016-12-13 16:12:12,928{GMT}	INFO	[clojure-agent-send-off-pool-2-SendThread(w5:2181)] org.apache.zookeeper.ClientCnxn: Session establishment complete on server w5/192.168.32.105:2181, sessionid = 0x158f8f494670000, negotiated timeout = 5000
2016-12-13 16:12:12,931{GMT}	INFO	[clojure-agent-send-off-pool-0-SendThread(w4:2181)] org.apache.zookeeper.ClientCnxn: Session establishment complete on server w4/192.168.32.104:2181, sessionid = 0x158f8f493af0000, negotiated timeout = 5000
2016-12-13 16:12:12,932{GMT}	INFO	[clojure-agent-send-off-pool-3-SendThread(w3:2181)] org.apache.zookeeper.ClientCnxn: Session establishment complete on server w3/192.168.32.103:2181, sessionid = 0x158f8f4960d0000, negotiated timeout = 5000
2016-12-13 16:12:12,970{GMT}	INFO	[clojure-agent-send-off-pool-4-SendThread(w2:2181)] org.apache.zookeeper.ClientCnxn: Session establishment complete on server w2/192.168.32.102:2181, sessionid = 0x158f8f493950000, negotiated timeout = 5000
2016-12-13 16:12:13,046{GMT}	INFO	[jepsen nemesis] jepsen.core: Nemesis starting
2016-12-13 16:12:13,046{GMT}	INFO	[jepsen nemesis] jepsen.core: nemesis done
2016-12-13 16:12:13,048{GMT}	INFO	[jepsen worker 0] jepsen.core: Worker 0 starting
2016-12-13 16:12:13,048{GMT}	INFO	[jepsen worker 2] jepsen.core: Worker 2 starting
2016-12-13 16:12:13,048{GMT}	INFO	[jepsen worker 1] jepsen.core: Worker 1 starting
2016-12-13 16:12:13,048{GMT}	INFO	[jepsen worker 4] jepsen.core: Worker 4 starting
2016-12-13 16:12:13,048{GMT}	INFO	[jepsen worker 3] jepsen.core: Worker 3 starting
2016-12-13 16:12:13,151{GMT}	INFO	[jepsen worker 3] jepsen.util: 3	:invoke	:read	nil
2016-12-13 16:12:13,161{GMT}	INFO	[jepsen worker 3] jepsen.util: 3	:ok	:read	0
2016-12-13 16:12:13,477{GMT}	INFO	[jepsen worker 3] jepsen.util: 3	:invoke	:read	nil
2016-12-13 16:12:13,478{GMT}	INFO	[jepsen worker 3] jepsen.util: 3	:ok	:read	0
2016-12-13 16:12:13,678{GMT}	INFO	[jepsen worker 2] jepsen.util: 2	:invoke	:write	3
2016-12-13 16:12:13,693{GMT}	INFO	[jepsen worker 2] jepsen.util: 2	:ok	:write	3
2016-12-13 16:12:13,761{GMT}	INFO	[jepsen worker 0] jepsen.util: 0	:invoke	:read	nil
2016-12-13 16:12:13,765{GMT}	INFO	[jepsen worker 0] jepsen.util: 0	:ok	:read	0
2016-12-13 16:12:14,018{GMT}	INFO	[jepsen worker 0] jepsen.util: 0	:invoke	:write	1
2016-12-13 16:12:14,034{GMT}	INFO	[jepsen worker 0] jepsen.util: 0	:ok	:write	1
2016-12-13 16:12:14,194{GMT}	INFO	[jepsen worker 3] jepsen.util: 3	:invoke	:read	nil
2016-12-13 16:12:14,195{GMT}	INFO	[jepsen worker 3] jepsen.util: 3	:ok	:read	0
2016-12-13 16:12:14,580{GMT}	INFO	[jepsen worker 2] jepsen.util: 2	:invoke	:read	nil
2016-12-13 16:12:14,584{GMT}	INFO	[jepsen worker 2] jepsen.util: 2	:ok	:read	3
2016-12-13 16:12:14,849{GMT}	INFO	[jepsen worker 3] jepsen.util: 3	:invoke	:write	4
2016-12-13 16:12:14,854{GMT}	INFO	[jepsen worker 1] jepsen.util: 1	:invoke	:read	nil
2016-12-13 16:12:14,858{GMT}	INFO	[jepsen worker 1] jepsen.util: 1	:ok	:read	0
2016-12-13 16:12:14,865{GMT}	INFO	[jepsen worker 3] jepsen.util: 3	:ok	:write	4
2016-12-13 16:12:14,986{GMT}	INFO	[jepsen worker 4] jepsen.util: 4	:invoke	:write	2
2016-12-13 16:12:15,002{GMT}	INFO	[jepsen worker 4] jepsen.util: 4	:ok	:write	2
2016-12-13 16:12:15,007{GMT}	INFO	[jepsen worker 1] jepsen.util: 1	:invoke	:read	nil
2016-12-13 16:12:15,007{GMT}	INFO	[jepsen worker 1] jepsen.util: 1	:ok	:read	0
2016-12-13 16:12:15,477{GMT}	INFO	[jepsen worker 3] jepsen.util: 3	:invoke	:read	nil
2016-12-13 16:12:15,478{GMT}	INFO	[jepsen worker 3] jepsen.util: 3	:ok	:read	4
2016-12-13 16:12:15,511{GMT}	INFO	[jepsen worker 0] jepsen.util: 0	:invoke	:read	nil
2016-12-13 16:12:15,512{GMT}	INFO	[jepsen worker 0] jepsen.util: 0	:ok	:read	1
2016-12-13 16:12:15,551{GMT}	INFO	[jepsen worker 4] jepsen.util: 4	:invoke	:read	nil
2016-12-13 16:12:15,554{GMT}	INFO	[jepsen worker 4] jepsen.util: 4	:ok	:read	2
2016-12-13 16:12:15,648{GMT}	INFO	[jepsen worker 4] jepsen.util: 4	:invoke	:write	3
2016-12-13 16:12:15,664{GMT}	INFO	[jepsen worker 4] jepsen.util: 4	:ok	:write	3
2016-12-13 16:12:16,036{GMT}	INFO	[jepsen worker 1] jepsen.util: 1	:invoke	:read	nil
2016-12-13 16:12:16,036{GMT}	INFO	[jepsen worker 1] jepsen.util: 1	:ok	:read	0
2016-12-13 16:12:16,137{GMT}	INFO	[jepsen worker 2] jepsen.util: 2	:invoke	:write	3
2016-12-13 16:12:16,155{GMT}	INFO	[jepsen worker 2] jepsen.util: 2	:ok	:write	3
2016-12-13 16:12:16,211{GMT}	INFO	[jepsen worker 4] jepsen.util: 4	:invoke	:write	2
2016-12-13 16:12:16,229{GMT}	INFO	[jepsen worker 4] jepsen.util: 4	:ok	:write	2
2016-12-13 16:12:16,285{GMT}	INFO	[jepsen worker 4] jepsen.util: 4	:invoke	:read	nil
2016-12-13 16:12:16,286{GMT}	INFO	[jepsen worker 4] jepsen.util: 4	:ok	:read	2
2016-12-13 16:12:16,379{GMT}	INFO	[jepsen worker 1] jepsen.util: 1	:invoke	:write	3
2016-12-13 16:12:16,379{GMT}	INFO	[jepsen worker 0] jepsen.util: 0	:invoke	:write	4
2016-12-13 16:12:16,393{GMT}	INFO	[jepsen worker 1] jepsen.util: 1	:ok	:write	3
2016-12-13 16:12:16,395{GMT}	INFO	[jepsen worker 0] jepsen.util: 0	:ok	:write	4
2016-12-13 16:12:16,846{GMT}	INFO	[jepsen worker 3] jepsen.util: 3	:invoke	:write	2
2016-12-13 16:12:16,863{GMT}	INFO	[jepsen worker 3] jepsen.util: 3	:ok	:write	2
2016-12-13 16:12:16,954{GMT}	INFO	[jepsen worker 0] jepsen.util: 0	:invoke	:write	2
2016-12-13 16:12:16,971{GMT}	INFO	[jepsen worker 0] jepsen.util: 0	:ok	:write	2
2016-12-13 16:12:17,136{GMT}	INFO	[jepsen worker 2] jepsen.util: 2	:invoke	:read	nil
2016-12-13 16:12:17,137{GMT}	INFO	[jepsen worker 2] jepsen.util: 2	:ok	:read	3
2016-12-13 16:12:17,242{GMT}	INFO	[jepsen worker 2] jepsen.util: 2	:invoke	:write	1
2016-12-13 16:12:17,259{GMT}	INFO	[jepsen worker 2] jepsen.util: 2	:ok	:write	1
2016-12-13 16:12:17,456{GMT}	INFO	[jepsen worker 0] jepsen.util: 0	:invoke	:read	nil
2016-12-13 16:12:17,457{GMT}	INFO	[jepsen worker 0] jepsen.util: 0	:ok	:read	2
2016-12-13 16:12:17,537{GMT}	INFO	[jepsen worker 2] jepsen.util: 2	:invoke	:write	3
2016-12-13 16:12:17,551{GMT}	INFO	[jepsen worker 2] jepsen.util: 2	:ok	:write	3
2016-12-13 16:12:17,723{GMT}	INFO	[jepsen worker 1] jepsen.util: 1	:invoke	:read	nil
2016-12-13 16:12:17,724{GMT}	INFO	[jepsen worker 1] jepsen.util: 1	:ok	:read	3
2016-12-13 16:12:17,945{GMT}	INFO	[jepsen worker 4] jepsen.util: 4	:invoke	:read	nil
2016-12-13 16:12:17,945{GMT}	INFO	[jepsen worker 4] jepsen.util: 4	:ok	:read	2
2016-12-13 16:12:18,106{GMT}	INFO	[jepsen worker 3] jepsen.util: 3	:invoke	:write	2
2016-12-13 16:12:18,121{GMT}	INFO	[jepsen worker 3] jepsen.util: 3	:ok	:write	2
2016-12-13 16:12:18,546{GMT}	INFO	[jepsen worker 2] jepsen.util: 2	:invoke	:read	nil
2016-12-13 16:12:18,548{GMT}	INFO	[jepsen worker 2] jepsen.util: 2	:ok	:read	3
2016-12-13 16:12:18,684{GMT}	INFO	[jepsen worker 2] jepsen.util: 2	:invoke	:read	nil
2016-12-13 16:12:18,684{GMT}	INFO	[jepsen worker 2] jepsen.util: 2	:ok	:read	3
2016-12-13 16:12:19,162{GMT}	INFO	[jepsen worker 0] jepsen.util: 0	:invoke	:write	3
2016-12-13 16:12:19,177{GMT}	INFO	[jepsen worker 0] jepsen.util: 0	:ok	:write	3
2016-12-13 16:12:19,215{GMT}	INFO	[jepsen worker 4] jepsen.util: 4	:invoke	:read	nil
2016-12-13 16:12:19,216{GMT}	INFO	[jepsen worker 4] jepsen.util: 4	:ok	:read	2
2016-12-13 16:12:19,243{GMT}	INFO	[jepsen worker 1] jepsen.util: 1	:invoke	:read	nil
2016-12-13 16:12:19,243{GMT}	INFO	[jepsen worker 1] jepsen.util: 1	:ok	:read	3
2016-12-13 16:12:19,898{GMT}	INFO	[jepsen worker 2] jepsen.util: 2	:invoke	:read	nil
2016-12-13 16:12:19,899{GMT}	INFO	[jepsen worker 2] jepsen.util: 2	:ok	:read	3
2016-12-13 16:12:20,054{GMT}	INFO	[jepsen worker 3] jepsen.util: 3	:invoke	:read	nil
2016-12-13 16:12:20,055{GMT}	INFO	[jepsen worker 3] jepsen.util: 3	:ok	:read	2
2016-12-13 16:12:20,199{GMT}	INFO	[jepsen worker 3] jepsen.util: 3	:invoke	:write	0
2016-12-13 16:12:20,213{GMT}	INFO	[jepsen worker 3] jepsen.util: 3	:ok	:write	0
2016-12-13 16:12:20,234{GMT}	INFO	[jepsen worker 1] jepsen.util: 1	:invoke	:read	nil
2016-12-13 16:12:20,235{GMT}	INFO	[jepsen worker 1] jepsen.util: 1	:ok	:read	3
2016-12-13 16:12:20,237{GMT}	INFO	[jepsen worker 3] jepsen.util: 3	:invoke	:read	nil
2016-12-13 16:12:20,239{GMT}	INFO	[jepsen worker 3] jepsen.util: 3	:ok	:read	0
2016-12-13 16:12:20,556{GMT}	INFO	[jepsen worker 0] jepsen.util: 0	:invoke	:write	2
2016-12-13 16:12:20,572{GMT}	INFO	[jepsen worker 0] jepsen.util: 0	:ok	:write	2
2016-12-13 16:12:20,865{GMT}	INFO	[jepsen worker 4] jepsen.util: 4	:invoke	:write	3
2016-12-13 16:12:20,879{GMT}	INFO	[jepsen worker 4] jepsen.util: 4	:ok	:write	3
2016-12-13 16:12:21,158{GMT}	INFO	[jepsen worker 1] jepsen.util: 1	:invoke	:read	nil
2016-12-13 16:12:21,159{GMT}	INFO	[jepsen worker 1] jepsen.util: 1	:ok	:read	3
2016-12-13 16:12:21,417{GMT}	INFO	[jepsen worker 3] jepsen.util: 3	:invoke	:read	nil
2016-12-13 16:12:21,417{GMT}	INFO	[jepsen worker 3] jepsen.util: 3	:ok	:read	0
2016-12-13 16:12:21,792{GMT}	INFO	[jepsen worker 2] jepsen.util: 2	:invoke	:read	nil
2016-12-13 16:12:21,793{GMT}	INFO	[jepsen worker 2] jepsen.util: 2	:ok	:read	3
2016-12-13 16:12:21,805{GMT}	INFO	[jepsen worker 2] jepsen.util: 2	:invoke	:write	0
2016-12-13 16:12:21,822{GMT}	INFO	[jepsen worker 2] jepsen.util: 2	:ok	:write	0
2016-12-13 16:12:21,851{GMT}	INFO	[jepsen worker 3] jepsen.util: 3	:invoke	:write	3
2016-12-13 16:12:21,865{GMT}	INFO	[jepsen worker 3] jepsen.util: 3	:ok	:write	3
2016-12-13 16:12:22,086{GMT}	INFO	[jepsen worker 4] jepsen.util: 4	:invoke	:read	nil
2016-12-13 16:12:22,087{GMT}	INFO	[jepsen worker 4] jepsen.util: 4	:ok	:read	3
2016-12-13 16:12:22,111{GMT}	INFO	[jepsen worker 3] jepsen.util: 3	:invoke	:write	2
2016-12-13 16:12:22,124{GMT}	INFO	[jepsen worker 3] jepsen.util: 3	:ok	:write	2
2016-12-13 16:12:22,149{GMT}	INFO	[jepsen worker 1] jepsen.util: 1	:invoke	:read	nil
2016-12-13 16:12:22,149{GMT}	INFO	[jepsen worker 1] jepsen.util: 1	:ok	:read	3
2016-12-13 16:12:22,281{GMT}	INFO	[jepsen worker 3] jepsen.util: 3	:invoke	:write	1
2016-12-13 16:12:22,314{GMT}	INFO	[jepsen worker 3] jepsen.util: 3	:ok	:write	1
2016-12-13 16:12:22,390{GMT}	INFO	[jepsen worker 0] jepsen.util: 0	:invoke	:write	1
2016-12-13 16:12:22,404{GMT}	INFO	[jepsen worker 0] jepsen.util: 0	:ok	:write	1
2016-12-13 16:12:22,488{GMT}	INFO	[jepsen worker 0] jepsen.util: 0	:invoke	:read	nil
2016-12-13 16:12:22,490{GMT}	INFO	[jepsen worker 0] jepsen.util: 0	:ok	:read	1
2016-12-13 16:12:22,827{GMT}	INFO	[jepsen worker 2] jepsen.util: 2	:invoke	:read	nil
2016-12-13 16:12:22,828{GMT}	INFO	[jepsen worker 2] jepsen.util: 2	:ok	:read	0
2016-12-13 16:12:22,925{GMT}	INFO	[jepsen worker 4] jepsen.util: 4	:invoke	:read	nil
2016-12-13 16:12:22,925{GMT}	INFO	[jepsen worker 4] jepsen.util: 4	:ok	:read	3
2016-12-13 16:12:23,041{GMT}	INFO	[jepsen worker 0] jepsen.util: 0	:invoke	:read	nil
2016-12-13 16:12:23,043{GMT}	INFO	[jepsen worker 0] jepsen.util: 0	:ok	:read	1
2016-12-13 16:12:23,215{GMT}	INFO	[jepsen worker 4] jepsen.util: 4	:invoke	:read	nil
2016-12-13 16:12:23,215{GMT}	INFO	[jepsen worker 4] jepsen.util: 4	:ok	:read	3
2016-12-13 16:12:23,369{GMT}	INFO	[jepsen worker 0] jepsen.util: 0	:invoke	:write	3
2016-12-13 16:12:23,391{GMT}	INFO	[jepsen worker 0] jepsen.util: 0	:ok	:write	3
2016-12-13 16:12:23,626{GMT}	INFO	[jepsen worker 3] jepsen.util: 3	:invoke	:read	nil
2016-12-13 16:12:23,628{GMT}	INFO	[jepsen worker 3] jepsen.util: 3	:ok	:read	1
2016-12-13 16:12:23,756{GMT}	INFO	[jepsen worker 3] jepsen.util: 3	:invoke	:write	3
2016-12-13 16:12:23,769{GMT}	INFO	[jepsen worker 3] jepsen.util: 3	:ok	:write	3
2016-12-13 16:12:24,126{GMT}	INFO	[jepsen worker 1] jepsen.util: 1	:invoke	:write	0
2016-12-13 16:12:24,140{GMT}	INFO	[jepsen worker 1] jepsen.util: 1	:ok	:write	0
2016-12-13 16:12:24,144{GMT}	INFO	[jepsen worker 2] jepsen.util: 2	:invoke	:write	3
2016-12-13 16:12:24,157{GMT}	INFO	[jepsen worker 2] jepsen.util: 2	:ok	:write	3
2016-12-13 16:12:24,194{GMT}	INFO	[jepsen worker 4] jepsen.util: 4	:invoke	:write	4
2016-12-13 16:12:24,208{GMT}	INFO	[jepsen worker 4] jepsen.util: 4	:ok	:write	4
2016-12-13 16:12:24,380{GMT}	INFO	[jepsen worker 3] jepsen.util: 3	:invoke	:write	0
2016-12-13 16:12:24,392{GMT}	INFO	[jepsen worker 3] jepsen.util: 3	:ok	:write	0
2016-12-13 16:12:24,455{GMT}	INFO	[jepsen worker 2] jepsen.util: 2	:invoke	:read	nil
2016-12-13 16:12:24,456{GMT}	INFO	[jepsen worker 2] jepsen.util: 2	:ok	:read	3
2016-12-13 16:12:24,874{GMT}	INFO	[jepsen worker 1] jepsen.util: 1	:invoke	:write	4
2016-12-13 16:12:24,890{GMT}	INFO	[jepsen worker 1] jepsen.util: 1	:ok	:write	4
2016-12-13 16:12:25,262{GMT}	INFO	[jepsen worker 0] jepsen.util: 0	:invoke	:read	nil
2016-12-13 16:12:25,263{GMT}	INFO	[jepsen worker 0] jepsen.util: 0	:ok	:read	3
2016-12-13 16:12:25,732{GMT}	INFO	[jepsen worker 4] jepsen.util: 4	:invoke	:read	nil
2016-12-13 16:12:25,733{GMT}	INFO	[jepsen worker 4] jepsen.util: 4	:ok	:read	4
2016-12-13 16:12:25,915{GMT}	INFO	[jepsen worker 3] jepsen.util: 3	:invoke	:read	nil
2016-12-13 16:12:25,916{GMT}	INFO	[jepsen worker 3] jepsen.util: 3	:ok	:read	0
2016-12-13 16:12:25,995{GMT}	INFO	[jepsen worker 1] jepsen.util: 1	:invoke	:read	nil
2016-12-13 16:12:25,996{GMT}	INFO	[jepsen worker 1] jepsen.util: 1	:ok	:read	4
2016-12-13 16:12:26,168{GMT}	INFO	[jepsen worker 1] jepsen.util: 1	:invoke	:read	nil
2016-12-13 16:12:26,168{GMT}	INFO	[jepsen worker 1] jepsen.util: 1	:ok	:read	4
2016-12-13 16:12:26,258{GMT}	INFO	[jepsen worker 2] jepsen.util: 2	:invoke	:write	4
2016-12-13 16:12:26,289{GMT}	INFO	[jepsen worker 3] jepsen.util: 3	:invoke	:write	2
2016-12-13 16:12:26,306{GMT}	INFO	[jepsen worker 3] jepsen.util: 3	:ok	:write	2
2016-12-13 16:12:26,333{GMT}	INFO	[jepsen worker 2] jepsen.util: 2	:ok	:write	4
2016-12-13 16:12:26,652{GMT}	INFO	[jepsen worker 4] jepsen.util: 4	:invoke	:write	3
2016-12-13 16:12:26,667{GMT}	INFO	[jepsen worker 4] jepsen.util: 4	:ok	:write	3
2016-12-13 16:12:26,868{GMT}	INFO	[jepsen worker 0] jepsen.util: 0	:invoke	:read	nil
2016-12-13 16:12:26,868{GMT}	INFO	[jepsen worker 0] jepsen.util: 0	:ok	:read	3
2016-12-13 16:12:27,002{GMT}	INFO	[jepsen worker 3] jepsen.util: 3	:invoke	:write	2
2016-12-13 16:12:27,015{GMT}	INFO	[jepsen worker 3] jepsen.util: 3	:ok	:write	2
2016-12-13 16:12:27,225{GMT}	INFO	[jepsen worker 2] jepsen.util: 2	:invoke	:write	2
2016-12-13 16:12:27,237{GMT}	INFO	[jepsen worker 2] jepsen.util: 2	:ok	:write	2
2016-12-13 16:12:27,411{GMT}	INFO	[jepsen worker 0] jepsen.util: 0	:invoke	:write	2
2016-12-13 16:12:27,425{GMT}	INFO	[jepsen worker 0] jepsen.util: 0	:ok	:write	2
2016-12-13 16:12:27,667{GMT}	INFO	[jepsen worker 3] jepsen.util: 3	:invoke	:read	nil
2016-12-13 16:12:27,668{GMT}	INFO	[jepsen worker 3] jepsen.util: 3	:ok	:read	2
2016-12-13 16:12:27,669{GMT}	INFO	[jepsen worker 1] jepsen.util: 1	:invoke	:read	nil
2016-12-13 16:12:27,670{GMT}	INFO	[jepsen worker 1] jepsen.util: 1	:ok	:read	4
2016-12-13 16:12:27,888{GMT}	INFO	[jepsen worker 0] jepsen.util: 0	:invoke	:write	1
2016-12-13 16:12:27,901{GMT}	INFO	[jepsen worker 0] jepsen.util: 0	:ok	:write	1
2016-12-13 16:12:28,056{GMT}	INFO	[jepsen worker 4] jepsen.util: 4	:invoke	:write	0
2016-12-13 16:12:28,085{GMT}	INFO	[jepsen worker 4] jepsen.util: 4	:ok	:write	0
2016-12-13 16:12:28,085{GMT}	INFO	[jepsen worker 4] jepsen.core: Worker 4 done
2016-12-13 16:12:29,153{GMT}	INFO	[jepsen worker 2] jepsen.util: 2	:invoke	:write	2
2016-12-13 16:12:29,166{GMT}	INFO	[jepsen worker 2] jepsen.util: 2	:ok	:write	2
2016-12-13 16:12:29,166{GMT}	INFO	[jepsen worker 2] jepsen.core: Worker 2 done
2016-12-13 16:12:29,244{GMT}	INFO	[jepsen worker 0] jepsen.util: 0	:invoke	:write	0
2016-12-13 16:12:29,257{GMT}	INFO	[jepsen worker 0] jepsen.util: 0	:ok	:write	0
2016-12-13 16:12:29,257{GMT}	INFO	[jepsen worker 0] jepsen.core: Worker 0 done
2016-12-13 16:12:29,269{GMT}	INFO	[jepsen worker 1] jepsen.util: 1	:invoke	:write	0
2016-12-13 16:12:29,297{GMT}	INFO	[jepsen worker 1] jepsen.util: 1	:ok	:write	0
2016-12-13 16:12:29,297{GMT}	INFO	[jepsen worker 1] jepsen.core: Worker 1 done
2016-12-13 16:12:29,307{GMT}	INFO	[jepsen worker 3] jepsen.util: 3	:invoke	:write	0
2016-12-13 16:12:29,320{GMT}	INFO	[jepsen worker 3] jepsen.util: 3	:ok	:write	0
2016-12-13 16:12:29,320{GMT}	INFO	[jepsen worker 3] jepsen.core: Worker 3 done
2016-12-13 16:12:29,321{GMT}	INFO	[jepsen test runner] jepsen.core: Waiting for nemesis to complete
2016-12-13 16:12:29,321{GMT}	INFO	[jepsen test runner] jepsen.core: nemesis done.
2016-12-13 16:12:29,321{GMT}	INFO	[jepsen test runner] jepsen.core: Tearing down nemesis
2016-12-13 16:12:29,321{GMT}	INFO	[jepsen test runner] jepsen.core: Nemesis torn down
2016-12-13 16:12:29,324{GMT}	INFO	[clojure-agent-send-off-pool-1] org.apache.zookeeper.ZooKeeper: Session: 0x158f8f493af0000 closed
2016-12-13 16:12:29,324{GMT}	INFO	[clojure-agent-send-off-pool-4-EventThread] org.apache.zookeeper.ClientCnxn: EventThread shut down
2016-12-13 16:12:29,324{GMT}	INFO	[clojure-agent-send-off-pool-0-EventThread] org.apache.zookeeper.ClientCnxn: EventThread shut down
2016-12-13 16:12:29,324{GMT}	INFO	[clojure-agent-send-off-pool-5] org.apache.zookeeper.ZooKeeper: Session: 0x158f8f493950000 closed
2016-12-13 16:12:29,325{GMT}	INFO	[clojure-agent-send-off-pool-4] org.apache.zookeeper.ZooKeeper: Session: 0x158f8f493760000 closed
2016-12-13 16:12:29,325{GMT}	INFO	[clojure-agent-send-off-pool-1-EventThread] org.apache.zookeeper.ClientCnxn: EventThread shut down
2016-12-13 16:12:29,326{GMT}	INFO	[clojure-agent-send-off-pool-2] org.apache.zookeeper.ZooKeeper: Session: 0x158f8f494670000 closed
2016-12-13 16:12:29,326{GMT}	INFO	[clojure-agent-send-off-pool-2-EventThread] org.apache.zookeeper.ClientCnxn: EventThread shut down
2016-12-13 16:12:29,329{GMT}	INFO	[clojure-agent-send-off-pool-8] org.apache.zookeeper.ZooKeeper: Session: 0x158f8f4960d0000 closed
2016-12-13 16:12:29,329{GMT}	INFO	[clojure-agent-send-off-pool-3-EventThread] org.apache.zookeeper.ClientCnxn: EventThread shut down
2016-12-13 16:12:29,330{GMT}	INFO	[jepsen test runner] jepsen.core: Snarfing log files
2016-12-13 16:12:29,333{GMT}	INFO	[jepsen node w2] jepsen.core: downloading /var/log/zookeeper/zookeeper.log to zookeeper.log
2016-12-13 16:12:29,333{GMT}	INFO	[jepsen node w4] jepsen.core: downloading /var/log/zookeeper/zookeeper.log to zookeeper.log
2016-12-13 16:12:29,333{GMT}	INFO	[jepsen node w3] jepsen.core: downloading /var/log/zookeeper/zookeeper.log to zookeeper.log
2016-12-13 16:12:29,333{GMT}	INFO	[jepsen node w5] jepsen.core: downloading /var/log/zookeeper/zookeeper.log to zookeeper.log
2016-12-13 16:12:29,333{GMT}	INFO	[jepsen node w1] jepsen.core: downloading /var/log/zookeeper/zookeeper.log to zookeeper.log
2016-12-13 16:12:29,349{GMT}	INFO	[jepsen test runner] jepsen.core: Run complete, writing
2016-12-13 16:12:29,374{GMT}	INFO	[jepsen node w1] jepsen.zookeeper: w1 tearing down ZK
2016-12-13 16:12:29,374{GMT}	INFO	[jepsen node w3] jepsen.zookeeper: w3 tearing down ZK
2016-12-13 16:12:29,374{GMT}	INFO	[jepsen node w2] jepsen.zookeeper: w2 tearing down ZK
2016-12-13 16:12:29,374{GMT}	INFO	[jepsen node w4] jepsen.zookeeper: w4 tearing down ZK
2016-12-13 16:12:29,375{GMT}	INFO	[jepsen node w5] jepsen.zookeeper: w5 tearing down ZK
2016-12-13 16:12:29,985{GMT}	INFO	[jepsen test runner] jepsen.core: Analyzing
2016-12-13 16:12:30,019{GMT}	INFO	[jepsen test runner] jepsen.core: Analysis complete
2016-12-13 16:12:30,032{GMT}	INFO	[jepsen results] jepsen.store: Wrote /home/admin/jepsen.zookeeper/store/zookeeper/20161213T161205.000Z/results.edn
2016-12-13 16:12:30,041{GMT}	INFO	[main] jepsen.core: {:valid? true,
 :configs
 ({:model {},
   :last-op
   {:type :ok,
    :f :write,
    :value 0,
    :process 3,
    :time 16537972195,
    :index 171},
   :pending []}),
 :final-paths ()}


Everything looks good! ヽ(‘ー`)ノ
