2016-12-14 10:46:14,651{GMT}	INFO	[jepsen node w2] jepsen.os.debian: w2 setting up debian
2016-12-14 10:46:14,651{GMT}	INFO	[jepsen node w3] jepsen.os.debian: w3 setting up debian
2016-12-14 10:46:14,651{GMT}	INFO	[jepsen node w5] jepsen.os.debian: w5 setting up debian
2016-12-14 10:46:14,651{GMT}	INFO	[jepsen node w4] jepsen.os.debian: w4 setting up debian
2016-12-14 10:46:14,651{GMT}	INFO	[jepsen node w1] jepsen.os.debian: w1 setting up debian
2016-12-14 10:46:15,369{GMT}	INFO	[jepsen node w2] jepsen.zookeeper: w2 tearing down ZK
2016-12-14 10:46:15,369{GMT}	INFO	[jepsen node w1] jepsen.zookeeper: w1 tearing down ZK
2016-12-14 10:46:15,369{GMT}	INFO	[jepsen node w5] jepsen.zookeeper: w5 tearing down ZK
2016-12-14 10:46:15,369{GMT}	INFO	[jepsen node w4] jepsen.zookeeper: w4 tearing down ZK
2016-12-14 10:46:15,369{GMT}	INFO	[jepsen node w3] jepsen.zookeeper: w3 tearing down ZK
2016-12-14 10:46:15,573{GMT}	INFO	[jepsen node w3] jepsen.zookeeper: Setting up ZK on  w3
2016-12-14 10:46:15,573{GMT}	INFO	[jepsen node w2] jepsen.zookeeper: Setting up ZK on  w2
2016-12-14 10:46:15,573{GMT}	INFO	[jepsen node w5] jepsen.zookeeper: Setting up ZK on  w5
2016-12-14 10:46:15,573{GMT}	INFO	[jepsen node w1] jepsen.zookeeper: Setting up ZK on  w1
2016-12-14 10:46:15,573{GMT}	INFO	[jepsen node w4] jepsen.zookeeper: Setting up ZK on  w4
2016-12-14 10:46:15,573{GMT}	INFO	[jepsen node w3] jepsen.zookeeper: w3 Installing ZK 3.4.5+dfsg-2
2016-12-14 10:46:15,573{GMT}	INFO	[jepsen node w2] jepsen.zookeeper: w2 Installing ZK 3.4.5+dfsg-2
2016-12-14 10:46:15,574{GMT}	INFO	[jepsen node w5] jepsen.zookeeper: w5 Installing ZK 3.4.5+dfsg-2
2016-12-14 10:46:15,574{GMT}	INFO	[jepsen node w1] jepsen.zookeeper: w1 Installing ZK 3.4.5+dfsg-2
2016-12-14 10:46:15,574{GMT}	INFO	[jepsen node w4] jepsen.zookeeper: w4 Installing ZK 3.4.5+dfsg-2
2016-12-14 10:46:15,880{GMT}	INFO	[jepsen node w4] jepsen.zookeeper: w4 id is 3
2016-12-14 10:46:15,880{GMT}	INFO	[jepsen node w5] jepsen.zookeeper: w5 id is 4
2016-12-14 10:46:15,882{GMT}	INFO	[jepsen node w1] jepsen.zookeeper: w1 id is 0
2016-12-14 10:46:15,882{GMT}	INFO	[jepsen node w2] jepsen.zookeeper: w2 id is 1
2016-12-14 10:46:15,885{GMT}	INFO	[jepsen node w3] jepsen.zookeeper: w3 id is 2
2016-12-14 10:46:16,085{GMT}	INFO	[jepsen node w5] jepsen.zookeeper: w5 ZK restarting
2016-12-14 10:46:16,085{GMT}	INFO	[jepsen node w1] jepsen.zookeeper: w1 ZK restarting
2016-12-14 10:46:16,085{GMT}	INFO	[jepsen node w4] jepsen.zookeeper: w4 ZK restarting
2016-12-14 10:46:16,085{GMT}	INFO	[jepsen node w2] jepsen.zookeeper: w2 ZK restarting
2016-12-14 10:46:16,108{GMT}	INFO	[jepsen node w3] jepsen.zookeeper: w3 ZK restarting
2016-12-14 10:46:21,187{GMT}	INFO	[jepsen node w1] jepsen.zookeeper: w1 ZK ready
2016-12-14 10:46:21,187{GMT}	INFO	[jepsen node w5] jepsen.zookeeper: w5 ZK ready
2016-12-14 10:46:21,187{GMT}	INFO	[jepsen node w4] jepsen.zookeeper: w4 ZK ready
2016-12-14 10:46:21,187{GMT}	INFO	[jepsen node w2] jepsen.zookeeper: w2 ZK ready
2016-12-14 10:46:21,209{GMT}	INFO	[jepsen node w3] jepsen.zookeeper: w3 ZK ready
2016-12-14 10:46:21,215{GMT}	INFO	[clojure-agent-send-off-pool-1] org.apache.zookeeper.ZooKeeper: Initiating client connection, connectString=w4 sessionTimeout=5000 watcher=zookeeper.internal$make_watcher$reify__762@2ba223ed
2016-12-14 10:46:21,215{GMT}	INFO	[clojure-agent-send-off-pool-0] org.apache.zookeeper.ZooKeeper: Initiating client connection, connectString=w5 sessionTimeout=5000 watcher=zookeeper.internal$make_watcher$reify__762@7c494e77
2016-12-14 10:46:21,215{GMT}	INFO	[clojure-agent-send-off-pool-2] org.apache.zookeeper.ZooKeeper: Initiating client connection, connectString=w1 sessionTimeout=5000 watcher=zookeeper.internal$make_watcher$reify__762@778073cf
2016-12-14 10:46:21,215{GMT}	INFO	[clojure-agent-send-off-pool-4] org.apache.zookeeper.ZooKeeper: Initiating client connection, connectString=w3 sessionTimeout=5000 watcher=zookeeper.internal$make_watcher$reify__762@6c644cc2
2016-12-14 10:46:21,215{GMT}	INFO	[clojure-agent-send-off-pool-3] org.apache.zookeeper.ZooKeeper: Initiating client connection, connectString=w2 sessionTimeout=5000 watcher=zookeeper.internal$make_watcher$reify__762@516abb8b
2016-12-14 10:46:21,230{GMT}	INFO	[clojure-agent-send-off-pool-1-SendThread()] org.apache.zookeeper.ClientCnxn: Opening socket connection to server /192.168.32.104:2181
2016-12-14 10:46:21,232{GMT}	INFO	[clojure-agent-send-off-pool-0-SendThread()] org.apache.zookeeper.ClientCnxn: Opening socket connection to server /192.168.32.105:2181
2016-12-14 10:46:21,231{GMT}	INFO	[clojure-agent-send-off-pool-3-SendThread()] org.apache.zookeeper.ClientCnxn: Opening socket connection to server /192.168.32.102:2181
2016-12-14 10:46:21,233{GMT}	INFO	[clojure-agent-send-off-pool-4-SendThread()] org.apache.zookeeper.ClientCnxn: Opening socket connection to server /192.168.32.103:2181
2016-12-14 10:46:21,233{GMT}	INFO	[clojure-agent-send-off-pool-2-SendThread()] org.apache.zookeeper.ClientCnxn: Opening socket connection to server /192.168.32.101:2181
2016-12-14 10:46:21,240{GMT}	INFO	[clojure-agent-send-off-pool-3-SendThread(w2:2181)] org.apache.zookeeper.ClientCnxn: Socket connection established to w2/192.168.32.102:2181, initiating session
2016-12-14 10:46:21,240{GMT}	INFO	[clojure-agent-send-off-pool-1-SendThread(w4:2181)] org.apache.zookeeper.ClientCnxn: Socket connection established to w4/192.168.32.104:2181, initiating session
2016-12-14 10:46:21,240{GMT}	INFO	[clojure-agent-send-off-pool-0-SendThread(w5:2181)] org.apache.zookeeper.ClientCnxn: Socket connection established to w5/192.168.32.105:2181, initiating session
2016-12-14 10:46:21,240{GMT}	INFO	[clojure-agent-send-off-pool-2-SendThread(w1:2181)] org.apache.zookeeper.ClientCnxn: Socket connection established to w1/192.168.32.101:2181, initiating session
2016-12-14 10:46:21,240{GMT}	INFO	[clojure-agent-send-off-pool-4-SendThread(w3:2181)] org.apache.zookeeper.ClientCnxn: Socket connection established to w3/192.168.32.103:2181, initiating session
2016-12-14 10:46:21,347{GMT}	INFO	[clojure-agent-send-off-pool-0-SendThread(w5:2181)] org.apache.zookeeper.ClientCnxn: Session establishment complete on server w5/192.168.32.105:2181, sessionid = 0x158fcf09b140000, negotiated timeout = 5000
2016-12-14 10:46:21,349{GMT}	INFO	[clojure-agent-send-off-pool-2-SendThread(w1:2181)] org.apache.zookeeper.ClientCnxn: Session establishment complete on server w1/192.168.32.101:2181, sessionid = 0x158fcf09bc50000, negotiated timeout = 5000
2016-12-14 10:46:21,354{GMT}	INFO	[clojure-agent-send-off-pool-4-SendThread(w3:2181)] org.apache.zookeeper.ClientCnxn: Session establishment complete on server w3/192.168.32.103:2181, sessionid = 0x158fcf09d6c0000, negotiated timeout = 5000
2016-12-14 10:46:21,354{GMT}	INFO	[clojure-agent-send-off-pool-3-SendThread(w2:2181)] org.apache.zookeeper.ClientCnxn: Session establishment complete on server w2/192.168.32.102:2181, sessionid = 0x158fcf0927e0000, negotiated timeout = 5000
2016-12-14 10:46:21,386{GMT}	INFO	[clojure-agent-send-off-pool-1-SendThread(w4:2181)] org.apache.zookeeper.ClientCnxn: Session establishment complete on server w4/192.168.32.104:2181, sessionid = 0x158fcf09c6f0000, negotiated timeout = 5000
2016-12-14 10:46:21,469{GMT}	INFO	[jepsen nemesis] jepsen.core: Nemesis starting
2016-12-14 10:46:21,469{GMT}	INFO	[jepsen nemesis] jepsen.core: nemesis done
2016-12-14 10:46:21,470{GMT}	INFO	[jepsen worker 0] jepsen.core: Worker 0 starting
2016-12-14 10:46:21,470{GMT}	INFO	[jepsen worker 3] jepsen.core: Worker 3 starting
2016-12-14 10:46:21,470{GMT}	INFO	[jepsen worker 1] jepsen.core: Worker 1 starting
2016-12-14 10:46:21,470{GMT}	INFO	[jepsen worker 4] jepsen.core: Worker 4 starting
2016-12-14 10:46:21,470{GMT}	INFO	[jepsen worker 2] jepsen.core: Worker 2 starting
2016-12-14 10:46:21,851{GMT}	INFO	[jepsen worker 2] jepsen.util: 2	:invoke	:write	1
2016-12-14 10:46:21,869{GMT}	INFO	[jepsen worker 2] jepsen.util: 2	:ok	:write	1
2016-12-14 10:46:22,095{GMT}	INFO	[jepsen worker 3] jepsen.util: 3	:invoke	:cas	[0 3]
2016-12-14 10:46:22,118{GMT}	INFO	[jepsen worker 3] jepsen.util: 3	:ok	:cas	[0 3]
2016-12-14 10:46:22,204{GMT}	INFO	[jepsen worker 4] jepsen.util: 4	:invoke	:read	nil
2016-12-14 10:46:22,207{GMT}	INFO	[clojure-agent-send-off-pool-4] jepsen.zookeeper: log from test 0
2016-12-14 10:46:22,207{GMT}	INFO	[jepsen worker 4] jepsen.util: 4	:ok	:read	0
2016-12-14 10:46:22,216{GMT}	INFO	[jepsen worker 1] jepsen.util: 1	:invoke	:write	2
2016-12-14 10:46:22,231{GMT}	INFO	[jepsen worker 1] jepsen.util: 1	:ok	:write	2
2016-12-14 10:46:22,283{GMT}	INFO	[jepsen worker 4] jepsen.util: 4	:invoke	:write	3
2016-12-14 10:46:22,313{GMT}	INFO	[jepsen worker 4] jepsen.util: 4	:ok	:write	3
2016-12-14 10:46:22,967{GMT}	INFO	[jepsen worker 3] jepsen.util: 3	:invoke	:write	1
2016-12-14 10:46:22,984{GMT}	INFO	[jepsen worker 3] jepsen.util: 3	:ok	:write	1
2016-12-14 10:46:23,435{GMT}	INFO	[jepsen worker 0] jepsen.util: 0	:invoke	:cas	[2 3]
2016-12-14 10:46:23,471{GMT}	INFO	[jepsen worker 0] jepsen.util: 0	:fail	:cas	[2 3]
2016-12-14 10:46:23,558{GMT}	INFO	[jepsen worker 1] jepsen.util: 1	:invoke	:write	0
2016-12-14 10:46:23,575{GMT}	INFO	[jepsen worker 1] jepsen.util: 1	:ok	:write	0
2016-12-14 10:46:23,703{GMT}	INFO	[jepsen worker 2] jepsen.util: 2	:invoke	:read	nil
2016-12-14 10:46:23,706{GMT}	INFO	[clojure-agent-send-off-pool-7] jepsen.zookeeper: log from test 1
2016-12-14 10:46:23,707{GMT}	INFO	[jepsen worker 2] jepsen.util: 2	:ok	:read	1
2016-12-14 10:46:23,850{GMT}	INFO	[jepsen worker 4] jepsen.util: 4	:invoke	:write	2
2016-12-14 10:46:23,866{GMT}	INFO	[jepsen worker 4] jepsen.util: 4	:ok	:write	2
2016-12-14 10:46:24,313{GMT}	INFO	[jepsen worker 2] jepsen.util: 2	:invoke	:write	0
2016-12-14 10:46:24,328{GMT}	INFO	[jepsen worker 2] jepsen.util: 2	:ok	:write	0
2016-12-14 10:46:24,690{GMT}	INFO	[jepsen worker 3] jepsen.util: 3	:invoke	:cas	[2 2]
2016-12-14 10:46:24,710{GMT}	INFO	[jepsen worker 3] jepsen.util: 3	:fail	:cas	[2 2]
2016-12-14 10:46:24,811{GMT}	INFO	[jepsen worker 4] jepsen.util: 4	:invoke	:cas	[4 4]
2016-12-14 10:46:24,831{GMT}	INFO	[jepsen worker 4] jepsen.util: 4	:fail	:cas	[4 4]
2016-12-14 10:46:25,096{GMT}	INFO	[jepsen worker 1] jepsen.util: 1	:invoke	:read	nil
2016-12-14 10:46:25,100{GMT}	INFO	[clojure-agent-send-off-pool-7] jepsen.zookeeper: log from test 0
2016-12-14 10:46:25,100{GMT}	INFO	[jepsen worker 1] jepsen.util: 1	:ok	:read	0
2016-12-14 10:46:25,125{GMT}	INFO	[jepsen worker 2] jepsen.util: 2	:invoke	:cas	[3 1]
2016-12-14 10:46:25,154{GMT}	INFO	[jepsen worker 2] jepsen.util: 2	:fail	:cas	[3 1]
2016-12-14 10:46:25,244{GMT}	INFO	[jepsen worker 2] jepsen.util: 2	:invoke	:read	nil
2016-12-14 10:46:25,245{GMT}	INFO	[clojure-agent-send-off-pool-4] jepsen.zookeeper: log from test 0
2016-12-14 10:46:25,245{GMT}	INFO	[jepsen worker 2] jepsen.util: 2	:ok	:read	0
2016-12-14 10:46:25,361{GMT}	INFO	[jepsen worker 1] jepsen.util: 1	:invoke	:read	nil
2016-12-14 10:46:25,361{GMT}	INFO	[clojure-agent-send-off-pool-4] jepsen.zookeeper: log from test 0
2016-12-14 10:46:25,361{GMT}	INFO	[jepsen worker 1] jepsen.util: 1	:ok	:read	0
2016-12-14 10:46:25,424{GMT}	INFO	[jepsen worker 0] jepsen.util: 0	:invoke	:write	2
2016-12-14 10:46:25,440{GMT}	INFO	[jepsen worker 0] jepsen.util: 0	:ok	:write	2
2016-12-14 10:46:25,454{GMT}	INFO	[jepsen worker 0] jepsen.util: 0	:invoke	:write	3
2016-12-14 10:46:25,469{GMT}	INFO	[jepsen worker 0] jepsen.util: 0	:ok	:write	3
2016-12-14 10:46:25,797{GMT}	INFO	[jepsen worker 4] jepsen.util: 4	:invoke	:read	nil
2016-12-14 10:46:25,799{GMT}	INFO	[clojure-agent-send-off-pool-4] jepsen.zookeeper: log from test 2
2016-12-14 10:46:25,799{GMT}	INFO	[jepsen worker 4] jepsen.util: 4	:ok	:read	2
2016-12-14 10:46:25,833{GMT}	INFO	[jepsen worker 3] jepsen.util: 3	:invoke	:read	nil
2016-12-14 10:46:25,834{GMT}	INFO	[clojure-agent-send-off-pool-4] jepsen.zookeeper: log from test 1
2016-12-14 10:46:25,834{GMT}	INFO	[jepsen worker 3] jepsen.util: 3	:ok	:read	1
2016-12-14 10:46:26,200{GMT}	INFO	[jepsen worker 3] jepsen.util: 3	:invoke	:cas	[0 4]
2016-12-14 10:46:26,214{GMT}	INFO	[jepsen worker 3] jepsen.util: 3	:fail	:cas	[0 4]
2016-12-14 10:46:26,476{GMT}	INFO	[jepsen worker 2] jepsen.util: 2	:invoke	:cas	[0 4]
2016-12-14 10:46:26,497{GMT}	INFO	[jepsen worker 2] jepsen.util: 2	:ok	:cas	[0 4]
2016-12-14 10:46:26,937{GMT}	INFO	[jepsen worker 1] jepsen.util: 1	:invoke	:cas	[1 1]
2016-12-14 10:46:26,959{GMT}	INFO	[jepsen worker 1] jepsen.util: 1	:fail	:cas	[1 1]
2016-12-14 10:46:27,205{GMT}	INFO	[jepsen worker 4] jepsen.util: 4	:invoke	:cas	[3 0]
2016-12-14 10:46:27,219{GMT}	INFO	[jepsen worker 4] jepsen.util: 4	:fail	:cas	[3 0]
2016-12-14 10:46:27,391{GMT}	INFO	[jepsen worker 0] jepsen.util: 0	:invoke	:read	nil
2016-12-14 10:46:27,392{GMT}	INFO	[clojure-agent-send-off-pool-4] jepsen.zookeeper: log from test 3
2016-12-14 10:46:27,392{GMT}	INFO	[jepsen worker 0] jepsen.util: 0	:ok	:read	3
2016-12-14 10:46:27,458{GMT}	INFO	[jepsen worker 2] jepsen.util: 2	:invoke	:write	4
2016-12-14 10:46:27,476{GMT}	INFO	[jepsen worker 2] jepsen.util: 2	:ok	:write	4
2016-12-14 10:46:27,731{GMT}	INFO	[jepsen worker 1] jepsen.util: 1	:invoke	:write	0
2016-12-14 10:46:27,745{GMT}	INFO	[jepsen worker 1] jepsen.util: 1	:ok	:write	0
2016-12-14 10:46:28,084{GMT}	INFO	[jepsen worker 3] jepsen.util: 3	:invoke	:write	2
2016-12-14 10:46:28,100{GMT}	INFO	[jepsen worker 3] jepsen.util: 3	:ok	:write	2
2016-12-14 10:46:28,142{GMT}	INFO	[jepsen worker 4] jepsen.util: 4	:invoke	:read	nil
2016-12-14 10:46:28,144{GMT}	INFO	[clojure-agent-send-off-pool-7] jepsen.zookeeper: log from test 2
2016-12-14 10:46:28,144{GMT}	INFO	[jepsen worker 4] jepsen.util: 4	:ok	:read	2
2016-12-14 10:46:28,530{GMT}	INFO	[jepsen worker 0] jepsen.util: 0	:invoke	:write	4
2016-12-14 10:46:28,545{GMT}	INFO	[jepsen worker 0] jepsen.util: 0	:ok	:write	4
2016-12-14 10:46:29,185{GMT}	INFO	[jepsen worker 4] jepsen.util: 4	:invoke	:write	3
2016-12-14 10:46:29,191{GMT}	INFO	[jepsen worker 2] jepsen.util: 2	:invoke	:write	3
2016-12-14 10:46:29,214{GMT}	INFO	[jepsen worker 4] jepsen.util: 4	:ok	:write	3
2016-12-14 10:46:29,220{GMT}	INFO	[jepsen worker 2] jepsen.util: 2	:ok	:write	3
2016-12-14 10:46:29,496{GMT}	INFO	[jepsen worker 3] jepsen.util: 3	:invoke	:read	nil
2016-12-14 10:46:29,498{GMT}	INFO	[clojure-agent-send-off-pool-6] jepsen.zookeeper: log from test 2
2016-12-14 10:46:29,498{GMT}	INFO	[jepsen worker 3] jepsen.util: 3	:ok	:read	2
2016-12-14 10:46:29,515{GMT}	INFO	[jepsen worker 1] jepsen.util: 1	:invoke	:cas	[0 4]
2016-12-14 10:46:29,533{GMT}	INFO	[jepsen worker 1] jepsen.util: 1	:ok	:cas	[0 4]
2016-12-14 10:46:29,669{GMT}	INFO	[jepsen worker 0] jepsen.util: 0	:invoke	:write	4
2016-12-14 10:46:29,686{GMT}	INFO	[jepsen worker 0] jepsen.util: 0	:ok	:write	4
2016-12-14 10:46:29,887{GMT}	INFO	[jepsen worker 2] jepsen.util: 2	:invoke	:write	1
2016-12-14 10:46:29,912{GMT}	INFO	[jepsen worker 2] jepsen.util: 2	:ok	:write	1
2016-12-14 10:46:30,013{GMT}	INFO	[jepsen worker 3] jepsen.util: 3	:invoke	:cas	[3 1]
2016-12-14 10:46:30,027{GMT}	INFO	[jepsen worker 3] jepsen.util: 3	:fail	:cas	[3 1]
2016-12-14 10:46:30,093{GMT}	INFO	[jepsen worker 2] jepsen.util: 2	:invoke	:cas	[4 0]
2016-12-14 10:46:30,125{GMT}	INFO	[jepsen worker 2] jepsen.util: 2	:fail	:cas	[4 0]
2016-12-14 10:46:30,414{GMT}	INFO	[jepsen worker 4] jepsen.util: 4	:invoke	:read	nil
2016-12-14 10:46:30,416{GMT}	INFO	[clojure-agent-send-off-pool-7] jepsen.zookeeper: log from test 3
2016-12-14 10:46:30,416{GMT}	INFO	[jepsen worker 4] jepsen.util: 4	:ok	:read	3
2016-12-14 10:46:30,685{GMT}	INFO	[jepsen worker 4] jepsen.util: 4	:invoke	:cas	[3 0]
2016-12-14 10:46:30,699{GMT}	INFO	[jepsen worker 4] jepsen.util: 4	:ok	:cas	[3 0]
2016-12-14 10:46:30,785{GMT}	INFO	[jepsen worker 3] jepsen.util: 3	:invoke	:cas	[3 2]
2016-12-14 10:46:30,832{GMT}	INFO	[jepsen worker 3] jepsen.util: 3	:fail	:cas	[3 2]
2016-12-14 10:46:30,833{GMT}	INFO	[jepsen worker 0] jepsen.util: 0	:invoke	:read	nil
2016-12-14 10:46:30,834{GMT}	INFO	[clojure-agent-send-off-pool-7] jepsen.zookeeper: log from test 4
2016-12-14 10:46:30,834{GMT}	INFO	[jepsen worker 0] jepsen.util: 0	:ok	:read	4
2016-12-14 10:46:31,319{GMT}	INFO	[jepsen worker 0] jepsen.util: 0	:invoke	:cas	[3 4]
2016-12-14 10:46:31,334{GMT}	INFO	[jepsen worker 0] jepsen.util: 0	:fail	:cas	[3 4]
2016-12-14 10:46:31,421{GMT}	INFO	[jepsen worker 3] jepsen.util: 3	:invoke	:cas	[3 3]
2016-12-14 10:46:31,439{GMT}	INFO	[jepsen worker 3] jepsen.util: 3	:fail	:cas	[3 3]
2016-12-14 10:46:31,528{GMT}	INFO	[jepsen worker 1] jepsen.util: 1	:invoke	:read	nil
2016-12-14 10:46:31,530{GMT}	INFO	[clojure-agent-send-off-pool-7] jepsen.zookeeper: log from test 4
2016-12-14 10:46:31,530{GMT}	INFO	[jepsen worker 1] jepsen.util: 1	:ok	:read	4
2016-12-14 10:46:31,921{GMT}	INFO	[jepsen worker 0] jepsen.util: 0	:invoke	:read	nil
2016-12-14 10:46:31,922{GMT}	INFO	[clojure-agent-send-off-pool-7] jepsen.zookeeper: log from test 4
2016-12-14 10:46:31,923{GMT}	INFO	[jepsen worker 0] jepsen.util: 0	:ok	:read	4
2016-12-14 10:46:31,996{GMT}	INFO	[jepsen worker 2] jepsen.util: 2	:invoke	:read	nil
2016-12-14 10:46:31,997{GMT}	INFO	[clojure-agent-send-off-pool-7] jepsen.zookeeper: log from test 1
2016-12-14 10:46:31,997{GMT}	INFO	[jepsen worker 2] jepsen.util: 2	:ok	:read	1
2016-12-14 10:46:32,243{GMT}	INFO	[jepsen worker 2] jepsen.util: 2	:invoke	:read	nil
2016-12-14 10:46:32,243{GMT}	INFO	[clojure-agent-send-off-pool-7] jepsen.zookeeper: log from test 1
2016-12-14 10:46:32,243{GMT}	INFO	[jepsen worker 2] jepsen.util: 2	:ok	:read	1
2016-12-14 10:46:32,693{GMT}	INFO	[jepsen worker 4] jepsen.util: 4	:invoke	:cas	[4 1]
2016-12-14 10:46:32,725{GMT}	INFO	[jepsen worker 4] jepsen.util: 4	:fail	:cas	[4 1]
2016-12-14 10:46:32,944{GMT}	INFO	[jepsen worker 1] jepsen.util: 1	:invoke	:cas	[0 0]
2016-12-14 10:46:32,960{GMT}	INFO	[jepsen worker 1] jepsen.util: 1	:fail	:cas	[0 0]
2016-12-14 10:46:33,073{GMT}	INFO	[jepsen worker 3] jepsen.util: 3	:invoke	:cas	[4 2]
2016-12-14 10:46:33,087{GMT}	INFO	[jepsen worker 3] jepsen.util: 3	:fail	:cas	[4 2]
2016-12-14 10:46:33,279{GMT}	INFO	[jepsen worker 0] jepsen.util: 0	:invoke	:read	nil
2016-12-14 10:46:33,279{GMT}	INFO	[clojure-agent-send-off-pool-6] jepsen.zookeeper: log from test 4
2016-12-14 10:46:33,280{GMT}	INFO	[jepsen worker 0] jepsen.util: 0	:ok	:read	4
2016-12-14 10:46:33,494{GMT}	INFO	[jepsen worker 2] jepsen.util: 2	:invoke	:cas	[3 4]
2016-12-14 10:46:33,509{GMT}	INFO	[jepsen worker 2] jepsen.util: 2	:fail	:cas	[3 4]
2016-12-14 10:46:33,676{GMT}	INFO	[jepsen worker 3] jepsen.util: 3	:invoke	:write	1
2016-12-14 10:46:33,690{GMT}	INFO	[jepsen worker 3] jepsen.util: 3	:ok	:write	1
2016-12-14 10:46:33,824{GMT}	INFO	[jepsen worker 3] jepsen.util: 3	:invoke	:read	nil
2016-12-14 10:46:33,831{GMT}	INFO	[clojure-agent-send-off-pool-6] jepsen.zookeeper: log from test 1
2016-12-14 10:46:33,831{GMT}	INFO	[jepsen worker 3] jepsen.util: 3	:ok	:read	1
2016-12-14 10:46:34,342{GMT}	INFO	[jepsen worker 4] jepsen.util: 4	:invoke	:write	0
2016-12-14 10:46:34,357{GMT}	INFO	[jepsen worker 4] jepsen.util: 4	:ok	:write	0
2016-12-14 10:46:34,383{GMT}	INFO	[jepsen worker 2] jepsen.util: 2	:invoke	:cas	[4 3]
2016-12-14 10:46:34,397{GMT}	INFO	[jepsen worker 2] jepsen.util: 2	:fail	:cas	[4 3]
2016-12-14 10:46:34,402{GMT}	INFO	[jepsen worker 1] jepsen.util: 1	:invoke	:read	nil
2016-12-14 10:46:34,403{GMT}	INFO	[clojure-agent-send-off-pool-6] jepsen.zookeeper: log from test 4
2016-12-14 10:46:34,403{GMT}	INFO	[jepsen worker 1] jepsen.util: 1	:ok	:read	4
2016-12-14 10:46:34,494{GMT}	INFO	[jepsen worker 3] jepsen.util: 3	:invoke	:read	nil
2016-12-14 10:46:34,494{GMT}	INFO	[clojure-agent-send-off-pool-6] jepsen.zookeeper: log from test 1
2016-12-14 10:46:34,495{GMT}	INFO	[jepsen worker 3] jepsen.util: 3	:ok	:read	1
2016-12-14 10:46:35,011{GMT}	INFO	[jepsen worker 2] jepsen.util: 2	:invoke	:read	nil
2016-12-14 10:46:35,012{GMT}	INFO	[clojure-agent-send-off-pool-6] jepsen.zookeeper: log from test 1
2016-12-14 10:46:35,012{GMT}	INFO	[jepsen worker 2] jepsen.util: 2	:ok	:read	1
2016-12-14 10:46:35,027{GMT}	INFO	[jepsen worker 0] jepsen.util: 0	:invoke	:cas	[0 0]
2016-12-14 10:46:35,047{GMT}	INFO	[jepsen worker 0] jepsen.util: 0	:fail	:cas	[0 0]
2016-12-14 10:46:35,261{GMT}	INFO	[jepsen worker 4] jepsen.util: 4	:invoke	:cas	[2 2]
2016-12-14 10:46:35,275{GMT}	INFO	[jepsen worker 4] jepsen.util: 4	:fail	:cas	[2 2]
2016-12-14 10:46:36,030{GMT}	INFO	[jepsen worker 1] jepsen.util: 1	:invoke	:write	0
2016-12-14 10:46:36,061{GMT}	INFO	[jepsen worker 1] jepsen.util: 1	:ok	:write	0
2016-12-14 10:46:36,118{GMT}	INFO	[jepsen worker 2] jepsen.util: 2	:invoke	:cas	[3 1]
2016-12-14 10:46:36,131{GMT}	INFO	[jepsen worker 2] jepsen.util: 2	:fail	:cas	[3 1]
2016-12-14 10:46:36,158{GMT}	INFO	[jepsen worker 3] jepsen.util: 3	:invoke	:cas	[1 2]
2016-12-14 10:46:36,171{GMT}	INFO	[jepsen worker 3] jepsen.util: 3	:ok	:cas	[1 2]
2016-12-14 10:46:36,305{GMT}	INFO	[jepsen worker 3] jepsen.util: 3	:invoke	:write	4
2016-12-14 10:46:36,318{GMT}	INFO	[jepsen worker 3] jepsen.util: 3	:ok	:write	4
2016-12-14 10:46:36,783{GMT}	INFO	[jepsen worker 1] jepsen.util: 1	:invoke	:cas	[0 4]
2016-12-14 10:46:36,796{GMT}	INFO	[jepsen worker 1] jepsen.util: 1	:ok	:cas	[0 4]
2016-12-14 10:46:36,796{GMT}	INFO	[jepsen worker 1] jepsen.core: Worker 1 done
2016-12-14 10:46:36,881{GMT}	INFO	[jepsen worker 0] jepsen.util: 0	:invoke	:read	nil
2016-12-14 10:46:36,882{GMT}	INFO	[clojure-agent-send-off-pool-7] jepsen.zookeeper: log from test 4
2016-12-14 10:46:36,882{GMT}	INFO	[jepsen worker 0] jepsen.util: 0	:ok	:read	4
2016-12-14 10:46:36,882{GMT}	INFO	[jepsen worker 0] jepsen.core: Worker 0 done
2016-12-14 10:46:37,147{GMT}	INFO	[jepsen worker 3] jepsen.util: 3	:invoke	:cas	[0 1]
2016-12-14 10:46:37,163{GMT}	INFO	[jepsen worker 3] jepsen.util: 3	:fail	:cas	[0 1]
2016-12-14 10:46:37,163{GMT}	INFO	[jepsen worker 3] jepsen.core: Worker 3 done
2016-12-14 10:46:37,182{GMT}	INFO	[jepsen worker 4] jepsen.util: 4	:invoke	:read	nil
2016-12-14 10:46:37,183{GMT}	INFO	[clojure-agent-send-off-pool-7] jepsen.zookeeper: log from test 0
2016-12-14 10:46:37,183{GMT}	INFO	[jepsen worker 4] jepsen.util: 4	:ok	:read	0
2016-12-14 10:46:37,183{GMT}	INFO	[jepsen worker 4] jepsen.core: Worker 4 done
2016-12-14 10:46:37,463{GMT}	INFO	[jepsen worker 2] jepsen.util: 2	:invoke	:read	nil
2016-12-14 10:46:37,472{GMT}	INFO	[clojure-agent-send-off-pool-2] jepsen.zookeeper: log from test 1
2016-12-14 10:46:37,473{GMT}	INFO	[jepsen worker 2] jepsen.util: 2	:ok	:read	1
2016-12-14 10:46:37,473{GMT}	INFO	[jepsen worker 2] jepsen.core: Worker 2 done
2016-12-14 10:46:37,473{GMT}	INFO	[jepsen test runner] jepsen.core: Waiting for nemesis to complete
2016-12-14 10:46:37,473{GMT}	INFO	[jepsen test runner] jepsen.core: nemesis done.
2016-12-14 10:46:37,473{GMT}	INFO	[jepsen test runner] jepsen.core: Tearing down nemesis
2016-12-14 10:46:37,473{GMT}	INFO	[jepsen test runner] jepsen.core: Nemesis torn down
2016-12-14 10:46:37,478{GMT}	INFO	[clojure-agent-send-off-pool-8] org.apache.zookeeper.ZooKeeper: Session: 0x158fcf09c6f0000 closed
2016-12-14 10:46:37,478{GMT}	INFO	[clojure-agent-send-off-pool-2] org.apache.zookeeper.ZooKeeper: Session: 0x158fcf0927e0000 closed
2016-12-14 10:46:37,478{GMT}	INFO	[clojure-agent-send-off-pool-3-EventThread] org.apache.zookeeper.ClientCnxn: EventThread shut down
2016-12-14 10:46:37,479{GMT}	INFO	[clojure-agent-send-off-pool-1-EventThread] org.apache.zookeeper.ClientCnxn: EventThread shut down
2016-12-14 10:46:37,480{GMT}	INFO	[clojure-agent-send-off-pool-5] org.apache.zookeeper.ZooKeeper: Session: 0x158fcf09bc50000 closed
2016-12-14 10:46:37,480{GMT}	INFO	[clojure-agent-send-off-pool-2-EventThread] org.apache.zookeeper.ClientCnxn: EventThread shut down
2016-12-14 10:46:37,480{GMT}	INFO	[clojure-agent-send-off-pool-7] org.apache.zookeeper.ZooKeeper: Session: 0x158fcf09d6c0000 closed
2016-12-14 10:46:37,480{GMT}	INFO	[clojure-agent-send-off-pool-4-EventThread] org.apache.zookeeper.ClientCnxn: EventThread shut down
2016-12-14 10:46:37,480{GMT}	INFO	[clojure-agent-send-off-pool-1] org.apache.zookeeper.ZooKeeper: Session: 0x158fcf09b140000 closed
2016-12-14 10:46:37,481{GMT}	INFO	[clojure-agent-send-off-pool-0-EventThread] org.apache.zookeeper.ClientCnxn: EventThread shut down
2016-12-14 10:46:37,481{GMT}	INFO	[jepsen test runner] jepsen.core: Snarfing log files
2016-12-14 10:46:37,485{GMT}	INFO	[jepsen node w4] jepsen.core: downloading /var/log/zookeeper/zookeeper.log to zookeeper.log
2016-12-14 10:46:37,485{GMT}	INFO	[jepsen node w1] jepsen.core: downloading /var/log/zookeeper/zookeeper.log to zookeeper.log
2016-12-14 10:46:37,485{GMT}	INFO	[jepsen node w3] jepsen.core: downloading /var/log/zookeeper/zookeeper.log to zookeeper.log
2016-12-14 10:46:37,485{GMT}	INFO	[jepsen node w5] jepsen.core: downloading /var/log/zookeeper/zookeeper.log to zookeeper.log
2016-12-14 10:46:37,485{GMT}	INFO	[jepsen node w2] jepsen.core: downloading /var/log/zookeeper/zookeeper.log to zookeeper.log
2016-12-14 10:46:37,499{GMT}	INFO	[jepsen test runner] jepsen.core: Run complete, writing
2016-12-14 10:46:37,524{GMT}	INFO	[jepsen node w5] jepsen.zookeeper: w5 tearing down ZK
2016-12-14 10:46:37,524{GMT}	INFO	[jepsen node w4] jepsen.zookeeper: w4 tearing down ZK
2016-12-14 10:46:37,524{GMT}	INFO	[jepsen node w2] jepsen.zookeeper: w2 tearing down ZK
2016-12-14 10:46:37,525{GMT}	INFO	[jepsen node w3] jepsen.zookeeper: w3 tearing down ZK
2016-12-14 10:46:37,525{GMT}	INFO	[jepsen node w1] jepsen.zookeeper: w1 tearing down ZK
2016-12-14 10:46:38,136{GMT}	INFO	[jepsen test runner] jepsen.core: Analyzing
2016-12-14 10:46:38,207{GMT}	INFO	[jepsen test runner] jepsen.core: Analysis complete
2016-12-14 10:46:38,276{GMT}	INFO	[jepsen results] jepsen.store: Wrote /home/admin/jepsen.zookeeper/store/zookeeper/20161214T104613.000Z/results.edn
2016-12-14 10:46:38,321{GMT}	INFO	[main] jepsen.core: {:valid? false,
 :configs
 ({:model {:value 1},
   :last-op
   {:type :ok,
    :f :write,
    :value 1,
    :process 2,
    :time 657702923,
    :index 1},
   :pending
   [{:type :invoke,
     :f :cas,
     :value [0 3],
     :process 3,
     :time 883522408,
     :index 2}]}),
 :final-paths
 ([{:op
    {:type :ok,
     :f :write,
     :value 1,
     :process 2,
     :time 657702923,
     :index 1},
    :model {:value 1}}
   {:op
    {:type :ok,
     :f :cas,
     :value [0 3],
     :process 3,
     :time 906330585,
     :index 3},
    :model {:msg "can't CAS 1 from 0 to 3"}}]),
 :previous-ok
 {:type :ok,
  :f :write,
  :value 1,
  :process 2,
  :time 657702923,
  :index 1},
 :last-op
 {:type :ok,
  :f :write,
  :value 1,
  :process 2,
  :time 657702923,
  :index 1},
 :op
 {:type :ok,
  :f :cas,
  :value [0 3],
  :process 3,
  :time 906330585,
  :index 3}}


Analysis invalid! (ﾉಥ益ಥ）ﾉ ┻━┻
