2016-12-14 11:00:45,436{GMT}	INFO	[jepsen node w2] jepsen.os.debian: w2 setting up debian
2016-12-14 11:00:45,436{GMT}	INFO	[jepsen node w4] jepsen.os.debian: w4 setting up debian
2016-12-14 11:00:45,436{GMT}	INFO	[jepsen node w3] jepsen.os.debian: w3 setting up debian
2016-12-14 11:00:45,436{GMT}	INFO	[jepsen node w5] jepsen.os.debian: w5 setting up debian
2016-12-14 11:00:45,437{GMT}	INFO	[jepsen node w1] jepsen.os.debian: w1 setting up debian
2016-12-14 11:00:46,156{GMT}	INFO	[jepsen node w4] jepsen.zookeeper: w4 tearing down ZK
2016-12-14 11:00:46,156{GMT}	INFO	[jepsen node w2] jepsen.zookeeper: w2 tearing down ZK
2016-12-14 11:00:46,157{GMT}	INFO	[jepsen node w3] jepsen.zookeeper: w3 tearing down ZK
2016-12-14 11:00:46,156{GMT}	INFO	[jepsen node w5] jepsen.zookeeper: w5 tearing down ZK
2016-12-14 11:00:46,157{GMT}	INFO	[jepsen node w1] jepsen.zookeeper: w1 tearing down ZK
2016-12-14 11:00:46,360{GMT}	INFO	[jepsen node w3] jepsen.zookeeper: Setting up ZK on  w3
2016-12-14 11:00:46,360{GMT}	INFO	[jepsen node w5] jepsen.zookeeper: Setting up ZK on  w5
2016-12-14 11:00:46,360{GMT}	INFO	[jepsen node w4] jepsen.zookeeper: Setting up ZK on  w4
2016-12-14 11:00:46,361{GMT}	INFO	[jepsen node w1] jepsen.zookeeper: Setting up ZK on  w1
2016-12-14 11:00:46,361{GMT}	INFO	[jepsen node w2] jepsen.zookeeper: Setting up ZK on  w2
2016-12-14 11:00:46,361{GMT}	INFO	[jepsen node w3] jepsen.zookeeper: w3 Installing ZK 3.4.5+dfsg-2
2016-12-14 11:00:46,361{GMT}	INFO	[jepsen node w5] jepsen.zookeeper: w5 Installing ZK 3.4.5+dfsg-2
2016-12-14 11:00:46,361{GMT}	INFO	[jepsen node w4] jepsen.zookeeper: w4 Installing ZK 3.4.5+dfsg-2
2016-12-14 11:00:46,361{GMT}	INFO	[jepsen node w1] jepsen.zookeeper: w1 Installing ZK 3.4.5+dfsg-2
2016-12-14 11:00:46,361{GMT}	INFO	[jepsen node w2] jepsen.zookeeper: w2 Installing ZK 3.4.5+dfsg-2
2016-12-14 11:00:46,670{GMT}	INFO	[jepsen node w2] jepsen.zookeeper: w2 id is 1
2016-12-14 11:00:46,670{GMT}	INFO	[jepsen node w5] jepsen.zookeeper: w5 id is 4
2016-12-14 11:00:46,670{GMT}	INFO	[jepsen node w4] jepsen.zookeeper: w4 id is 3
2016-12-14 11:00:46,670{GMT}	INFO	[jepsen node w3] jepsen.zookeeper: w3 id is 2
2016-12-14 11:00:46,670{GMT}	INFO	[jepsen node w1] jepsen.zookeeper: w1 id is 0
2016-12-14 11:00:46,875{GMT}	INFO	[jepsen node w4] jepsen.zookeeper: w4 ZK restarting
2016-12-14 11:00:46,875{GMT}	INFO	[jepsen node w2] jepsen.zookeeper: w2 ZK restarting
2016-12-14 11:00:46,875{GMT}	INFO	[jepsen node w3] jepsen.zookeeper: w3 ZK restarting
2016-12-14 11:00:46,876{GMT}	INFO	[jepsen node w5] jepsen.zookeeper: w5 ZK restarting
2016-12-14 11:00:46,876{GMT}	INFO	[jepsen node w1] jepsen.zookeeper: w1 ZK restarting
2016-12-14 11:00:51,977{GMT}	INFO	[jepsen node w1] jepsen.zookeeper: w1 ZK ready
2016-12-14 11:00:51,977{GMT}	INFO	[jepsen node w2] jepsen.zookeeper: w2 ZK ready
2016-12-14 11:00:51,977{GMT}	INFO	[jepsen node w3] jepsen.zookeeper: w3 ZK ready
2016-12-14 11:00:51,977{GMT}	INFO	[jepsen node w4] jepsen.zookeeper: w4 ZK ready
2016-12-14 11:00:51,977{GMT}	INFO	[jepsen node w5] jepsen.zookeeper: w5 ZK ready
2016-12-14 11:00:51,983{GMT}	INFO	[clojure-agent-send-off-pool-2] org.apache.zookeeper.ZooKeeper: Initiating client connection, connectString=w2 sessionTimeout=5000 watcher=zookeeper.internal$make_watcher$reify__762@288cdc4c
2016-12-14 11:00:51,984{GMT}	INFO	[clojure-agent-send-off-pool-0] org.apache.zookeeper.ZooKeeper: Initiating client connection, connectString=w4 sessionTimeout=5000 watcher=zookeeper.internal$make_watcher$reify__762@32463872
2016-12-14 11:00:51,984{GMT}	INFO	[clojure-agent-send-off-pool-1] org.apache.zookeeper.ZooKeeper: Initiating client connection, connectString=w3 sessionTimeout=5000 watcher=zookeeper.internal$make_watcher$reify__762@2e069571
2016-12-14 11:00:51,985{GMT}	INFO	[clojure-agent-send-off-pool-4] org.apache.zookeeper.ZooKeeper: Initiating client connection, connectString=w5 sessionTimeout=5000 watcher=zookeeper.internal$make_watcher$reify__762@2083df76
2016-12-14 11:00:51,985{GMT}	INFO	[clojure-agent-send-off-pool-3] org.apache.zookeeper.ZooKeeper: Initiating client connection, connectString=w1 sessionTimeout=5000 watcher=zookeeper.internal$make_watcher$reify__762@78419466
2016-12-14 11:00:51,996{GMT}	INFO	[clojure-agent-send-off-pool-3-SendThread()] org.apache.zookeeper.ClientCnxn: Opening socket connection to server /192.168.32.101:2181
2016-12-14 11:00:51,996{GMT}	INFO	[clojure-agent-send-off-pool-1-SendThread()] org.apache.zookeeper.ClientCnxn: Opening socket connection to server /192.168.32.103:2181
2016-12-14 11:00:51,996{GMT}	INFO	[clojure-agent-send-off-pool-2-SendThread()] org.apache.zookeeper.ClientCnxn: Opening socket connection to server /192.168.32.102:2181
2016-12-14 11:00:51,997{GMT}	INFO	[clojure-agent-send-off-pool-4-SendThread()] org.apache.zookeeper.ClientCnxn: Opening socket connection to server /192.168.32.105:2181
2016-12-14 11:00:51,998{GMT}	INFO	[clojure-agent-send-off-pool-0-SendThread()] org.apache.zookeeper.ClientCnxn: Opening socket connection to server /192.168.32.104:2181
2016-12-14 11:00:52,005{GMT}	INFO	[clojure-agent-send-off-pool-0-SendThread(w4:2181)] org.apache.zookeeper.ClientCnxn: Socket connection established to w4/192.168.32.104:2181, initiating session
2016-12-14 11:00:52,005{GMT}	INFO	[clojure-agent-send-off-pool-2-SendThread(w2:2181)] org.apache.zookeeper.ClientCnxn: Socket connection established to w2/192.168.32.102:2181, initiating session
2016-12-14 11:00:52,005{GMT}	INFO	[clojure-agent-send-off-pool-4-SendThread(w5:2181)] org.apache.zookeeper.ClientCnxn: Socket connection established to w5/192.168.32.105:2181, initiating session
2016-12-14 11:00:52,006{GMT}	INFO	[clojure-agent-send-off-pool-1-SendThread(w3:2181)] org.apache.zookeeper.ClientCnxn: Socket connection established to w3/192.168.32.103:2181, initiating session
2016-12-14 11:00:52,006{GMT}	INFO	[clojure-agent-send-off-pool-3-SendThread(w1:2181)] org.apache.zookeeper.ClientCnxn: Socket connection established to w1/192.168.32.101:2181, initiating session
2016-12-14 11:00:52,114{GMT}	INFO	[clojure-agent-send-off-pool-4-SendThread(w5:2181)] org.apache.zookeeper.ClientCnxn: Session establishment complete on server w5/192.168.32.105:2181, sessionid = 0x158fcfde49e0000, negotiated timeout = 5000
2016-12-14 11:00:52,115{GMT}	INFO	[clojure-agent-send-off-pool-0-SendThread(w4:2181)] org.apache.zookeeper.ClientCnxn: Session establishment complete on server w4/192.168.32.104:2181, sessionid = 0x158fcfde5fb0000, negotiated timeout = 5000
2016-12-14 11:00:52,117{GMT}	INFO	[clojure-agent-send-off-pool-3-SendThread(w1:2181)] org.apache.zookeeper.ClientCnxn: Session establishment complete on server w1/192.168.32.101:2181, sessionid = 0x158fcfde54e0000, negotiated timeout = 5000
2016-12-14 11:00:52,131{GMT}	INFO	[clojure-agent-send-off-pool-1-SendThread(w3:2181)] org.apache.zookeeper.ClientCnxn: Session establishment complete on server w3/192.168.32.103:2181, sessionid = 0x158fcfde6d50000, negotiated timeout = 5000
2016-12-14 11:00:52,151{GMT}	INFO	[clojure-agent-send-off-pool-2-SendThread(w2:2181)] org.apache.zookeeper.ClientCnxn: Session establishment complete on server w2/192.168.32.102:2181, sessionid = 0x158fcfddbf20000, negotiated timeout = 5000
2016-12-14 11:00:52,439{GMT}	INFO	[jepsen nemesis] jepsen.core: Nemesis starting
2016-12-14 11:00:52,439{GMT}	INFO	[jepsen nemesis] jepsen.core: nemesis done
2016-12-14 11:00:52,440{GMT}	INFO	[jepsen worker 2] jepsen.core: Worker 2 starting
2016-12-14 11:00:52,440{GMT}	INFO	[jepsen worker 1] jepsen.core: Worker 1 starting
2016-12-14 11:00:52,440{GMT}	INFO	[jepsen worker 0] jepsen.core: Worker 0 starting
2016-12-14 11:00:52,440{GMT}	INFO	[jepsen worker 3] jepsen.core: Worker 3 starting
2016-12-14 11:00:52,440{GMT}	INFO	[jepsen worker 4] jepsen.core: Worker 4 starting
2016-12-14 11:00:52,697{GMT}	INFO	[jepsen worker 0] jepsen.util: 0	:invoke	:write	4
2016-12-14 11:00:52,699{GMT}	INFO	[jepsen worker 3] jepsen.util: 3	:invoke	:read	nil
2016-12-14 11:00:52,708{GMT}	INFO	[clojure-agent-send-off-pool-1] jepsen.zookeeper: log from test 0
2016-12-14 11:00:52,709{GMT}	INFO	[jepsen worker 3] jepsen.util: 3	:ok	:read	0
2016-12-14 11:00:52,721{GMT}	INFO	[jepsen worker 0] jepsen.util: 0	:ok	:write	4
2016-12-14 11:00:52,896{GMT}	INFO	[jepsen worker 0] jepsen.util: 0	:invoke	:cas	[4 1]
2016-12-14 11:00:52,917{GMT}	INFO	[jepsen worker 0] jepsen.util: 0	:ok	:cas	[4 1]
2016-12-14 11:00:53,899{GMT}	INFO	[jepsen worker 4] jepsen.util: 4	:invoke	:write	0
2016-12-14 11:00:53,914{GMT}	INFO	[jepsen worker 4] jepsen.util: 4	:ok	:write	0
2016-12-14 11:00:54,049{GMT}	INFO	[jepsen worker 3] jepsen.util: 3	:invoke	:cas	[3 1]
2016-12-14 11:00:54,065{GMT}	INFO	[jepsen worker 3] jepsen.util: 3	:fail	:cas	[3 1]
2016-12-14 11:00:54,099{GMT}	INFO	[jepsen worker 1] jepsen.util: 1	:invoke	:write	1
2016-12-14 11:00:54,114{GMT}	INFO	[jepsen worker 1] jepsen.util: 1	:ok	:write	1
2016-12-14 11:00:54,322{GMT}	INFO	[jepsen worker 2] jepsen.util: 2	:invoke	:write	0
2016-12-14 11:00:54,337{GMT}	INFO	[jepsen worker 2] jepsen.util: 2	:ok	:write	0
2016-12-14 11:00:54,439{GMT}	INFO	[jepsen worker 4] jepsen.util: 4	:invoke	:write	4
2016-12-14 11:00:54,456{GMT}	INFO	[jepsen worker 4] jepsen.util: 4	:ok	:write	4
2016-12-14 11:00:54,490{GMT}	INFO	[jepsen worker 4] jepsen.util: 4	:invoke	:cas	[3 0]
2016-12-14 11:00:54,508{GMT}	INFO	[jepsen worker 4] jepsen.util: 4	:fail	:cas	[3 0]
2016-12-14 11:00:54,732{GMT}	INFO	[jepsen worker 0] jepsen.util: 0	:invoke	:read	nil
2016-12-14 11:00:54,733{GMT}	INFO	[clojure-agent-send-off-pool-8] jepsen.zookeeper: log from test 1
2016-12-14 11:00:54,733{GMT}	INFO	[jepsen worker 0] jepsen.util: 0	:ok	:read	1
2016-12-14 11:00:54,833{GMT}	INFO	[jepsen worker 0] jepsen.util: 0	:invoke	:cas	[4 3]
2016-12-14 11:00:54,848{GMT}	INFO	[jepsen worker 0] jepsen.util: 0	:fail	:cas	[4 3]
2016-12-14 11:00:54,972{GMT}	INFO	[jepsen worker 2] jepsen.util: 2	:invoke	:cas	[3 2]
2016-12-14 11:00:54,991{GMT}	INFO	[jepsen worker 2] jepsen.util: 2	:fail	:cas	[3 2]
2016-12-14 11:00:55,549{GMT}	INFO	[jepsen worker 1] jepsen.util: 1	:invoke	:read	nil
2016-12-14 11:00:55,552{GMT}	INFO	[clojure-agent-send-off-pool-8] jepsen.zookeeper: log from test 1
2016-12-14 11:00:55,553{GMT}	INFO	[jepsen worker 1] jepsen.util: 1	:ok	:read	1
2016-12-14 11:00:55,622{GMT}	INFO	[jepsen worker 3] jepsen.util: 3	:invoke	:read	nil
2016-12-14 11:00:55,623{GMT}	INFO	[clojure-agent-send-off-pool-8] jepsen.zookeeper: log from test 0
2016-12-14 11:00:55,623{GMT}	INFO	[jepsen worker 3] jepsen.util: 3	:ok	:read	0
2016-12-14 11:00:55,687{GMT}	INFO	[jepsen worker 4] jepsen.util: 4	:invoke	:cas	[0 2]
2016-12-14 11:00:55,705{GMT}	INFO	[jepsen worker 4] jepsen.util: 4	:fail	:cas	[0 2]
2016-12-14 11:00:56,077{GMT}	INFO	[jepsen worker 2] jepsen.util: 2	:invoke	:read	nil
2016-12-14 11:00:56,079{GMT}	INFO	[clojure-agent-send-off-pool-1] jepsen.zookeeper: log from test 0
2016-12-14 11:00:56,079{GMT}	INFO	[jepsen worker 2] jepsen.util: 2	:ok	:read	0
2016-12-14 11:00:56,253{GMT}	INFO	[jepsen worker 3] jepsen.util: 3	:invoke	:write	4
2016-12-14 11:00:56,257{GMT}	INFO	[jepsen worker 0] jepsen.util: 0	:invoke	:cas	[0 4]
2016-12-14 11:00:56,269{GMT}	INFO	[jepsen worker 3] jepsen.util: 3	:ok	:write	4
2016-12-14 11:00:56,271{GMT}	INFO	[jepsen worker 0] jepsen.util: 0	:fail	:cas	[0 4]
2016-12-14 11:00:56,329{GMT}	INFO	[jepsen worker 1] jepsen.util: 1	:invoke	:read	nil
2016-12-14 11:00:56,329{GMT}	INFO	[clojure-agent-send-off-pool-4] jepsen.zookeeper: log from test 1
2016-12-14 11:00:56,330{GMT}	INFO	[jepsen worker 1] jepsen.util: 1	:ok	:read	1
2016-12-14 11:00:56,692{GMT}	INFO	[jepsen worker 3] jepsen.util: 3	:invoke	:read	nil
2016-12-14 11:00:56,694{GMT}	INFO	[clojure-agent-send-off-pool-4] jepsen.zookeeper: log from test 4
2016-12-14 11:00:56,694{GMT}	INFO	[jepsen worker 3] jepsen.util: 3	:ok	:read	4
2016-12-14 11:00:56,778{GMT}	INFO	[jepsen worker 0] jepsen.util: 0	:invoke	:write	3
2016-12-14 11:00:56,792{GMT}	INFO	[jepsen worker 0] jepsen.util: 0	:ok	:write	3
2016-12-14 11:00:57,482{GMT}	INFO	[jepsen worker 4] jepsen.util: 4	:invoke	:write	2
2016-12-14 11:00:57,500{GMT}	INFO	[jepsen worker 4] jepsen.util: 4	:ok	:write	2
2016-12-14 11:00:57,787{GMT}	INFO	[jepsen worker 2] jepsen.util: 2	:invoke	:cas	[3 0]
2016-12-14 11:00:57,805{GMT}	INFO	[jepsen worker 2] jepsen.util: 2	:fail	:cas	[3 0]
2016-12-14 11:00:58,174{GMT}	INFO	[jepsen worker 1] jepsen.util: 1	:invoke	:cas	[2 0]
2016-12-14 11:00:58,189{GMT}	INFO	[jepsen worker 1] jepsen.util: 1	:fail	:cas	[2 0]
2016-12-14 11:00:58,566{GMT}	INFO	[jepsen worker 3] jepsen.util: 3	:invoke	:read	nil
2016-12-14 11:00:58,567{GMT}	INFO	[clojure-agent-send-off-pool-4] jepsen.zookeeper: log from test 4
2016-12-14 11:00:58,567{GMT}	INFO	[jepsen worker 3] jepsen.util: 3	:ok	:read	4
2016-12-14 11:00:58,666{GMT}	INFO	[jepsen worker 1] jepsen.util: 1	:invoke	:cas	[3 0]
2016-12-14 11:00:58,682{GMT}	INFO	[jepsen worker 1] jepsen.util: 1	:fail	:cas	[3 0]
2016-12-14 11:00:58,776{GMT}	INFO	[jepsen worker 0] jepsen.util: 0	:invoke	:read	nil
2016-12-14 11:00:58,778{GMT}	INFO	[clojure-agent-send-off-pool-8] jepsen.zookeeper: log from test 3
2016-12-14 11:00:58,778{GMT}	INFO	[jepsen worker 0] jepsen.util: 0	:ok	:read	3
2016-12-14 11:00:58,792{GMT}	INFO	[jepsen worker 0] jepsen.util: 0	:invoke	:read	nil
2016-12-14 11:00:58,792{GMT}	INFO	[clojure-agent-send-off-pool-8] jepsen.zookeeper: log from test 3
2016-12-14 11:00:58,793{GMT}	INFO	[jepsen worker 0] jepsen.util: 0	:ok	:read	3
2016-12-14 11:00:59,208{GMT}	INFO	[jepsen worker 2] jepsen.util: 2	:invoke	:cas	[3 1]
2016-12-14 11:00:59,223{GMT}	INFO	[jepsen worker 2] jepsen.util: 2	:fail	:cas	[3 1]
2016-12-14 11:00:59,232{GMT}	INFO	[jepsen worker 4] jepsen.util: 4	:invoke	:cas	[4 3]
2016-12-14 11:00:59,250{GMT}	INFO	[jepsen worker 4] jepsen.util: 4	:fail	:cas	[4 3]
2016-12-14 11:00:59,375{GMT}	INFO	[jepsen worker 3] jepsen.util: 3	:invoke	:cas	[0 4]
2016-12-14 11:00:59,388{GMT}	INFO	[jepsen worker 3] jepsen.util: 3	:fail	:cas	[0 4]
2016-12-14 11:00:59,445{GMT}	INFO	[jepsen worker 0] jepsen.util: 0	:invoke	:read	nil
2016-12-14 11:00:59,445{GMT}	INFO	[clojure-agent-send-off-pool-4] jepsen.zookeeper: log from test 3
2016-12-14 11:00:59,446{GMT}	INFO	[jepsen worker 0] jepsen.util: 0	:ok	:read	3
2016-12-14 11:01:00,393{GMT}	INFO	[jepsen worker 0] jepsen.util: 0	:invoke	:write	3
2016-12-14 11:01:00,407{GMT}	INFO	[jepsen worker 0] jepsen.util: 0	:ok	:write	3
2016-12-14 11:01:00,423{GMT}	INFO	[jepsen worker 0] jepsen.util: 0	:invoke	:write	0
2016-12-14 11:01:00,458{GMT}	INFO	[jepsen worker 0] jepsen.util: 0	:ok	:write	0
2016-12-14 11:01:00,548{GMT}	INFO	[jepsen worker 1] jepsen.util: 1	:invoke	:read	nil
2016-12-14 11:01:00,550{GMT}	INFO	[clojure-agent-send-off-pool-4] jepsen.zookeeper: log from test 1
2016-12-14 11:01:00,550{GMT}	INFO	[jepsen worker 1] jepsen.util: 1	:ok	:read	1
2016-12-14 11:01:00,586{GMT}	INFO	[jepsen worker 4] jepsen.util: 4	:invoke	:read	nil
2016-12-14 11:01:00,587{GMT}	INFO	[clojure-agent-send-off-pool-4] jepsen.zookeeper: log from test 2
2016-12-14 11:01:00,587{GMT}	INFO	[jepsen worker 4] jepsen.util: 4	:ok	:read	2
2016-12-14 11:01:00,649{GMT}	INFO	[jepsen worker 3] jepsen.util: 3	:invoke	:cas	[0 4]
2016-12-14 11:01:00,664{GMT}	INFO	[jepsen worker 3] jepsen.util: 3	:fail	:cas	[0 4]
2016-12-14 11:01:00,729{GMT}	INFO	[jepsen worker 2] jepsen.util: 2	:invoke	:cas	[4 3]
2016-12-14 11:01:00,746{GMT}	INFO	[jepsen worker 2] jepsen.util: 2	:fail	:cas	[4 3]
2016-12-14 11:01:01,040{GMT}	INFO	[jepsen worker 0] jepsen.util: 0	:invoke	:write	4
2016-12-14 11:01:01,054{GMT}	INFO	[jepsen worker 0] jepsen.util: 0	:ok	:write	4
2016-12-14 11:01:01,070{GMT}	INFO	[jepsen worker 4] jepsen.util: 4	:invoke	:read	nil
2016-12-14 11:01:01,070{GMT}	INFO	[clojure-agent-send-off-pool-8] jepsen.zookeeper: log from test 2
2016-12-14 11:01:01,070{GMT}	INFO	[jepsen worker 4] jepsen.util: 4	:ok	:read	2
2016-12-14 11:01:01,990{GMT}	INFO	[jepsen worker 0] jepsen.util: 0	:invoke	:cas	[3 0]
2016-12-14 11:01:02,003{GMT}	INFO	[jepsen worker 0] jepsen.util: 0	:fail	:cas	[3 0]
2016-12-14 11:01:02,056{GMT}	INFO	[jepsen worker 3] jepsen.util: 3	:invoke	:cas	[2 1]
2016-12-14 11:01:02,067{GMT}	INFO	[jepsen worker 2] jepsen.util: 2	:invoke	:write	0
2016-12-14 11:01:02,073{GMT}	INFO	[jepsen worker 3] jepsen.util: 3	:fail	:cas	[2 1]
2016-12-14 11:01:02,084{GMT}	INFO	[jepsen worker 3] jepsen.util: 3	:invoke	:cas	[3 2]
2016-12-14 11:01:02,088{GMT}	INFO	[jepsen worker 2] jepsen.util: 2	:ok	:write	0
2016-12-14 11:01:02,098{GMT}	INFO	[jepsen worker 3] jepsen.util: 3	:fail	:cas	[3 2]
2016-12-14 11:01:02,235{GMT}	INFO	[jepsen worker 1] jepsen.util: 1	:invoke	:write	1
2016-12-14 11:01:02,249{GMT}	INFO	[jepsen worker 1] jepsen.util: 1	:ok	:write	1
2016-12-14 11:01:02,673{GMT}	INFO	[jepsen worker 4] jepsen.util: 4	:invoke	:cas	[3 4]
2016-12-14 11:01:02,708{GMT}	INFO	[jepsen worker 4] jepsen.util: 4	:fail	:cas	[3 4]
2016-12-14 11:01:02,881{GMT}	INFO	[jepsen worker 0] jepsen.util: 0	:invoke	:write	1
2016-12-14 11:01:02,893{GMT}	INFO	[jepsen worker 0] jepsen.util: 0	:ok	:write	1
2016-12-14 11:01:03,039{GMT}	INFO	[jepsen worker 0] jepsen.util: 0	:invoke	:write	4
2016-12-14 11:01:03,054{GMT}	INFO	[jepsen worker 0] jepsen.util: 0	:ok	:write	4
2016-12-14 11:01:03,100{GMT}	INFO	[jepsen worker 3] jepsen.util: 3	:invoke	:read	nil
2016-12-14 11:01:03,101{GMT}	INFO	[clojure-agent-send-off-pool-8] jepsen.zookeeper: log from test 4
2016-12-14 11:01:03,102{GMT}	INFO	[jepsen worker 3] jepsen.util: 3	:ok	:read	4
2016-12-14 11:01:03,193{GMT}	INFO	[jepsen worker 1] jepsen.util: 1	:invoke	:read	nil
2016-12-14 11:01:03,194{GMT}	INFO	[clojure-agent-send-off-pool-8] jepsen.zookeeper: log from test 1
2016-12-14 11:01:03,194{GMT}	INFO	[jepsen worker 1] jepsen.util: 1	:ok	:read	1
2016-12-14 11:01:03,834{GMT}	INFO	[jepsen worker 0] jepsen.util: 0	:invoke	:read	nil
2016-12-14 11:01:03,836{GMT}	INFO	[clojure-agent-send-off-pool-8] jepsen.zookeeper: log from test 4
2016-12-14 11:01:03,836{GMT}	INFO	[jepsen worker 0] jepsen.util: 0	:ok	:read	4
2016-12-14 11:01:03,948{GMT}	INFO	[jepsen worker 4] jepsen.util: 4	:invoke	:cas	[0 0]
2016-12-14 11:01:03,962{GMT}	INFO	[jepsen worker 4] jepsen.util: 4	:fail	:cas	[0 0]
2016-12-14 11:01:04,020{GMT}	INFO	[jepsen worker 2] jepsen.util: 2	:invoke	:read	nil
2016-12-14 11:01:04,022{GMT}	INFO	[clojure-agent-send-off-pool-4] jepsen.zookeeper: log from test 0
2016-12-14 11:01:04,022{GMT}	INFO	[jepsen worker 2] jepsen.util: 2	:ok	:read	0
2016-12-14 11:01:04,585{GMT}	INFO	[jepsen worker 3] jepsen.util: 3	:invoke	:cas	[1 2]
2016-12-14 11:01:04,611{GMT}	INFO	[jepsen worker 3] jepsen.util: 3	:fail	:cas	[1 2]
2016-12-14 11:01:05,143{GMT}	INFO	[jepsen worker 1] jepsen.util: 1	:invoke	:write	3
2016-12-14 11:01:05,161{GMT}	INFO	[jepsen worker 1] jepsen.util: 1	:ok	:write	3
2016-12-14 11:01:05,211{GMT}	INFO	[jepsen worker 0] jepsen.util: 0	:invoke	:write	3
2016-12-14 11:01:05,225{GMT}	INFO	[jepsen worker 0] jepsen.util: 0	:ok	:write	3
2016-12-14 11:01:05,301{GMT}	INFO	[jepsen worker 3] jepsen.util: 3	:invoke	:write	0
2016-12-14 11:01:05,315{GMT}	INFO	[jepsen worker 3] jepsen.util: 3	:ok	:write	0
2016-12-14 11:01:05,352{GMT}	INFO	[jepsen worker 3] jepsen.util: 3	:invoke	:cas	[4 1]
2016-12-14 11:01:05,366{GMT}	INFO	[jepsen worker 3] jepsen.util: 3	:fail	:cas	[4 1]
2016-12-14 11:01:05,455{GMT}	INFO	[jepsen worker 2] jepsen.util: 2	:invoke	:write	4
2016-12-14 11:01:05,495{GMT}	INFO	[jepsen worker 2] jepsen.util: 2	:ok	:write	4
2016-12-14 11:01:05,662{GMT}	INFO	[jepsen worker 4] jepsen.util: 4	:invoke	:cas	[3 3]
2016-12-14 11:01:05,676{GMT}	INFO	[jepsen worker 4] jepsen.util: 4	:fail	:cas	[3 3]
2016-12-14 11:01:05,906{GMT}	INFO	[jepsen worker 3] jepsen.util: 3	:invoke	:write	1
2016-12-14 11:01:05,918{GMT}	INFO	[jepsen worker 3] jepsen.util: 3	:ok	:write	1
2016-12-14 11:01:06,421{GMT}	INFO	[jepsen worker 1] jepsen.util: 1	:invoke	:write	2
2016-12-14 11:01:06,437{GMT}	INFO	[jepsen worker 1] jepsen.util: 1	:ok	:write	2
2016-12-14 11:01:06,703{GMT}	INFO	[jepsen worker 2] jepsen.util: 2	:invoke	:read	nil
2016-12-14 11:01:06,705{GMT}	INFO	[clojure-agent-send-off-pool-8] jepsen.zookeeper: log from test 4
2016-12-14 11:01:06,705{GMT}	INFO	[jepsen worker 2] jepsen.util: 2	:ok	:read	4
2016-12-14 11:01:07,016{GMT}	INFO	[jepsen worker 0] jepsen.util: 0	:invoke	:write	2
2016-12-14 11:01:07,031{GMT}	INFO	[jepsen worker 0] jepsen.util: 0	:ok	:write	2
2016-12-14 11:01:07,085{GMT}	INFO	[jepsen worker 3] jepsen.util: 3	:invoke	:read	nil
2016-12-14 11:01:07,086{GMT}	INFO	[clojure-agent-send-off-pool-4] jepsen.zookeeper: log from test 1
2016-12-14 11:01:07,087{GMT}	INFO	[jepsen worker 3] jepsen.util: 3	:ok	:read	1
2016-12-14 11:01:07,087{GMT}	INFO	[jepsen worker 4] jepsen.util: 4	:invoke	:write	1
2016-12-14 11:01:07,100{GMT}	INFO	[jepsen worker 4] jepsen.util: 4	:ok	:write	1
2016-12-14 11:01:07,248{GMT}	INFO	[jepsen worker 4] jepsen.util: 4	:invoke	:write	3
2016-12-14 11:01:07,262{GMT}	INFO	[jepsen worker 4] jepsen.util: 4	:ok	:write	3
2016-12-14 11:01:07,821{GMT}	INFO	[jepsen worker 1] jepsen.util: 1	:invoke	:write	3
2016-12-14 11:01:07,853{GMT}	INFO	[jepsen worker 1] jepsen.util: 1	:ok	:write	3
2016-12-14 11:01:07,853{GMT}	INFO	[jepsen worker 1] jepsen.core: Worker 1 done
2016-12-14 11:01:07,894{GMT}	INFO	[jepsen worker 2] jepsen.util: 2	:invoke	:read	nil
2016-12-14 11:01:07,894{GMT}	INFO	[clojure-agent-send-off-pool-8] jepsen.zookeeper: log from test 4
2016-12-14 11:01:07,894{GMT}	INFO	[jepsen worker 2] jepsen.util: 2	:ok	:read	4
2016-12-14 11:01:07,895{GMT}	INFO	[jepsen worker 2] jepsen.core: Worker 2 done
2016-12-14 11:01:08,243{GMT}	INFO	[jepsen worker 0] jepsen.util: 0	:invoke	:cas	[2 2]
2016-12-14 11:01:08,257{GMT}	INFO	[jepsen worker 0] jepsen.util: 0	:ok	:cas	[2 2]
2016-12-14 11:01:08,257{GMT}	INFO	[jepsen worker 0] jepsen.core: Worker 0 done
2016-12-14 11:01:08,832{GMT}	INFO	[jepsen worker 4] jepsen.util: 4	:invoke	:read	nil
2016-12-14 11:01:08,833{GMT}	INFO	[clojure-agent-send-off-pool-8] jepsen.zookeeper: log from test 3
2016-12-14 11:01:08,833{GMT}	INFO	[jepsen worker 4] jepsen.util: 4	:ok	:read	3
2016-12-14 11:01:08,833{GMT}	INFO	[jepsen worker 4] jepsen.core: Worker 4 done
2016-12-14 11:01:08,980{GMT}	INFO	[jepsen worker 3] jepsen.util: 3	:invoke	:read	nil
2016-12-14 11:01:08,980{GMT}	INFO	[clojure-agent-send-off-pool-9] jepsen.zookeeper: log from test 1
2016-12-14 11:01:08,981{GMT}	INFO	[jepsen worker 3] jepsen.util: 3	:ok	:read	1
2016-12-14 11:01:08,981{GMT}	INFO	[jepsen worker 3] jepsen.core: Worker 3 done
2016-12-14 11:01:08,981{GMT}	INFO	[jepsen test runner] jepsen.core: Waiting for nemesis to complete
2016-12-14 11:01:08,981{GMT}	INFO	[jepsen test runner] jepsen.core: nemesis done.
2016-12-14 11:01:08,981{GMT}	INFO	[jepsen test runner] jepsen.core: Tearing down nemesis
2016-12-14 11:01:09,184{GMT}	INFO	[jepsen test runner] jepsen.core: Nemesis torn down
2016-12-14 11:01:09,188{GMT}	INFO	[clojure-agent-send-off-pool-9] org.apache.zookeeper.ZooKeeper: Session: 0x158fcfde5fb0000 closed
2016-12-14 11:01:09,188{GMT}	INFO	[clojure-agent-send-off-pool-6] org.apache.zookeeper.ZooKeeper: Session: 0x158fcfddbf20000 closed
2016-12-14 11:01:09,188{GMT}	INFO	[clojure-agent-send-off-pool-0-EventThread] org.apache.zookeeper.ClientCnxn: EventThread shut down
2016-12-14 11:01:09,188{GMT}	INFO	[clojure-agent-send-off-pool-2-EventThread] org.apache.zookeeper.ClientCnxn: EventThread shut down
2016-12-14 11:01:09,188{GMT}	INFO	[clojure-agent-send-off-pool-2] org.apache.zookeeper.ZooKeeper: Session: 0x158fcfde6d50000 closed
2016-12-14 11:01:09,188{GMT}	INFO	[clojure-agent-send-off-pool-1-EventThread] org.apache.zookeeper.ClientCnxn: EventThread shut down
2016-12-14 11:01:09,189{GMT}	INFO	[clojure-agent-send-off-pool-8] org.apache.zookeeper.ZooKeeper: Session: 0x158fcfde54e0000 closed
2016-12-14 11:01:09,189{GMT}	INFO	[clojure-agent-send-off-pool-4-EventThread] org.apache.zookeeper.ClientCnxn: EventThread shut down
2016-12-14 11:01:09,189{GMT}	INFO	[clojure-agent-send-off-pool-3-EventThread] org.apache.zookeeper.ClientCnxn: EventThread shut down
2016-12-14 11:01:09,188{GMT}	INFO	[clojure-agent-send-off-pool-7] org.apache.zookeeper.ZooKeeper: Session: 0x158fcfde49e0000 closed
2016-12-14 11:01:09,191{GMT}	INFO	[jepsen test runner] jepsen.core: Snarfing log files
2016-12-14 11:01:09,194{GMT}	INFO	[jepsen node w1] jepsen.core: downloading /var/log/zookeeper/zookeeper.log to zookeeper.log
2016-12-14 11:01:09,194{GMT}	INFO	[jepsen node w3] jepsen.core: downloading /var/log/zookeeper/zookeeper.log to zookeeper.log
2016-12-14 11:01:09,194{GMT}	INFO	[jepsen node w4] jepsen.core: downloading /var/log/zookeeper/zookeeper.log to zookeeper.log
2016-12-14 11:01:09,195{GMT}	INFO	[jepsen node w5] jepsen.core: downloading /var/log/zookeeper/zookeeper.log to zookeeper.log
2016-12-14 11:01:09,195{GMT}	INFO	[jepsen node w2] jepsen.core: downloading /var/log/zookeeper/zookeeper.log to zookeeper.log
2016-12-14 11:01:09,210{GMT}	INFO	[jepsen test runner] jepsen.core: Run complete, writing
2016-12-14 11:01:09,241{GMT}	INFO	[jepsen node w3] jepsen.zookeeper: w3 tearing down ZK
2016-12-14 11:01:09,241{GMT}	INFO	[jepsen node w1] jepsen.zookeeper: w1 tearing down ZK
2016-12-14 11:01:09,241{GMT}	INFO	[jepsen node w4] jepsen.zookeeper: w4 tearing down ZK
2016-12-14 11:01:09,242{GMT}	INFO	[jepsen node w5] jepsen.zookeeper: w5 tearing down ZK
2016-12-14 11:01:09,242{GMT}	INFO	[jepsen node w2] jepsen.zookeeper: w2 tearing down ZK
2016-12-14 11:01:09,852{GMT}	INFO	[jepsen test runner] jepsen.core: Analyzing
2016-12-14 11:01:09,988{GMT}	INFO	[jepsen test runner] jepsen.core: Analysis complete
2016-12-14 11:01:10,038{GMT}	INFO	[jepsen results] jepsen.store: Wrote /home/admin/jepsen.zookeeper/store/zookeeper/20161214T110044.000Z/results.edn
2016-12-14 11:01:10,076{GMT}	INFO	[main] jepsen.core: {:linear
 {:valid? false,
  :configs
  ({:model {:value 4},
    :last-op
    {:type :ok,
     :f :write,
     :value 4,
     :process 4,
     :time 2476218696,
     :index 15},
    :pending
    [{:type :invoke,
      :f :read,
      :value 1,
      :process 0,
      :time 2751578015,
      :index 18}]}),
  :final-paths
  ([{:op
     {:type :ok,
      :f :write,
      :value 4,
      :process 4,
      :time 2476218696,
      :index 15},
     :model {:value 4}}
    {:op
     {:type :ok,
      :f :read,
      :value 1,
      :process 0,
      :time 2753115357,
      :index 19},
     :model {:msg "can't read 1 from register 4"}}]),
  :previous-ok
  {:type :ok,
   :f :write,
   :value 4,
   :process 4,
   :time 2476218696,
   :index 15},
  :last-op
  {:type :ok,
   :f :write,
   :value 4,
   :process 4,
   :time 2476218696,
   :index 15},
  :op
  {:type :ok,
   :f :read,
   :value 1,
   :process 0,
   :time 2753115357,
   :index 19}},
 :perf
 {:latency-graph {:valid? true},
  :rate-graph {:valid? true},
  :valid? true},
 :valid? false}


Analysis invalid! (ﾉಥ益ಥ）ﾉ ┻━┻
