2016-12-14 11:08:56,690{GMT}	INFO	[jepsen node w3] jepsen.os.debian: w3 setting up debian
2016-12-14 11:08:56,690{GMT}	INFO	[jepsen node w5] jepsen.os.debian: w5 setting up debian
2016-12-14 11:08:56,690{GMT}	INFO	[jepsen node w1] jepsen.os.debian: w1 setting up debian
2016-12-14 11:08:56,690{GMT}	INFO	[jepsen node w4] jepsen.os.debian: w4 setting up debian
2016-12-14 11:08:56,690{GMT}	INFO	[jepsen node w2] jepsen.os.debian: w2 setting up debian
2016-12-14 11:08:57,410{GMT}	INFO	[jepsen node w3] jepsen.zookeeper: w3 tearing down ZK
2016-12-14 11:08:57,410{GMT}	INFO	[jepsen node w1] jepsen.zookeeper: w1 tearing down ZK
2016-12-14 11:08:57,410{GMT}	INFO	[jepsen node w2] jepsen.zookeeper: w2 tearing down ZK
2016-12-14 11:08:57,410{GMT}	INFO	[jepsen node w5] jepsen.zookeeper: w5 tearing down ZK
2016-12-14 11:08:57,410{GMT}	INFO	[jepsen node w4] jepsen.zookeeper: w4 tearing down ZK
2016-12-14 11:08:57,612{GMT}	INFO	[jepsen node w1] jepsen.zookeeper: Setting up ZK on  w1
2016-12-14 11:08:57,612{GMT}	INFO	[jepsen node w4] jepsen.zookeeper: Setting up ZK on  w4
2016-12-14 11:08:57,612{GMT}	INFO	[jepsen node w1] jepsen.zookeeper: w1 Installing ZK 3.4.5+dfsg-2
2016-12-14 11:08:57,612{GMT}	INFO	[jepsen node w5] jepsen.zookeeper: Setting up ZK on  w5
2016-12-14 11:08:57,613{GMT}	INFO	[jepsen node w4] jepsen.zookeeper: w4 Installing ZK 3.4.5+dfsg-2
2016-12-14 11:08:57,613{GMT}	INFO	[jepsen node w3] jepsen.zookeeper: Setting up ZK on  w3
2016-12-14 11:08:57,613{GMT}	INFO	[jepsen node w5] jepsen.zookeeper: w5 Installing ZK 3.4.5+dfsg-2
2016-12-14 11:08:57,613{GMT}	INFO	[jepsen node w3] jepsen.zookeeper: w3 Installing ZK 3.4.5+dfsg-2
2016-12-14 11:08:57,613{GMT}	INFO	[jepsen node w2] jepsen.zookeeper: Setting up ZK on  w2
2016-12-14 11:08:57,613{GMT}	INFO	[jepsen node w2] jepsen.zookeeper: w2 Installing ZK 3.4.5+dfsg-2
2016-12-14 11:08:57,919{GMT}	INFO	[jepsen node w1] jepsen.zookeeper: w1 id is 0
2016-12-14 11:08:57,919{GMT}	INFO	[jepsen node w5] jepsen.zookeeper: w5 id is 4
2016-12-14 11:08:57,920{GMT}	INFO	[jepsen node w4] jepsen.zookeeper: w4 id is 3
2016-12-14 11:08:57,920{GMT}	INFO	[jepsen node w2] jepsen.zookeeper: w2 id is 1
2016-12-14 11:08:57,920{GMT}	INFO	[jepsen node w3] jepsen.zookeeper: w3 id is 2
2016-12-14 11:08:58,125{GMT}	INFO	[jepsen node w1] jepsen.zookeeper: w1 ZK restarting
2016-12-14 11:08:58,125{GMT}	INFO	[jepsen node w4] jepsen.zookeeper: w4 ZK restarting
2016-12-14 11:08:58,125{GMT}	INFO	[jepsen node w2] jepsen.zookeeper: w2 ZK restarting
2016-12-14 11:08:58,125{GMT}	INFO	[jepsen node w5] jepsen.zookeeper: w5 ZK restarting
2016-12-14 11:08:58,125{GMT}	INFO	[jepsen node w3] jepsen.zookeeper: w3 ZK restarting
2016-12-14 11:09:03,226{GMT}	INFO	[jepsen node w1] jepsen.zookeeper: w1 ZK ready
2016-12-14 11:09:03,226{GMT}	INFO	[jepsen node w4] jepsen.zookeeper: w4 ZK ready
2016-12-14 11:09:03,226{GMT}	INFO	[jepsen node w2] jepsen.zookeeper: w2 ZK ready
2016-12-14 11:09:03,227{GMT}	INFO	[jepsen node w5] jepsen.zookeeper: w5 ZK ready
2016-12-14 11:09:03,227{GMT}	INFO	[jepsen node w3] jepsen.zookeeper: w3 ZK ready
2016-12-14 11:09:03,232{GMT}	INFO	[clojure-agent-send-off-pool-0] org.apache.zookeeper.ZooKeeper: Initiating client connection, connectString=w2 sessionTimeout=5000 watcher=zookeeper.internal$make_watcher$reify__796@2369e4a9
2016-12-14 11:09:03,232{GMT}	INFO	[clojure-agent-send-off-pool-1] org.apache.zookeeper.ZooKeeper: Initiating client connection, connectString=w5 sessionTimeout=5000 watcher=zookeeper.internal$make_watcher$reify__796@30a6329f
2016-12-14 11:09:03,232{GMT}	INFO	[clojure-agent-send-off-pool-2] org.apache.zookeeper.ZooKeeper: Initiating client connection, connectString=w1 sessionTimeout=5000 watcher=zookeeper.internal$make_watcher$reify__796@245ee35f
2016-12-14 11:09:03,232{GMT}	INFO	[clojure-agent-send-off-pool-4] org.apache.zookeeper.ZooKeeper: Initiating client connection, connectString=w4 sessionTimeout=5000 watcher=zookeeper.internal$make_watcher$reify__796@67fe68d4
2016-12-14 11:09:03,232{GMT}	INFO	[clojure-agent-send-off-pool-3] org.apache.zookeeper.ZooKeeper: Initiating client connection, connectString=w3 sessionTimeout=5000 watcher=zookeeper.internal$make_watcher$reify__796@5e48d432
2016-12-14 11:09:03,248{GMT}	INFO	[clojure-agent-send-off-pool-4-SendThread()] org.apache.zookeeper.ClientCnxn: Opening socket connection to server /192.168.32.104:2181
2016-12-14 11:09:03,248{GMT}	INFO	[clojure-agent-send-off-pool-0-SendThread()] org.apache.zookeeper.ClientCnxn: Opening socket connection to server /192.168.32.102:2181
2016-12-14 11:09:03,260{GMT}	INFO	[clojure-agent-send-off-pool-3-SendThread()] org.apache.zookeeper.ClientCnxn: Opening socket connection to server /192.168.32.103:2181
2016-12-14 11:09:03,260{GMT}	INFO	[clojure-agent-send-off-pool-1-SendThread()] org.apache.zookeeper.ClientCnxn: Opening socket connection to server /192.168.32.105:2181
2016-12-14 11:09:03,260{GMT}	INFO	[clojure-agent-send-off-pool-2-SendThread()] org.apache.zookeeper.ClientCnxn: Opening socket connection to server /192.168.32.101:2181
2016-12-14 11:09:03,274{GMT}	INFO	[clojure-agent-send-off-pool-2-SendThread(w1:2181)] org.apache.zookeeper.ClientCnxn: Socket connection established to w1/192.168.32.101:2181, initiating session
2016-12-14 11:09:03,274{GMT}	INFO	[clojure-agent-send-off-pool-0-SendThread(w2:2181)] org.apache.zookeeper.ClientCnxn: Socket connection established to w2/192.168.32.102:2181, initiating session
2016-12-14 11:09:03,274{GMT}	INFO	[clojure-agent-send-off-pool-3-SendThread(w3:2181)] org.apache.zookeeper.ClientCnxn: Socket connection established to w3/192.168.32.103:2181, initiating session
2016-12-14 11:09:03,275{GMT}	INFO	[clojure-agent-send-off-pool-1-SendThread(w5:2181)] org.apache.zookeeper.ClientCnxn: Socket connection established to w5/192.168.32.105:2181, initiating session
2016-12-14 11:09:03,275{GMT}	INFO	[clojure-agent-send-off-pool-4-SendThread(w4:2181)] org.apache.zookeeper.ClientCnxn: Socket connection established to w4/192.168.32.104:2181, initiating session
2016-12-14 11:09:03,388{GMT}	INFO	[clojure-agent-send-off-pool-0-SendThread(w2:2181)] org.apache.zookeeper.ClientCnxn: Session establishment complete on server w2/192.168.32.102:2181, sessionid = 0x158fd055ad90000, negotiated timeout = 5000
2016-12-14 11:09:03,388{GMT}	INFO	[clojure-agent-send-off-pool-2-SendThread(w1:2181)] org.apache.zookeeper.ClientCnxn: Session establishment complete on server w1/192.168.32.101:2181, sessionid = 0x158fd0564450000, negotiated timeout = 5000
2016-12-14 11:09:03,391{GMT}	INFO	[clojure-agent-send-off-pool-1-SendThread(w5:2181)] org.apache.zookeeper.ClientCnxn: Session establishment complete on server w5/192.168.32.105:2181, sessionid = 0x158fd05638a0000, negotiated timeout = 5000
2016-12-14 11:09:03,393{GMT}	INFO	[clojure-agent-send-off-pool-4-SendThread(w4:2181)] org.apache.zookeeper.ClientCnxn: Session establishment complete on server w4/192.168.32.104:2181, sessionid = 0x158fd0564e60000, negotiated timeout = 5000
2016-12-14 11:09:03,417{GMT}	INFO	[clojure-agent-send-off-pool-3-SendThread(w3:2181)] org.apache.zookeeper.ClientCnxn: Session establishment complete on server w3/192.168.32.103:2181, sessionid = 0x158fd0565c70000, negotiated timeout = 5000
2016-12-14 11:09:03,705{GMT}	INFO	[jepsen nemesis] jepsen.core: Nemesis starting
2016-12-14 11:09:03,706{GMT}	INFO	[jepsen worker 3] jepsen.core: Worker 3 starting
2016-12-14 11:09:03,706{GMT}	INFO	[jepsen worker 0] jepsen.core: Worker 0 starting
2016-12-14 11:09:03,706{GMT}	INFO	[jepsen worker 4] jepsen.core: Worker 4 starting
2016-12-14 11:09:03,707{GMT}	INFO	[jepsen worker 2] jepsen.core: Worker 2 starting
2016-12-14 11:09:03,707{GMT}	INFO	[jepsen worker 1] jepsen.core: Worker 1 starting
2016-12-14 11:09:03,829{GMT}	INFO	[jepsen worker 3] jepsen.util: 3	:invoke	:read	nil
2016-12-14 11:09:03,839{GMT}	INFO	[clojure-agent-send-off-pool-5] jepsen.zookeeper: log from test 0
2016-12-14 11:09:03,840{GMT}	INFO	[jepsen worker 3] jepsen.util: 3	:ok	:read	0
2016-12-14 11:09:03,958{GMT}	INFO	[jepsen worker 1] jepsen.util: 1	:invoke	:read	nil
2016-12-14 11:09:03,961{GMT}	INFO	[clojure-agent-send-off-pool-5] jepsen.zookeeper: log from test 0
2016-12-14 11:09:03,961{GMT}	INFO	[jepsen worker 1] jepsen.util: 1	:ok	:read	0
2016-12-14 11:09:04,081{GMT}	INFO	[jepsen worker 1] jepsen.util: 1	:invoke	:read	nil
2016-12-14 11:09:04,081{GMT}	INFO	[clojure-agent-send-off-pool-5] jepsen.zookeeper: log from test 0
2016-12-14 11:09:04,081{GMT}	INFO	[jepsen worker 1] jepsen.util: 1	:ok	:read	0
2016-12-14 11:09:04,184{GMT}	INFO	[jepsen worker 4] jepsen.util: 4	:invoke	:cas	[4 2]
2016-12-14 11:09:04,204{GMT}	INFO	[jepsen worker 4] jepsen.util: 4	:fail	:cas	[4 2]
2016-12-14 11:09:05,208{GMT}	INFO	[jepsen worker 2] jepsen.util: 2	:invoke	:write	1
2016-12-14 11:09:05,224{GMT}	INFO	[jepsen worker 2] jepsen.util: 2	:ok	:write	1
2016-12-14 11:09:05,313{GMT}	INFO	[jepsen worker 1] jepsen.util: 1	:invoke	:write	4
2016-12-14 11:09:05,328{GMT}	INFO	[jepsen worker 1] jepsen.util: 1	:ok	:write	4
2016-12-14 11:09:05,470{GMT}	INFO	[jepsen worker 0] jepsen.util: 0	:invoke	:read	nil
2016-12-14 11:09:05,473{GMT}	INFO	[clojure-agent-send-off-pool-0] jepsen.zookeeper: log from test 0
2016-12-14 11:09:05,473{GMT}	INFO	[jepsen worker 0] jepsen.util: 0	:ok	:read	0
2016-12-14 11:09:05,590{GMT}	INFO	[jepsen worker 4] jepsen.util: 4	:invoke	:read	nil
2016-12-14 11:09:05,591{GMT}	INFO	[clojure-agent-send-off-pool-0] jepsen.zookeeper: log from test 0
2016-12-14 11:09:05,591{GMT}	INFO	[jepsen worker 4] jepsen.util: 4	:ok	:read	0
2016-12-14 11:09:05,798{GMT}	INFO	[jepsen worker 3] jepsen.util: 3	:invoke	:read	nil
2016-12-14 11:09:05,798{GMT}	INFO	[clojure-agent-send-off-pool-0] jepsen.zookeeper: log from test 0
2016-12-14 11:09:05,799{GMT}	INFO	[jepsen worker 3] jepsen.util: 3	:ok	:read	0
2016-12-14 11:09:06,052{GMT}	INFO	[jepsen worker 3] jepsen.util: 3	:invoke	:cas	[4 3]
2016-12-14 11:09:06,067{GMT}	INFO	[jepsen worker 3] jepsen.util: 3	:fail	:cas	[4 3]
2016-12-14 11:09:06,078{GMT}	INFO	[jepsen worker 4] jepsen.util: 4	:invoke	:read	nil
2016-12-14 11:09:06,078{GMT}	INFO	[clojure-agent-send-off-pool-5] jepsen.zookeeper: log from test 0
2016-12-14 11:09:06,078{GMT}	INFO	[jepsen worker 4] jepsen.util: 4	:ok	:read	0
2016-12-14 11:09:06,351{GMT}	INFO	[jepsen worker 0] jepsen.util: 0	:invoke	:write	3
2016-12-14 11:09:06,365{GMT}	INFO	[jepsen worker 0] jepsen.util: 0	:ok	:write	3
2016-12-14 11:09:06,469{GMT}	INFO	[jepsen worker 2] jepsen.util: 2	:invoke	:cas	[1 3]
2016-12-14 11:09:06,492{GMT}	INFO	[jepsen worker 2] jepsen.util: 2	:ok	:cas	[1 3]
2016-12-14 11:09:06,804{GMT}	INFO	[jepsen worker 4] jepsen.util: 4	:invoke	:write	1
2016-12-14 11:09:06,819{GMT}	INFO	[jepsen worker 4] jepsen.util: 4	:ok	:write	1
2016-12-14 11:09:06,832{GMT}	INFO	[jepsen worker 4] jepsen.util: 4	:invoke	:write	2
2016-12-14 11:09:06,847{GMT}	INFO	[jepsen worker 4] jepsen.util: 4	:ok	:write	2
2016-12-14 11:09:06,848{GMT}	INFO	[jepsen worker 1] jepsen.util: 1	:invoke	:cas	[1 4]
2016-12-14 11:09:06,866{GMT}	INFO	[jepsen worker 1] jepsen.util: 1	:fail	:cas	[1 4]
2016-12-14 11:09:06,981{GMT}	INFO	[jepsen worker 3] jepsen.util: 3	:invoke	:cas	[4 2]
2016-12-14 11:09:07,000{GMT}	INFO	[jepsen worker 3] jepsen.util: 3	:fail	:cas	[4 2]
2016-12-14 11:09:07,362{GMT}	INFO	[jepsen worker 0] jepsen.util: 0	:invoke	:cas	[4 0]
2016-12-14 11:09:07,382{GMT}	INFO	[jepsen worker 0] jepsen.util: 0	:fail	:cas	[4 0]
2016-12-14 11:09:07,745{GMT}	INFO	[jepsen worker 2] jepsen.util: 2	:invoke	:read	nil
2016-12-14 11:09:07,746{GMT}	INFO	[clojure-agent-send-off-pool-0] jepsen.zookeeper: log from test 3
2016-12-14 11:09:07,746{GMT}	INFO	[jepsen worker 2] jepsen.util: 2	:ok	:read	3
2016-12-14 11:09:07,978{GMT}	INFO	[jepsen worker 3] jepsen.util: 3	:invoke	:cas	[4 2]
2016-12-14 11:09:07,994{GMT}	INFO	[jepsen worker 3] jepsen.util: 3	:fail	:cas	[4 2]
2016-12-14 11:09:08,168{GMT}	INFO	[jepsen worker 1] jepsen.util: 1	:invoke	:read	nil
2016-12-14 11:09:08,169{GMT}	INFO	[clojure-agent-send-off-pool-5] jepsen.zookeeper: log from test 4
2016-12-14 11:09:08,170{GMT}	INFO	[jepsen worker 1] jepsen.util: 1	:ok	:read	4
2016-12-14 11:09:08,483{GMT}	INFO	[jepsen worker 4] jepsen.util: 4	:invoke	:read	nil
2016-12-14 11:09:08,485{GMT}	INFO	[clojure-agent-send-off-pool-5] jepsen.zookeeper: log from test 2
2016-12-14 11:09:08,498{GMT}	INFO	[jepsen worker 4] jepsen.util: 4	:ok	:read	2
2016-12-14 11:09:08,657{GMT}	INFO	[jepsen worker 0] jepsen.util: 0	:invoke	:cas	[1 4]
2016-12-14 11:09:08,685{GMT}	INFO	[jepsen worker 0] jepsen.util: 0	:fail	:cas	[1 4]
2016-12-14 11:09:08,708{GMT}	INFO	[jepsen nemesis] jepsen.util: :nemesis	:info	:start	nil
2016-12-14 11:09:08,910{GMT}	INFO	[jepsen worker 2] jepsen.util: 2	:invoke	:write	1
2016-12-14 11:09:08,926{GMT}	INFO	[jepsen worker 2] jepsen.util: 2	:ok	:write	1
2016-12-14 11:09:09,050{GMT}	INFO	[jepsen worker 1] jepsen.util: 1	:invoke	:write	4
2016-12-14 11:09:09,064{GMT}	INFO	[jepsen worker 1] jepsen.util: 1	:ok	:write	4
2016-12-14 11:09:09,143{GMT}	INFO	[jepsen worker 3] jepsen.util: 3	:invoke	:cas	[0 4]
2016-12-14 11:09:09,159{GMT}	INFO	[jepsen worker 3] jepsen.util: 3	:ok	:cas	[0 4]
2016-12-14 11:09:09,278{GMT}	INFO	[jepsen worker 2] jepsen.util: 2	:invoke	:cas	[1 0]
2016-12-14 11:09:09,292{GMT}	INFO	[jepsen worker 2] jepsen.util: 2	:ok	:cas	[1 0]
2016-12-14 11:09:09,699{GMT}	INFO	[jepsen worker 1] jepsen.util: 1	:invoke	:cas	[0 0]
2016-12-14 11:09:09,714{GMT}	INFO	[jepsen worker 1] jepsen.util: 1	:fail	:cas	[0 0]
2016-12-14 11:09:09,823{GMT}	INFO	[jepsen nemesis] jepsen.util: :nemesis	:info	:start	"Cut off {\"w2\" #{\"w5\" \"w4\" \"w1\"}, \"w3\" #{\"w5\" \"w4\" \"w1\"}, \"w5\" #{\"w2\" \"w3\"}, \"w4\" #{\"w2\" \"w3\"}, \"w1\" #{\"w2\" \"w3\"}}"
2016-12-14 11:09:10,008{GMT}	INFO	[jepsen worker 0] jepsen.util: 0	:invoke	:read	nil
2016-12-14 11:09:10,010{GMT}	INFO	[clojure-agent-send-off-pool-1] jepsen.zookeeper: log from test 3
2016-12-14 11:09:10,010{GMT}	INFO	[jepsen worker 0] jepsen.util: 0	:ok	:read	3
2016-12-14 11:09:10,112{GMT}	INFO	[jepsen worker 3] jepsen.util: 3	:invoke	:read	nil
2016-12-14 11:09:10,113{GMT}	INFO	[clojure-agent-send-off-pool-1] jepsen.zookeeper: log from test 4
2016-12-14 11:09:10,113{GMT}	INFO	[jepsen worker 3] jepsen.util: 3	:ok	:read	4
2016-12-14 11:09:10,192{GMT}	INFO	[jepsen worker 4] jepsen.util: 4	:invoke	:write	1
2016-12-14 11:09:10,205{GMT}	INFO	[jepsen worker 4] jepsen.util: 4	:ok	:write	1
2016-12-14 11:09:10,438{GMT}	INFO	[jepsen worker 0] jepsen.util: 0	:invoke	:read	nil
2016-12-14 11:09:10,439{GMT}	INFO	[clojure-agent-send-off-pool-13] jepsen.zookeeper: log from test 3
2016-12-14 11:09:10,439{GMT}	INFO	[jepsen worker 0] jepsen.util: 0	:ok	:read	3
2016-12-14 11:09:10,836{GMT}	INFO	[jepsen worker 2] jepsen.util: 2	:invoke	:cas	[3 2]
2016-12-14 11:09:10,852{GMT}	INFO	[jepsen worker 2] jepsen.util: 2	:fail	:cas	[3 2]
2016-12-14 11:09:11,429{GMT}	INFO	[jepsen worker 1] jepsen.util: 1	:invoke	:cas	[4 4]
2016-12-14 11:09:11,447{GMT}	INFO	[jepsen worker 1] jepsen.util: 1	:ok	:cas	[4 4]
2016-12-14 11:09:11,725{GMT}	INFO	[jepsen worker 0] jepsen.util: 0	:invoke	:cas	[2 2]
2016-12-14 11:09:11,740{GMT}	INFO	[jepsen worker 0] jepsen.util: 0	:fail	:cas	[2 2]
2016-12-14 11:09:11,784{GMT}	INFO	[jepsen worker 3] jepsen.util: 3	:invoke	:cas	[1 1]
2016-12-14 11:09:11,801{GMT}	INFO	[jepsen worker 3] jepsen.util: 3	:fail	:cas	[1 1]
2016-12-14 11:09:11,984{GMT}	INFO	[jepsen worker 4] jepsen.util: 4	:invoke	:cas	[1 3]
2016-12-14 11:09:12,001{GMT}	INFO	[jepsen worker 4] jepsen.util: 4	:ok	:cas	[1 3]
2016-12-14 11:09:12,174{GMT}	INFO	[jepsen worker 2] jepsen.util: 2	:invoke	:cas	[0 3]
2016-12-14 11:09:12,192{GMT}	INFO	[jepsen worker 2] jepsen.util: 2	:ok	:cas	[0 3]
2016-12-14 11:09:12,481{GMT}	INFO	[jepsen worker 0] jepsen.util: 0	:invoke	:read	nil
2016-12-14 11:09:12,482{GMT}	INFO	[clojure-agent-send-off-pool-13] jepsen.zookeeper: log from test 3
2016-12-14 11:09:12,483{GMT}	INFO	[jepsen worker 0] jepsen.util: 0	:ok	:read	3
2016-12-14 11:09:12,690{GMT}	INFO	[jepsen worker 1] jepsen.util: 1	:invoke	:read	nil
2016-12-14 11:09:12,691{GMT}	INFO	[clojure-agent-send-off-pool-13] jepsen.zookeeper: log from test 4
2016-12-14 11:09:12,691{GMT}	INFO	[jepsen worker 1] jepsen.util: 1	:ok	:read	4
2016-12-14 11:09:13,051{GMT}	INFO	[jepsen worker 2] jepsen.util: 2	:invoke	:read	nil
2016-12-14 11:09:13,053{GMT}	INFO	[clojure-agent-send-off-pool-13] jepsen.zookeeper: log from test 3
2016-12-14 11:09:13,053{GMT}	INFO	[jepsen worker 2] jepsen.util: 2	:ok	:read	3
2016-12-14 11:09:13,417{GMT}	INFO	[jepsen worker 0] jepsen.util: 0	:invoke	:write	4
2016-12-14 11:09:13,432{GMT}	INFO	[jepsen worker 0] jepsen.util: 0	:ok	:write	4
2016-12-14 11:09:13,621{GMT}	INFO	[jepsen worker 3] jepsen.util: 3	:invoke	:write	1
2016-12-14 11:09:13,636{GMT}	INFO	[jepsen worker 4] jepsen.util: 4	:invoke	:cas	[1 0]
2016-12-14 11:09:13,642{GMT}	INFO	[jepsen worker 3] jepsen.util: 3	:ok	:write	1
2016-12-14 11:09:13,651{GMT}	INFO	[jepsen worker 4] jepsen.util: 4	:fail	:cas	[1 0]
2016-12-14 11:09:13,711{GMT}	INFO	[jepsen worker 1] jepsen.util: 1	:invoke	:write	1
2016-12-14 11:09:13,726{GMT}	INFO	[jepsen worker 1] jepsen.util: 1	:ok	:write	1
2016-12-14 11:09:14,739{GMT}	INFO	[jepsen worker 1] jepsen.util: 1	:invoke	:read	nil
2016-12-14 11:09:14,741{GMT}	INFO	[clojure-agent-send-off-pool-10] jepsen.zookeeper: log from test 1
2016-12-14 11:09:14,741{GMT}	INFO	[jepsen worker 1] jepsen.util: 1	:ok	:read	1
2016-12-14 11:09:14,741{GMT}	INFO	[jepsen worker 2] jepsen.util: 2	:invoke	:read	nil
2016-12-14 11:09:14,741{GMT}	INFO	[clojure-agent-send-off-pool-10] jepsen.zookeeper: log from test 3
2016-12-14 11:09:14,742{GMT}	INFO	[jepsen worker 2] jepsen.util: 2	:ok	:read	3
2016-12-14 11:09:14,799{GMT}	INFO	[jepsen worker 0] jepsen.util: 0	:invoke	:read	nil
2016-12-14 11:09:14,800{GMT}	INFO	[clojure-agent-send-off-pool-10] jepsen.zookeeper: log from test 4
2016-12-14 11:09:14,800{GMT}	INFO	[jepsen worker 0] jepsen.util: 0	:ok	:read	4
2016-12-14 11:09:14,824{GMT}	INFO	[jepsen nemesis] jepsen.util: :nemesis	:info	:stop	nil
2016-12-14 11:09:14,920{GMT}	INFO	[jepsen worker 2] jepsen.util: 2	:invoke	:write	4
2016-12-14 11:09:14,954{GMT}	INFO	[jepsen worker 2] jepsen.util: 2	:ok	:write	4
2016-12-14 11:09:15,027{GMT}	INFO	[jepsen nemesis] jepsen.util: :nemesis	:info	:stop	"fully connected"
2016-12-14 11:09:15,225{GMT}	INFO	[jepsen worker 4] jepsen.util: 4	:invoke	:read	nil
2016-12-14 11:09:15,226{GMT}	INFO	[clojure-agent-send-off-pool-20] jepsen.zookeeper: log from test 3
2016-12-14 11:09:15,226{GMT}	INFO	[jepsen worker 4] jepsen.util: 4	:ok	:read	3
2016-12-14 11:09:15,625{GMT}	INFO	[jepsen worker 3] jepsen.util: 3	:invoke	:write	0
2016-12-14 11:09:15,654{GMT}	INFO	[jepsen worker 3] jepsen.util: 3	:ok	:write	0
2016-12-14 11:09:15,665{GMT}	INFO	[jepsen worker 3] jepsen.util: 3	:invoke	:cas	[2 1]
2016-12-14 11:09:15,674{GMT}	INFO	[jepsen worker 1] jepsen.util: 1	:invoke	:write	0
2016-12-14 11:09:15,677{GMT}	INFO	[jepsen worker 3] jepsen.util: 3	:fail	:cas	[2 1]
2016-12-14 11:09:15,688{GMT}	INFO	[jepsen worker 1] jepsen.util: 1	:ok	:write	0
2016-12-14 11:09:15,898{GMT}	INFO	[jepsen worker 1] jepsen.util: 1	:invoke	:cas	[4 0]
2016-12-14 11:09:15,910{GMT}	INFO	[jepsen worker 1] jepsen.util: 1	:fail	:cas	[4 0]
2016-12-14 11:09:16,148{GMT}	INFO	[jepsen worker 1] jepsen.util: 1	:invoke	:read	nil
2016-12-14 11:09:16,149{GMT}	INFO	[clojure-agent-send-off-pool-1] jepsen.zookeeper: log from test 0
2016-12-14 11:09:16,150{GMT}	INFO	[jepsen worker 1] jepsen.util: 1	:ok	:read	0
2016-12-14 11:09:16,451{GMT}	INFO	[jepsen worker 3] jepsen.util: 3	:invoke	:cas	[2 3]
2016-12-14 11:09:16,465{GMT}	INFO	[jepsen worker 3] jepsen.util: 3	:fail	:cas	[2 3]
2016-12-14 11:09:16,761{GMT}	INFO	[jepsen worker 0] jepsen.util: 0	:invoke	:read	nil
2016-12-14 11:09:16,761{GMT}	INFO	[clojure-agent-send-off-pool-20] jepsen.zookeeper: log from test 4
2016-12-14 11:09:16,761{GMT}	INFO	[jepsen worker 0] jepsen.util: 0	:ok	:read	4
2016-12-14 11:09:16,808{GMT}	INFO	[jepsen worker 0] jepsen.util: 0	:invoke	:read	nil
2016-12-14 11:09:16,808{GMT}	INFO	[clojure-agent-send-off-pool-20] jepsen.zookeeper: log from test 4
2016-12-14 11:09:16,809{GMT}	INFO	[jepsen worker 0] jepsen.util: 0	:ok	:read	4
2016-12-14 11:09:16,915{GMT}	INFO	[jepsen worker 2] jepsen.util: 2	:invoke	:cas	[0 2]
2016-12-14 11:09:16,927{GMT}	INFO	[jepsen worker 2] jepsen.util: 2	:fail	:cas	[0 2]
2016-12-14 11:09:17,024{GMT}	INFO	[jepsen worker 3] jepsen.util: 3	:invoke	:write	4
2016-12-14 11:09:17,036{GMT}	INFO	[jepsen worker 3] jepsen.util: 3	:ok	:write	4
2016-12-14 11:09:17,166{GMT}	INFO	[jepsen worker 4] jepsen.util: 4	:invoke	:cas	[3 3]
2016-12-14 11:09:17,214{GMT}	INFO	[jepsen worker 4] jepsen.util: 4	:ok	:cas	[3 3]
2016-12-14 11:09:17,452{GMT}	INFO	[jepsen worker 3] jepsen.util: 3	:invoke	:cas	[3 2]
2016-12-14 11:09:17,469{GMT}	INFO	[jepsen worker 3] jepsen.util: 3	:fail	:cas	[3 2]
2016-12-14 11:09:18,075{GMT}	INFO	[jepsen worker 2] jepsen.util: 2	:invoke	:cas	[0 0]
2016-12-14 11:09:18,090{GMT}	INFO	[jepsen worker 2] jepsen.util: 2	:fail	:cas	[0 0]
2016-12-14 11:09:18,148{GMT}	INFO	[jepsen worker 1] jepsen.util: 1	:invoke	:read	nil
2016-12-14 11:09:18,148{GMT}	INFO	[clojure-agent-send-off-pool-1] jepsen.zookeeper: log from test 0
2016-12-14 11:09:18,148{GMT}	INFO	[jepsen worker 1] jepsen.util: 1	:ok	:read	0
2016-12-14 11:09:18,202{GMT}	INFO	[jepsen worker 3] jepsen.util: 3	:invoke	:read	nil
2016-12-14 11:09:18,203{GMT}	INFO	[clojure-agent-send-off-pool-1] jepsen.zookeeper: log from test 4
2016-12-14 11:09:18,203{GMT}	INFO	[jepsen worker 3] jepsen.util: 3	:ok	:read	4
2016-12-14 11:09:18,553{GMT}	INFO	[jepsen worker 4] jepsen.util: 4	:invoke	:read	nil
2016-12-14 11:09:18,554{GMT}	INFO	[clojure-agent-send-off-pool-1] jepsen.zookeeper: log from test 3
2016-12-14 11:09:18,554{GMT}	INFO	[jepsen worker 4] jepsen.util: 4	:ok	:read	3
2016-12-14 11:09:18,782{GMT}	INFO	[jepsen worker 0] jepsen.util: 0	:invoke	:cas	[4 0]
2016-12-14 11:09:18,799{GMT}	INFO	[jepsen worker 0] jepsen.util: 0	:ok	:cas	[4 0]
2016-12-14 11:09:18,799{GMT}	INFO	[jepsen worker 0] jepsen.core: Worker 0 done
2016-12-14 11:09:18,880{GMT}	INFO	[jepsen worker 3] jepsen.util: 3	:invoke	:read	nil
2016-12-14 11:09:18,881{GMT}	INFO	[clojure-agent-send-off-pool-20] jepsen.zookeeper: log from test 4
2016-12-14 11:09:18,881{GMT}	INFO	[jepsen worker 3] jepsen.util: 3	:ok	:read	4
2016-12-14 11:09:18,881{GMT}	INFO	[jepsen worker 3] jepsen.core: Worker 3 done
2016-12-14 11:09:18,898{GMT}	INFO	[jepsen worker 4] jepsen.util: 4	:invoke	:cas	[1 2]
2016-12-14 11:09:18,911{GMT}	INFO	[jepsen worker 4] jepsen.util: 4	:fail	:cas	[1 2]
2016-12-14 11:09:18,911{GMT}	INFO	[jepsen worker 4] jepsen.core: Worker 4 done
2016-12-14 11:09:19,322{GMT}	INFO	[jepsen worker 1] jepsen.util: 1	:invoke	:cas	[4 2]
2016-12-14 11:09:19,335{GMT}	INFO	[jepsen worker 1] jepsen.util: 1	:fail	:cas	[4 2]
2016-12-14 11:09:19,335{GMT}	INFO	[jepsen worker 1] jepsen.core: Worker 1 done
2016-12-14 11:09:19,991{GMT}	INFO	[jepsen worker 2] jepsen.util: 2	:invoke	:cas	[3 3]
2016-12-14 11:09:20,027{GMT}	INFO	[jepsen nemesis] jepsen.util: :nemesis	:info	:start	nil
2016-12-14 11:09:20,049{GMT}	INFO	[jepsen worker 2] jepsen.util: 2	:fail	:cas	[3 3]
2016-12-14 11:09:20,050{GMT}	INFO	[jepsen worker 2] jepsen.core: Worker 2 done
2016-12-14 11:09:20,050{GMT}	INFO	[jepsen test runner] jepsen.core: Waiting for nemesis to complete
2016-12-14 11:09:21,059{GMT}	INFO	[jepsen nemesis] jepsen.util: :nemesis	:info	:start	"Cut off {\"w4\" #{\"w5\" \"w3\" \"w1\"}, \"w2\" #{\"w5\" \"w3\" \"w1\"}, \"w5\" #{\"w4\" \"w2\"}, \"w3\" #{\"w4\" \"w2\"}, \"w1\" #{\"w4\" \"w2\"}}"
2016-12-14 11:09:21,059{GMT}	INFO	[jepsen nemesis] jepsen.core: nemesis done
2016-12-14 11:09:21,059{GMT}	INFO	[jepsen test runner] jepsen.core: nemesis done.
2016-12-14 11:09:21,059{GMT}	INFO	[jepsen test runner] jepsen.core: Tearing down nemesis
2016-12-14 11:09:21,262{GMT}	INFO	[jepsen test runner] jepsen.core: Nemesis torn down
2016-12-14 11:09:21,266{GMT}	INFO	[clojure-agent-send-off-pool-1] org.apache.zookeeper.ZooKeeper: Session: 0x158fd05638a0000 closed
2016-12-14 11:09:21,266{GMT}	INFO	[clojure-agent-send-off-pool-19] org.apache.zookeeper.ZooKeeper: Session: 0x158fd055ad90000 closed
2016-12-14 11:09:21,266{GMT}	INFO	[clojure-agent-send-off-pool-0-EventThread] org.apache.zookeeper.ClientCnxn: EventThread shut down
2016-12-14 11:09:21,266{GMT}	INFO	[clojure-agent-send-off-pool-2-EventThread] org.apache.zookeeper.ClientCnxn: EventThread shut down
2016-12-14 11:09:21,266{GMT}	INFO	[clojure-agent-send-off-pool-1-EventThread] org.apache.zookeeper.ClientCnxn: EventThread shut down
2016-12-14 11:09:21,266{GMT}	INFO	[clojure-agent-send-off-pool-6] org.apache.zookeeper.ZooKeeper: Session: 0x158fd0565c70000 closed
2016-12-14 11:09:21,266{GMT}	INFO	[clojure-agent-send-off-pool-15] org.apache.zookeeper.ZooKeeper: Session: 0x158fd0564450000 closed
2016-12-14 11:09:21,266{GMT}	INFO	[clojure-agent-send-off-pool-13] org.apache.zookeeper.ZooKeeper: Session: 0x158fd0564e60000 closed
2016-12-14 11:09:21,266{GMT}	INFO	[clojure-agent-send-off-pool-3-EventThread] org.apache.zookeeper.ClientCnxn: EventThread shut down
2016-12-14 11:09:21,266{GMT}	INFO	[clojure-agent-send-off-pool-4-EventThread] org.apache.zookeeper.ClientCnxn: EventThread shut down
2016-12-14 11:09:21,269{GMT}	INFO	[jepsen test runner] jepsen.core: Snarfing log files
2016-12-14 11:09:21,272{GMT}	INFO	[jepsen node w1] jepsen.core: downloading /var/log/zookeeper/zookeeper.log to zookeeper.log
2016-12-14 11:09:21,272{GMT}	INFO	[jepsen node w2] jepsen.core: downloading /var/log/zookeeper/zookeeper.log to zookeeper.log
2016-12-14 11:09:21,272{GMT}	INFO	[jepsen node w4] jepsen.core: downloading /var/log/zookeeper/zookeeper.log to zookeeper.log
2016-12-14 11:09:21,272{GMT}	INFO	[jepsen node w3] jepsen.core: downloading /var/log/zookeeper/zookeeper.log to zookeeper.log
2016-12-14 11:09:21,273{GMT}	INFO	[jepsen node w5] jepsen.core: downloading /var/log/zookeeper/zookeeper.log to zookeeper.log
2016-12-14 11:09:21,288{GMT}	INFO	[jepsen test runner] jepsen.core: Run complete, writing
2016-12-14 11:09:21,318{GMT}	INFO	[jepsen node w3] jepsen.zookeeper: w3 tearing down ZK
2016-12-14 11:09:21,318{GMT}	INFO	[jepsen node w5] jepsen.zookeeper: w5 tearing down ZK
2016-12-14 11:09:21,318{GMT}	INFO	[jepsen node w4] jepsen.zookeeper: w4 tearing down ZK
2016-12-14 11:09:21,319{GMT}	INFO	[jepsen node w2] jepsen.zookeeper: w2 tearing down ZK
2016-12-14 11:09:21,319{GMT}	INFO	[jepsen node w1] jepsen.zookeeper: w1 tearing down ZK
2016-12-14 11:09:21,923{GMT}	INFO	[jepsen test runner] jepsen.core: Analyzing
2016-12-14 11:09:22,189{GMT}	INFO	[jepsen test runner] jepsen.core: Analysis complete
2016-12-14 11:09:22,260{GMT}	INFO	[jepsen results] jepsen.store: Wrote /home/admin/jepsen.zookeeper/store/zookeeper/20161214T110856.000Z/results.edn
2016-12-14 11:09:22,300{GMT}	INFO	[main] jepsen.core: {:linear
 {:valid? false,
  :configs
  ({:model {:value 4},
    :last-op
    {:type :ok,
     :f :write,
     :value 4,
     :process 1,
     :time 2099257064,
     :index 11},
    :pending
    [{:type :invoke,
      :f :read,
      :value 0,
      :process 0,
      :time 2240990085,
      :index 12}]}),
  :final-paths
  ([{:op
     {:type :ok,
      :f :write,
      :value 4,
      :process 1,
      :time 2099257064,
      :index 11},
     :model {:value 4}}
    {:op
     {:type :ok,
      :f :read,
      :value 0,
      :process 0,
      :time 2243843195,
      :index 13},
     :model {:msg "can't read 0 from register 4"}}]),
  :previous-ok
  {:type :ok,
   :f :write,
   :value 4,
   :process 1,
   :time 2099257064,
   :index 11},
  :last-op
  {:type :ok,
   :f :write,
   :value 4,
   :process 1,
   :time 2099257064,
   :index 11},
  :op
  {:type :ok,
   :f :read,
   :value 0,
   :process 0,
   :time 2243843195,
   :index 13}},
 :html {:valid? true},
 :perf
 {:latency-graph {:valid? true},
  :rate-graph {:valid? true},
  :valid? true},
 :valid? false}


Analysis invalid! (ﾉಥ益ಥ）ﾉ ┻━┻
