2016-12-13 14:36:51,405{GMT}	INFO	[jepsen node w1] jepsen.os.debian: w1 setting up debian
2016-12-13 14:36:51,916{GMT}	INFO	[jepsen node w1] jepsen.os.debian: Installing #{iproute psmisc ntpdate faketime libzip2 unzip}
2016-12-13 14:36:57,026{GMT}	INFO	[jepsen node w1] jepsen.zookeeper: w1 tearing down ZK
2016-12-13 14:36:57,026{GMT}	INFO	[jepsen node w1] jepsen.zookeeper: Setting up ZK on  w1
2016-12-13 14:36:57,027{GMT}	INFO	[jepsen node w1] jepsen.zookeeper: w1 Installing ZK 3.4.5+dfsg-2
2016-12-13 14:36:57,129{GMT}	INFO	[jepsen node w1] jepsen.os.debian: Installing :zookeeper 3.4.5+dfsg-2
2016-12-13 14:37:06,943{GMT}	INFO	[jepsen node w1] jepsen.os.debian: Installing :zookeeper-bin 3.4.5+dfsg-2
2016-12-13 14:37:10,650{GMT}	INFO	[jepsen node w1] jepsen.os.debian: Installing :zookeeperd 3.4.5+dfsg-2
2016-12-13 14:37:13,456{GMT}	INFO	[jepsen node w1] jepsen.zookeeper: w1 id is 0
2016-12-13 14:37:13,462{GMT}	INFO	[jepsen nemesis] jepsen.core: Nemesis starting
2016-12-13 14:37:13,462{GMT}	INFO	[jepsen nemesis] jepsen.core: nemesis done
2016-12-13 14:37:13,463{GMT}	INFO	[jepsen worker 0] jepsen.core: Worker 0 starting
2016-12-13 14:37:13,463{GMT}	INFO	[jepsen worker 0] jepsen.core: Worker 0 done
2016-12-13 14:37:13,464{GMT}	INFO	[jepsen test runner] jepsen.core: Waiting for nemesis to complete
2016-12-13 14:37:13,464{GMT}	INFO	[jepsen test runner] jepsen.core: nemesis done.
2016-12-13 14:37:13,464{GMT}	INFO	[jepsen test runner] jepsen.core: Tearing down nemesis
2016-12-13 14:37:13,464{GMT}	INFO	[jepsen test runner] jepsen.core: Nemesis torn down
2016-12-13 14:37:13,465{GMT}	INFO	[jepsen test runner] jepsen.core: Run complete, writing
2016-12-13 14:37:13,483{GMT}	INFO	[jepsen node w1] jepsen.zookeeper: w1 tearing down ZK
2016-12-13 14:37:13,488{GMT}	INFO	[jepsen test runner] jepsen.core: Analyzing
2016-12-13 14:37:13,498{GMT}	INFO	[jepsen test runner] jepsen.core: Analysis complete
2016-12-13 14:37:13,511{GMT}	INFO	[jepsen results] jepsen.store: Wrote /home/admin/jepsen.zookeeper/store/zookeeper/20161213T143651.000Z/results.edn
2016-12-13 14:37:13,520{GMT}	INFO	[main] jepsen.core: {:valid? true,
 :configs ({:model {}, :last-op nil, :pending []}),
 :final-paths ()}


Everything looks good! ヽ(‘ー`)ノ
