2016-12-14 11:37:27,607{GMT}	INFO	[jepsen node w3] jepsen.os.debian: w3 setting up debian
2016-12-14 11:37:27,607{GMT}	INFO	[jepsen node w5] jepsen.os.debian: w5 setting up debian
2016-12-14 11:37:27,607{GMT}	INFO	[jepsen node w2] jepsen.os.debian: w2 setting up debian
2016-12-14 11:37:27,607{GMT}	INFO	[jepsen node w4] jepsen.os.debian: w4 setting up debian
2016-12-14 11:37:27,607{GMT}	INFO	[jepsen node w1] jepsen.os.debian: w1 setting up debian
2016-12-14 11:37:28,333{GMT}	INFO	[jepsen node w2] jepsen.zookeeper: w2 tearing down ZK
2016-12-14 11:37:28,333{GMT}	INFO	[jepsen node w1] jepsen.zookeeper: w1 tearing down ZK
2016-12-14 11:37:28,333{GMT}	INFO	[jepsen node w5] jepsen.zookeeper: w5 tearing down ZK
2016-12-14 11:37:28,333{GMT}	INFO	[jepsen node w3] jepsen.zookeeper: w3 tearing down ZK
2016-12-14 11:37:28,333{GMT}	INFO	[jepsen node w4] jepsen.zookeeper: w4 tearing down ZK
2016-12-14 11:37:28,539{GMT}	INFO	[jepsen node w5] jepsen.zookeeper: Setting up ZK on  w5
2016-12-14 11:37:28,539{GMT}	INFO	[jepsen node w3] jepsen.zookeeper: Setting up ZK on  w3
2016-12-14 11:37:28,540{GMT}	INFO	[jepsen node w2] jepsen.zookeeper: Setting up ZK on  w2
2016-12-14 11:37:28,540{GMT}	INFO	[jepsen node w1] jepsen.zookeeper: Setting up ZK on  w1
2016-12-14 11:37:28,540{GMT}	INFO	[jepsen node w5] jepsen.zookeeper: w5 Installing ZK 3.4.5+dfsg-2
2016-12-14 11:37:28,540{GMT}	INFO	[jepsen node w3] jepsen.zookeeper: w3 Installing ZK 3.4.5+dfsg-2
2016-12-14 11:37:28,540{GMT}	INFO	[jepsen node w2] jepsen.zookeeper: w2 Installing ZK 3.4.5+dfsg-2
2016-12-14 11:37:28,540{GMT}	INFO	[jepsen node w1] jepsen.zookeeper: w1 Installing ZK 3.4.5+dfsg-2
2016-12-14 11:37:28,543{GMT}	INFO	[jepsen node w4] jepsen.zookeeper: Setting up ZK on  w4
2016-12-14 11:37:28,543{GMT}	INFO	[jepsen node w4] jepsen.zookeeper: w4 Installing ZK 3.4.5+dfsg-2
2016-12-14 11:37:28,848{GMT}	INFO	[jepsen node w1] jepsen.zookeeper: w1 id is 0
2016-12-14 11:37:28,848{GMT}	INFO	[jepsen node w3] jepsen.zookeeper: w3 id is 2
2016-12-14 11:37:28,848{GMT}	INFO	[jepsen node w2] jepsen.zookeeper: w2 id is 1
2016-12-14 11:37:28,848{GMT}	INFO	[jepsen node w5] jepsen.zookeeper: w5 id is 4
2016-12-14 11:37:28,851{GMT}	INFO	[jepsen node w4] jepsen.zookeeper: w4 id is 3
2016-12-14 11:37:29,055{GMT}	INFO	[jepsen node w2] jepsen.zookeeper: w2 ZK restarting
2016-12-14 11:37:29,056{GMT}	INFO	[jepsen node w4] jepsen.zookeeper: w4 ZK restarting
2016-12-14 11:37:29,056{GMT}	INFO	[jepsen node w5] jepsen.zookeeper: w5 ZK restarting
2016-12-14 11:37:29,056{GMT}	INFO	[jepsen node w3] jepsen.zookeeper: w3 ZK restarting
2016-12-14 11:37:29,056{GMT}	INFO	[jepsen node w1] jepsen.zookeeper: w1 ZK restarting
2016-12-14 11:37:34,157{GMT}	INFO	[jepsen node w5] jepsen.zookeeper: w5 ZK ready
2016-12-14 11:37:34,157{GMT}	INFO	[jepsen node w2] jepsen.zookeeper: w2 ZK ready
2016-12-14 11:37:34,157{GMT}	INFO	[jepsen node w3] jepsen.zookeeper: w3 ZK ready
2016-12-14 11:37:34,157{GMT}	INFO	[jepsen node w4] jepsen.zookeeper: w4 ZK ready
2016-12-14 11:37:34,157{GMT}	INFO	[jepsen node w1] jepsen.zookeeper: w1 ZK ready
2016-12-14 11:37:34,163{GMT}	INFO	[clojure-agent-send-off-pool-3] org.apache.zookeeper.ZooKeeper: Initiating client connection, connectString=w3 sessionTimeout=5000 watcher=zookeeper.internal$make_watcher$reify__796@403b2bac
2016-12-14 11:37:34,163{GMT}	INFO	[clojure-agent-send-off-pool-1] org.apache.zookeeper.ZooKeeper: Initiating client connection, connectString=w5 sessionTimeout=5000 watcher=zookeeper.internal$make_watcher$reify__796@76b2e4a6
2016-12-14 11:37:34,163{GMT}	INFO	[clojure-agent-send-off-pool-4] org.apache.zookeeper.ZooKeeper: Initiating client connection, connectString=w2 sessionTimeout=5000 watcher=zookeeper.internal$make_watcher$reify__796@6a9dafe5
2016-12-14 11:37:34,163{GMT}	INFO	[clojure-agent-send-off-pool-2] org.apache.zookeeper.ZooKeeper: Initiating client connection, connectString=w1 sessionTimeout=5000 watcher=zookeeper.internal$make_watcher$reify__796@74576e8
2016-12-14 11:37:34,163{GMT}	INFO	[clojure-agent-send-off-pool-0] org.apache.zookeeper.ZooKeeper: Initiating client connection, connectString=w4 sessionTimeout=5000 watcher=zookeeper.internal$make_watcher$reify__796@664461f7
2016-12-14 11:37:34,180{GMT}	INFO	[clojure-agent-send-off-pool-0-SendThread()] org.apache.zookeeper.ClientCnxn: Opening socket connection to server /192.168.32.104:2181
2016-12-14 11:37:34,180{GMT}	INFO	[clojure-agent-send-off-pool-3-SendThread()] org.apache.zookeeper.ClientCnxn: Opening socket connection to server /192.168.32.103:2181
2016-12-14 11:37:34,180{GMT}	INFO	[clojure-agent-send-off-pool-1-SendThread()] org.apache.zookeeper.ClientCnxn: Opening socket connection to server /192.168.32.105:2181
2016-12-14 11:37:34,195{GMT}	INFO	[clojure-agent-send-off-pool-2-SendThread()] org.apache.zookeeper.ClientCnxn: Opening socket connection to server /192.168.32.101:2181
2016-12-14 11:37:34,195{GMT}	INFO	[clojure-agent-send-off-pool-4-SendThread()] org.apache.zookeeper.ClientCnxn: Opening socket connection to server /192.168.32.102:2181
2016-12-14 11:37:34,204{GMT}	INFO	[clojure-agent-send-off-pool-4-SendThread(w2:2181)] org.apache.zookeeper.ClientCnxn: Socket connection established to w2/192.168.32.102:2181, initiating session
2016-12-14 11:37:34,204{GMT}	INFO	[clojure-agent-send-off-pool-1-SendThread(w5:2181)] org.apache.zookeeper.ClientCnxn: Socket connection established to w5/192.168.32.105:2181, initiating session
2016-12-14 11:37:34,204{GMT}	INFO	[clojure-agent-send-off-pool-3-SendThread(w3:2181)] org.apache.zookeeper.ClientCnxn: Socket connection established to w3/192.168.32.103:2181, initiating session
2016-12-14 11:37:34,204{GMT}	INFO	[clojure-agent-send-off-pool-2-SendThread(w1:2181)] org.apache.zookeeper.ClientCnxn: Socket connection established to w1/192.168.32.101:2181, initiating session
2016-12-14 11:37:34,204{GMT}	INFO	[clojure-agent-send-off-pool-0-SendThread(w4:2181)] org.apache.zookeeper.ClientCnxn: Socket connection established to w4/192.168.32.104:2181, initiating session
2016-12-14 11:37:34,323{GMT}	INFO	[clojure-agent-send-off-pool-3-SendThread(w3:2181)] org.apache.zookeeper.ClientCnxn: Session establishment complete on server w3/192.168.32.103:2181, sessionid = 0x158fd1f811f0000, negotiated timeout = 5000
2016-12-14 11:37:34,330{GMT}	INFO	[clojure-agent-send-off-pool-1-SendThread(w5:2181)] org.apache.zookeeper.ClientCnxn: Session establishment complete on server w5/192.168.32.105:2181, sessionid = 0x158fd1f7edd0000, negotiated timeout = 5000
2016-12-14 11:37:34,340{GMT}	INFO	[clojure-agent-send-off-pool-4-SendThread(w2:2181)] org.apache.zookeeper.ClientCnxn: Session establishment complete on server w2/192.168.32.102:2181, sessionid = 0x158fd1f75f20000, negotiated timeout = 5000
2016-12-14 11:37:34,362{GMT}	INFO	[clojure-agent-send-off-pool-2-SendThread(w1:2181)] org.apache.zookeeper.ClientCnxn: Session establishment complete on server w1/192.168.32.101:2181, sessionid = 0x158fd1f7fa00000, negotiated timeout = 5000
2016-12-14 11:37:34,368{GMT}	INFO	[clojure-agent-send-off-pool-0-SendThread(w4:2181)] org.apache.zookeeper.ClientCnxn: Session establishment complete on server w4/192.168.32.104:2181, sessionid = 0x158fd1f80520000, negotiated timeout = 5000
2016-12-14 11:37:34,657{GMT}	INFO	[jepsen nemesis] jepsen.core: Nemesis starting
2016-12-14 11:37:34,659{GMT}	INFO	[jepsen worker 3] jepsen.core: Worker 3 starting
2016-12-14 11:37:34,659{GMT}	INFO	[jepsen worker 1] jepsen.core: Worker 1 starting
2016-12-14 11:37:34,659{GMT}	INFO	[jepsen worker 0] jepsen.core: Worker 0 starting
2016-12-14 11:37:34,659{GMT}	INFO	[jepsen worker 2] jepsen.core: Worker 2 starting
2016-12-14 11:37:34,659{GMT}	INFO	[jepsen worker 4] jepsen.core: Worker 4 starting
2016-12-14 11:37:35,060{GMT}	INFO	[jepsen worker 0] jepsen.util: 0	:invoke	:write	0
2016-12-14 11:37:35,078{GMT}	INFO	[jepsen worker 0] jepsen.util: 0	:ok	:write	0
2016-12-14 11:37:35,102{GMT}	INFO	[jepsen worker 3] jepsen.util: 3	:invoke	:read	nil
2016-12-14 11:37:35,111{GMT}	INFO	[clojure-agent-send-off-pool-1] jepsen.zookeeper: log from test 0
2016-12-14 11:37:35,111{GMT}	INFO	[jepsen worker 3] jepsen.util: 3	:ok	:read	0
2016-12-14 11:37:36,111{GMT}	INFO	[jepsen worker 3] jepsen.util: 3	:invoke	:write	4
2016-12-14 11:37:36,127{GMT}	INFO	[jepsen worker 3] jepsen.util: 3	:ok	:write	4
2016-12-14 11:37:36,195{GMT}	INFO	[jepsen worker 1] jepsen.util: 1	:invoke	:cas	[2 4]
2016-12-14 11:37:36,217{GMT}	INFO	[jepsen worker 1] jepsen.util: 1	:fail	:cas	[2 4]
2016-12-14 11:37:36,488{GMT}	INFO	[jepsen worker 0] jepsen.util: 0	:invoke	:write	0
2016-12-14 11:37:36,512{GMT}	INFO	[jepsen worker 2] jepsen.util: 2	:invoke	:cas	[2 3]
2016-12-14 11:37:36,514{GMT}	INFO	[jepsen worker 0] jepsen.util: 0	:ok	:write	0
2016-12-14 11:37:36,516{GMT}	INFO	[jepsen worker 4] jepsen.util: 4	:invoke	:write	2
2016-12-14 11:37:36,534{GMT}	INFO	[jepsen worker 4] jepsen.util: 4	:ok	:write	2
2016-12-14 11:37:36,540{GMT}	INFO	[jepsen worker 2] jepsen.util: 2	:fail	:cas	[2 3]
2016-12-14 11:37:36,622{GMT}	INFO	[jepsen worker 2] jepsen.util: 2	:invoke	:write	3
2016-12-14 11:37:36,648{GMT}	INFO	[jepsen worker 2] jepsen.util: 2	:ok	:write	3
2016-12-14 11:37:36,930{GMT}	INFO	[jepsen worker 1] jepsen.util: 1	:invoke	:cas	[4 2]
2016-12-14 11:37:36,950{GMT}	INFO	[jepsen worker 1] jepsen.util: 1	:fail	:cas	[4 2]
2016-12-14 11:37:36,981{GMT}	INFO	[jepsen worker 2] jepsen.util: 2	:invoke	:read	nil
2016-12-14 11:37:36,982{GMT}	INFO	[clojure-agent-send-off-pool-1] jepsen.zookeeper: log from test 3
2016-12-14 11:37:36,983{GMT}	INFO	[jepsen worker 2] jepsen.util: 2	:ok	:read	3
2016-12-14 11:37:37,333{GMT}	INFO	[jepsen worker 4] jepsen.util: 4	:invoke	:write	3
2016-12-14 11:37:37,350{GMT}	INFO	[jepsen worker 4] jepsen.util: 4	:ok	:write	3
2016-12-14 11:37:37,421{GMT}	INFO	[jepsen worker 2] jepsen.util: 2	:invoke	:write	4
2016-12-14 11:37:37,529{GMT}	INFO	[jepsen worker 2] jepsen.util: 2	:ok	:write	4
2016-12-14 11:37:37,729{GMT}	INFO	[jepsen worker 3] jepsen.util: 3	:invoke	:read	nil
2016-12-14 11:37:37,730{GMT}	INFO	[clojure-agent-send-off-pool-1] jepsen.zookeeper: log from test 4
2016-12-14 11:37:37,730{GMT}	INFO	[jepsen worker 3] jepsen.util: 3	:ok	:read	4
2016-12-14 11:37:37,764{GMT}	INFO	[jepsen worker 0] jepsen.util: 0	:invoke	:write	1
2016-12-14 11:37:37,783{GMT}	INFO	[jepsen worker 0] jepsen.util: 0	:ok	:write	1
2016-12-14 11:37:38,674{GMT}	INFO	[jepsen worker 3] jepsen.util: 3	:invoke	:read	nil
2016-12-14 11:37:38,674{GMT}	INFO	[clojure-agent-send-off-pool-8] jepsen.zookeeper: log from test 4
2016-12-14 11:37:38,674{GMT}	INFO	[jepsen worker 3] jepsen.util: 3	:ok	:read	4
2016-12-14 11:37:38,697{GMT}	INFO	[jepsen worker 0] jepsen.util: 0	:invoke	:write	3
2016-12-14 11:37:38,711{GMT}	INFO	[jepsen worker 0] jepsen.util: 0	:ok	:write	3
2016-12-14 11:37:38,772{GMT}	INFO	[jepsen worker 1] jepsen.util: 1	:invoke	:cas	[0 4]
2016-12-14 11:37:38,787{GMT}	INFO	[jepsen worker 1] jepsen.util: 1	:ok	:cas	[0 4]
2016-12-14 11:37:38,928{GMT}	INFO	[jepsen worker 4] jepsen.util: 4	:invoke	:cas	[2 1]
2016-12-14 11:37:38,950{GMT}	INFO	[jepsen worker 4] jepsen.util: 4	:fail	:cas	[2 1]
2016-12-14 11:37:38,990{GMT}	INFO	[jepsen worker 1] jepsen.util: 1	:invoke	:write	3
2016-12-14 11:37:39,004{GMT}	INFO	[jepsen worker 1] jepsen.util: 1	:ok	:write	3
2016-12-14 11:37:39,017{GMT}	INFO	[jepsen worker 2] jepsen.util: 2	:invoke	:read	nil
2016-12-14 11:37:39,019{GMT}	INFO	[clojure-agent-send-off-pool-8] jepsen.zookeeper: log from test 4
2016-12-14 11:37:39,019{GMT}	INFO	[jepsen worker 2] jepsen.util: 2	:ok	:read	4
2016-12-14 11:37:39,660{GMT}	INFO	[jepsen nemesis] jepsen.util: :nemesis	:info	:start	nil
2016-12-14 11:37:39,938{GMT}	INFO	[jepsen worker 0] jepsen.util: 0	:invoke	:read	nil
2016-12-14 11:37:39,941{GMT}	INFO	[clojure-agent-send-off-pool-23] jepsen.zookeeper: log from test 3
2016-12-14 11:37:39,942{GMT}	INFO	[jepsen worker 0] jepsen.util: 0	:ok	:read	3
2016-12-14 11:37:40,212{GMT}	INFO	[jepsen worker 3] jepsen.util: 3	:invoke	:cas	[3 1]
2016-12-14 11:37:40,228{GMT}	INFO	[jepsen worker 3] jepsen.util: 3	:fail	:cas	[3 1]
2016-12-14 11:37:40,232{GMT}	INFO	[jepsen worker 2] jepsen.util: 2	:invoke	:cas	[0 3]
2016-12-14 11:37:40,246{GMT}	INFO	[jepsen worker 2] jepsen.util: 2	:fail	:cas	[0 3]
2016-12-14 11:37:40,264{GMT}	INFO	[jepsen worker 4] jepsen.util: 4	:invoke	:read	nil
2016-12-14 11:37:40,266{GMT}	INFO	[clojure-agent-send-off-pool-10] jepsen.zookeeper: log from test 3
2016-12-14 11:37:40,266{GMT}	INFO	[jepsen worker 4] jepsen.util: 4	:ok	:read	3
2016-12-14 11:37:40,292{GMT}	INFO	[jepsen worker 1] jepsen.util: 1	:invoke	:write	1
2016-12-14 11:37:40,307{GMT}	INFO	[jepsen worker 1] jepsen.util: 1	:ok	:write	1
2016-12-14 11:37:40,442{GMT}	INFO	[jepsen worker 3] jepsen.util: 3	:invoke	:write	3
2016-12-14 11:37:40,457{GMT}	INFO	[jepsen worker 3] jepsen.util: 3	:ok	:write	3
2016-12-14 11:37:40,460{GMT}	INFO	[jepsen worker 1] jepsen.util: 1	:invoke	:write	3
2016-12-14 11:37:40,478{GMT}	INFO	[jepsen worker 1] jepsen.util: 1	:ok	:write	3
2016-12-14 11:37:40,800{GMT}	INFO	[jepsen nemesis] jepsen.util: :nemesis	:info	:start	"Cut off {\"w2\" #{\"w5\" \"w4\" \"w3\"}, \"w1\" #{\"w5\" \"w4\" \"w3\"}, \"w5\" #{\"w2\" \"w1\"}, \"w4\" #{\"w2\" \"w1\"}, \"w3\" #{\"w2\" \"w1\"}}"
2016-12-14 11:37:40,974{GMT}	INFO	[jepsen worker 2] jepsen.util: 2	:invoke	:cas	[2 0]
2016-12-14 11:37:40,994{GMT}	INFO	[jepsen worker 2] jepsen.util: 2	:fail	:cas	[2 0]
2016-12-14 11:37:41,045{GMT}	INFO	[jepsen worker 4] jepsen.util: 4	:invoke	:cas	[0 4]
2016-12-14 11:37:41,060{GMT}	INFO	[jepsen worker 4] jepsen.util: 4	:fail	:cas	[0 4]
2016-12-14 11:37:41,218{GMT}	INFO	[jepsen worker 3] jepsen.util: 3	:invoke	:write	4
2016-12-14 11:37:41,232{GMT}	INFO	[jepsen worker 3] jepsen.util: 3	:ok	:write	4
2016-12-14 11:37:41,236{GMT}	INFO	[jepsen worker 2] jepsen.util: 2	:invoke	:cas	[1 3]
2016-12-14 11:37:41,249{GMT}	INFO	[jepsen worker 2] jepsen.util: 2	:fail	:cas	[1 3]
2016-12-14 11:37:41,543{GMT}	INFO	[jepsen worker 0] jepsen.util: 0	:invoke	:write	4
2016-12-14 11:37:41,557{GMT}	INFO	[jepsen worker 0] jepsen.util: 0	:ok	:write	4
2016-12-14 11:37:41,767{GMT}	INFO	[jepsen worker 4] jepsen.util: 4	:invoke	:write	0
2016-12-14 11:37:41,783{GMT}	INFO	[jepsen worker 4] jepsen.util: 4	:ok	:write	0
2016-12-14 11:37:41,828{GMT}	INFO	[jepsen worker 2] jepsen.util: 2	:invoke	:read	nil
2016-12-14 11:37:41,829{GMT}	INFO	[clojure-agent-send-off-pool-8] jepsen.zookeeper: log from test 4
2016-12-14 11:37:41,829{GMT}	INFO	[jepsen worker 2] jepsen.util: 2	:ok	:read	4
2016-12-14 11:37:41,837{GMT}	INFO	[jepsen worker 4] jepsen.util: 4	:invoke	:write	4
2016-12-14 11:37:41,854{GMT}	INFO	[jepsen worker 4] jepsen.util: 4	:ok	:write	4
2016-12-14 11:37:41,969{GMT}	INFO	[jepsen worker 1] jepsen.util: 1	:invoke	:read	nil
2016-12-14 11:37:41,971{GMT}	INFO	[clojure-agent-send-off-pool-20] jepsen.zookeeper: log from test 3
2016-12-14 11:37:41,971{GMT}	INFO	[jepsen worker 1] jepsen.util: 1	:ok	:read	3
2016-12-14 11:37:42,456{GMT}	INFO	[jepsen worker 3] jepsen.util: 3	:invoke	:write	2
2016-12-14 11:37:42,471{GMT}	INFO	[jepsen worker 3] jepsen.util: 3	:ok	:write	2
2016-12-14 11:37:42,902{GMT}	INFO	[jepsen worker 2] jepsen.util: 2	:invoke	:write	2
2016-12-14 11:37:42,949{GMT}	INFO	[jepsen worker 2] jepsen.util: 2	:ok	:write	2
2016-12-14 11:37:43,014{GMT}	INFO	[jepsen worker 4] jepsen.util: 4	:invoke	:cas	[0 2]
2016-12-14 11:37:43,092{GMT}	INFO	[jepsen worker 4] jepsen.util: 4	:fail	:cas	[0 2]
2016-12-14 11:37:43,171{GMT}	INFO	[jepsen worker 0] jepsen.util: 0	:invoke	:read	nil
2016-12-14 11:37:43,172{GMT}	INFO	[clojure-agent-send-off-pool-8] jepsen.zookeeper: log from test 4
2016-12-14 11:37:43,172{GMT}	INFO	[jepsen worker 0] jepsen.util: 0	:ok	:read	4
2016-12-14 11:37:43,194{GMT}	INFO	[jepsen worker 4] jepsen.util: 4	:invoke	:write	0
2016-12-14 11:37:43,209{GMT}	INFO	[jepsen worker 4] jepsen.util: 4	:ok	:write	0
2016-12-14 11:37:43,342{GMT}	INFO	[jepsen worker 3] jepsen.util: 3	:invoke	:cas	[2 4]
2016-12-14 11:37:43,361{GMT}	INFO	[jepsen worker 3] jepsen.util: 3	:ok	:cas	[2 4]
2016-12-14 11:37:43,402{GMT}	INFO	[jepsen worker 1] jepsen.util: 1	:invoke	:write	0
2016-12-14 11:37:43,418{GMT}	INFO	[jepsen worker 3] jepsen.util: 3	:invoke	:cas	[3 3]
2016-12-14 11:37:43,455{GMT}	INFO	[jepsen worker 3] jepsen.util: 3	:fail	:cas	[3 3]
2016-12-14 11:37:43,457{GMT}	INFO	[jepsen worker 4] jepsen.util: 4	:invoke	:cas	[1 2]
2016-12-14 11:37:43,465{GMT}	INFO	[jepsen worker 1] jepsen.util: 1	:ok	:write	0
2016-12-14 11:37:43,473{GMT}	INFO	[jepsen worker 4] jepsen.util: 4	:fail	:cas	[1 2]
2016-12-14 11:37:43,685{GMT}	INFO	[jepsen worker 1] jepsen.util: 1	:invoke	:cas	[0 1]
2016-12-14 11:37:43,710{GMT}	INFO	[jepsen worker 1] jepsen.util: 1	:ok	:cas	[0 1]
2016-12-14 11:37:44,004{GMT}	INFO	[jepsen worker 4] jepsen.util: 4	:invoke	:write	0
2016-12-14 11:37:44,016{GMT}	INFO	[jepsen worker 4] jepsen.util: 4	:ok	:write	0
2016-12-14 11:37:44,380{GMT}	INFO	[jepsen worker 4] jepsen.util: 4	:invoke	:cas	[1 0]
2016-12-14 11:37:44,403{GMT}	INFO	[jepsen worker 4] jepsen.util: 4	:fail	:cas	[1 0]
2016-12-14 11:37:44,787{GMT}	INFO	[jepsen worker 2] jepsen.util: 2	:invoke	:read	nil
2016-12-14 11:37:44,789{GMT}	INFO	[clojure-agent-send-off-pool-22] jepsen.zookeeper: log from test 2
2016-12-14 11:37:44,807{GMT}	INFO	[jepsen worker 2] jepsen.util: 2	:ok	:read	2
2016-12-14 11:37:45,083{GMT}	INFO	[jepsen worker 3] jepsen.util: 3	:invoke	:cas	[2 4]
2016-12-14 11:37:45,097{GMT}	INFO	[jepsen worker 3] jepsen.util: 3	:fail	:cas	[2 4]
2016-12-14 11:37:45,165{GMT}	INFO	[jepsen worker 0] jepsen.util: 0	:invoke	:write	0
2016-12-14 11:37:45,185{GMT}	INFO	[jepsen worker 0] jepsen.util: 0	:ok	:write	0
2016-12-14 11:37:45,367{GMT}	INFO	[jepsen worker 2] jepsen.util: 2	:invoke	:read	nil
2016-12-14 11:37:45,368{GMT}	INFO	[clojure-agent-send-off-pool-22] jepsen.zookeeper: log from test 2
2016-12-14 11:37:45,368{GMT}	INFO	[jepsen worker 2] jepsen.util: 2	:ok	:read	2
2016-12-14 11:37:45,447{GMT}	INFO	[jepsen worker 3] jepsen.util: 3	:invoke	:cas	[2 3]
2016-12-14 11:37:45,460{GMT}	INFO	[jepsen worker 3] jepsen.util: 3	:fail	:cas	[2 3]
2016-12-14 11:37:45,544{GMT}	INFO	[jepsen worker 1] jepsen.util: 1	:invoke	:cas	[3 1]
2016-12-14 11:37:45,557{GMT}	INFO	[jepsen worker 1] jepsen.util: 1	:fail	:cas	[3 1]
2016-12-14 11:37:45,558{GMT}	INFO	[jepsen worker 1] jepsen.util: 1	:invoke	:cas	[1 1]
2016-12-14 11:37:45,573{GMT}	INFO	[jepsen worker 1] jepsen.util: 1	:ok	:cas	[1 1]
2016-12-14 11:37:45,575{GMT}	INFO	[jepsen worker 1] jepsen.util: 1	:invoke	:cas	[0 2]
2016-12-14 11:37:45,588{GMT}	INFO	[jepsen worker 1] jepsen.util: 1	:fail	:cas	[0 2]
2016-12-14 11:37:45,698{GMT}	INFO	[jepsen worker 2] jepsen.util: 2	:invoke	:write	2
2016-12-14 11:37:45,711{GMT}	INFO	[jepsen worker 2] jepsen.util: 2	:ok	:write	2
2016-12-14 11:37:45,776{GMT}	INFO	[jepsen worker 0] jepsen.util: 0	:invoke	:write	4
2016-12-14 11:37:45,797{GMT}	INFO	[jepsen worker 0] jepsen.util: 0	:ok	:write	4
2016-12-14 11:37:45,801{GMT}	INFO	[jepsen nemesis] jepsen.util: :nemesis	:info	:stop	nil
2016-12-14 11:37:45,816{GMT}	INFO	[jepsen worker 4] jepsen.util: 4	:invoke	:cas	[2 0]
2016-12-14 11:37:45,831{GMT}	INFO	[jepsen worker 4] jepsen.util: 4	:fail	:cas	[2 0]
2016-12-14 11:37:45,862{GMT}	INFO	[jepsen worker 3] jepsen.util: 3	:invoke	:write	2
2016-12-14 11:37:45,880{GMT}	INFO	[jepsen worker 3] jepsen.util: 3	:ok	:write	2
2016-12-14 11:37:46,004{GMT}	INFO	[jepsen nemesis] jepsen.util: :nemesis	:info	:stop	"fully connected"
2016-12-14 11:37:46,182{GMT}	INFO	[jepsen worker 1] jepsen.util: 1	:invoke	:read	nil
2016-12-14 11:37:46,184{GMT}	INFO	[clojure-agent-send-off-pool-20] jepsen.zookeeper: log from test 1
2016-12-14 11:37:46,184{GMT}	INFO	[jepsen worker 1] jepsen.util: 1	:ok	:read	1
2016-12-14 11:37:46,566{GMT}	INFO	[jepsen worker 0] jepsen.util: 0	:invoke	:read	nil
2016-12-14 11:37:46,567{GMT}	INFO	[clojure-agent-send-off-pool-20] jepsen.zookeeper: log from test 4
2016-12-14 11:37:46,567{GMT}	INFO	[jepsen worker 0] jepsen.util: 0	:ok	:read	4
2016-12-14 11:37:47,264{GMT}	INFO	[jepsen worker 2] jepsen.util: 2	:invoke	:cas	[4 0]
2016-12-14 11:37:47,278{GMT}	INFO	[jepsen worker 2] jepsen.util: 2	:fail	:cas	[4 0]
2016-12-14 11:37:47,322{GMT}	INFO	[jepsen worker 4] jepsen.util: 4	:invoke	:cas	[3 1]
2016-12-14 11:37:47,336{GMT}	INFO	[jepsen worker 4] jepsen.util: 4	:fail	:cas	[3 1]
2016-12-14 11:37:47,371{GMT}	INFO	[jepsen worker 3] jepsen.util: 3	:invoke	:cas	[2 1]
2016-12-14 11:37:47,390{GMT}	INFO	[jepsen worker 3] jepsen.util: 3	:ok	:cas	[2 1]
2016-12-14 11:37:47,449{GMT}	INFO	[jepsen worker 0] jepsen.util: 0	:invoke	:cas	[1 0]
2016-12-14 11:37:47,468{GMT}	INFO	[jepsen worker 0] jepsen.util: 0	:fail	:cas	[1 0]
2016-12-14 11:37:47,761{GMT}	INFO	[jepsen worker 1] jepsen.util: 1	:invoke	:read	nil
2016-12-14 11:37:47,761{GMT}	INFO	[clojure-agent-send-off-pool-20] jepsen.zookeeper: log from test 1
2016-12-14 11:37:47,762{GMT}	INFO	[jepsen worker 1] jepsen.util: 1	:ok	:read	1
2016-12-14 11:37:48,065{GMT}	INFO	[jepsen worker 1] jepsen.util: 1	:invoke	:write	2
2016-12-14 11:37:48,078{GMT}	INFO	[jepsen worker 1] jepsen.util: 1	:ok	:write	2
2016-12-14 11:37:48,116{GMT}	INFO	[jepsen worker 1] jepsen.util: 1	:invoke	:write	4
2016-12-14 11:37:48,135{GMT}	INFO	[jepsen worker 1] jepsen.util: 1	:ok	:write	4
2016-12-14 11:37:48,208{GMT}	INFO	[jepsen worker 0] jepsen.util: 0	:invoke	:cas	[1 2]
2016-12-14 11:37:48,221{GMT}	INFO	[jepsen worker 0] jepsen.util: 0	:fail	:cas	[1 2]
2016-12-14 11:37:48,260{GMT}	INFO	[jepsen worker 1] jepsen.util: 1	:invoke	:cas	[2 2]
2016-12-14 11:37:48,273{GMT}	INFO	[jepsen worker 1] jepsen.util: 1	:fail	:cas	[2 2]
2016-12-14 11:37:48,421{GMT}	INFO	[jepsen worker 4] jepsen.util: 4	:invoke	:read	nil
2016-12-14 11:37:48,422{GMT}	INFO	[clojure-agent-send-off-pool-20] jepsen.zookeeper: log from test 0
2016-12-14 11:37:48,422{GMT}	INFO	[jepsen worker 4] jepsen.util: 4	:ok	:read	0
2016-12-14 11:37:48,478{GMT}	INFO	[jepsen worker 1] jepsen.util: 1	:invoke	:read	nil
2016-12-14 11:37:48,479{GMT}	INFO	[clojure-agent-send-off-pool-20] jepsen.zookeeper: log from test 4
2016-12-14 11:37:48,479{GMT}	INFO	[jepsen worker 1] jepsen.util: 1	:ok	:read	4
2016-12-14 11:37:49,003{GMT}	INFO	[jepsen worker 3] jepsen.util: 3	:invoke	:write	3
2016-12-14 11:37:49,017{GMT}	INFO	[jepsen worker 3] jepsen.util: 3	:ok	:write	3
2016-12-14 11:37:49,105{GMT}	INFO	[jepsen worker 2] jepsen.util: 2	:invoke	:read	nil
2016-12-14 11:37:49,106{GMT}	INFO	[clojure-agent-send-off-pool-8] jepsen.zookeeper: log from test 2
2016-12-14 11:37:49,107{GMT}	INFO	[jepsen worker 2] jepsen.util: 2	:ok	:read	2
2016-12-14 11:37:49,446{GMT}	INFO	[jepsen worker 4] jepsen.util: 4	:invoke	:read	nil
2016-12-14 11:37:49,447{GMT}	INFO	[clojure-agent-send-off-pool-8] jepsen.zookeeper: log from test 0
2016-12-14 11:37:49,447{GMT}	INFO	[jepsen worker 4] jepsen.util: 4	:ok	:read	0
2016-12-14 11:37:49,478{GMT}	INFO	[jepsen worker 0] jepsen.util: 0	:invoke	:write	1
2016-12-14 11:37:49,492{GMT}	INFO	[jepsen worker 0] jepsen.util: 0	:ok	:write	1
2016-12-14 11:37:49,514{GMT}	INFO	[jepsen worker 3] jepsen.util: 3	:invoke	:write	3
2016-12-14 11:37:49,530{GMT}	INFO	[jepsen worker 3] jepsen.util: 3	:ok	:write	3
2016-12-14 11:37:49,698{GMT}	INFO	[jepsen worker 1] jepsen.util: 1	:invoke	:read	nil
2016-12-14 11:37:49,698{GMT}	INFO	[clojure-agent-send-off-pool-8] jepsen.zookeeper: log from test 4
2016-12-14 11:37:49,698{GMT}	INFO	[jepsen worker 1] jepsen.util: 1	:ok	:read	4
2016-12-14 11:37:49,698{GMT}	INFO	[jepsen worker 1] jepsen.core: Worker 1 done
2016-12-14 11:37:50,118{GMT}	INFO	[jepsen worker 0] jepsen.util: 0	:invoke	:write	0
2016-12-14 11:37:50,132{GMT}	INFO	[jepsen worker 0] jepsen.util: 0	:ok	:write	0
2016-12-14 11:37:50,139{GMT}	INFO	[jepsen worker 0] jepsen.core: Worker 0 done
2016-12-14 11:37:50,841{GMT}	INFO	[jepsen worker 3] jepsen.util: 3	:invoke	:read	nil
2016-12-14 11:37:50,843{GMT}	INFO	[clojure-agent-send-off-pool-2] jepsen.zookeeper: log from test 3
2016-12-14 11:37:50,843{GMT}	INFO	[jepsen worker 3] jepsen.util: 3	:ok	:read	3
2016-12-14 11:37:50,843{GMT}	INFO	[jepsen worker 3] jepsen.core: Worker 3 done
2016-12-14 11:37:50,899{GMT}	INFO	[jepsen worker 2] jepsen.util: 2	:invoke	:write	3
2016-12-14 11:37:50,915{GMT}	INFO	[jepsen worker 2] jepsen.util: 2	:ok	:write	3
2016-12-14 11:37:50,915{GMT}	INFO	[jepsen worker 2] jepsen.core: Worker 2 done
2016-12-14 11:37:51,004{GMT}	INFO	[jepsen nemesis] jepsen.util: :nemesis	:info	:start	nil
2016-12-14 11:37:51,256{GMT}	INFO	[jepsen worker 4] jepsen.util: 4	:invoke	:cas	[0 3]
2016-12-14 11:37:51,269{GMT}	INFO	[jepsen worker 4] jepsen.util: 4	:ok	:cas	[0 3]
2016-12-14 11:37:51,269{GMT}	INFO	[jepsen worker 4] jepsen.core: Worker 4 done
2016-12-14 11:37:51,269{GMT}	INFO	[jepsen test runner] jepsen.core: Waiting for nemesis to complete
2016-12-14 11:37:52,159{GMT}	INFO	[jepsen nemesis] jepsen.util: :nemesis	:info	:start	"Cut off {\"w2\" #{\"w5\" \"w4\" \"w3\"}, \"w1\" #{\"w5\" \"w4\" \"w3\"}, \"w5\" #{\"w2\" \"w1\"}, \"w4\" #{\"w2\" \"w1\"}, \"w3\" #{\"w2\" \"w1\"}}"
2016-12-14 11:37:52,159{GMT}	INFO	[jepsen nemesis] jepsen.core: nemesis done
2016-12-14 11:37:52,159{GMT}	INFO	[jepsen test runner] jepsen.core: nemesis done.
2016-12-14 11:37:52,159{GMT}	INFO	[jepsen test runner] jepsen.core: Tearing down nemesis
2016-12-14 11:37:52,362{GMT}	INFO	[jepsen test runner] jepsen.core: Nemesis torn down
2016-12-14 11:37:52,365{GMT}	INFO	[clojure-agent-send-off-pool-0] org.apache.zookeeper.ZooKeeper: Session: 0x158fd1f7edd0000 closed
2016-12-14 11:37:52,365{GMT}	INFO	[clojure-agent-send-off-pool-1-EventThread] org.apache.zookeeper.ClientCnxn: EventThread shut down
2016-12-14 11:37:52,365{GMT}	INFO	[clojure-agent-send-off-pool-5] org.apache.zookeeper.ZooKeeper: Session: 0x158fd1f811f0000 closed
2016-12-14 11:37:52,365{GMT}	INFO	[clojure-agent-send-off-pool-17] org.apache.zookeeper.ZooKeeper: Session: 0x158fd1f75f20000 closed
2016-12-14 11:37:52,365{GMT}	INFO	[clojure-agent-send-off-pool-3-EventThread] org.apache.zookeeper.ClientCnxn: EventThread shut down
2016-12-14 11:37:52,365{GMT}	INFO	[clojure-agent-send-off-pool-4-EventThread] org.apache.zookeeper.ClientCnxn: EventThread shut down
2016-12-14 11:37:52,366{GMT}	INFO	[clojure-agent-send-off-pool-21] org.apache.zookeeper.ZooKeeper: Session: 0x158fd1f80520000 closed
2016-12-14 11:37:52,366{GMT}	INFO	[clojure-agent-send-off-pool-0-EventThread] org.apache.zookeeper.ClientCnxn: EventThread shut down
2016-12-14 11:37:52,366{GMT}	INFO	[clojure-agent-send-off-pool-8] org.apache.zookeeper.ZooKeeper: Session: 0x158fd1f7fa00000 closed
2016-12-14 11:37:52,366{GMT}	INFO	[clojure-agent-send-off-pool-2-EventThread] org.apache.zookeeper.ClientCnxn: EventThread shut down
2016-12-14 11:37:52,367{GMT}	INFO	[jepsen test runner] jepsen.core: Snarfing log files
2016-12-14 11:37:52,370{GMT}	INFO	[jepsen node w2] jepsen.core: downloading /var/log/zookeeper/zookeeper.log to zookeeper.log
2016-12-14 11:37:52,370{GMT}	INFO	[jepsen node w5] jepsen.core: downloading /var/log/zookeeper/zookeeper.log to zookeeper.log
2016-12-14 11:37:52,370{GMT}	INFO	[jepsen node w4] jepsen.core: downloading /var/log/zookeeper/zookeeper.log to zookeeper.log
2016-12-14 11:37:52,370{GMT}	INFO	[jepsen node w3] jepsen.core: downloading /var/log/zookeeper/zookeeper.log to zookeeper.log
2016-12-14 11:37:52,370{GMT}	INFO	[jepsen node w1] jepsen.core: downloading /var/log/zookeeper/zookeeper.log to zookeeper.log
2016-12-14 11:37:52,386{GMT}	INFO	[jepsen test runner] jepsen.core: Run complete, writing
2016-12-14 11:37:52,412{GMT}	INFO	[jepsen node w5] jepsen.zookeeper: w5 tearing down ZK
2016-12-14 11:37:52,412{GMT}	INFO	[jepsen node w3] jepsen.zookeeper: w3 tearing down ZK
2016-12-14 11:37:52,412{GMT}	INFO	[jepsen node w4] jepsen.zookeeper: w4 tearing down ZK
2016-12-14 11:37:52,412{GMT}	INFO	[jepsen node w1] jepsen.zookeeper: w1 tearing down ZK
2016-12-14 11:37:52,413{GMT}	INFO	[jepsen node w2] jepsen.zookeeper: w2 tearing down ZK
2016-12-14 11:37:53,016{GMT}	INFO	[jepsen test runner] jepsen.core: Analyzing
2016-12-14 11:37:53,253{GMT}	INFO	[jepsen test runner] jepsen.core: Analysis complete
2016-12-14 11:37:53,308{GMT}	INFO	[jepsen results] jepsen.store: Wrote /home/admin/jepsen.zookeeper/store/zookeeper/20161214T113726.000Z/results.edn
2016-12-14 11:37:53,347{GMT}	INFO	[main] jepsen.core: {:linear
 {:valid? false,
  :configs
  ({:model {:value 1},
    :last-op
    {:type :ok,
     :f :write,
     :value 1,
     :process 0,
     :time 3623163424,
     :index 27},
    :pending
    [{:type :invoke,
      :f :read,
      :value 4,
      :process 3,
      :time 4513999128,
      :index 28}]}),
  :final-paths
  ([{:op
     {:type :ok,
      :f :write,
      :value 1,
      :process 0,
      :time 3623163424,
      :index 27},
     :model {:value 1}}
    {:op
     {:type :ok,
      :f :read,
      :value 4,
      :process 3,
      :time 4514629643,
      :index 29},
     :model {:msg "can't read 4 from register 1"}}]),
  :previous-ok
  {:type :ok,
   :f :write,
   :value 1,
   :process 0,
   :time 3623163424,
   :index 27},
  :last-op
  {:type :ok,
   :f :write,
   :value 1,
   :process 0,
   :time 3623163424,
   :index 27},
  :op
  {:type :ok,
   :f :read,
   :value 4,
   :process 3,
   :time 4514629643,
   :index 29}},
 :html {:valid? true},
 :perf
 {:latency-graph {:valid? true},
  :rate-graph {:valid? true},
  :valid? true},
 :valid? false}


Analysis invalid! (ﾉಥ益ಥ）ﾉ ┻━┻
