2016-12-13 16:00:23,748{GMT}	INFO	[jepsen node w2] jepsen.os.debian: w2 setting up debian
2016-12-13 16:00:23,749{GMT}	INFO	[jepsen node w5] jepsen.os.debian: w5 setting up debian
2016-12-13 16:00:23,748{GMT}	INFO	[jepsen node w4] jepsen.os.debian: w4 setting up debian
2016-12-13 16:00:23,749{GMT}	INFO	[jepsen node w3] jepsen.os.debian: w3 setting up debian
2016-12-13 16:00:23,749{GMT}	INFO	[jepsen node w1] jepsen.os.debian: w1 setting up debian
2016-12-13 16:00:24,468{GMT}	INFO	[jepsen node w4] jepsen.zookeeper: w4 tearing down ZK
2016-12-13 16:00:24,468{GMT}	INFO	[jepsen node w5] jepsen.zookeeper: w5 tearing down ZK
2016-12-13 16:00:24,468{GMT}	INFO	[jepsen node w1] jepsen.zookeeper: w1 tearing down ZK
2016-12-13 16:00:24,469{GMT}	INFO	[jepsen node w2] jepsen.zookeeper: w2 tearing down ZK
2016-12-13 16:00:24,469{GMT}	INFO	[jepsen node w3] jepsen.zookeeper: w3 tearing down ZK
2016-12-13 16:00:24,672{GMT}	INFO	[jepsen node w1] jepsen.zookeeper: Setting up ZK on  w1
2016-12-13 16:00:24,672{GMT}	INFO	[jepsen node w4] jepsen.zookeeper: Setting up ZK on  w4
2016-12-13 16:00:24,672{GMT}	INFO	[jepsen node w1] jepsen.zookeeper: w1 Installing ZK 3.4.5+dfsg-2
2016-12-13 16:00:24,672{GMT}	INFO	[jepsen node w4] jepsen.zookeeper: w4 Installing ZK 3.4.5+dfsg-2
2016-12-13 16:00:24,672{GMT}	INFO	[jepsen node w5] jepsen.zookeeper: Setting up ZK on  w5
2016-12-13 16:00:24,673{GMT}	INFO	[jepsen node w5] jepsen.zookeeper: w5 Installing ZK 3.4.5+dfsg-2
2016-12-13 16:00:24,673{GMT}	INFO	[jepsen node w2] jepsen.zookeeper: Setting up ZK on  w2
2016-12-13 16:00:24,673{GMT}	INFO	[jepsen node w2] jepsen.zookeeper: w2 Installing ZK 3.4.5+dfsg-2
2016-12-13 16:00:24,673{GMT}	INFO	[jepsen node w3] jepsen.zookeeper: Setting up ZK on  w3
2016-12-13 16:00:24,673{GMT}	INFO	[jepsen node w3] jepsen.zookeeper: w3 Installing ZK 3.4.5+dfsg-2
2016-12-13 16:00:24,980{GMT}	INFO	[jepsen node w2] jepsen.zookeeper: w2 id is 1
2016-12-13 16:00:24,980{GMT}	INFO	[jepsen node w5] jepsen.zookeeper: w5 id is 4
2016-12-13 16:00:24,980{GMT}	INFO	[jepsen node w1] jepsen.zookeeper: w1 id is 0
2016-12-13 16:00:24,981{GMT}	INFO	[jepsen node w4] jepsen.zookeeper: w4 id is 3
2016-12-13 16:00:24,981{GMT}	INFO	[jepsen node w3] jepsen.zookeeper: w3 id is 2
2016-12-13 16:00:25,186{GMT}	INFO	[jepsen node w5] jepsen.zookeeper: w5 ZK restarting
2016-12-13 16:00:25,186{GMT}	INFO	[jepsen node w2] jepsen.zookeeper: w2 ZK restarting
2016-12-13 16:00:25,186{GMT}	INFO	[jepsen node w3] jepsen.zookeeper: w3 ZK restarting
2016-12-13 16:00:25,186{GMT}	INFO	[jepsen node w1] jepsen.zookeeper: w1 ZK restarting
2016-12-13 16:00:25,187{GMT}	INFO	[jepsen node w4] jepsen.zookeeper: w4 ZK restarting
2016-12-13 16:00:30,288{GMT}	INFO	[jepsen node w5] jepsen.zookeeper: w5 ZK ready
2016-12-13 16:00:30,288{GMT}	INFO	[jepsen node w2] jepsen.zookeeper: w2 ZK ready
2016-12-13 16:00:30,288{GMT}	INFO	[jepsen node w3] jepsen.zookeeper: w3 ZK ready
2016-12-13 16:00:30,288{GMT}	INFO	[jepsen node w1] jepsen.zookeeper: w1 ZK ready
2016-12-13 16:00:30,289{GMT}	INFO	[jepsen node w4] jepsen.zookeeper: w4 ZK ready
2016-12-13 16:00:30,294{GMT}	INFO	[clojure-agent-send-off-pool-4] org.apache.zookeeper.ZooKeeper: Initiating client connection, connectString=w1 sessionTimeout=5000 watcher=zookeeper.internal$make_watcher$reify__762@448d6391
2016-12-13 16:00:30,294{GMT}	INFO	[clojure-agent-send-off-pool-0] org.apache.zookeeper.ZooKeeper: Initiating client connection, connectString=w5 sessionTimeout=5000 watcher=zookeeper.internal$make_watcher$reify__762@1ef70d7f
2016-12-13 16:00:30,294{GMT}	INFO	[clojure-agent-send-off-pool-3] org.apache.zookeeper.ZooKeeper: Initiating client connection, connectString=w2 sessionTimeout=5000 watcher=zookeeper.internal$make_watcher$reify__762@37f1466f
2016-12-13 16:00:30,294{GMT}	INFO	[clojure-agent-send-off-pool-2] org.apache.zookeeper.ZooKeeper: Initiating client connection, connectString=w4 sessionTimeout=5000 watcher=zookeeper.internal$make_watcher$reify__762@475e8d0f
2016-12-13 16:00:30,294{GMT}	INFO	[clojure-agent-send-off-pool-1] org.apache.zookeeper.ZooKeeper: Initiating client connection, connectString=w3 sessionTimeout=5000 watcher=zookeeper.internal$make_watcher$reify__762@2855881f
2016-12-13 16:00:30,311{GMT}	INFO	[clojure-agent-send-off-pool-3-SendThread()] org.apache.zookeeper.ClientCnxn: Opening socket connection to server /192.168.32.102:2181
2016-12-13 16:00:30,312{GMT}	INFO	[clojure-agent-send-off-pool-0-SendThread()] org.apache.zookeeper.ClientCnxn: Opening socket connection to server /192.168.32.105:2181
2016-12-13 16:00:30,312{GMT}	INFO	[clojure-agent-send-off-pool-2-SendThread()] org.apache.zookeeper.ClientCnxn: Opening socket connection to server /192.168.32.104:2181
2016-12-13 16:00:30,321{GMT}	INFO	[clojure-agent-send-off-pool-1-SendThread()] org.apache.zookeeper.ClientCnxn: Opening socket connection to server /192.168.32.103:2181
2016-12-13 16:00:30,321{GMT}	INFO	[clojure-agent-send-off-pool-4-SendThread()] org.apache.zookeeper.ClientCnxn: Opening socket connection to server /192.168.32.101:2181
2016-12-13 16:00:30,328{GMT}	INFO	[clojure-agent-send-off-pool-2-SendThread(w4:2181)] org.apache.zookeeper.ClientCnxn: Socket connection established to w4/192.168.32.104:2181, initiating session
2016-12-13 16:00:30,329{GMT}	INFO	[clojure-agent-send-off-pool-3-SendThread(w2:2181)] org.apache.zookeeper.ClientCnxn: Socket connection established to w2/192.168.32.102:2181, initiating session
2016-12-13 16:00:30,329{GMT}	INFO	[clojure-agent-send-off-pool-0-SendThread(w5:2181)] org.apache.zookeeper.ClientCnxn: Socket connection established to w5/192.168.32.105:2181, initiating session
2016-12-13 16:00:30,329{GMT}	INFO	[clojure-agent-send-off-pool-4-SendThread(w1:2181)] org.apache.zookeeper.ClientCnxn: Socket connection established to w1/192.168.32.101:2181, initiating session
2016-12-13 16:00:30,330{GMT}	INFO	[clojure-agent-send-off-pool-1-SendThread(w3:2181)] org.apache.zookeeper.ClientCnxn: Socket connection established to w3/192.168.32.103:2181, initiating session
2016-12-13 16:00:30,448{GMT}	INFO	[clojure-agent-send-off-pool-4-SendThread(w1:2181)] org.apache.zookeeper.ClientCnxn: Session establishment complete on server w1/192.168.32.101:2181, sessionid = 0x158f8e9db680000, negotiated timeout = 5000
2016-12-13 16:00:30,451{GMT}	INFO	[clojure-agent-send-off-pool-1-SendThread(w3:2181)] org.apache.zookeeper.ClientCnxn: Session establishment complete on server w3/192.168.32.103:2181, sessionid = 0x158f8e9ddf00000, negotiated timeout = 5000
2016-12-13 16:00:30,452{GMT}	INFO	[clojure-agent-send-off-pool-2-SendThread(w4:2181)] org.apache.zookeeper.ClientCnxn: Session establishment complete on server w4/192.168.32.104:2181, sessionid = 0x158f8e9db870000, negotiated timeout = 5000
2016-12-13 16:00:30,453{GMT}	INFO	[clojure-agent-send-off-pool-0-SendThread(w5:2181)] org.apache.zookeeper.ClientCnxn: Session establishment complete on server w5/192.168.32.105:2181, sessionid = 0x158f8e9dc580000, negotiated timeout = 5000
2016-12-13 16:00:30,455{GMT}	INFO	[clojure-agent-send-off-pool-3-SendThread(w2:2181)] org.apache.zookeeper.ClientCnxn: Session establishment complete on server w2/192.168.32.102:2181, sessionid = 0x158f8e9db960000, negotiated timeout = 5000
2016-12-13 16:00:30,562{GMT}	INFO	[jepsen nemesis] jepsen.core: Nemesis starting
2016-12-13 16:00:30,563{GMT}	INFO	[jepsen nemesis] jepsen.core: nemesis done
2016-12-13 16:00:30,564{GMT}	INFO	[jepsen worker 0] jepsen.core: Worker 0 starting
2016-12-13 16:00:30,564{GMT}	INFO	[jepsen worker 1] jepsen.core: Worker 1 starting
2016-12-13 16:00:30,564{GMT}	INFO	[jepsen worker 3] jepsen.core: Worker 3 starting
2016-12-13 16:00:30,564{GMT}	INFO	[jepsen worker 4] jepsen.core: Worker 4 starting
2016-12-13 16:00:30,564{GMT}	INFO	[jepsen worker 2] jepsen.core: Worker 2 starting
2016-12-13 16:00:30,675{GMT}	INFO	[jepsen worker 2] jepsen.util: 2	:invoke	:read	nil
2016-12-13 16:00:30,685{GMT}	INFO	[jepsen worker 2] jepsen.util: 2	:ok	:read	0
2016-12-13 16:00:31,359{GMT}	INFO	[jepsen worker 4] jepsen.util: 4	:invoke	:read	nil
2016-12-13 16:00:31,363{GMT}	INFO	[jepsen worker 4] jepsen.util: 4	:ok	:read	0
2016-12-13 16:00:31,479{GMT}	INFO	[jepsen worker 2] jepsen.util: 2	:invoke	:read	nil
2016-12-13 16:00:31,479{GMT}	INFO	[jepsen worker 2] jepsen.util: 2	:ok	:read	0
2016-12-13 16:00:31,572{GMT}	INFO	[jepsen worker 4] jepsen.util: 4	:invoke	:read	nil
2016-12-13 16:00:31,573{GMT}	INFO	[jepsen worker 4] jepsen.util: 4	:ok	:read	0
2016-12-13 16:00:31,672{GMT}	INFO	[jepsen worker 1] jepsen.util: 1	:invoke	:read	nil
2016-12-13 16:00:31,676{GMT}	INFO	[jepsen worker 1] jepsen.util: 1	:ok	:read	0
2016-12-13 16:00:31,861{GMT}	INFO	[jepsen worker 3] jepsen.util: 3	:invoke	:read	nil
2016-12-13 16:00:31,865{GMT}	INFO	[jepsen worker 3] jepsen.util: 3	:ok	:read	0
2016-12-13 16:00:32,114{GMT}	INFO	[jepsen worker 1] jepsen.util: 1	:invoke	:read	nil
2016-12-13 16:00:32,114{GMT}	INFO	[jepsen worker 1] jepsen.util: 1	:ok	:read	0
2016-12-13 16:00:32,288{GMT}	INFO	[jepsen worker 1] jepsen.util: 1	:invoke	:read	nil
2016-12-13 16:00:32,288{GMT}	INFO	[jepsen worker 1] jepsen.util: 1	:ok	:read	0
2016-12-13 16:00:32,323{GMT}	INFO	[jepsen worker 0] jepsen.util: 0	:invoke	:read	nil
2016-12-13 16:00:32,327{GMT}	INFO	[jepsen worker 0] jepsen.util: 0	:ok	:read	0
2016-12-13 16:00:32,544{GMT}	INFO	[jepsen worker 2] jepsen.util: 2	:invoke	:read	nil
2016-12-13 16:00:32,545{GMT}	INFO	[jepsen worker 2] jepsen.util: 2	:ok	:read	0
2016-12-13 16:00:32,818{GMT}	INFO	[jepsen worker 3] jepsen.util: 3	:invoke	:read	nil
2016-12-13 16:00:32,819{GMT}	INFO	[jepsen worker 3] jepsen.util: 3	:ok	:read	0
2016-12-13 16:00:32,841{GMT}	INFO	[jepsen worker 2] jepsen.util: 2	:invoke	:read	nil
2016-12-13 16:00:32,841{GMT}	INFO	[jepsen worker 2] jepsen.util: 2	:ok	:read	0
2016-12-13 16:00:33,061{GMT}	INFO	[jepsen worker 2] jepsen.util: 2	:invoke	:read	nil
2016-12-13 16:00:33,061{GMT}	INFO	[jepsen worker 2] jepsen.util: 2	:ok	:read	0
2016-12-13 16:00:33,070{GMT}	INFO	[jepsen worker 1] jepsen.util: 1	:invoke	:read	nil
2016-12-13 16:00:33,070{GMT}	INFO	[jepsen worker 1] jepsen.util: 1	:ok	:read	0
2016-12-13 16:00:33,350{GMT}	INFO	[jepsen worker 4] jepsen.util: 4	:invoke	:read	nil
2016-12-13 16:00:33,370{GMT}	INFO	[jepsen worker 4] jepsen.util: 4	:ok	:read	0
2016-12-13 16:00:33,390{GMT}	INFO	[jepsen worker 0] jepsen.util: 0	:invoke	:read	nil
2016-12-13 16:00:33,390{GMT}	INFO	[jepsen worker 0] jepsen.util: 0	:ok	:read	0
2016-12-13 16:00:33,415{GMT}	INFO	[jepsen worker 2] jepsen.util: 2	:invoke	:read	nil
2016-12-13 16:00:33,416{GMT}	INFO	[jepsen worker 2] jepsen.util: 2	:ok	:read	0
2016-12-13 16:00:33,577{GMT}	INFO	[jepsen worker 0] jepsen.util: 0	:invoke	:read	nil
2016-12-13 16:00:33,578{GMT}	INFO	[jepsen worker 0] jepsen.util: 0	:ok	:read	0
2016-12-13 16:00:33,604{GMT}	INFO	[jepsen worker 3] jepsen.util: 3	:invoke	:read	nil
2016-12-13 16:00:33,604{GMT}	INFO	[jepsen worker 3] jepsen.util: 3	:ok	:read	0
2016-12-13 16:00:33,707{GMT}	INFO	[jepsen worker 0] jepsen.util: 0	:invoke	:read	nil
2016-12-13 16:00:33,708{GMT}	INFO	[jepsen worker 0] jepsen.util: 0	:ok	:read	0
2016-12-13 16:00:33,830{GMT}	INFO	[jepsen worker 3] jepsen.util: 3	:invoke	:read	nil
2016-12-13 16:00:33,830{GMT}	INFO	[jepsen worker 3] jepsen.util: 3	:ok	:read	0
2016-12-13 16:00:34,167{GMT}	INFO	[jepsen worker 0] jepsen.util: 0	:invoke	:read	nil
2016-12-13 16:00:34,167{GMT}	INFO	[jepsen worker 0] jepsen.util: 0	:ok	:read	0
2016-12-13 16:00:34,184{GMT}	INFO	[jepsen worker 0] jepsen.util: 0	:invoke	:read	nil
2016-12-13 16:00:34,185{GMT}	INFO	[jepsen worker 0] jepsen.util: 0	:ok	:read	0
2016-12-13 16:00:34,313{GMT}	INFO	[jepsen worker 0] jepsen.util: 0	:invoke	:read	nil
2016-12-13 16:00:34,313{GMT}	INFO	[jepsen worker 0] jepsen.util: 0	:ok	:read	0
2016-12-13 16:00:34,620{GMT}	INFO	[jepsen worker 3] jepsen.util: 3	:invoke	:read	nil
2016-12-13 16:00:34,621{GMT}	INFO	[jepsen worker 3] jepsen.util: 3	:ok	:read	0
2016-12-13 16:00:34,674{GMT}	INFO	[jepsen worker 1] jepsen.util: 1	:invoke	:read	nil
2016-12-13 16:00:34,675{GMT}	INFO	[jepsen worker 1] jepsen.util: 1	:ok	:read	0
2016-12-13 16:00:34,867{GMT}	INFO	[jepsen worker 1] jepsen.util: 1	:invoke	:read	nil
2016-12-13 16:00:34,867{GMT}	INFO	[jepsen worker 1] jepsen.util: 1	:ok	:read	0
2016-12-13 16:00:35,022{GMT}	INFO	[jepsen worker 2] jepsen.util: 2	:invoke	:read	nil
2016-12-13 16:00:35,022{GMT}	INFO	[jepsen worker 2] jepsen.util: 2	:ok	:read	0
2016-12-13 16:00:35,055{GMT}	INFO	[jepsen worker 2] jepsen.util: 2	:invoke	:read	nil
2016-12-13 16:00:35,055{GMT}	INFO	[jepsen worker 2] jepsen.util: 2	:ok	:read	0
2016-12-13 16:00:35,281{GMT}	INFO	[jepsen worker 4] jepsen.util: 4	:invoke	:read	nil
2016-12-13 16:00:35,282{GMT}	INFO	[jepsen worker 4] jepsen.util: 4	:ok	:read	0
2016-12-13 16:00:35,857{GMT}	INFO	[jepsen worker 0] jepsen.util: 0	:invoke	:read	nil
2016-12-13 16:00:35,857{GMT}	INFO	[jepsen worker 0] jepsen.util: 0	:ok	:read	0
2016-12-13 16:00:36,016{GMT}	INFO	[jepsen worker 4] jepsen.util: 4	:invoke	:read	nil
2016-12-13 16:00:36,017{GMT}	INFO	[jepsen worker 4] jepsen.util: 4	:ok	:read	0
2016-12-13 16:00:36,183{GMT}	INFO	[jepsen worker 2] jepsen.util: 2	:invoke	:read	nil
2016-12-13 16:00:36,184{GMT}	INFO	[jepsen worker 2] jepsen.util: 2	:ok	:read	0
2016-12-13 16:00:36,221{GMT}	INFO	[jepsen worker 3] jepsen.util: 3	:invoke	:read	nil
2016-12-13 16:00:36,221{GMT}	INFO	[jepsen worker 3] jepsen.util: 3	:ok	:read	0
2016-12-13 16:00:36,288{GMT}	INFO	[jepsen worker 2] jepsen.util: 2	:invoke	:read	nil
2016-12-13 16:00:36,288{GMT}	INFO	[jepsen worker 2] jepsen.util: 2	:ok	:read	0
2016-12-13 16:00:36,858{GMT}	INFO	[jepsen worker 1] jepsen.util: 1	:invoke	:read	nil
2016-12-13 16:00:36,858{GMT}	INFO	[jepsen worker 1] jepsen.util: 1	:ok	:read	0
2016-12-13 16:00:36,992{GMT}	INFO	[jepsen worker 0] jepsen.util: 0	:invoke	:read	nil
2016-12-13 16:00:36,992{GMT}	INFO	[jepsen worker 0] jepsen.util: 0	:ok	:read	0
2016-12-13 16:00:37,870{GMT}	INFO	[jepsen worker 2] jepsen.util: 2	:invoke	:read	nil
2016-12-13 16:00:37,871{GMT}	INFO	[jepsen worker 2] jepsen.util: 2	:ok	:read	0
2016-12-13 16:00:37,873{GMT}	INFO	[jepsen worker 4] jepsen.util: 4	:invoke	:read	nil
2016-12-13 16:00:37,874{GMT}	INFO	[jepsen worker 4] jepsen.util: 4	:ok	:read	0
2016-12-13 16:00:38,101{GMT}	INFO	[jepsen worker 3] jepsen.util: 3	:invoke	:read	nil
2016-12-13 16:00:38,101{GMT}	INFO	[jepsen worker 3] jepsen.util: 3	:ok	:read	0
2016-12-13 16:00:38,413{GMT}	INFO	[jepsen worker 3] jepsen.util: 3	:invoke	:read	nil
2016-12-13 16:00:38,414{GMT}	INFO	[jepsen worker 3] jepsen.util: 3	:ok	:read	0
2016-12-13 16:00:38,624{GMT}	INFO	[jepsen worker 3] jepsen.util: 3	:invoke	:read	nil
2016-12-13 16:00:38,624{GMT}	INFO	[jepsen worker 3] jepsen.util: 3	:ok	:read	0
2016-12-13 16:00:38,738{GMT}	INFO	[jepsen worker 0] jepsen.util: 0	:invoke	:read	nil
2016-12-13 16:00:38,738{GMT}	INFO	[jepsen worker 0] jepsen.util: 0	:ok	:read	0
2016-12-13 16:00:38,828{GMT}	INFO	[jepsen worker 1] jepsen.util: 1	:invoke	:read	nil
2016-12-13 16:00:38,829{GMT}	INFO	[jepsen worker 1] jepsen.util: 1	:ok	:read	0
2016-12-13 16:00:39,565{GMT}	INFO	[jepsen worker 2] jepsen.util: 2	:invoke	:read	nil
2016-12-13 16:00:39,566{GMT}	INFO	[jepsen worker 2] jepsen.util: 2	:ok	:read	0
2016-12-13 16:00:39,707{GMT}	INFO	[jepsen worker 4] jepsen.util: 4	:invoke	:read	nil
2016-12-13 16:00:39,707{GMT}	INFO	[jepsen worker 4] jepsen.util: 4	:ok	:read	0
2016-12-13 16:00:39,756{GMT}	INFO	[jepsen worker 0] jepsen.util: 0	:invoke	:read	nil
2016-12-13 16:00:39,756{GMT}	INFO	[jepsen worker 0] jepsen.util: 0	:ok	:read	0
2016-12-13 16:00:40,231{GMT}	INFO	[jepsen worker 3] jepsen.util: 3	:invoke	:read	nil
2016-12-13 16:00:40,232{GMT}	INFO	[jepsen worker 3] jepsen.util: 3	:ok	:read	0
2016-12-13 16:00:40,274{GMT}	INFO	[jepsen worker 1] jepsen.util: 1	:invoke	:read	nil
2016-12-13 16:00:40,274{GMT}	INFO	[jepsen worker 1] jepsen.util: 1	:ok	:read	0
2016-12-13 16:00:40,423{GMT}	INFO	[jepsen worker 0] jepsen.util: 0	:invoke	:read	nil
2016-12-13 16:00:40,423{GMT}	INFO	[jepsen worker 0] jepsen.util: 0	:ok	:read	0
2016-12-13 16:00:40,677{GMT}	INFO	[jepsen worker 2] jepsen.util: 2	:invoke	:read	nil
2016-12-13 16:00:40,677{GMT}	INFO	[jepsen worker 2] jepsen.util: 2	:ok	:read	0
2016-12-13 16:00:40,701{GMT}	INFO	[jepsen worker 2] jepsen.util: 2	:invoke	:read	nil
2016-12-13 16:00:40,702{GMT}	INFO	[jepsen worker 2] jepsen.util: 2	:ok	:read	0
2016-12-13 16:00:41,216{GMT}	INFO	[jepsen worker 4] jepsen.util: 4	:invoke	:read	nil
2016-12-13 16:00:41,216{GMT}	INFO	[jepsen worker 4] jepsen.util: 4	:ok	:read	0
2016-12-13 16:00:41,421{GMT}	INFO	[jepsen worker 3] jepsen.util: 3	:invoke	:read	nil
2016-12-13 16:00:41,421{GMT}	INFO	[jepsen worker 3] jepsen.util: 3	:ok	:read	0
2016-12-13 16:00:41,454{GMT}	INFO	[jepsen worker 4] jepsen.util: 4	:invoke	:read	nil
2016-12-13 16:00:41,454{GMT}	INFO	[jepsen worker 4] jepsen.util: 4	:ok	:read	0
2016-12-13 16:00:42,267{GMT}	INFO	[jepsen worker 1] jepsen.util: 1	:invoke	:read	nil
2016-12-13 16:00:42,267{GMT}	INFO	[jepsen worker 1] jepsen.util: 1	:ok	:read	0
2016-12-13 16:00:42,344{GMT}	INFO	[jepsen worker 0] jepsen.util: 0	:invoke	:read	nil
2016-12-13 16:00:42,344{GMT}	INFO	[jepsen worker 0] jepsen.util: 0	:ok	:read	0
2016-12-13 16:00:42,480{GMT}	INFO	[jepsen worker 2] jepsen.util: 2	:invoke	:read	nil
2016-12-13 16:00:42,480{GMT}	INFO	[jepsen worker 2] jepsen.util: 2	:ok	:read	0
2016-12-13 16:00:42,612{GMT}	INFO	[jepsen worker 0] jepsen.util: 0	:invoke	:read	nil
2016-12-13 16:00:42,613{GMT}	INFO	[jepsen worker 0] jepsen.util: 0	:ok	:read	0
2016-12-13 16:00:42,777{GMT}	INFO	[jepsen worker 4] jepsen.util: 4	:invoke	:read	nil
2016-12-13 16:00:42,777{GMT}	INFO	[jepsen worker 4] jepsen.util: 4	:ok	:read	0
2016-12-13 16:00:43,104{GMT}	INFO	[jepsen worker 4] jepsen.util: 4	:invoke	:read	nil
2016-12-13 16:00:43,105{GMT}	INFO	[jepsen worker 4] jepsen.util: 4	:ok	:read	0
2016-12-13 16:00:43,288{GMT}	INFO	[jepsen worker 3] jepsen.util: 3	:invoke	:read	nil
2016-12-13 16:00:43,288{GMT}	INFO	[jepsen worker 3] jepsen.util: 3	:ok	:read	0
2016-12-13 16:00:43,525{GMT}	INFO	[jepsen worker 3] jepsen.util: 3	:invoke	:read	nil
2016-12-13 16:00:43,526{GMT}	INFO	[jepsen worker 3] jepsen.util: 3	:ok	:read	0
2016-12-13 16:00:43,853{GMT}	INFO	[jepsen worker 1] jepsen.util: 1	:invoke	:read	nil
2016-12-13 16:00:43,854{GMT}	INFO	[jepsen worker 1] jepsen.util: 1	:ok	:read	0
2016-12-13 16:00:43,972{GMT}	INFO	[jepsen worker 2] jepsen.util: 2	:invoke	:read	nil
2016-12-13 16:00:43,972{GMT}	INFO	[jepsen worker 2] jepsen.util: 2	:ok	:read	0
2016-12-13 16:00:44,191{GMT}	INFO	[jepsen worker 4] jepsen.util: 4	:invoke	:read	nil
2016-12-13 16:00:44,191{GMT}	INFO	[jepsen worker 4] jepsen.util: 4	:ok	:read	0
2016-12-13 16:00:44,425{GMT}	INFO	[jepsen worker 0] jepsen.util: 0	:invoke	:read	nil
2016-12-13 16:00:44,425{GMT}	INFO	[jepsen worker 0] jepsen.util: 0	:ok	:read	0
2016-12-13 16:00:44,626{GMT}	INFO	[jepsen worker 4] jepsen.util: 4	:invoke	:read	nil
2016-12-13 16:00:44,627{GMT}	INFO	[jepsen worker 4] jepsen.util: 4	:ok	:read	0
2016-12-13 16:00:44,947{GMT}	INFO	[jepsen worker 3] jepsen.util: 3	:invoke	:read	nil
2016-12-13 16:00:44,947{GMT}	INFO	[jepsen worker 3] jepsen.util: 3	:ok	:read	0
2016-12-13 16:00:44,957{GMT}	INFO	[jepsen worker 3] jepsen.util: 3	:invoke	:read	nil
2016-12-13 16:00:44,957{GMT}	INFO	[jepsen worker 3] jepsen.util: 3	:ok	:read	0
2016-12-13 16:00:45,305{GMT}	INFO	[jepsen worker 0] jepsen.util: 0	:invoke	:read	nil
2016-12-13 16:00:45,306{GMT}	INFO	[jepsen worker 0] jepsen.util: 0	:ok	:read	0
2016-12-13 16:00:45,485{GMT}	INFO	[jepsen worker 3] jepsen.util: 3	:invoke	:read	nil
2016-12-13 16:00:45,485{GMT}	INFO	[jepsen worker 3] jepsen.util: 3	:ok	:read	0
2016-12-13 16:00:45,599{GMT}	INFO	[jepsen worker 1] jepsen.util: 1	:invoke	:read	nil
2016-12-13 16:00:45,599{GMT}	INFO	[jepsen worker 1] jepsen.util: 1	:ok	:read	0
2016-12-13 16:00:45,599{GMT}	INFO	[jepsen worker 1] jepsen.core: Worker 1 done
2016-12-13 16:00:45,760{GMT}	INFO	[jepsen worker 3] jepsen.util: 3	:invoke	:read	nil
2016-12-13 16:00:45,760{GMT}	INFO	[jepsen worker 3] jepsen.util: 3	:ok	:read	0
2016-12-13 16:00:45,760{GMT}	INFO	[jepsen worker 3] jepsen.core: Worker 3 done
2016-12-13 16:00:45,886{GMT}	INFO	[jepsen worker 2] jepsen.util: 2	:invoke	:read	nil
2016-12-13 16:00:45,886{GMT}	INFO	[jepsen worker 2] jepsen.util: 2	:ok	:read	0
2016-12-13 16:00:45,887{GMT}	INFO	[jepsen worker 2] jepsen.core: Worker 2 done
2016-12-13 16:00:45,951{GMT}	INFO	[jepsen worker 4] jepsen.util: 4	:invoke	:read	nil
2016-12-13 16:00:45,951{GMT}	INFO	[jepsen worker 4] jepsen.util: 4	:ok	:read	0
2016-12-13 16:00:45,951{GMT}	INFO	[jepsen worker 4] jepsen.core: Worker 4 done
2016-12-13 16:00:46,247{GMT}	INFO	[jepsen worker 0] jepsen.util: 0	:invoke	:read	nil
2016-12-13 16:00:46,247{GMT}	INFO	[jepsen worker 0] jepsen.util: 0	:ok	:read	0
2016-12-13 16:00:46,247{GMT}	INFO	[jepsen worker 0] jepsen.core: Worker 0 done
2016-12-13 16:00:46,248{GMT}	INFO	[jepsen test runner] jepsen.core: Waiting for nemesis to complete
2016-12-13 16:00:46,248{GMT}	INFO	[jepsen test runner] jepsen.core: nemesis done.
2016-12-13 16:00:46,248{GMT}	INFO	[jepsen test runner] jepsen.core: Tearing down nemesis
2016-12-13 16:00:46,248{GMT}	INFO	[jepsen test runner] jepsen.core: Nemesis torn down
2016-12-13 16:00:46,252{GMT}	INFO	[clojure-agent-send-off-pool-0] org.apache.zookeeper.ZooKeeper: Session: 0x158f8e9dc580000 closed
2016-12-13 16:00:46,252{GMT}	INFO	[clojure-agent-send-off-pool-0-EventThread] org.apache.zookeeper.ClientCnxn: EventThread shut down
2016-12-13 16:00:46,252{GMT}	INFO	[clojure-agent-send-off-pool-6] org.apache.zookeeper.ZooKeeper: Session: 0x158f8e9db680000 closed
2016-12-13 16:00:46,252{GMT}	INFO	[clojure-agent-send-off-pool-4-EventThread] org.apache.zookeeper.ClientCnxn: EventThread shut down
2016-12-13 16:00:46,252{GMT}	INFO	[clojure-agent-send-off-pool-3-EventThread] org.apache.zookeeper.ClientCnxn: EventThread shut down
2016-12-13 16:00:46,253{GMT}	INFO	[clojure-agent-send-off-pool-1] org.apache.zookeeper.ZooKeeper: Session: 0x158f8e9db960000 closed
2016-12-13 16:00:46,253{GMT}	INFO	[clojure-agent-send-off-pool-5] org.apache.zookeeper.ZooKeeper: Session: 0x158f8e9db870000 closed
2016-12-13 16:00:46,253{GMT}	INFO	[clojure-agent-send-off-pool-2-EventThread] org.apache.zookeeper.ClientCnxn: EventThread shut down
2016-12-13 16:00:46,253{GMT}	INFO	[clojure-agent-send-off-pool-8] org.apache.zookeeper.ZooKeeper: Session: 0x158f8e9ddf00000 closed
2016-12-13 16:00:46,253{GMT}	INFO	[clojure-agent-send-off-pool-1-EventThread] org.apache.zookeeper.ClientCnxn: EventThread shut down
2016-12-13 16:00:46,254{GMT}	INFO	[jepsen test runner] jepsen.core: Snarfing log files
2016-12-13 16:00:46,257{GMT}	INFO	[jepsen node w3] jepsen.core: downloading /var/log/zookeeper/zookeeper.log to zookeeper.log
2016-12-13 16:00:46,257{GMT}	INFO	[jepsen node w5] jepsen.core: downloading /var/log/zookeeper/zookeeper.log to zookeeper.log
2016-12-13 16:00:46,257{GMT}	INFO	[jepsen node w4] jepsen.core: downloading /var/log/zookeeper/zookeeper.log to zookeeper.log
2016-12-13 16:00:46,257{GMT}	INFO	[jepsen node w1] jepsen.core: downloading /var/log/zookeeper/zookeeper.log to zookeeper.log
2016-12-13 16:00:46,257{GMT}	INFO	[jepsen node w2] jepsen.core: downloading /var/log/zookeeper/zookeeper.log to zookeeper.log
2016-12-13 16:00:46,274{GMT}	INFO	[jepsen test runner] jepsen.core: Run complete, writing
2016-12-13 16:00:46,298{GMT}	INFO	[jepsen node w4] jepsen.zookeeper: w4 tearing down ZK
2016-12-13 16:00:46,298{GMT}	INFO	[jepsen node w5] jepsen.zookeeper: w5 tearing down ZK
2016-12-13 16:00:46,298{GMT}	INFO	[jepsen node w3] jepsen.zookeeper: w3 tearing down ZK
2016-12-13 16:00:46,298{GMT}	INFO	[jepsen node w1] jepsen.zookeeper: w1 tearing down ZK
2016-12-13 16:00:46,299{GMT}	INFO	[jepsen node w2] jepsen.zookeeper: w2 tearing down ZK
2016-12-13 16:00:46,909{GMT}	INFO	[jepsen test runner] jepsen.core: Analyzing
2016-12-13 16:00:46,941{GMT}	INFO	[jepsen test runner] jepsen.core: Analysis complete
2016-12-13 16:00:46,955{GMT}	INFO	[jepsen results] jepsen.store: Wrote /home/admin/jepsen.zookeeper/store/zookeeper/20161213T160023.000Z/results.edn
2016-12-13 16:00:46,964{GMT}	INFO	[main] jepsen.core: {:valid? true,
 :configs
 ({:model {},
   :last-op
   {:type :ok,
    :f :read,
    :value 0,
    :process 0,
    :time 15956595183,
    :index 153},
   :pending []}),
 :final-paths ()}


Everything looks good! ヽ(‘ー`)ノ
