2016-12-13 15:23:34,178{GMT}	INFO	[jepsen node w2] jepsen.os.debian: w2 setting up debian
2016-12-13 15:23:34,178{GMT}	INFO	[jepsen node w4] jepsen.os.debian: w4 setting up debian
2016-12-13 15:23:34,179{GMT}	INFO	[jepsen node w5] jepsen.os.debian: w5 setting up debian
2016-12-13 15:23:34,178{GMT}	INFO	[jepsen node w3] jepsen.os.debian: w3 setting up debian
2016-12-13 15:23:34,179{GMT}	INFO	[jepsen node w1] jepsen.os.debian: w1 setting up debian
2016-12-13 15:23:34,894{GMT}	INFO	[jepsen node w4] jepsen.zookeeper: w4 tearing down ZK
2016-12-13 15:23:34,894{GMT}	INFO	[jepsen node w5] jepsen.zookeeper: w5 tearing down ZK
2016-12-13 15:23:34,894{GMT}	INFO	[jepsen node w3] jepsen.zookeeper: w3 tearing down ZK
2016-12-13 15:23:34,895{GMT}	INFO	[jepsen node w2] jepsen.zookeeper: w2 tearing down ZK
2016-12-13 15:23:34,895{GMT}	INFO	[jepsen node w1] jepsen.zookeeper: w1 tearing down ZK
2016-12-13 15:23:35,499{GMT}	INFO	[jepsen node w1] jepsen.zookeeper: Setting up ZK on  w1
2016-12-13 15:23:35,499{GMT}	INFO	[jepsen node w2] jepsen.zookeeper: Setting up ZK on  w2
2016-12-13 15:23:35,499{GMT}	INFO	[jepsen node w3] jepsen.zookeeper: Setting up ZK on  w3
2016-12-13 15:23:35,499{GMT}	INFO	[jepsen node w4] jepsen.zookeeper: Setting up ZK on  w4
2016-12-13 15:23:35,499{GMT}	INFO	[jepsen node w5] jepsen.zookeeper: Setting up ZK on  w5
2016-12-13 15:23:35,500{GMT}	INFO	[jepsen node w1] jepsen.zookeeper: w1 Installing ZK 3.4.5+dfsg-2
2016-12-13 15:23:35,500{GMT}	INFO	[jepsen node w2] jepsen.zookeeper: w2 Installing ZK 3.4.5+dfsg-2
2016-12-13 15:23:35,500{GMT}	INFO	[jepsen node w3] jepsen.zookeeper: w3 Installing ZK 3.4.5+dfsg-2
2016-12-13 15:23:35,500{GMT}	INFO	[jepsen node w4] jepsen.zookeeper: w4 Installing ZK 3.4.5+dfsg-2
2016-12-13 15:23:35,500{GMT}	INFO	[jepsen node w5] jepsen.zookeeper: w5 Installing ZK 3.4.5+dfsg-2
2016-12-13 15:23:35,808{GMT}	INFO	[jepsen node w3] jepsen.zookeeper: w3 id is 2
2016-12-13 15:23:35,808{GMT}	INFO	[jepsen node w2] jepsen.zookeeper: w2 id is 1
2016-12-13 15:23:35,807{GMT}	INFO	[jepsen node w4] jepsen.zookeeper: w4 id is 3
2016-12-13 15:23:35,807{GMT}	INFO	[jepsen node w5] jepsen.zookeeper: w5 id is 4
2016-12-13 15:23:35,808{GMT}	INFO	[jepsen node w1] jepsen.zookeeper: w1 id is 0
2016-12-13 15:23:36,014{GMT}	INFO	[jepsen node w4] jepsen.zookeeper: w4 ZK restarting
2016-12-13 15:23:36,014{GMT}	INFO	[jepsen node w2] jepsen.zookeeper: w2 ZK restarting
2016-12-13 15:23:36,014{GMT}	INFO	[jepsen node w1] jepsen.zookeeper: w1 ZK restarting
2016-12-13 15:23:36,016{GMT}	INFO	[jepsen node w3] jepsen.zookeeper: w3 ZK restarting
2016-12-13 15:23:36,016{GMT}	INFO	[jepsen node w5] jepsen.zookeeper: w5 ZK restarting
2016-12-13 15:23:36,116{GMT}	INFO	[jepsen node w2] jepsen.zookeeper: w2 ZK ready
2016-12-13 15:23:36,117{GMT}	INFO	[jepsen node w4] jepsen.zookeeper: w4 ZK ready
2016-12-13 15:23:36,117{GMT}	INFO	[jepsen node w1] jepsen.zookeeper: w1 ZK ready
2016-12-13 15:23:36,117{GMT}	INFO	[jepsen node w5] jepsen.zookeeper: w5 ZK ready
2016-12-13 15:23:36,118{GMT}	INFO	[jepsen node w3] jepsen.zookeeper: w3 ZK ready
2016-12-13 15:23:36,123{GMT}	INFO	[jepsen nemesis] jepsen.core: Nemesis starting
2016-12-13 15:23:36,123{GMT}	INFO	[jepsen nemesis] jepsen.core: nemesis done
2016-12-13 15:23:36,125{GMT}	INFO	[jepsen worker 0] jepsen.core: Worker 0 starting
2016-12-13 15:23:36,125{GMT}	INFO	[jepsen worker 2] jepsen.core: Worker 2 starting
2016-12-13 15:23:36,125{GMT}	INFO	[jepsen worker 3] jepsen.core: Worker 3 starting
2016-12-13 15:23:36,125{GMT}	INFO	[jepsen worker 1] jepsen.core: Worker 1 starting
2016-12-13 15:23:36,125{GMT}	INFO	[jepsen worker 4] jepsen.core: Worker 4 starting
2016-12-13 15:23:36,125{GMT}	INFO	[jepsen worker 0] jepsen.core: Worker 0 done
2016-12-13 15:23:36,125{GMT}	INFO	[jepsen worker 2] jepsen.core: Worker 2 done
2016-12-13 15:23:36,125{GMT}	INFO	[jepsen worker 3] jepsen.core: Worker 3 done
2016-12-13 15:23:36,128{GMT}	INFO	[jepsen worker 1] jepsen.core: Worker 1 done
2016-12-13 15:23:36,128{GMT}	INFO	[jepsen worker 4] jepsen.core: Worker 4 done
2016-12-13 15:23:36,129{GMT}	INFO	[jepsen test runner] jepsen.core: Waiting for nemesis to complete
2016-12-13 15:23:36,129{GMT}	INFO	[jepsen test runner] jepsen.core: nemesis done.
2016-12-13 15:23:36,129{GMT}	INFO	[jepsen test runner] jepsen.core: Tearing down nemesis
2016-12-13 15:23:36,130{GMT}	INFO	[jepsen test runner] jepsen.core: Nemesis torn down
2016-12-13 15:23:36,131{GMT}	INFO	[jepsen test runner] jepsen.core: Run complete, writing
2016-12-13 15:23:36,149{GMT}	INFO	[jepsen node w4] jepsen.zookeeper: w4 tearing down ZK
2016-12-13 15:23:36,149{GMT}	INFO	[jepsen node w3] jepsen.zookeeper: w3 tearing down ZK
2016-12-13 15:23:36,149{GMT}	INFO	[jepsen node w5] jepsen.zookeeper: w5 tearing down ZK
2016-12-13 15:23:36,149{GMT}	INFO	[jepsen node w2] jepsen.zookeeper: w2 tearing down ZK
2016-12-13 15:23:36,149{GMT}	INFO	[jepsen node w1] jepsen.zookeeper: w1 tearing down ZK
2016-12-13 15:23:36,869{GMT}	INFO	[jepsen test runner] jepsen.core: Analyzing
2016-12-13 15:23:36,879{GMT}	INFO	[jepsen test runner] jepsen.core: Analysis complete
2016-12-13 15:23:36,890{GMT}	INFO	[jepsen results] jepsen.store: Wrote /home/admin/jepsen.zookeeper/store/zookeeper/20161213T152333.000Z/results.edn
2016-12-13 15:23:36,897{GMT}	INFO	[main] jepsen.core: {:valid? true,
 :configs ({:model {}, :last-op nil, :pending []}),
 :final-paths ()}


Everything looks good! ヽ(‘ー`)ノ
