16:17:55.894 [main] INFO  org.apache.zookeeper.ZooKeeper - Client environment:zookeeper.version=3.4.0-1202560, built on 11/16/2011 07:18 GMT
16:17:55.897 [main] INFO  org.apache.zookeeper.ZooKeeper - Client environment:host.name=ip-192-168-32-100.eu-west-1.compute.internal
16:17:55.897 [main] INFO  org.apache.zookeeper.ZooKeeper - Client environment:java.version=1.8.0_111
16:17:55.898 [main] INFO  org.apache.zookeeper.ZooKeeper - Client environment:java.vendor=Oracle Corporation
16:17:55.898 [main] INFO  org.apache.zookeeper.ZooKeeper - Client environment:java.home=/usr/lib/jvm/java-8-oracle/jre
16:17:55.898 [main] INFO  org.apache.zookeeper.ZooKeeper - Client environment:java.class.path=/home/admin/jepsen.zookeeper/test:/home/admin/jepsen.zookeeper/src:/home/admin/jepsen.zookeeper/dev-resources:/home/admin/jepsen.zookeeper/resources:/home/admin/jepsen.zookeeper/target/classes:/home/admin/.m2/repository/clj-time/clj-time/0.11.0/clj-time-0.11.0.jar:/home/admin/.m2/repository/avout/avout/0.5.4/avout-0.5.4.jar:/home/admin/.m2/repository/org/clojure/math.combinatorics/0.1.1/math.combinatorics-0.1.1.jar:/home/admin/.m2/repository/org/clojure/java.classpath/0.2.2/java.classpath-0.2.2.jar:/home/admin/.m2/repository/jepsen/jepsen/0.1.4/jepsen-0.1.4.jar:/home/admin/.m2/repository/org/apache/zookeeper/zookeeper/3.4.0/zookeeper-3.4.0.jar:/home/admin/.m2/repository/org/clojure/clojure/1.8.0/clojure-1.8.0.jar:/home/admin/.m2/repository/net/logstash/logback/logstash-logback-encoder/4.2/logstash-logback-encoder-4.2.jar:/home/admin/.m2/repository/org/clojure/algo.generic/0.1.2/algo.generic-0.1.2.jar:/home/admin/.m2/repository/org/eclipse/jetty/jetty-server/9.2.17.v20160517/jetty-server-9.2.17.v20160517.jar:/home/admin/.m2/repository/commons-io/commons-io/2.5/commons-io-2.5.jar:/home/admin/.m2/repository/org/jboss/netty/netty/3.2.2.Final/netty-3.2.2.Final.jar:/home/admin/.m2/repository/com/jcraft/jsch.agentproxy.usocket-nc/0.0.9/jsch.agentproxy.usocket-nc-0.0.9.jar:/home/admin/.m2/repository/ch/qos/logback/logback-classic/1.1.3/logback-classic-1.1.3.jar:/home/admin/.m2/repository/spootnik/unilog/0.7.13/unilog-0.7.13.jar:/home/admin/.m2/repository/ring/ring-servlet/1.6.0-beta5/ring-servlet-1.6.0-beta5.jar:/home/admin/.m2/repository/interval-metrics/interval-metrics/1.0.0/interval-metrics-1.0.0.jar:/home/admin/.m2/repository/org/slf4j/slf4j-api/1.7.12/slf4j-api-1.7.12.jar:/home/admin/.m2/repository/ring/ring-codec/1.0.1/ring-codec-1.0.1.jar:/home/admin/.m2/repository/com/fasterxml/jackson/core/jackson-databind/2.4.0/jackson-databind-2.4.0.jar:/home/admin/.m2/repository/org/clojure/tools.cli/0.3.5/tools.cli-0.3.5.jar:/home/admin/.m2/repository/ring/ring/1.6.0-beta5/ring-1.6.0-beta5.jar:/home/admin/.m2/repository/org/slf4j/log4j-over-slf4j/1.7.12/log4j-over-slf4j-1.7.12.jar:/home/admin/.m2/repository/io/aleph/dirigiste/0.1.3/dirigiste-0.1.3.jar:/home/admin/.m2/repository/com/jcraft/jsch.agentproxy.core/0.0.9/jsch.agentproxy.core-0.0.9.jar:/home/admin/.m2/repository/com/fasterxml/jackson/core/jackson-annotations/2.4.0/jackson-annotations-2.4.0.jar:/home/admin/.m2/repository/org/clojure/tools.nrepl/0.2.12/tools.nrepl-0.2.12.jar:/home/admin/.m2/repository/org/clojure/data.fressian/0.2.1/data.fressian-0.2.1.jar:/home/admin/.m2/repository/zookeeper-clj/zookeeper-clj/0.9.3/zookeeper-clj-0.9.3.jar:/home/admin/.m2/repository/ring/ring-jetty-adapter/1.6.0-beta5/ring-jetty-adapter-1.6.0-beta5.jar:/home/admin/.m2/repository/http-kit/http-kit/2.1.18/http-kit-2.1.18.jar:/home/admin/.m2/repository/clojure-complete/clojure-complete/0.2.4/clojure-complete-0.2.4.jar:/home/admin/.m2/repository/manifold/manifold/0.1.4/manifold-0.1.4.jar:/home/admin/.m2/repository/commons-codec/commons-codec/1.7/commons-codec-1.7.jar:/home/admin/.m2/repository/crypto-equality/crypto-equality/1.0.0/crypto-equality-1.0.0.jar:/home/admin/.m2/repository/potemkin/potemkin/0.4.3/potemkin-0.4.3.jar:/home/admin/.m2/repository/com/boundary/high-scale-lib/1.0.6/high-scale-lib-1.0.6.jar:/home/admin/.m2/repository/org/clojars/pallix/analemma/1.0.0/analemma-1.0.0.jar:/home/admin/.m2/repository/ring/ring-devel/1.6.0-beta5/ring-devel-1.6.0-beta5.jar:/home/admin/.m2/repository/org/eclipse/jetty/jetty-util/9.2.17.v20160517/jetty-util-9.2.17.v20160517.jar:/home/admin/.m2/repository/hiccup/hiccup/1.0.5/hiccup-1.0.5.jar:/home/admin/.m2/repository/ring/ring-core/1.6.0-beta5/ring-core-1.6.0-beta5.jar:/home/admin/.m2/repository/knossos/knossos/0.2.8/knossos-0.2.8.jar:/home/admin/.m2/repository/clj-tuple/clj-tuple/0.2.2/clj-tuple-0.2.2.jar:/home/admin/.m2/repository/junit/junit/3.8.1/junit-3.8.1.jar:/home/admin/.m2/repository/primitive-math/primitive-math/0.1.5/primitive-math-0.1.5.jar:/home/admin/.m2/repository/com/jcraft/jsch.agentproxy.jsch/0.0.9/jsch.agentproxy.jsch-0.0.9.jar:/home/admin/.m2/repository/org/clojure/tools.logging/0.3.1/tools.logging-0.3.1.jar:/home/admin/.m2/repository/org/eclipse/jetty/jetty-io/9.2.17.v20160517/jetty-io-9.2.17.v20160517.jar:/home/admin/.m2/repository/com/jcraft/jsch/0.1.53/jsch-0.1.53.jar:/home/admin/.m2/repository/com/jcraft/jsch.agentproxy.usocket-jna/0.0.9/jsch.agentproxy.usocket-jna-0.0.9.jar:/home/admin/.m2/repository/org/clojure/tools.namespace/0.2.10/tools.namespace-0.2.10.jar:/home/admin/.m2/repository/org/fressian/fressian/0.6.6/fressian-0.6.6.jar:/home/admin/.m2/repository/log4j/log4j/1.2.17/log4j-1.2.17.jar:/home/admin/.m2/repository/net/java/dev/jna/jna-platform/4.1.0/jna-platform-4.1.0.jar:/home/admin/.m2/repository/crypto-random/crypto-random/1.2.0/crypto-random-1.2.0.jar:/home/admin/.m2/repository/com/jcraft/jsch.agentproxy.sshagent/0.0.9/jsch.agentproxy.sshagent-0.0.9.jar:/home/admin/.m2/repository/javax/servlet/javax.servlet-api/3.1.0/javax.servlet-api-3.1.0.jar:/home/admin/.m2/repository/net/java/dev/jna/jna/4.1.0/jna-4.1.0.jar:/home/admin/.m2/repository/riddley/riddley/0.1.12/riddley-0.1.12.jar:/home/admin/.m2/repository/byte-streams/byte-streams/0.2.2/byte-streams-0.2.2.jar:/home/admin/.m2/repository/ns-tracker/ns-tracker/0.3.0/ns-tracker-0.3.0.jar:/home/admin/.m2/repository/ch/qos/logback/logback-core/1.1.3/logback-core-1.1.3.jar:/home/admin/.m2/repository/gnuplot/gnuplot/0.1.1/gnuplot-0.1.1.jar:/home/admin/.m2/repository/org/clojars/achim/multiset/0.1.0/multiset-0.1.0.jar:/home/admin/.m2/repository/com/fasterxml/jackson/core/jackson-core/2.4.0/jackson-core-2.4.0.jar:/home/admin/.m2/repository/org/eclipse/jetty/jetty-http/9.2.17.v20160517/jetty-http-9.2.17.v20160517.jar:/home/admin/.m2/repository/commons-fileupload/commons-fileupload/1.3.1/commons-fileupload-1.3.1.jar:/home/admin/.m2/repository/clj-ssh/clj-ssh/0.5.14/clj-ssh-0.5.14.jar:/home/admin/.m2/repository/com/jcraft/jsch.agentproxy.pageant/0.0.9/jsch.agentproxy.pageant-0.0.9.jar:/home/admin/.m2/repository/jline/jline/0.9.94/jline-0.9.94.jar:/home/admin/.m2/repository/joda-time/joda-time/2.8.2/joda-time-2.8.2.jar:/home/admin/.m2/repository/clj-stacktrace/clj-stacktrace/0.2.8/clj-stacktrace-0.2.8.jar
16:17:55.898 [main] INFO  org.apache.zookeeper.ZooKeeper - Client environment:java.library.path=/usr/java/packages/lib/amd64:/usr/lib64:/lib64:/lib:/usr/lib
16:17:55.898 [main] INFO  org.apache.zookeeper.ZooKeeper - Client environment:java.io.tmpdir=/tmp
16:17:55.898 [main] INFO  org.apache.zookeeper.ZooKeeper - Client environment:java.compiler=<NA>
16:17:55.898 [main] INFO  org.apache.zookeeper.ZooKeeper - Client environment:os.name=Linux
16:17:55.898 [main] INFO  org.apache.zookeeper.ZooKeeper - Client environment:os.arch=amd64
16:17:55.898 [main] INFO  org.apache.zookeeper.ZooKeeper - Client environment:os.version=3.16.0-4-amd64
16:17:55.898 [main] INFO  org.apache.zookeeper.ZooKeeper - Client environment:user.name=admin
16:17:55.898 [main] INFO  org.apache.zookeeper.ZooKeeper - Client environment:user.home=/home/admin
16:17:55.898 [main] INFO  org.apache.zookeeper.ZooKeeper - Client environment:user.dir=/home/admin/jepsen.zookeeper
16:17:56.004 [main] INFO  jepsen.cli - Test options:
 {:concurrency 5,
 :test-count 1,
 :time-limit 60,
 :nodes-file "/home/admin/nodes",
 :nodes ["w1" "w2" "w3" "w4" "w5"],
 :ssh
 {:username "admin",
  :password "root",
  :strict-host-key-checking false,
  :private-key-path nil}}

INFO [2016-12-13 16:17:56,712] jepsen node w1 - jepsen.os.debian w1 setting up debian
INFO [2016-12-13 16:17:56,712] jepsen node w2 - jepsen.os.debian w2 setting up debian
INFO [2016-12-13 16:17:56,712] jepsen node w3 - jepsen.os.debian w3 setting up debian
INFO [2016-12-13 16:17:56,712] jepsen node w5 - jepsen.os.debian w5 setting up debian
INFO [2016-12-13 16:17:56,712] jepsen node w4 - jepsen.os.debian w4 setting up debian
INFO [2016-12-13 16:17:57,432] jepsen node w5 - jepsen.zookeeper w5 tearing down ZK
INFO [2016-12-13 16:17:57,432] jepsen node w3 - jepsen.zookeeper w3 tearing down ZK
INFO [2016-12-13 16:17:57,432] jepsen node w4 - jepsen.zookeeper w4 tearing down ZK
INFO [2016-12-13 16:17:57,432] jepsen node w2 - jepsen.zookeeper w2 tearing down ZK
INFO [2016-12-13 16:17:57,432] jepsen node w1 - jepsen.zookeeper w1 tearing down ZK
INFO [2016-12-13 16:17:57,635] jepsen node w4 - jepsen.zookeeper Setting up ZK on  w4
INFO [2016-12-13 16:17:57,635] jepsen node w5 - jepsen.zookeeper Setting up ZK on  w5
INFO [2016-12-13 16:17:57,635] jepsen node w3 - jepsen.zookeeper Setting up ZK on  w3
INFO [2016-12-13 16:17:57,635] jepsen node w5 - jepsen.zookeeper w5 Installing ZK 3.4.5+dfsg-2
INFO [2016-12-13 16:17:57,635] jepsen node w4 - jepsen.zookeeper w4 Installing ZK 3.4.5+dfsg-2
INFO [2016-12-13 16:17:57,635] jepsen node w3 - jepsen.zookeeper w3 Installing ZK 3.4.5+dfsg-2
INFO [2016-12-13 16:17:57,635] jepsen node w1 - jepsen.zookeeper Setting up ZK on  w1
INFO [2016-12-13 16:17:57,636] jepsen node w2 - jepsen.zookeeper Setting up ZK on  w2
INFO [2016-12-13 16:17:57,636] jepsen node w1 - jepsen.zookeeper w1 Installing ZK 3.4.5+dfsg-2
INFO [2016-12-13 16:17:57,636] jepsen node w2 - jepsen.zookeeper w2 Installing ZK 3.4.5+dfsg-2
INFO [2016-12-13 16:17:57,945] jepsen node w3 - jepsen.zookeeper w3 id is 2
INFO [2016-12-13 16:17:57,945] jepsen node w5 - jepsen.zookeeper w5 id is 4
INFO [2016-12-13 16:17:57,945] jepsen node w4 - jepsen.zookeeper w4 id is 3
INFO [2016-12-13 16:17:57,945] jepsen node w1 - jepsen.zookeeper w1 id is 0
INFO [2016-12-13 16:17:57,945] jepsen node w2 - jepsen.zookeeper w2 id is 1
INFO [2016-12-13 16:17:58,150] jepsen node w1 - jepsen.zookeeper w1 ZK restarting
INFO [2016-12-13 16:17:58,151] jepsen node w2 - jepsen.zookeeper w2 ZK restarting
INFO [2016-12-13 16:17:58,151] jepsen node w4 - jepsen.zookeeper w4 ZK restarting
INFO [2016-12-13 16:17:58,151] jepsen node w5 - jepsen.zookeeper w5 ZK restarting
INFO [2016-12-13 16:17:58,151] jepsen node w3 - jepsen.zookeeper w3 ZK restarting
INFO [2016-12-13 16:18:03,252] jepsen node w4 - jepsen.zookeeper w4 ZK ready
INFO [2016-12-13 16:18:03,252] jepsen node w1 - jepsen.zookeeper w1 ZK ready
INFO [2016-12-13 16:18:03,252] jepsen node w2 - jepsen.zookeeper w2 ZK ready
INFO [2016-12-13 16:18:03,253] jepsen node w3 - jepsen.zookeeper w3 ZK ready
INFO [2016-12-13 16:18:03,253] jepsen node w5 - jepsen.zookeeper w5 ZK ready
INFO [2016-12-13 16:18:03,258] clojure-agent-send-off-pool-3 - org.apache.zookeeper.ZooKeeper Initiating client connection, connectString=w3 sessionTimeout=5000 watcher=zookeeper.internal$make_watcher$reify__762@665406a7
INFO [2016-12-13 16:18:03,260] clojure-agent-send-off-pool-1 - org.apache.zookeeper.ZooKeeper Initiating client connection, connectString=w1 sessionTimeout=5000 watcher=zookeeper.internal$make_watcher$reify__762@62bd9e21
INFO [2016-12-13 16:18:03,260] clojure-agent-send-off-pool-4 - org.apache.zookeeper.ZooKeeper Initiating client connection, connectString=w4 sessionTimeout=5000 watcher=zookeeper.internal$make_watcher$reify__762@3ddb275a
INFO [2016-12-13 16:18:03,260] clojure-agent-send-off-pool-0 - org.apache.zookeeper.ZooKeeper Initiating client connection, connectString=w2 sessionTimeout=5000 watcher=zookeeper.internal$make_watcher$reify__762@5dc30f9d
INFO [2016-12-13 16:18:03,260] clojure-agent-send-off-pool-2 - org.apache.zookeeper.ZooKeeper Initiating client connection, connectString=w5 sessionTimeout=5000 watcher=zookeeper.internal$make_watcher$reify__762@280095ab
INFO [2016-12-13 16:18:03,272] clojure-agent-send-off-pool-4-SendThread() - org.apache.zookeeper.ClientCnxn Opening socket connection to server /192.168.32.104:2181
INFO [2016-12-13 16:18:03,274] clojure-agent-send-off-pool-0-SendThread() - org.apache.zookeeper.ClientCnxn Opening socket connection to server /192.168.32.102:2181
INFO [2016-12-13 16:18:03,274] clojure-agent-send-off-pool-2-SendThread() - org.apache.zookeeper.ClientCnxn Opening socket connection to server /192.168.32.105:2181
INFO [2016-12-13 16:18:03,275] clojure-agent-send-off-pool-3-SendThread() - org.apache.zookeeper.ClientCnxn Opening socket connection to server /192.168.32.103:2181
INFO [2016-12-13 16:18:03,275] clojure-agent-send-off-pool-1-SendThread() - org.apache.zookeeper.ClientCnxn Opening socket connection to server /192.168.32.101:2181
INFO [2016-12-13 16:18:03,282] clojure-agent-send-off-pool-1-SendThread(w1:2181) - org.apache.zookeeper.ClientCnxn Socket connection established to w1/192.168.32.101:2181, initiating session
INFO [2016-12-13 16:18:03,282] clojure-agent-send-off-pool-2-SendThread(w5:2181) - org.apache.zookeeper.ClientCnxn Socket connection established to w5/192.168.32.105:2181, initiating session
INFO [2016-12-13 16:18:03,282] clojure-agent-send-off-pool-0-SendThread(w2:2181) - org.apache.zookeeper.ClientCnxn Socket connection established to w2/192.168.32.102:2181, initiating session
INFO [2016-12-13 16:18:03,282] clojure-agent-send-off-pool-3-SendThread(w3:2181) - org.apache.zookeeper.ClientCnxn Socket connection established to w3/192.168.32.103:2181, initiating session
INFO [2016-12-13 16:18:03,283] clojure-agent-send-off-pool-4-SendThread(w4:2181) - org.apache.zookeeper.ClientCnxn Socket connection established to w4/192.168.32.104:2181, initiating session
INFO [2016-12-13 16:18:03,380] clojure-agent-send-off-pool-4-SendThread(w4:2181) - org.apache.zookeeper.ClientCnxn Session establishment complete on server w4/192.168.32.104:2181, sessionid = 0x158f8f9ecc00000, negotiated timeout = 5000
INFO [2016-12-13 16:18:03,380] clojure-agent-send-off-pool-0-SendThread(w2:2181) - org.apache.zookeeper.ClientCnxn Session establishment complete on server w2/192.168.32.102:2181, sessionid = 0x158f8f9ec920000, negotiated timeout = 5000
INFO [2016-12-13 16:18:03,381] clojure-agent-send-off-pool-1-SendThread(w1:2181) - org.apache.zookeeper.ClientCnxn Session establishment complete on server w1/192.168.32.101:2181, sessionid = 0x158f8f9ec7e0000, negotiated timeout = 5000
INFO [2016-12-13 16:18:03,400] clojure-agent-send-off-pool-2-SendThread(w5:2181) - org.apache.zookeeper.ClientCnxn Session establishment complete on server w5/192.168.32.105:2181, sessionid = 0x158f8f9ed6c0000, negotiated timeout = 5000
INFO [2016-12-13 16:18:03,417] clojure-agent-send-off-pool-3-SendThread(w3:2181) - org.apache.zookeeper.ClientCnxn Session establishment complete on server w3/192.168.32.103:2181, sessionid = 0x158f8f9ef200000, negotiated timeout = 5000
INFO [2016-12-13 16:18:03,499] jepsen nemesis - jepsen.core Nemesis starting
INFO [2016-12-13 16:18:03,499] jepsen nemesis - jepsen.core nemesis done
INFO [2016-12-13 16:18:03,500] jepsen worker 1 - jepsen.core Worker 1 starting
INFO [2016-12-13 16:18:03,500] jepsen worker 0 - jepsen.core Worker 0 starting
INFO [2016-12-13 16:18:03,500] jepsen worker 3 - jepsen.core Worker 3 starting
INFO [2016-12-13 16:18:03,500] jepsen worker 2 - jepsen.core Worker 2 starting
INFO [2016-12-13 16:18:03,500] jepsen worker 4 - jepsen.core Worker 4 starting
INFO [2016-12-13 16:18:03,991] jepsen worker 0 - jepsen.util 0	:invoke	:write	2
INFO [2016-12-13 16:18:04,009] jepsen worker 0 - jepsen.util 0	:ok	:write	2
INFO [2016-12-13 16:18:04,167] jepsen worker 3 - jepsen.util 3	:invoke	:read	nil
INFO [2016-12-13 16:18:04,176] clojure-agent-send-off-pool-1 - jepsen.zookeeper log from test 0
INFO [2016-12-13 16:18:04,177] jepsen worker 3 - jepsen.util 3	:ok	:read	0
INFO [2016-12-13 16:18:04,274] jepsen worker 2 - jepsen.util 2	:invoke	:read	nil
INFO [2016-12-13 16:18:04,278] clojure-agent-send-off-pool-1 - jepsen.zookeeper log from test 0
INFO [2016-12-13 16:18:04,278] jepsen worker 2 - jepsen.util 2	:ok	:read	0
INFO [2016-12-13 16:18:04,522] jepsen worker 0 - jepsen.util 0	:invoke	:write	4
INFO [2016-12-13 16:18:04,537] jepsen worker 0 - jepsen.util 0	:ok	:write	4
INFO [2016-12-13 16:18:04,663] jepsen worker 4 - jepsen.util 4	:invoke	:write	4
INFO [2016-12-13 16:18:04,679] jepsen worker 4 - jepsen.util 4	:ok	:write	4
INFO [2016-12-13 16:18:04,788] jepsen worker 0 - jepsen.util 0	:invoke	:write	1
INFO [2016-12-13 16:18:04,805] jepsen worker 0 - jepsen.util 0	:ok	:write	1
INFO [2016-12-13 16:18:04,863] jepsen worker 1 - jepsen.util 1	:invoke	:write	3
INFO [2016-12-13 16:18:04,878] jepsen worker 1 - jepsen.util 1	:ok	:write	3
INFO [2016-12-13 16:18:05,181] jepsen worker 2 - jepsen.util 2	:invoke	:write	1
INFO [2016-12-13 16:18:05,193] jepsen worker 3 - jepsen.util 3	:invoke	:write	2
INFO [2016-12-13 16:18:05,196] jepsen worker 2 - jepsen.util 2	:ok	:write	1
INFO [2016-12-13 16:18:05,208] jepsen worker 3 - jepsen.util 3	:ok	:write	2
INFO [2016-12-13 16:18:05,366] jepsen worker 4 - jepsen.util 4	:invoke	:write	3
INFO [2016-12-13 16:18:05,384] jepsen worker 4 - jepsen.util 4	:ok	:write	3
INFO [2016-12-13 16:18:05,445] jepsen worker 2 - jepsen.util 2	:invoke	:write	3
INFO [2016-12-13 16:18:05,461] jepsen worker 2 - jepsen.util 2	:ok	:write	3
INFO [2016-12-13 16:18:05,645] jepsen worker 4 - jepsen.util 4	:invoke	:write	0
INFO [2016-12-13 16:18:05,664] jepsen worker 4 - jepsen.util 4	:ok	:write	0
INFO [2016-12-13 16:18:05,683] jepsen worker 0 - jepsen.util 0	:invoke	:read	nil
INFO [2016-12-13 16:18:05,686] clojure-agent-send-off-pool-6 - jepsen.zookeeper log from test 1
INFO [2016-12-13 16:18:05,686] jepsen worker 0 - jepsen.util 0	:ok	:read	1
INFO [2016-12-13 16:18:06,156] jepsen worker 4 - jepsen.util 4	:invoke	:write	1
INFO [2016-12-13 16:18:06,175] jepsen worker 4 - jepsen.util 4	:ok	:write	1
INFO [2016-12-13 16:18:06,301] jepsen worker 3 - jepsen.util 3	:invoke	:read	nil
INFO [2016-12-13 16:18:06,302] clojure-agent-send-off-pool-4 - jepsen.zookeeper log from test 2
INFO [2016-12-13 16:18:06,302] jepsen worker 3 - jepsen.util 3	:ok	:read	2
INFO [2016-12-13 16:18:06,348] jepsen worker 2 - jepsen.util 2	:invoke	:read	nil
INFO [2016-12-13 16:18:06,350] clojure-agent-send-off-pool-4 - jepsen.zookeeper log from test 3
INFO [2016-12-13 16:18:06,350] jepsen worker 2 - jepsen.util 2	:ok	:read	3
INFO [2016-12-13 16:18:06,440] jepsen worker 2 - jepsen.util 2	:invoke	:read	nil
INFO [2016-12-13 16:18:06,441] clojure-agent-send-off-pool-4 - jepsen.zookeeper log from test 3
INFO [2016-12-13 16:18:06,441] jepsen worker 2 - jepsen.util 2	:ok	:read	3
INFO [2016-12-13 16:18:06,447] jepsen worker 1 - jepsen.util 1	:invoke	:read	nil
INFO [2016-12-13 16:18:06,450] clojure-agent-send-off-pool-4 - jepsen.zookeeper log from test 3
INFO [2016-12-13 16:18:06,450] jepsen worker 1 - jepsen.util 1	:ok	:read	3
INFO [2016-12-13 16:18:06,895] jepsen worker 1 - jepsen.util 1	:invoke	:read	nil
INFO [2016-12-13 16:18:06,896] clojure-agent-send-off-pool-4 - jepsen.zookeeper log from test 3
INFO [2016-12-13 16:18:06,896] jepsen worker 1 - jepsen.util 1	:ok	:read	3
INFO [2016-12-13 16:18:06,908] jepsen worker 0 - jepsen.util 0	:invoke	:read	nil
INFO [2016-12-13 16:18:06,909] clojure-agent-send-off-pool-4 - jepsen.zookeeper log from test 1
INFO [2016-12-13 16:18:06,909] jepsen worker 0 - jepsen.util 0	:ok	:read	1
INFO [2016-12-13 16:18:07,010] jepsen worker 3 - jepsen.util 3	:invoke	:write	2
INFO [2016-12-13 16:18:07,027] jepsen worker 3 - jepsen.util 3	:ok	:write	2
INFO [2016-12-13 16:18:07,054] jepsen worker 1 - jepsen.util 1	:invoke	:read	nil
INFO [2016-12-13 16:18:07,055] clojure-agent-send-off-pool-6 - jepsen.zookeeper log from test 3
INFO [2016-12-13 16:18:07,055] jepsen worker 1 - jepsen.util 1	:ok	:read	3
INFO [2016-12-13 16:18:07,192] jepsen worker 4 - jepsen.util 4	:invoke	:read	nil
INFO [2016-12-13 16:18:07,195] clojure-agent-send-off-pool-6 - jepsen.zookeeper log from test 1
INFO [2016-12-13 16:18:07,195] jepsen worker 4 - jepsen.util 4	:ok	:read	1
INFO [2016-12-13 16:18:07,208] jepsen worker 4 - jepsen.util 4	:invoke	:read	nil
INFO [2016-12-13 16:18:07,208] clojure-agent-send-off-pool-6 - jepsen.zookeeper log from test 1
INFO [2016-12-13 16:18:07,208] jepsen worker 4 - jepsen.util 4	:ok	:read	1
INFO [2016-12-13 16:18:07,389] jepsen worker 1 - jepsen.util 1	:invoke	:write	1
INFO [2016-12-13 16:18:07,409] jepsen worker 1 - jepsen.util 1	:ok	:write	1
INFO [2016-12-13 16:18:08,056] jepsen worker 1 - jepsen.util 1	:invoke	:read	nil
INFO [2016-12-13 16:18:08,057] clojure-agent-send-off-pool-4 - jepsen.zookeeper log from test 1
INFO [2016-12-13 16:18:08,057] jepsen worker 1 - jepsen.util 1	:ok	:read	1
INFO [2016-12-13 16:18:08,365] jepsen worker 2 - jepsen.util 2	:invoke	:read	nil
INFO [2016-12-13 16:18:08,366] clojure-agent-send-off-pool-4 - jepsen.zookeeper log from test 3
INFO [2016-12-13 16:18:08,370] jepsen worker 3 - jepsen.util 3	:invoke	:write	0
INFO [2016-12-13 16:18:08,388] jepsen worker 2 - jepsen.util 2	:ok	:read	3
INFO [2016-12-13 16:18:08,404] jepsen worker 3 - jepsen.util 3	:ok	:write	0
INFO [2016-12-13 16:18:08,456] jepsen worker 0 - jepsen.util 0	:invoke	:read	nil
INFO [2016-12-13 16:18:08,457] clojure-agent-send-off-pool-4 - jepsen.zookeeper log from test 1
INFO [2016-12-13 16:18:08,457] jepsen worker 0 - jepsen.util 0	:ok	:read	1
INFO [2016-12-13 16:18:08,897] jepsen worker 4 - jepsen.util 4	:invoke	:read	nil
INFO [2016-12-13 16:18:08,898] clojure-agent-send-off-pool-4 - jepsen.zookeeper log from test 1
INFO [2016-12-13 16:18:08,898] jepsen worker 4 - jepsen.util 4	:ok	:read	1
INFO [2016-12-13 16:18:08,959] jepsen worker 0 - jepsen.util 0	:invoke	:read	nil
INFO [2016-12-13 16:18:08,959] clojure-agent-send-off-pool-4 - jepsen.zookeeper log from test 1
INFO [2016-12-13 16:18:08,959] jepsen worker 0 - jepsen.util 0	:ok	:read	1
INFO [2016-12-13 16:18:09,424] jepsen worker 2 - jepsen.util 2	:invoke	:read	nil
INFO [2016-12-13 16:18:09,425] clojure-agent-send-off-pool-4 - jepsen.zookeeper log from test 3
INFO [2016-12-13 16:18:09,425] jepsen worker 2 - jepsen.util 2	:ok	:read	3
INFO [2016-12-13 16:18:09,439] jepsen worker 1 - jepsen.util 1	:invoke	:write	1
INFO [2016-12-13 16:18:09,453] jepsen worker 3 - jepsen.util 3	:invoke	:write	4
INFO [2016-12-13 16:18:09,456] jepsen worker 1 - jepsen.util 1	:ok	:write	1
INFO [2016-12-13 16:18:09,466] jepsen worker 3 - jepsen.util 3	:ok	:write	4
INFO [2016-12-13 16:18:09,660] jepsen worker 3 - jepsen.util 3	:invoke	:write	0
INFO [2016-12-13 16:18:09,677] jepsen worker 3 - jepsen.util 3	:ok	:write	0
INFO [2016-12-13 16:18:09,727] jepsen worker 4 - jepsen.util 4	:invoke	:read	nil
INFO [2016-12-13 16:18:09,727] clojure-agent-send-off-pool-1 - jepsen.zookeeper log from test 1
INFO [2016-12-13 16:18:09,728] jepsen worker 4 - jepsen.util 4	:ok	:read	1
INFO [2016-12-13 16:18:10,157] jepsen worker 3 - jepsen.util 3	:invoke	:write	1
INFO [2016-12-13 16:18:10,171] jepsen worker 3 - jepsen.util 3	:ok	:write	1
INFO [2016-12-13 16:18:10,201] jepsen worker 0 - jepsen.util 0	:invoke	:write	1
INFO [2016-12-13 16:18:10,214] jepsen worker 0 - jepsen.util 0	:ok	:write	1
INFO [2016-12-13 16:18:10,861] jepsen worker 1 - jepsen.util 1	:invoke	:read	nil
INFO [2016-12-13 16:18:10,862] clojure-agent-send-off-pool-1 - jepsen.zookeeper log from test 1
INFO [2016-12-13 16:18:10,863] jepsen worker 1 - jepsen.util 1	:ok	:read	1
INFO [2016-12-13 16:18:11,023] jepsen worker 2 - jepsen.util 2	:invoke	:read	nil
INFO [2016-12-13 16:18:11,023] clojure-agent-send-off-pool-1 - jepsen.zookeeper log from test 3
INFO [2016-12-13 16:18:11,024] jepsen worker 2 - jepsen.util 2	:ok	:read	3
INFO [2016-12-13 16:18:11,078] jepsen worker 0 - jepsen.util 0	:invoke	:write	1
INFO [2016-12-13 16:18:11,095] jepsen worker 0 - jepsen.util 0	:ok	:write	1
INFO [2016-12-13 16:18:11,182] jepsen worker 4 - jepsen.util 4	:invoke	:read	nil
INFO [2016-12-13 16:18:11,182] clojure-agent-send-off-pool-6 - jepsen.zookeeper log from test 1
INFO [2016-12-13 16:18:11,182] jepsen worker 4 - jepsen.util 4	:ok	:read	1
INFO [2016-12-13 16:18:11,492] jepsen worker 2 - jepsen.util 2	:invoke	:read	nil
INFO [2016-12-13 16:18:11,492] clojure-agent-send-off-pool-6 - jepsen.zookeeper log from test 3
INFO [2016-12-13 16:18:11,492] jepsen worker 2 - jepsen.util 2	:ok	:read	3
INFO [2016-12-13 16:18:11,661] jepsen worker 0 - jepsen.util 0	:invoke	:write	3
INFO [2016-12-13 16:18:11,675] jepsen worker 3 - jepsen.util 3	:invoke	:read	nil
INFO [2016-12-13 16:18:11,676] clojure-agent-send-off-pool-4 - jepsen.zookeeper log from test 1
INFO [2016-12-13 16:18:11,677] jepsen worker 3 - jepsen.util 3	:ok	:read	1
INFO [2016-12-13 16:18:11,678] jepsen worker 0 - jepsen.util 0	:ok	:write	3
INFO [2016-12-13 16:18:11,855] jepsen worker 1 - jepsen.util 1	:invoke	:write	3
INFO [2016-12-13 16:18:11,868] jepsen worker 1 - jepsen.util 1	:ok	:write	3
INFO [2016-12-13 16:18:12,519] jepsen worker 4 - jepsen.util 4	:invoke	:write	1
INFO [2016-12-13 16:18:12,536] jepsen worker 4 - jepsen.util 4	:ok	:write	1
INFO [2016-12-13 16:18:12,576] jepsen worker 3 - jepsen.util 3	:invoke	:write	1
INFO [2016-12-13 16:18:12,592] jepsen worker 3 - jepsen.util 3	:ok	:write	1
INFO [2016-12-13 16:18:12,787] jepsen worker 3 - jepsen.util 3	:invoke	:read	nil
INFO [2016-12-13 16:18:12,788] clojure-agent-send-off-pool-6 - jepsen.zookeeper log from test 1
INFO [2016-12-13 16:18:12,788] jepsen worker 3 - jepsen.util 3	:ok	:read	1
INFO [2016-12-13 16:18:12,846] jepsen worker 4 - jepsen.util 4	:invoke	:read	nil
INFO [2016-12-13 16:18:12,847] clojure-agent-send-off-pool-6 - jepsen.zookeeper log from test 1
INFO [2016-12-13 16:18:12,847] jepsen worker 4 - jepsen.util 4	:ok	:read	1
INFO [2016-12-13 16:18:12,997] jepsen worker 1 - jepsen.util 1	:invoke	:write	0
INFO [2016-12-13 16:18:13,012] jepsen worker 1 - jepsen.util 1	:ok	:write	0
INFO [2016-12-13 16:18:13,101] jepsen worker 2 - jepsen.util 2	:invoke	:read	nil
INFO [2016-12-13 16:18:13,101] clojure-agent-send-off-pool-1 - jepsen.zookeeper log from test 3
INFO [2016-12-13 16:18:13,101] jepsen worker 2 - jepsen.util 2	:ok	:read	3
INFO [2016-12-13 16:18:13,337] jepsen worker 4 - jepsen.util 4	:invoke	:read	nil
INFO [2016-12-13 16:18:13,337] clojure-agent-send-off-pool-1 - jepsen.zookeeper log from test 1
INFO [2016-12-13 16:18:13,337] jepsen worker 4 - jepsen.util 4	:ok	:read	1
INFO [2016-12-13 16:18:13,535] jepsen worker 0 - jepsen.util 0	:invoke	:read	nil
INFO [2016-12-13 16:18:13,536] clojure-agent-send-off-pool-1 - jepsen.zookeeper log from test 3
INFO [2016-12-13 16:18:13,539] jepsen worker 0 - jepsen.util 0	:ok	:read	3
INFO [2016-12-13 16:18:14,021] jepsen worker 2 - jepsen.util 2	:invoke	:read	nil
INFO [2016-12-13 16:18:14,021] clojure-agent-send-off-pool-1 - jepsen.zookeeper log from test 3
INFO [2016-12-13 16:18:14,021] jepsen worker 2 - jepsen.util 2	:ok	:read	3
INFO [2016-12-13 16:18:14,574] jepsen worker 0 - jepsen.util 0	:invoke	:write	2
INFO [2016-12-13 16:18:14,608] jepsen worker 0 - jepsen.util 0	:ok	:write	2
INFO [2016-12-13 16:18:14,680] jepsen worker 3 - jepsen.util 3	:invoke	:read	nil
INFO [2016-12-13 16:18:14,680] clojure-agent-send-off-pool-6 - jepsen.zookeeper log from test 1
INFO [2016-12-13 16:18:14,680] jepsen worker 3 - jepsen.util 3	:ok	:read	1
INFO [2016-12-13 16:18:14,723] jepsen worker 1 - jepsen.util 1	:invoke	:write	1
INFO [2016-12-13 16:18:14,743] jepsen worker 1 - jepsen.util 1	:ok	:write	1
INFO [2016-12-13 16:18:14,863] jepsen worker 4 - jepsen.util 4	:invoke	:read	nil
INFO [2016-12-13 16:18:14,863] clojure-agent-send-off-pool-1 - jepsen.zookeeper log from test 1
INFO [2016-12-13 16:18:14,863] jepsen worker 4 - jepsen.util 4	:ok	:read	1
INFO [2016-12-13 16:18:14,881] jepsen worker 2 - jepsen.util 2	:invoke	:read	nil
INFO [2016-12-13 16:18:14,881] clojure-agent-send-off-pool-1 - jepsen.zookeeper log from test 3
INFO [2016-12-13 16:18:14,882] jepsen worker 2 - jepsen.util 2	:ok	:read	3
INFO [2016-12-13 16:18:14,975] jepsen worker 4 - jepsen.util 4	:invoke	:read	nil
INFO [2016-12-13 16:18:14,976] clojure-agent-send-off-pool-1 - jepsen.zookeeper log from test 1
INFO [2016-12-13 16:18:14,976] jepsen worker 4 - jepsen.util 4	:ok	:read	1
INFO [2016-12-13 16:18:15,093] jepsen worker 3 - jepsen.util 3	:invoke	:read	nil
INFO [2016-12-13 16:18:15,093] clojure-agent-send-off-pool-1 - jepsen.zookeeper log from test 1
INFO [2016-12-13 16:18:15,094] jepsen worker 3 - jepsen.util 3	:ok	:read	1
INFO [2016-12-13 16:18:15,466] jepsen worker 2 - jepsen.util 2	:invoke	:write	2
INFO [2016-12-13 16:18:15,482] jepsen worker 2 - jepsen.util 2	:ok	:write	2
INFO [2016-12-13 16:18:15,696] jepsen worker 1 - jepsen.util 1	:invoke	:read	nil
INFO [2016-12-13 16:18:15,698] clojure-agent-send-off-pool-6 - jepsen.zookeeper log from test 1
INFO [2016-12-13 16:18:15,698] jepsen worker 1 - jepsen.util 1	:ok	:read	1
INFO [2016-12-13 16:18:15,781] jepsen worker 2 - jepsen.util 2	:invoke	:write	2
INFO [2016-12-13 16:18:15,794] jepsen worker 2 - jepsen.util 2	:ok	:write	2
INFO [2016-12-13 16:18:16,524] jepsen worker 0 - jepsen.util 0	:invoke	:read	nil
INFO [2016-12-13 16:18:16,525] clojure-agent-send-off-pool-1 - jepsen.zookeeper log from test 2
INFO [2016-12-13 16:18:16,525] jepsen worker 0 - jepsen.util 0	:ok	:read	2
INFO [2016-12-13 16:18:16,655] jepsen worker 4 - jepsen.util 4	:invoke	:read	nil
INFO [2016-12-13 16:18:16,655] clojure-agent-send-off-pool-1 - jepsen.zookeeper log from test 1
INFO [2016-12-13 16:18:16,655] jepsen worker 4 - jepsen.util 4	:ok	:read	1
INFO [2016-12-13 16:18:16,795] jepsen worker 3 - jepsen.util 3	:invoke	:write	2
INFO [2016-12-13 16:18:16,809] jepsen worker 3 - jepsen.util 3	:ok	:write	2
INFO [2016-12-13 16:18:17,036] jepsen worker 1 - jepsen.util 1	:invoke	:write	4
INFO [2016-12-13 16:18:17,066] jepsen worker 1 - jepsen.util 1	:ok	:write	4
INFO [2016-12-13 16:18:17,089] jepsen worker 3 - jepsen.util 3	:invoke	:read	nil
INFO [2016-12-13 16:18:17,090] clojure-agent-send-off-pool-1 - jepsen.zookeeper log from test 2
INFO [2016-12-13 16:18:17,091] jepsen worker 3 - jepsen.util 3	:ok	:read	2
INFO [2016-12-13 16:18:17,374] jepsen worker 2 - jepsen.util 2	:invoke	:write	1
INFO [2016-12-13 16:18:17,388] jepsen worker 2 - jepsen.util 2	:ok	:write	1
INFO [2016-12-13 16:18:17,495] jepsen worker 3 - jepsen.util 3	:invoke	:write	1
INFO [2016-12-13 16:18:17,496] jepsen worker 4 - jepsen.util 4	:invoke	:write	2
INFO [2016-12-13 16:18:17,509] jepsen worker 3 - jepsen.util 3	:ok	:write	1
INFO [2016-12-13 16:18:17,511] jepsen worker 4 - jepsen.util 4	:ok	:write	2
INFO [2016-12-13 16:18:18,441] jepsen worker 3 - jepsen.util 3	:invoke	:write	4
INFO [2016-12-13 16:18:18,454] jepsen worker 3 - jepsen.util 3	:ok	:write	4
INFO [2016-12-13 16:18:18,476] jepsen worker 1 - jepsen.util 1	:invoke	:read	nil
INFO [2016-12-13 16:18:18,477] clojure-agent-send-off-pool-1 - jepsen.zookeeper log from test 4
INFO [2016-12-13 16:18:18,477] jepsen worker 1 - jepsen.util 1	:ok	:read	4
INFO [2016-12-13 16:18:18,505] jepsen worker 0 - jepsen.util 0	:invoke	:read	nil
INFO [2016-12-13 16:18:18,505] clojure-agent-send-off-pool-1 - jepsen.zookeeper log from test 2
INFO [2016-12-13 16:18:18,505] jepsen worker 0 - jepsen.util 0	:ok	:read	2
INFO [2016-12-13 16:18:18,505] jepsen worker 0 - jepsen.core Worker 0 done
INFO [2016-12-13 16:18:18,673] jepsen worker 4 - jepsen.util 4	:invoke	:read	nil
INFO [2016-12-13 16:18:18,675] clojure-agent-send-off-pool-7 - jepsen.zookeeper log from test 2
INFO [2016-12-13 16:18:18,681] jepsen worker 4 - jepsen.util 4	:ok	:read	2
INFO [2016-12-13 16:18:18,681] jepsen worker 4 - jepsen.core Worker 4 done
INFO [2016-12-13 16:18:18,752] jepsen worker 1 - jepsen.util 1	:invoke	:read	nil
INFO [2016-12-13 16:18:18,753] clojure-agent-send-off-pool-5 - jepsen.zookeeper log from test 4
INFO [2016-12-13 16:18:18,753] jepsen worker 1 - jepsen.util 1	:ok	:read	4
INFO [2016-12-13 16:18:18,753] jepsen worker 1 - jepsen.core Worker 1 done
INFO [2016-12-13 16:18:19,080] jepsen worker 2 - jepsen.util 2	:invoke	:read	nil
INFO [2016-12-13 16:18:19,082] clojure-agent-send-off-pool-3 - jepsen.zookeeper log from test 1
INFO [2016-12-13 16:18:19,082] jepsen worker 2 - jepsen.util 2	:ok	:read	1
INFO [2016-12-13 16:18:19,082] jepsen worker 2 - jepsen.core Worker 2 done
INFO [2016-12-13 16:18:19,375] jepsen worker 3 - jepsen.util 3	:invoke	:read	nil
INFO [2016-12-13 16:18:19,376] clojure-agent-send-off-pool-8 - jepsen.zookeeper log from test 4
INFO [2016-12-13 16:18:19,376] jepsen worker 3 - jepsen.util 3	:ok	:read	4
INFO [2016-12-13 16:18:19,376] jepsen worker 3 - jepsen.core Worker 3 done
INFO [2016-12-13 16:18:19,376] jepsen test runner - jepsen.core Waiting for nemesis to complete
INFO [2016-12-13 16:18:19,376] jepsen test runner - jepsen.core nemesis done.
INFO [2016-12-13 16:18:19,377] jepsen test runner - jepsen.core Tearing down nemesis
INFO [2016-12-13 16:18:19,377] jepsen test runner - jepsen.core Nemesis torn down
INFO [2016-12-13 16:18:19,380] clojure-agent-send-off-pool-8 - org.apache.zookeeper.ZooKeeper Session: 0x158f8f9ec920000 closed
INFO [2016-12-13 16:18:19,380] clojure-agent-send-off-pool-0-EventThread - org.apache.zookeeper.ClientCnxn EventThread shut down
INFO [2016-12-13 16:18:19,380] clojure-agent-send-off-pool-3 - org.apache.zookeeper.ZooKeeper Session: 0x158f8f9ef200000 closed
INFO [2016-12-13 16:18:19,380] clojure-agent-send-off-pool-3-EventThread - org.apache.zookeeper.ClientCnxn EventThread shut down
INFO [2016-12-13 16:18:19,381] clojure-agent-send-off-pool-7 - org.apache.zookeeper.ZooKeeper Session: 0x158f8f9ed6c0000 closed
INFO [2016-12-13 16:18:19,381] clojure-agent-send-off-pool-2-EventThread - org.apache.zookeeper.ClientCnxn EventThread shut down
INFO [2016-12-13 16:18:19,381] clojure-agent-send-off-pool-5 - org.apache.zookeeper.ZooKeeper Session: 0x158f8f9ecc00000 closed
INFO [2016-12-13 16:18:19,381] clojure-agent-send-off-pool-4-EventThread - org.apache.zookeeper.ClientCnxn EventThread shut down
INFO [2016-12-13 16:18:19,381] clojure-agent-send-off-pool-2 - org.apache.zookeeper.ZooKeeper Session: 0x158f8f9ec7e0000 closed
INFO [2016-12-13 16:18:19,381] clojure-agent-send-off-pool-1-EventThread - org.apache.zookeeper.ClientCnxn EventThread shut down
INFO [2016-12-13 16:18:19,382] jepsen test runner - jepsen.core Snarfing log files
INFO [2016-12-13 16:18:19,385] jepsen node w2 - jepsen.core downloading /var/log/zookeeper/zookeeper.log to zookeeper.log
INFO [2016-12-13 16:18:19,385] jepsen node w3 - jepsen.core downloading /var/log/zookeeper/zookeeper.log to zookeeper.log
INFO [2016-12-13 16:18:19,385] jepsen node w5 - jepsen.core downloading /var/log/zookeeper/zookeeper.log to zookeeper.log
INFO [2016-12-13 16:18:19,386] jepsen node w4 - jepsen.core downloading /var/log/zookeeper/zookeeper.log to zookeeper.log
INFO [2016-12-13 16:18:19,386] jepsen node w1 - jepsen.core downloading /var/log/zookeeper/zookeeper.log to zookeeper.log
INFO [2016-12-13 16:18:19,401] jepsen test runner - jepsen.core Run complete, writing
INFO [2016-12-13 16:18:19,427] jepsen node w3 - jepsen.zookeeper w3 tearing down ZK
INFO [2016-12-13 16:18:19,427] jepsen node w4 - jepsen.zookeeper w4 tearing down ZK
INFO [2016-12-13 16:18:19,427] jepsen node w2 - jepsen.zookeeper w2 tearing down ZK
INFO [2016-12-13 16:18:19,427] jepsen node w5 - jepsen.zookeeper w5 tearing down ZK
INFO [2016-12-13 16:18:19,427] jepsen node w1 - jepsen.zookeeper w1 tearing down ZK
INFO [2016-12-13 16:18:20,037] jepsen test runner - jepsen.core Analyzing
INFO [2016-12-13 16:18:20,070] jepsen test runner - jepsen.core Analysis complete
INFO [2016-12-13 16:18:20,086] jepsen results - jepsen.store Wrote /home/admin/jepsen.zookeeper/store/zookeeper/20161213T161756.000Z/results.edn
INFO [2016-12-13 16:18:20,096] main - jepsen.core {:valid? true,
 :configs
 ({:model {},
   :last-op
   {:type :ok,
    :f :read,
    :value 4,
    :process 3,
    :time 16121172995,
    :index 159},
   :pending []}),
 :final-paths ()}


Everything looks good! ヽ(‘ー`)ノ
